#
# A fatal error has been detected by the Java Runtime Environment:
#
#  SIGSEGV (0xb) at pc=0x00007fbebc2c9c3d, pid=35376, tid=35377
#
# JRE version: OpenJDK Runtime Environment (11.0.20+8) (build 11.0.20+8-post-Ubuntu-1ubuntu120.04)
# Java VM: OpenJDK 64-Bit Server VM (11.0.20+8-post-Ubuntu-1ubuntu120.04, mixed mode, sharing, tiered, compressed oops, g1 gc, linux-amd64)
# Problematic frame:
# C  [rabbitmq.so+0x271c3d]  FmuContainerCore::getData()+0x2d
#
# Core dump will be written. Default location: Core dumps may be processed with "/usr/share/apport/apport -p%p -s%s -c%c -d%d -P%P -u%u -g%g -- %E" (or dumping to /home/santiago/Aarhus/ConfLiftingaaS/core.35376)
#
# If you would like to submit a bug report, please visit:
#   https://bugs.launchpad.net/ubuntu/+source/openjdk-lts
# The crash happened outside the Java Virtual Machine in native code.
# See problematic frame for where to report the bug.
#

---------------  S U M M A R Y ------------

Command Line: -Dfile.encoding=UTF-8 -Duser.country=US -Duser.language=en -Duser.variant MainKt

Host: 11th Gen Intel(R) Core(TM) i5-1135G7 @ 2.40GHz, 2 cores, 5G, Ubuntu 20.04.6 LTS
Time: Tue Aug 22 10:01:09 2023 CEST elapsed time: 7.467402 seconds (0d 0h 0m 7s)

---------------  T H R E A D  ---------------

Current thread (0x00007fbee4018000):  JavaThread "main" [_thread_in_native, id=35377, stack(0x00007fbee8757000,0x00007fbee8858000)]

Stack: [0x00007fbee8757000,0x00007fbee8858000],  sp=0x00007fbee8855660,  free space=1017k
Native frames: (J=compiled Java code, A=aot compiled Java code, j=interpreted, Vv=VM code, C=native code)
C  [rabbitmq.so+0x271c3d]  FmuContainerCore::getData()+0x2d

Java frames: (J=compiled Java code, j=interpreted, Vv=VM code)
j  com.sun.jna.Native.invokeInt(JI[Ljava/lang/Object;)I+0
j  com.sun.jna.Function.invoke([Ljava/lang/Object;Ljava/lang/Class;Z)Ljava/lang/Object;+225
j  com.sun.jna.Function.invoke(Ljava/lang/Class;[Ljava/lang/Object;Ljava/util/Map;)Ljava/lang/Object;+262
j  com.sun.jna.Function.invoke(Ljava/lang/Class;[Ljava/lang/Object;)Ljava/lang/Object;+7
j  com.sun.jna.Function.invokeInt([Ljava/lang/Object;)I+5
j  org.javafmi.proxy.v2.Fmu$1.asInt()I+15
j  org.javafmi.proxy.v2.Fmu.getInteger([I)[I+43
j  org.javafmi.proxy.v2.FmuProxy.getInteger([I)[I+5
j  org.javafmi.wrapper.variables.SingleRead.asInteger()I+14
j  dtstructure.DTFMUConf.liftInto(Lorg/apache/jena/rdf/model/Model;)V+516
j  dtstructure.DTComponent.liftInto(Lorg/apache/jena/rdf/model/Model;)V+145
j  dtstructure.DTComponent.liftInto(Lorg/apache/jena/rdf/model/Model;)V+145
j  DTLiftingService.getModel()Lorg/apache/jena/rdf/model/Model;+66
j  MainKt.setupFlex(LDTManager;)V+30
j  MainKt.main([Ljava/lang/String;)V+85
v  ~StubRoutines::call_stub

siginfo: si_signo: 11 (SIGSEGV), si_code: 128 (SI_KERNEL), si_addr: 0x0000000000000000

Register to memory mapping:

RAX=0x00007fbee489c601 points into unknown readable memory: 00 00 00 00 00 00 00
RBX=0x00007fbee8855688 is pointing into the stack for thread: 0x00007fbee4018000
RCX=0x00007fbee49b7a40 points into unknown readable memory: 0x00007fbe00000000 | 00 00 00 00 be 7f 00 00
RDX=0x00007fbee8855690 is pointing into the stack for thread: 0x00007fbee4018000
RSP=0x00007fbee8855660 is pointing into the stack for thread: 0x00007fbee4018000
RBP=0x0000000000000001 is an unknown value
RSI=0x656c626154726562 is an unknown value
RDI=0x00007fbee8855688 is pointing into the stack for thread: 0x00007fbee4018000
R8 =
[error occurred during error reporting (printing register info), id 0xb, SIGSEGV (0xb) at pc=0x00007fbee92f0f80]

Registers:
RAX=0x00007fbee489c601, RBX=0x00007fbee8855688, RCX=0x00007fbee49b7a40, RDX=0x00007fbee8855690
RSP=0x00007fbee8855660, RBP=0x0000000000000001, RSI=0x656c626154726562, RDI=0x00007fbee8855688
R8 =0x00000000c48c4540, R9 =0x00007fbee4018000, R10=0x00007fbee8855670, R11=0x00007fbebc2af8e0
R12=0x00007fbee49b7b10, R13=0x00007fbee442cbd0, R14=0x656c626154726562, R15=0x0000000000000000
RIP=0x00007fbebc2c9c3d, EFLAGS=0x0000000000010246, CSGSFS=0x002b000000000033, ERR=0x0000000000000000
  TRAPNO=0x000000000000000d

Top of Stack: (sp=0x00007fbee8855660)
0x00007fbee8855660:   00007fbee489c601 00007fbee8855688
0x00007fbee8855670:   00007fbee8855690 00007fbebc2a3a8c
0x00007fbee8855680:   00007fbee49b7a40 00007fbee49b7a40
0x00007fbee8855690:   0000000000000000 0000000000000000 

Instructions: (pc=0x00007fbebc2c9c3d)
0x00007fbebc2c9b3d:   ff 49 89 c7 48 89 ef 4c 89 f6 e8 84 63 fb ff 49
0x00007fbebc2c9b4d:   89 c6 48 8b 68 28 48 89 c3 48 83 c3 28 eb 0c 0f
0x00007fbebc2c9b5d:   1f 40 00 4c 89 e7 e8 a8 c8 fb ff 48 39 dd 0f 84
0x00007fbebc2c9b6d:   ef fc ff ff 49 89 ec 48 8b 6d 00 41 83 7c 24 18
0x00007fbebc2c9b7d:   00 75 e0 49 8b 7c 24 20 49 8d 44 24 30 48 39 c7
0x00007fbebc2c9b8d:   74 d1 e8 7c c8 fb ff eb ca 48 8b 7c 24 10 f2 0f
0x00007fbebc2c9b9d:   10 44 24 40 e8 4a eb fb ff 48 81 c4 b8 00 00 00
0x00007fbebc2c9bad:   5b 41 5c 41 5d 41 5e 41 5f 5d c3 e8 c3 24 fc ff
0x00007fbebc2c9bbd:   48 89 c3 83 bc 24 90 00 00 00 00 75 1f 48 8b bc
0x00007fbebc2c9bcd:   24 98 00 00 00 48 8d 84 24 a8 00 00 00 48 39 c7
0x00007fbebc2c9bdd:   74 0a e8 2c c8 fb ff eb 03 48 89 c3 83 7c 24 50
0x00007fbebc2c9bed:   00 75 14 48 8b 7c 24 58 48 8d 44 24 68 48 39 c7
0x00007fbebc2c9bfd:   74 05 e8 0c c8 fb ff 48 89 df e8 64 ba fc ff 0f
0x00007fbebc2c9c0d:   1f 40 00 41 56 53 50 49 89 f6 48 89 fb 48 8d 57
0x00007fbebc2c9c1d:   08 c7 47 08 00 00 00 00 48 c7 47 10 00 00 00 00
0x00007fbebc2c9c2d:   48 89 57 18 48 89 57 20 48 c7 47 28 00 00 00 00
0x00007fbebc2c9c3d:   48 8b b6 00 01 00 00 48 85 f6 74 56 48 89 1c 24
0x00007fbebc2c9c4d:   48 89 e1 48 89 df e8 98 55 fb ff 48 89 c2 0f 1f
0x00007fbebc2c9c5d:   44 00 00 48 89 d1 48 8b 52 10 48 85 d2 75 f4 48
0x00007fbebc2c9c6d:   89 4b 18 48 89 c2 66 2e 0f 1f 84 00 00 00 00 00
0x00007fbebc2c9c7d:   0f 1f 00 48 89 d1 48 8b 52 18 48 85 d2 75 f4 48
0x00007fbebc2c9c8d:   89 4b 20 49 8b 8e 18 01 00 00 48 89 4b 28 48 89
0x00007fbebc2c9c9d:   43 10 48 89 d8 48 83 c4 08 5b 41 5e c3 66 0f 1f
0x00007fbebc2c9cad:   44 00 00 48 8b 87 20 01 00 00 c3 0f 1f 84 00 00
0x00007fbebc2c9cbd:   00 00 00 40 88 b7 80 01 00 00 c3 0f 1f 84 00 00
0x00007fbebc2c9ccd:   00 00 00 41 57 41 56 41 54 53 50 49 89 cf 49 89
0x00007fbebc2c9cdd:   d6 49 89 fc 48 85 f6 74 1b 48 89 f3 48 89 f7 e8
0x00007fbebc2c9ced:   4f 2b fb ff 4c 89 e7 48 89 de 48 89 c2 e8 81 ff
0x00007fbebc2c9cfd:   fb ff eb 19 49 8b 04 24 48 8b 40 e8 49 8d 3c 04
0x00007fbebc2c9d0d:   41 8b 74 04 20 83 ce 01 e8 e6 a7 fc ff 48 8d 35
0x00007fbebc2c9d1d:   9c 1c 47 00 ba 06 00 00 00 4c 89 e7 e8 52 ff fb
0x00007fbebc2c9d2d:   ff 49 8b 37 4c 89 e7 e8 f7 c7 fb ff 48 89 c3 48 


Stack slot to memory mapping:
stack at sp + 0 slots: 0x00007fbee489c601 points into unknown readable memory: 00 00 00 00 00 00 00
stack at sp + 1 slots: 0x00007fbee8855688 is pointing into the stack for thread: 0x00007fbee4018000
stack at sp + 2 slots: 0x00007fbee8855690 is pointing into the stack for thread: 0x00007fbee4018000
stack at sp + 3 slots: 0x00007fbebc2a3a8c: _ZN12FmuContainer10getIntegerEPKjmPi+0x000000000000003c in /tmp/fmu_37a002db_74c2_4cfd_bc94_2ff4fe7b5f3erabbit2_1_5-16_SG/binaries/linux64/rabbitmq.so at 0x00007fbebc058000
stack at sp + 4 slots: 0x00007fbee49b7a40 points into unknown readable memory: 0x00007fbe00000000 | 00 00 00 00 be 7f 00 00
stack at sp + 5 slots: 0x00007fbee49b7a40 points into unknown readable memory: 0x00007fbe00000000 | 00 00 00 00 be 7f 00 00
stack at sp + 6 slots: 0x0 is NULL
stack at sp + 7 slots: 0x0 is NULL


---------------  P R O C E S S  ---------------

Threads class SMR info:
_java_thread_list=0x00007fbee4123850, length=9, elements={
0x00007fbee4018000, 0x00007fbee40df000, 0x00007fbee40e1000, 0x00007fbee40e6800,
0x00007fbee40e8800, 0x00007fbee40eb000, 0x00007fbee40ed000, 0x00007fbee40ef000,
0x00007fbee4122000
}

Java Threads: ( => current thread )
=>0x00007fbee4018000 JavaThread "main" [_thread_in_native, id=35377, stack(0x00007fbee8757000,0x00007fbee8858000)]
  0x00007fbee40df000 JavaThread "Reference Handler" daemon [_thread_blocked, id=35384, stack(0x00007fbec41ca000,0x00007fbec42cb000)]
  0x00007fbee40e1000 JavaThread "Finalizer" daemon [_thread_blocked, id=35385, stack(0x00007fbec40c9000,0x00007fbec41ca000)]
  0x00007fbee40e6800 JavaThread "Signal Dispatcher" daemon [_thread_blocked, id=35386, stack(0x00007fbebd98f000,0x00007fbebda90000)]
  0x00007fbee40e8800 JavaThread "Service Thread" daemon [_thread_blocked, id=35387, stack(0x00007fbebd88e000,0x00007fbebd98f000)]
  0x00007fbee40eb000 JavaThread "C2 CompilerThread0" daemon [_thread_blocked, id=35388, stack(0x00007fbebd78d000,0x00007fbebd88e000)]
  0x00007fbee40ed000 JavaThread "C1 CompilerThread0" daemon [_thread_blocked, id=35389, stack(0x00007fbebd68c000,0x00007fbebd78d000)]
  0x00007fbee40ef000 JavaThread "Sweeper thread" daemon [_thread_blocked, id=35390, stack(0x00007fbebd58b000,0x00007fbebd68c000)]
  0x00007fbee4122000 JavaThread "Common-Cleaner" daemon [_thread_blocked, id=35392, stack(0x00007fbebd388000,0x00007fbebd489000)]

Other Threads:
  0x00007fbee40dc000 VMThread "VM Thread" [stack: 0x00007fbec42cd000,0x00007fbec43cd000] [id=35383]
  0x00007fbee411f800 WatcherThread [stack: 0x00007fbebd48b000,0x00007fbebd58b000] [id=35391]
  0x00007fbee402f800 GCTaskThread "GC Thread#0" [stack: 0x00007fbee840c000,0x00007fbee850c000] [id=35378]
  0x00007fbeb0001000 GCTaskThread "GC Thread#1" [stack: 0x00007fbebd288000,0x00007fbebd388000] [id=35393]
  0x00007fbee4055800 ConcurrentGCThread "G1 Main Marker" [stack: 0x00007fbee80d7000,0x00007fbee81d7000] [id=35379]
  0x00007fbee4057000 ConcurrentGCThread "G1 Conc#0" [stack: 0x00007fbecc137000,0x00007fbecc237000] [id=35380]
  0x00007fbee40ab800 ConcurrentGCThread "G1 Refine#0" [stack: 0x00007fbec4d52000,0x00007fbec4e52000] [id=35381]
  0x00007fbee40ad000 ConcurrentGCThread "G1 Young RemSet Sampling" [stack: 0x00007fbec4c50000,0x00007fbec4d50000] [id=35382]

Threads with active compile tasks:

VM state:not at safepoint (normal execution)

VM Mutex/Monitor currently owned by a thread: None

Heap address: 0x00000000a4600000, size: 1466 MB, Compressed Oops mode: 32-bit
Narrow klass base: 0x0000000800000000, Narrow klass shift: 3
Compressed class space size: 1073741824 Address: 0x0000000840000000

Heap:
 garbage-first heap   total 96256K, used 52048K [0x00000000a4600000, 0x0000000100000000)
  region size 1024K, 49 young (50176K), 1 survivors (1024K)
 Metaspace       used 14725K, capacity 15551K, committed 15744K, reserved 1062912K
  class space    used 1704K, capacity 1843K, committed 1920K, reserved 1048576K
Heap Regions: E=young(eden), S=young(survivor), O=old, HS=humongous(starts), HC=humongous(continues), CS=collection set, F=free, A=archive, TAMS=top-at-mark-start (previous, next)
|   0|0x00000000a4600000, 0x00000000a4700000, 0x00000000a4700000|100%| O|  |TAMS 0x00000000a4600000, 0x00000000a4600000| Untracked 
|   1|0x00000000a4700000, 0x00000000a4720200, 0x00000000a4800000| 12%| O|  |TAMS 0x00000000a4700000, 0x00000000a4700000| Untracked 
|   2|0x00000000a4800000, 0x00000000a4900000, 0x00000000a4900000|100%|HS|  |TAMS 0x00000000a4800000, 0x00000000a4800000| Complete 
|   3|0x00000000a4900000, 0x00000000a4900000, 0x00000000a4a00000|  0%| F|  |TAMS 0x00000000a4900000, 0x00000000a4900000| Untracked 
|   4|0x00000000a4a00000, 0x00000000a4a00000, 0x00000000a4b00000|  0%| F|  |TAMS 0x00000000a4a00000, 0x00000000a4a00000| Untracked 
|   5|0x00000000a4b00000, 0x00000000a4b00000, 0x00000000a4c00000|  0%| F|  |TAMS 0x00000000a4b00000, 0x00000000a4b00000| Untracked 
|   6|0x00000000a4c00000, 0x00000000a4c00000, 0x00000000a4d00000|  0%| F|  |TAMS 0x00000000a4c00000, 0x00000000a4c00000| Untracked 
|   7|0x00000000a4d00000, 0x00000000a4d00000, 0x00000000a4e00000|  0%| F|  |TAMS 0x00000000a4d00000, 0x00000000a4d00000| Untracked 
|   8|0x00000000a4e00000, 0x00000000a4e00000, 0x00000000a4f00000|  0%| F|  |TAMS 0x00000000a4e00000, 0x00000000a4e00000| Untracked 
|   9|0x00000000a4f00000, 0x00000000a4f00000, 0x00000000a5000000|  0%| F|  |TAMS 0x00000000a4f00000, 0x00000000a4f00000| Untracked 
|  10|0x00000000a5000000, 0x00000000a5000000, 0x00000000a5100000|  0%| F|  |TAMS 0x00000000a5000000, 0x00000000a5000000| Untracked 
|  11|0x00000000a5100000, 0x00000000a5100000, 0x00000000a5200000|  0%| F|  |TAMS 0x00000000a5100000, 0x00000000a5100000| Untracked 
|  12|0x00000000a5200000, 0x00000000a5200000, 0x00000000a5300000|  0%| F|  |TAMS 0x00000000a5200000, 0x00000000a5200000| Untracked 
|  13|0x00000000a5300000, 0x00000000a5300000, 0x00000000a5400000|  0%| F|  |TAMS 0x00000000a5300000, 0x00000000a5300000| Untracked 
|  14|0x00000000a5400000, 0x00000000a5400000, 0x00000000a5500000|  0%| F|  |TAMS 0x00000000a5400000, 0x00000000a5400000| Untracked 
|  15|0x00000000a5500000, 0x00000000a5500000, 0x00000000a5600000|  0%| F|  |TAMS 0x00000000a5500000, 0x00000000a5500000| Untracked 
|  16|0x00000000a5600000, 0x00000000a5600000, 0x00000000a5700000|  0%| F|  |TAMS 0x00000000a5600000, 0x00000000a5600000| Untracked 
|  17|0x00000000a5700000, 0x00000000a5700000, 0x00000000a5800000|  0%| F|  |TAMS 0x00000000a5700000, 0x00000000a5700000| Untracked 
|  18|0x00000000a5800000, 0x00000000a5800000, 0x00000000a5900000|  0%| F|  |TAMS 0x00000000a5800000, 0x00000000a5800000| Untracked 
|  19|0x00000000a5900000, 0x00000000a5900000, 0x00000000a5a00000|  0%| F|  |TAMS 0x00000000a5900000, 0x00000000a5900000| Untracked 
|  20|0x00000000a5a00000, 0x00000000a5a00000, 0x00000000a5b00000|  0%| F|  |TAMS 0x00000000a5a00000, 0x00000000a5a00000| Untracked 
|  21|0x00000000a5b00000, 0x00000000a5b00000, 0x00000000a5c00000|  0%| F|  |TAMS 0x00000000a5b00000, 0x00000000a5b00000| Untracked 
|  22|0x00000000a5c00000, 0x00000000a5c00000, 0x00000000a5d00000|  0%| F|  |TAMS 0x00000000a5c00000, 0x00000000a5c00000| Untracked 
|  23|0x00000000a5d00000, 0x00000000a5d00000, 0x00000000a5e00000|  0%| F|  |TAMS 0x00000000a5d00000, 0x00000000a5d00000| Untracked 
|  24|0x00000000a5e00000, 0x00000000a5e00000, 0x00000000a5f00000|  0%| F|  |TAMS 0x00000000a5e00000, 0x00000000a5e00000| Untracked 
|  25|0x00000000a5f00000, 0x00000000a5f00000, 0x00000000a6000000|  0%| F|  |TAMS 0x00000000a5f00000, 0x00000000a5f00000| Untracked 
|  26|0x00000000a6000000, 0x00000000a6000000, 0x00000000a6100000|  0%| F|  |TAMS 0x00000000a6000000, 0x00000000a6000000| Untracked 
|  27|0x00000000a6100000, 0x00000000a6100000, 0x00000000a6200000|  0%| F|  |TAMS 0x00000000a6100000, 0x00000000a6100000| Untracked 
|  28|0x00000000a6200000, 0x00000000a6200000, 0x00000000a6300000|  0%| F|  |TAMS 0x00000000a6200000, 0x00000000a6200000| Untracked 
|  29|0x00000000a6300000, 0x00000000a6300000, 0x00000000a6400000|  0%| F|  |TAMS 0x00000000a6300000, 0x00000000a6300000| Untracked 
|  30|0x00000000a6400000, 0x00000000a6400000, 0x00000000a6500000|  0%| F|  |TAMS 0x00000000a6400000, 0x00000000a6400000| Untracked 
|  31|0x00000000a6500000, 0x00000000a6500000, 0x00000000a6600000|  0%| F|  |TAMS 0x00000000a6500000, 0x00000000a6500000| Untracked 
|  32|0x00000000a6600000, 0x00000000a6600000, 0x00000000a6700000|  0%| F|  |TAMS 0x00000000a6600000, 0x00000000a6600000| Untracked 
|  33|0x00000000a6700000, 0x00000000a6700000, 0x00000000a6800000|  0%| F|  |TAMS 0x00000000a6700000, 0x00000000a6700000| Untracked 
|  34|0x00000000a6800000, 0x00000000a6800000, 0x00000000a6900000|  0%| F|  |TAMS 0x00000000a6800000, 0x00000000a6800000| Untracked 
|  35|0x00000000a6900000, 0x00000000a6900000, 0x00000000a6a00000|  0%| F|  |TAMS 0x00000000a6900000, 0x00000000a6900000| Untracked 
|  36|0x00000000a6a00000, 0x00000000a6a00000, 0x00000000a6b00000|  0%| F|  |TAMS 0x00000000a6a00000, 0x00000000a6a00000| Untracked 
|  37|0x00000000a6b00000, 0x00000000a6b00000, 0x00000000a6c00000|  0%| F|  |TAMS 0x00000000a6b00000, 0x00000000a6b00000| Untracked 
|  38|0x00000000a6c00000, 0x00000000a6c00000, 0x00000000a6d00000|  0%| F|  |TAMS 0x00000000a6c00000, 0x00000000a6c00000| Untracked 
|  39|0x00000000a6d00000, 0x00000000a6d00000, 0x00000000a6e00000|  0%| F|  |TAMS 0x00000000a6d00000, 0x00000000a6d00000| Untracked 
|  40|0x00000000a6e00000, 0x00000000a6e00000, 0x00000000a6f00000|  0%| F|  |TAMS 0x00000000a6e00000, 0x00000000a6e00000| Untracked 
|  41|0x00000000a6f00000, 0x00000000a6f00000, 0x00000000a7000000|  0%| F|  |TAMS 0x00000000a6f00000, 0x00000000a6f00000| Untracked 
|  42|0x00000000a7000000, 0x00000000a7000000, 0x00000000a7100000|  0%| F|  |TAMS 0x00000000a7000000, 0x00000000a7000000| Untracked 
|  43|0x00000000a7100000, 0x00000000a7180800, 0x00000000a7200000| 50%| E|  |TAMS 0x00000000a7100000, 0x00000000a7100000| Complete 
|  44|0x00000000a7200000, 0x00000000a7300000, 0x00000000a7300000|100%| E|CS|TAMS 0x00000000a7200000, 0x00000000a7200000| Complete 
|  45|0x00000000a7300000, 0x00000000a7400000, 0x00000000a7400000|100%| E|CS|TAMS 0x00000000a7300000, 0x00000000a7300000| Complete 
|  46|0x00000000a7400000, 0x00000000a7500000, 0x00000000a7500000|100%| E|CS|TAMS 0x00000000a7400000, 0x00000000a7400000| Complete 
|  47|0x00000000a7500000, 0x00000000a7600000, 0x00000000a7600000|100%| E|CS|TAMS 0x00000000a7500000, 0x00000000a7500000| Complete 
|  48|0x00000000a7600000, 0x00000000a7700000, 0x00000000a7700000|100%| E|CS|TAMS 0x00000000a7600000, 0x00000000a7600000| Complete 
|  49|0x00000000a7700000, 0x00000000a7800000, 0x00000000a7800000|100%| E|CS|TAMS 0x00000000a7700000, 0x00000000a7700000| Complete 
|  50|0x00000000a7800000, 0x00000000a7900000, 0x00000000a7900000|100%| E|CS|TAMS 0x00000000a7800000, 0x00000000a7800000| Complete 
|  51|0x00000000a7900000, 0x00000000a7a00000, 0x00000000a7a00000|100%| E|CS|TAMS 0x00000000a7900000, 0x00000000a7900000| Complete 
|  52|0x00000000a7a00000, 0x00000000a7b00000, 0x00000000a7b00000|100%| E|CS|TAMS 0x00000000a7a00000, 0x00000000a7a00000| Complete 
|  53|0x00000000a7b00000, 0x00000000a7c00000, 0x00000000a7c00000|100%| E|CS|TAMS 0x00000000a7b00000, 0x00000000a7b00000| Complete 
|  54|0x00000000a7c00000, 0x00000000a7d00000, 0x00000000a7d00000|100%| E|CS|TAMS 0x00000000a7c00000, 0x00000000a7c00000| Complete 
|  55|0x00000000a7d00000, 0x00000000a7e00000, 0x00000000a7e00000|100%| E|CS|TAMS 0x00000000a7d00000, 0x00000000a7d00000| Complete 
|  56|0x00000000a7e00000, 0x00000000a7f00000, 0x00000000a7f00000|100%| E|CS|TAMS 0x00000000a7e00000, 0x00000000a7e00000| Complete 
|  57|0x00000000a7f00000, 0x00000000a8000000, 0x00000000a8000000|100%| E|CS|TAMS 0x00000000a7f00000, 0x00000000a7f00000| Complete 
|  58|0x00000000a8000000, 0x00000000a8100000, 0x00000000a8100000|100%| E|CS|TAMS 0x00000000a8000000, 0x00000000a8000000| Complete 
|  59|0x00000000a8100000, 0x00000000a8200000, 0x00000000a8200000|100%| E|CS|TAMS 0x00000000a8100000, 0x00000000a8100000| Complete 
|  60|0x00000000a8200000, 0x00000000a8300000, 0x00000000a8300000|100%| E|CS|TAMS 0x00000000a8200000, 0x00000000a8200000| Complete 
|  61|0x00000000a8300000, 0x00000000a8400000, 0x00000000a8400000|100%| E|CS|TAMS 0x00000000a8300000, 0x00000000a8300000| Complete 
|  62|0x00000000a8400000, 0x00000000a8500000, 0x00000000a8500000|100%| E|CS|TAMS 0x00000000a8400000, 0x00000000a8400000| Complete 
|  63|0x00000000a8500000, 0x00000000a8600000, 0x00000000a8600000|100%| E|CS|TAMS 0x00000000a8500000, 0x00000000a8500000| Complete 
|  64|0x00000000a8600000, 0x00000000a8700000, 0x00000000a8700000|100%| E|CS|TAMS 0x00000000a8600000, 0x00000000a8600000| Complete 
|  65|0x00000000a8700000, 0x00000000a8800000, 0x00000000a8800000|100%| E|CS|TAMS 0x00000000a8700000, 0x00000000a8700000| Complete 
|  66|0x00000000a8800000, 0x00000000a8900000, 0x00000000a8900000|100%| E|CS|TAMS 0x00000000a8800000, 0x00000000a8800000| Complete 
|  67|0x00000000a8900000, 0x00000000a8a00000, 0x00000000a8a00000|100%| E|CS|TAMS 0x00000000a8900000, 0x00000000a8900000| Complete 
|  68|0x00000000a8a00000, 0x00000000a8b00000, 0x00000000a8b00000|100%| E|CS|TAMS 0x00000000a8a00000, 0x00000000a8a00000| Complete 
|  69|0x00000000a8b00000, 0x00000000a8c00000, 0x00000000a8c00000|100%| E|CS|TAMS 0x00000000a8b00000, 0x00000000a8b00000| Complete 
|  70|0x00000000a8c00000, 0x00000000a8d00000, 0x00000000a8d00000|100%| E|CS|TAMS 0x00000000a8c00000, 0x00000000a8c00000| Complete 
|  71|0x00000000a8d00000, 0x00000000a8e00000, 0x00000000a8e00000|100%| E|CS|TAMS 0x00000000a8d00000, 0x00000000a8d00000| Complete 
|  72|0x00000000a8e00000, 0x00000000a8f00000, 0x00000000a8f00000|100%| E|CS|TAMS 0x00000000a8e00000, 0x00000000a8e00000| Complete 
|  73|0x00000000a8f00000, 0x00000000a9000000, 0x00000000a9000000|100%| E|CS|TAMS 0x00000000a8f00000, 0x00000000a8f00000| Complete 
|  74|0x00000000a9000000, 0x00000000a9100000, 0x00000000a9100000|100%| E|CS|TAMS 0x00000000a9000000, 0x00000000a9000000| Complete 
|  75|0x00000000a9100000, 0x00000000a9200000, 0x00000000a9200000|100%| E|CS|TAMS 0x00000000a9100000, 0x00000000a9100000| Complete 
|  76|0x00000000a9200000, 0x00000000a9300000, 0x00000000a9300000|100%| E|CS|TAMS 0x00000000a9200000, 0x00000000a9200000| Complete 
|  77|0x00000000a9300000, 0x00000000a9400000, 0x00000000a9400000|100%| E|CS|TAMS 0x00000000a9300000, 0x00000000a9300000| Complete 
|  78|0x00000000a9400000, 0x00000000a9500000, 0x00000000a9500000|100%| E|CS|TAMS 0x00000000a9400000, 0x00000000a9400000| Complete 
|  79|0x00000000a9500000, 0x00000000a9600000, 0x00000000a9600000|100%| E|CS|TAMS 0x00000000a9500000, 0x00000000a9500000| Complete 
|  80|0x00000000a9600000, 0x00000000a9700000, 0x00000000a9700000|100%| E|CS|TAMS 0x00000000a9600000, 0x00000000a9600000| Complete 
|  81|0x00000000a9700000, 0x00000000a9800000, 0x00000000a9800000|100%| E|CS|TAMS 0x00000000a9700000, 0x00000000a9700000| Complete 
|  82|0x00000000a9800000, 0x00000000a9900000, 0x00000000a9900000|100%| E|CS|TAMS 0x00000000a9800000, 0x00000000a9800000| Complete 
|  83|0x00000000a9900000, 0x00000000a9a00000, 0x00000000a9a00000|100%| E|CS|TAMS 0x00000000a9900000, 0x00000000a9900000| Complete 
|  84|0x00000000a9a00000, 0x00000000a9b00000, 0x00000000a9b00000|100%| S|CS|TAMS 0x00000000a9a00000, 0x00000000a9a00000| Complete 
|  85|0x00000000a9b00000, 0x00000000a9c00000, 0x00000000a9c00000|100%| E|CS|TAMS 0x00000000a9b00000, 0x00000000a9b00000| Complete 
|  86|0x00000000a9c00000, 0x00000000a9d00000, 0x00000000a9d00000|100%| E|CS|TAMS 0x00000000a9c00000, 0x00000000a9c00000| Complete 
|  87|0x00000000a9d00000, 0x00000000a9e00000, 0x00000000a9e00000|100%| E|CS|TAMS 0x00000000a9d00000, 0x00000000a9d00000| Complete 
|  88|0x00000000a9e00000, 0x00000000a9f00000, 0x00000000a9f00000|100%| E|CS|TAMS 0x00000000a9e00000, 0x00000000a9e00000| Complete 
|  89|0x00000000a9f00000, 0x00000000aa000000, 0x00000000aa000000|100%| E|CS|TAMS 0x00000000a9f00000, 0x00000000a9f00000| Complete 
|  90|0x00000000aa000000, 0x00000000aa100000, 0x00000000aa100000|100%| E|CS|TAMS 0x00000000aa000000, 0x00000000aa000000| Complete 
|  91|0x00000000aa100000, 0x00000000aa200000, 0x00000000aa200000|100%| E|CS|TAMS 0x00000000aa100000, 0x00000000aa100000| Complete 
|1464|0x00000000ffe00000, 0x00000000ffe48000, 0x00000000fff00000| 28%|OA|  |TAMS 0x00000000ffe00000, 0x00000000ffe00000| Untracked 
|1465|0x00000000fff00000, 0x00000000fff6c000, 0x0000000100000000| 42%|CA|  |TAMS 0x00000000fff00000, 0x00000000fff00000| Untracked 

Card table byte_map: [0x00007fbecc237000,0x00007fbecc514000] _byte_map_base: 0x00007fbecbd14000

Marking Bits (Prev, Next): (CMBitMap*) 0x00007fbee404eaf8, (CMBitMap*) 0x00007fbee404eb30
 Prev Bits: [0x00007fbec663b000, 0x00007fbec7d23000)
 Next Bits: [0x00007fbec4f53000, 0x00007fbec663b000)

Polling page: 0x00007fbee871d000

Metaspace:

Usage:
  Non-class:     13.39 MB capacity,    12.72 MB ( 95%) used,   659.11 KB (  5%) free+waste,    27.25 KB ( <1%) overhead. 
      Class:      1.80 MB capacity,     1.66 MB ( 92%) used,   125.18 KB (  7%) free+waste,    13.50 KB ( <1%) overhead. 
       Both:     15.19 MB capacity,    14.38 MB ( 95%) used,   784.29 KB (  5%) free+waste,    40.75 KB ( <1%) overhead. 

Virtual space:
  Non-class space:       14.00 MB reserved,      13.50 MB ( 96%) committed 
      Class space:        1.00 GB reserved,       1.88 MB ( <1%) committed 
             Both:        1.01 GB reserved,      15.38 MB (  1%) committed 

Chunk freelists:
   Non-Class:  28.00 KB
       Class:  13.00 KB
        Both:  41.00 KB

MaxMetaspaceSize: unlimited
CompressedClassSpaceSize: 1.00 GB
Initial GC threshold: 20.80 MB
Current GC threshold: 20.80 MB
CDS: on

CodeHeap 'non-profiled nmethods': size=120036Kb used=647Kb max_used=647Kb free=119389Kb
 bounds [0x00007fbed42b8000, 0x00007fbed4528000, 0x00007fbedb7f1000]
CodeHeap 'profiled nmethods': size=120032Kb used=3354Kb max_used=3354Kb free=116677Kb
 bounds [0x00007fbeccd80000, 0x00007fbecd0d0000, 0x00007fbed42b8000]
CodeHeap 'non-nmethods': size=5692Kb used=1201Kb max_used=1228Kb free=4490Kb
 bounds [0x00007fbecc7f1000, 0x00007fbecca61000, 0x00007fbeccd80000]
 total_blobs=2266 nmethods=1802 adapters=377
 compilation: enabled
              stopped_count=0, restarted_count=0
 full_count=0

Compilation events (20 events):
Event: 7.409 Thread 0x00007fbee40ed000 nmethod 1786 0x00007fbecd0b2890 code [0x00007fbecd0b2a40, 0x00007fbecd0b2bd0]
Event: 7.409 Thread 0x00007fbee40ed000 1775       3       org.apache.jena.rdf.model.ResourceFactory$Impl::createProperty (9 bytes)
Event: 7.410 Thread 0x00007fbee40ed000 nmethod 1775 0x00007fbecd0b2c90 code [0x00007fbecd0b2f20, 0x00007fbecd0b3c90]
Event: 7.410 Thread 0x00007fbee40ed000 1776       3       org.apache.jena.rdf.model.impl.PropertyImpl::<init> (11 bytes)
Event: 7.410 Thread 0x00007fbee40ed000 nmethod 1776 0x00007fbecd0b4110 code [0x00007fbecd0b43a0, 0x00007fbecd0b5050]
Event: 7.410 Thread 0x00007fbee40ed000 1778       3       org.apache.jena.rdf.model.impl.IteratorFactory::asProperty (11 bytes)
Event: 7.410 Thread 0x00007fbee40ed000 nmethod 1778 0x00007fbecd0b5490 code [0x00007fbecd0b5660, 0x00007fbecd0b5aa0]
Event: 7.410 Thread 0x00007fbee40ed000 1767       3       org.apache.jena.rdf.model.impl.ResourceImpl::inModel (6 bytes)
Event: 7.411 Thread 0x00007fbee40ed000 nmethod 1767 0x00007fbecd0b5c10 code [0x00007fbecd0b5dc0, 0x00007fbecd0b5fa0]
Event: 7.411 Thread 0x00007fbee40ed000 1779   !   3       org.apache.jena.ext.com.google.common.cache.LocalCache$Segment::runLockedCleanup (39 bytes)
Event: 7.411 Thread 0x00007fbee40ed000 nmethod 1779 0x00007fbecd0b6090 code [0x00007fbecd0b62e0, 0x00007fbecd0b6b70]
Event: 7.411 Thread 0x00007fbee40ed000 1770       1       dtstructure.DTFMUConf::getURI (5 bytes)
Event: 7.411 Thread 0x00007fbee40ed000 nmethod 1770 0x00007fbed4358a10 code [0x00007fbed4358bc0, 0x00007fbed4358c90]
Event: 7.412 Thread 0x00007fbee40ed000 1790       3       org.apache.jena.graph.impl.LiteralLabelImpl::getLexicalForm (46 bytes)
Event: 7.413 Thread 0x00007fbee40ed000 nmethod 1790 0x00007fbecd0b6f10 code [0x00007fbecd0b70e0, 0x00007fbecd0b7490]
Event: 7.413 Thread 0x00007fbee40ed000 1791       3       org.apache.jena.rdf.model.impl.ResourceImpl::<init> (7 bytes)
Event: 7.413 Thread 0x00007fbee40ed000 nmethod 1791 0x00007fbecd0b7590 code [0x00007fbecd0b7760, 0x00007fbecd0b7ab0]
Event: 7.413 Thread 0x00007fbee40ed000 1792       3       java.lang.invoke.LambdaForm$MH/0x0000000840066c40::invoke (31 bytes)
Event: 7.413 Thread 0x00007fbee40ed000 nmethod 1792 0x00007fbecd0b7c10 code [0x00007fbecd0b7de0, 0x00007fbecd0b8270]
Event: 7.413 Thread 0x00007fbee40ed000 1793       3       com.sun.jna.Function::convertArgument (895 bytes)

GC Heap History (2 events):
Event: 0.231 GC heap before
{Heap before GC invocations=0 (full 0):
 garbage-first heap   total 96256K, used 7888K [0x00000000a4600000, 0x0000000100000000)
  region size 1024K, 7 young (7168K), 0 survivors (0K)
 Metaspace       used 1328K, capacity 5432K, committed 5632K, reserved 1056768K
  class space    used 121K, capacity 488K, committed 512K, reserved 1048576K
}
Event: 0.245 GC heap after
{Heap after GC invocations=1 (full 0):
 garbage-first heap   total 96256K, used 2896K [0x00000000a4600000, 0x0000000100000000)
  region size 1024K, 1 young (1024K), 1 survivors (1024K)
 Metaspace       used 1328K, capacity 5432K, committed 5632K, reserved 1056768K
  class space    used 121K, capacity 488K, committed 512K, reserved 1048576K
}

Deoptimization events (20 events):
Event: 1.315 Thread 0x00007fbee4018000 Uncommon trap: trap_request=0xffffff4d fr.pc=0x00007fbed43039c0 relative=0x0000000000000260
Event: 1.315 Thread 0x00007fbee4018000 Uncommon trap: reason=unstable_if action=reinterpret pc=0x00007fbed43039c0 method=java.util.HashMap.getNode(ILjava/lang/Object;)Ljava/util/HashMap$Node; @ 62 c2
Event: 1.315 Thread 0x00007fbee4018000 DEOPT PACKING pc=0x00007fbed43039c0 sp=0x00007fbee8853480
Event: 1.315 Thread 0x00007fbee4018000 DEOPT UNPACKING pc=0x00007fbecc7f92a5 sp=0x00007fbee8853420 mode 2
Event: 7.297 Thread 0x00007fbee4018000 Uncommon trap: trap_request=0xffffffde fr.pc=0x00007fbed42f3268 relative=0x00000000000001c8
Event: 7.297 Thread 0x00007fbee4018000 Uncommon trap: reason=class_check action=maybe_recompile pc=0x00007fbed42f3268 method=java.lang.String.equals(Ljava/lang/Object;)Z @ 8 c2
Event: 7.297 Thread 0x00007fbee4018000 DEOPT PACKING pc=0x00007fbed42f3268 sp=0x00007fbee8856220
Event: 7.297 Thread 0x00007fbee4018000 DEOPT UNPACKING pc=0x00007fbecc7f92a5 sp=0x00007fbee88561d8 mode 2
Event: 7.298 Thread 0x00007fbee4018000 Uncommon trap: trap_request=0xffffffde fr.pc=0x00007fbed42f3268 relative=0x00000000000001c8
Event: 7.298 Thread 0x00007fbee4018000 Uncommon trap: reason=class_check action=maybe_recompile pc=0x00007fbed42f3268 method=java.lang.String.equals(Ljava/lang/Object;)Z @ 8 c2
Event: 7.298 Thread 0x00007fbee4018000 DEOPT PACKING pc=0x00007fbed42f3268 sp=0x00007fbee8856220
Event: 7.298 Thread 0x00007fbee4018000 DEOPT UNPACKING pc=0x00007fbecc7f92a5 sp=0x00007fbee88561d8 mode 2
Event: 7.298 Thread 0x00007fbee4018000 Uncommon trap: trap_request=0xffffffde fr.pc=0x00007fbed42f3268 relative=0x00000000000001c8
Event: 7.298 Thread 0x00007fbee4018000 Uncommon trap: reason=class_check action=maybe_recompile pc=0x00007fbed42f3268 method=java.lang.String.equals(Ljava/lang/Object;)Z @ 8 c2
Event: 7.298 Thread 0x00007fbee4018000 DEOPT PACKING pc=0x00007fbed42f3268 sp=0x00007fbee8856220
Event: 7.298 Thread 0x00007fbee4018000 DEOPT UNPACKING pc=0x00007fbecc7f92a5 sp=0x00007fbee88561d8 mode 2
Event: 7.298 Thread 0x00007fbee4018000 Uncommon trap: trap_request=0xffffffde fr.pc=0x00007fbed42f3268 relative=0x00000000000001c8
Event: 7.298 Thread 0x00007fbee4018000 Uncommon trap: reason=class_check action=maybe_recompile pc=0x00007fbed42f3268 method=java.lang.String.equals(Ljava/lang/Object;)Z @ 8 c2
Event: 7.298 Thread 0x00007fbee4018000 DEOPT PACKING pc=0x00007fbed42f3268 sp=0x00007fbee8856220
Event: 7.298 Thread 0x00007fbee4018000 DEOPT UNPACKING pc=0x00007fbecc7f92a5 sp=0x00007fbee88561d8 mode 2

Classes redefined (0 events):
No events

Internal exceptions (20 events):
Event: 0.076 Thread 0x00007fbee4018000 Exception <a 'java/security/PrivilegedActionException'{0x00000000aa1d3c70}> (0x00000000aa1d3c70) thrown at [src/hotspot/share/prims/jvm.cpp, line 1304]
Event: 0.076 Thread 0x00007fbee4018000 Exception <a 'java/security/PrivilegedActionException'{0x00000000aa1d3f40}> (0x00000000aa1d3f40) thrown at [src/hotspot/share/prims/jvm.cpp, line 1304]
Event: 0.395 Thread 0x00007fbee4018000 Exception <a 'java/lang/NoSuchMethodError'{0x00000000a9dede08}: 'java.lang.Object java.lang.invoke.Invokers$Holder.linkToTargetMethod(java.lang.Object, int, java.lang.Object)'> (0x00000000a9dede08) thrown at [src/hotspot/share/interpreter/linkResolver.cpp, line 772]
Event: 0.418 Thread 0x00007fbee4018000 Exception <a 'java/lang/NoSuchMethodError'{0x00000000a9b12a78}: 'int java.lang.invoke.DirectMethodHandle$Holder.invokeStaticInit(java.lang.Object, java.lang.Object, java.lang.Object)'> (0x00000000a9b12a78) thrown at [src/hotspot/share/interpreter/linkResolver.cpp, line 772]
Event: 0.467 Thread 0x00007fbee4018000 Exception <a 'java/lang/NoClassDefFoundError'{0x00000000a9bf9890}: org/slf4j/impl/StaticLoggerBinder> (0x00000000a9bf9890) thrown at [src/hotspot/share/classfile/systemDictionary.cpp, line 219]
Event: 0.610 Thread 0x00007fbee4018000 Exception <a 'java/lang/NoSuchMethodError'{0x00000000a95e0fb8}: 'int java.lang.invoke.DirectMethodHandle$Holder.invokeStaticInit(java.lang.Object, java.lang.Object)'> (0x00000000a95e0fb8) thrown at [src/hotspot/share/interpreter/linkResolver.cpp, line 772]
Event: 0.800 Thread 0x00007fbee4018000 Exception <a 'java/lang/NoSuchMethodError'{0x00000000a8e59978}: 'int java.lang.invoke.DirectMethodHandle$Holder.invokeSpecialIFC(java.lang.Object, java.lang.Object, int)'> (0x00000000a8e59978) thrown at [src/hotspot/share/interpreter/linkResolver.cpp, line 772]
Event: 0.981 Thread 0x00007fbee4018000 Exception <a 'java/lang/NoSuchMethodError'{0x00000000a84fbbc0}: 'java.lang.Object java.lang.invoke.DirectMethodHandle$Holder.invokeStaticInit(java.lang.Object, java.lang.Object, java.lang.Object, java.lang.Object)'> (0x00000000a84fbbc0) thrown at [src/hotspot/share/interpreter/linkResolver.cpp, line 772]
Event: 0.984 Thread 0x00007fbee4018000 Exception <a 'java/lang/NoSuchMethodError'{0x00000000a83293d0}: 'java.lang.Object java.lang.invoke.DirectMethodHandle$Holder.invokeStaticInit(java.lang.Object, java.lang.Object, int, java.lang.Object, java.lang.Object)'> (0x00000000a83293d0) thrown at [src/hotspot/share/interpreter/linkResolver.cpp, line 772]
Event: 1.249 Thread 0x00007fbee4018000 Exception <a 'java/lang/NoSuchMethodError'{0x00000000a800dd38}: 'java.lang.Object java.lang.invoke.DirectMethodHandle$Holder.invokeStatic(java.lang.Object, java.lang.Object, java.lang.Object, java.lang.Object, java.lang.Object, java.lang.Object, java.lang.Object, java.lang.Object, java.lang.Object, java.lang.Object, java.lang.Object, java.lang.Object, java.lang.Object, java.lang.Object, java.lang.Object)'> (0x00000000a800dd38) thrown at [src/hotspot/share/interpreter/linkResolver.cpp, line 772]
Event: 1.251 Thread 0x00007fbee4018000 Exception <a 'java/lang/NoSuchMethodError'{0x00000000a801ba98}: 'java.lang.Object java.lang.invoke.DirectMethodHandle$Holder.invokeStatic(java.lang.Object, java.lang.Object, java.lang.Object, java.lang.Object, java.lang.Object, java.lang.Object, java.lang.Object, java.lang.Object, java.lang.Object, java.lang.Object, java.lang.Object, java.lang.Object, java.lang.Object, java.lang.Object, java.lang.Object, java.lang.Object)'> (0x00000000a801ba98) thrown at [src/hotspot/share/interpreter/linkResolver.cpp, lin
Event: 1.252 Thread 0x00007fbee4018000 Exception <a 'java/lang/NoSuchMethodError'{0x00000000a8029708}: 'java.lang.Object java.lang.invoke.DirectMethodHandle$Holder.invokeSpecial(java.lang.Object, java.lang.Object, int, int, java.lang.Object, java.lang.Object, java.lang.Object)'> (0x00000000a8029708) thrown at [src/hotspot/share/interpreter/linkResolver.cpp, line 772]
Event: 1.252 Thread 0x00007fbee4018000 Exception <a 'java/lang/NoSuchMethodError'{0x00000000a802cc98}: 'java.lang.Object java.lang.invoke.DelegatingMethodHandle$Holder.reinvoke_L(java.lang.Object, int, int, java.lang.Object, java.lang.Object, java.lang.Object)'> (0x00000000a802cc98) thrown at [src/hotspot/share/interpreter/linkResolver.cpp, line 772]
Event: 1.253 Thread 0x00007fbee4018000 Exception <a 'java/lang/NoSuchMethodError'{0x00000000a8030f20}: 'java.lang.Object java.lang.invoke.DirectMethodHandle$Holder.invokeStatic(java.lang.Object, java.lang.Object, java.lang.Object, java.lang.Object, int)'> (0x00000000a8030f20) thrown at [src/hotspot/share/interpreter/linkResolver.cpp, line 772]
Event: 1.496 Thread 0x00007fbee4018000 Exception <a 'java/lang/NoSuchMethodError'{0x00000000a7bf5418}: 'void java.lang.invoke.DirectMethodHandle$Holder.invokeStaticInit(java.lang.Object)'> (0x00000000a7bf5418) thrown at [src/hotspot/share/interpreter/linkResolver.cpp, line 772]
Event: 1.525 Thread 0x00007fbee4018000 Exception <a 'java/lang/NoSuchMethodError'{0x00000000a79338e0}: 'java.lang.Object java.lang.invoke.DirectMethodHandle$Holder.invokeVirtual(java.lang.Object, java.lang.Object, int, int)'> (0x00000000a79338e0) thrown at [src/hotspot/share/interpreter/linkResolver.cpp, line 772]
Event: 7.086 Thread 0x00007fbee4018000 Exception <a 'java/lang/NoSuchMethodError'{0x00000000a7538690}: 'java.lang.Object java.lang.invoke.DirectMethodHandle$Holder.invokeStatic(java.lang.Object, java.lang.Object, java.lang.Object, java.lang.Object, java.lang.Object, java.lang.Object, java.lang.Object, java.lang.Object, java.lang.Object, java.lang.Object, java.lang.Object, int)'> (0x00000000a7538690) thrown at [src/hotspot/share/interpreter/linkResolver.cpp, line 772]
Event: 7.106 Thread 0x00007fbee4018000 Exception <a 'java/lang/NoSuchMethodError'{0x00000000a7556810}: 'java.lang.Object java.lang.invoke.DirectMethodHandle$Holder.invokeStatic(java.lang.Object, java.lang.Object, java.lang.Object, java.lang.Object, java.lang.Object, java.lang.Object, java.lang.Object, java.lang.Object, java.lang.Object, java.lang.Object, java.lang.Object, int, int)'> (0x00000000a7556810) thrown at [src/hotspot/share/interpreter/linkResolver.cpp, line 772]
Event: 7.109 Thread 0x00007fbee4018000 Exception <a 'java/lang/NoSuchMethodError'{0x00000000a7575780}: 'java.lang.Object java.lang.invoke.DirectMethodHandle$Holder.invokeStatic(java.lang.Object, java.lang.Object, java.lang.Object, java.lang.Object, java.lang.Object, java.lang.Object, java.lang.Object, java.lang.Object, java.lang.Object, java.lang.Object, java.lang.Object, int, int, java.lang.Object)'> (0x00000000a7575780) thrown at [src/hotspot/share/interpreter/linkResolver.cpp, line 772]
Event: 7.119 Thread 0x00007fbee4018000 Exception <a 'java/lang/NoSuchMethodError'{0x00000000a7595ed8}: 'java.lang.Object java.lang.invoke.DirectMethodHandle$Holder.invokeStatic(java.lang.Object, java.lang.Object, java.lang.Object, java.lang.Object, java.lang.Object, java.lang.Object, java.lang.Object, java.lang.Object, java.lang.Object, java.lang.Object, java.lang.Object, int, int, java.lang.Object, java.lang.Object)'> (0x00000000a7595ed8) thrown at [src/hotspot/share/interpreter/linkResolver.cpp, line 772]

Events (20 events):
Event: 7.215 loading class org/apache/jena/riot/tokens/Token$1 done
Event: 7.216 loading class org/apache/jena/riot/tokens/StringType
Event: 7.216 loading class org/apache/jena/riot/tokens/StringType done
Event: 7.216 loading class org/apache/jena/riot/system/ParserProfileStd$1
Event: 7.216 loading class org/apache/jena/riot/system/ParserProfileStd$1 done
Event: 7.217 loading class org/apache/jena/graph/Node
Event: 7.217 loading class org/apache/jena/graph/Node done
Event: 7.219 loading class org/apache/jena/graph/Node
Event: 7.219 loading class org/apache/jena/graph/Node done
Event: 7.252 Loaded shared library /usr/lib/jvm/java-11-openjdk-amd64/lib/server/libjvm.so
Event: 7.259 loading class org/apache/commons/codec/digest/MurmurHash3
Event: 7.259 loading class org/apache/commons/codec/digest/MurmurHash3 done
Event: 7.264 loading class org/apache/jena/graph/BlankNodeId
Event: 7.264 loading class org/apache/jena/graph/BlankNodeId done
Event: 7.291 loading class org/apache/jena/rdf/model/impl/StatementImpl
Event: 7.291 loading class org/apache/jena/rdf/model/impl/StatementImpl done
Event: 7.292 loading class org/apache/jena/rdf/model/impl/StatementBase
Event: 7.292 loading class org/apache/jena/rdf/model/impl/StatementBase done
Event: 7.326 loading class org/javafmi/wrapper/variables/SingleRead
Event: 7.326 loading class org/javafmi/wrapper/variables/SingleRead done


Dynamic libraries:
a4600000-aa200000 rw-p 00000000 00:00 0 
aa200000-ffe00000 ---p 00000000 00:00 0 
ffe00000-ffe48000 rw-p 00b13000 08:05 3014664                            /usr/lib/jvm/java-11-openjdk-amd64/lib/server/classes.jsa
ffe48000-fff00000 rw-p 00000000 00:00 0 
fff00000-fff6c000 rw-p 00aa7000 08:05 3014664                            /usr/lib/jvm/java-11-openjdk-amd64/lib/server/classes.jsa
fff6c000-100000000 rw-p 00000000 00:00 0 
800000000-800002000 rwxp 00001000 08:05 3014664                          /usr/lib/jvm/java-11-openjdk-amd64/lib/server/classes.jsa
800002000-8003ce000 rw-p 00003000 08:05 3014664                          /usr/lib/jvm/java-11-openjdk-amd64/lib/server/classes.jsa
8003ce000-800aa5000 r--p 003cf000 08:05 3014664                          /usr/lib/jvm/java-11-openjdk-amd64/lib/server/classes.jsa
800aa5000-800aa6000 rw-p 00aa6000 08:05 3014664                          /usr/lib/jvm/java-11-openjdk-amd64/lib/server/classes.jsa
840000000-8401e0000 rw-p 00000000 00:00 0 
8401e0000-880000000 ---p 00000000 00:00 0 
55ecd654a000-55ecd654b000 r--p 00000000 08:05 2752833                    /usr/lib/jvm/java-11-openjdk-amd64/bin/java
55ecd654b000-55ecd654c000 r-xp 00001000 08:05 2752833                    /usr/lib/jvm/java-11-openjdk-amd64/bin/java
55ecd654c000-55ecd654d000 r--p 00002000 08:05 2752833                    /usr/lib/jvm/java-11-openjdk-amd64/bin/java
55ecd654d000-55ecd654e000 r--p 00002000 08:05 2752833                    /usr/lib/jvm/java-11-openjdk-amd64/bin/java
55ecd654e000-55ecd654f000 rw-p 00003000 08:05 2752833                    /usr/lib/jvm/java-11-openjdk-amd64/bin/java
55ecd791d000-55ecd793e000 rw-p 00000000 00:00 0                          [heap]
7fbe8c000000-7fbe8c021000 rw-p 00000000 00:00 0 
7fbe8c021000-7fbe90000000 ---p 00000000 00:00 0 
7fbe90000000-7fbe90021000 rw-p 00000000 00:00 0 
7fbe90021000-7fbe94000000 ---p 00000000 00:00 0 
7fbe94000000-7fbe94721000 rw-p 00000000 00:00 0 
7fbe94721000-7fbe98000000 ---p 00000000 00:00 0 
7fbe98000000-7fbe98479000 rw-p 00000000 00:00 0 
7fbe98479000-7fbe9c000000 ---p 00000000 00:00 0 
7fbe9c000000-7fbe9c021000 rw-p 00000000 00:00 0 
7fbe9c021000-7fbea0000000 ---p 00000000 00:00 0 
7fbea0000000-7fbea0021000 rw-p 00000000 00:00 0 
7fbea0021000-7fbea4000000 ---p 00000000 00:00 0 
7fbea4000000-7fbea4021000 rw-p 00000000 00:00 0 
7fbea4021000-7fbea8000000 ---p 00000000 00:00 0 
7fbea8000000-7fbea8021000 rw-p 00000000 00:00 0 
7fbea8021000-7fbeac000000 ---p 00000000 00:00 0 
7fbeac000000-7fbeac021000 rw-p 00000000 00:00 0 
7fbeac021000-7fbeb0000000 ---p 00000000 00:00 0 
7fbeb0000000-7fbeb0021000 rw-p 00000000 00:00 0 
7fbeb0021000-7fbeb4000000 ---p 00000000 00:00 0 
7fbeb4000000-7fbeb4021000 rw-p 00000000 00:00 0 
7fbeb4021000-7fbeb8000000 ---p 00000000 00:00 0 
7fbeb8000000-7fbeb8021000 rw-p 00000000 00:00 0 
7fbeb8021000-7fbebc000000 ---p 00000000 00:00 0 
7fbebc058000-7fbebc276000 r--p 00000000 08:05 4626761                    /tmp/fmu_37a002db_74c2_4cfd_bc94_2ff4fe7b5f3erabbit2_1_5-16_SG/binaries/linux64/rabbitmq.so
7fbebc276000-7fbebc691000 r-xp 0021e000 08:05 4626761                    /tmp/fmu_37a002db_74c2_4cfd_bc94_2ff4fe7b5f3erabbit2_1_5-16_SG/binaries/linux64/rabbitmq.so
7fbebc691000-7fbebc81b000 r--p 00639000 08:05 4626761                    /tmp/fmu_37a002db_74c2_4cfd_bc94_2ff4fe7b5f3erabbit2_1_5-16_SG/binaries/linux64/rabbitmq.so
7fbebc81b000-7fbebc81c000 ---p 007c3000 08:05 4626761                    /tmp/fmu_37a002db_74c2_4cfd_bc94_2ff4fe7b5f3erabbit2_1_5-16_SG/binaries/linux64/rabbitmq.so
7fbebc81c000-7fbebc862000 r--p 007c3000 08:05 4626761                    /tmp/fmu_37a002db_74c2_4cfd_bc94_2ff4fe7b5f3erabbit2_1_5-16_SG/binaries/linux64/rabbitmq.so
7fbebc862000-7fbebc89b000 rw-p 00809000 08:05 4626761                    /tmp/fmu_37a002db_74c2_4cfd_bc94_2ff4fe7b5f3erabbit2_1_5-16_SG/binaries/linux64/rabbitmq.so
7fbebc89b000-7fbebc8a0000 rw-p 00000000 00:00 0 
7fbebc8a0000-7fbebc8f9000 r--p 00000000 08:05 4626678                    /tmp/fmu_3c62f8c3_8d4f_495f_b7b7_88474f4bf1e5kukalbriiwa_model/binaries/linux64/unifmu.so
7fbebc8f9000-7fbebca65000 r-xp 00059000 08:05 4626678                    /tmp/fmu_3c62f8c3_8d4f_495f_b7b7_88474f4bf1e5kukalbriiwa_model/binaries/linux64/unifmu.so
7fbebca65000-7fbebcb21000 r--p 001c5000 08:05 4626678                    /tmp/fmu_3c62f8c3_8d4f_495f_b7b7_88474f4bf1e5kukalbriiwa_model/binaries/linux64/unifmu.so
7fbebcb21000-7fbebcb22000 ---p 00281000 08:05 4626678                    /tmp/fmu_3c62f8c3_8d4f_495f_b7b7_88474f4bf1e5kukalbriiwa_model/binaries/linux64/unifmu.so
7fbebcb22000-7fbebcb6d000 r--p 00281000 08:05 4626678                    /tmp/fmu_3c62f8c3_8d4f_495f_b7b7_88474f4bf1e5kukalbriiwa_model/binaries/linux64/unifmu.so
7fbebcb6d000-7fbebcb6e000 rw-p 002cc000 08:05 4626678                    /tmp/fmu_3c62f8c3_8d4f_495f_b7b7_88474f4bf1e5kukalbriiwa_model/binaries/linux64/unifmu.so
7fbebcb6e000-7fbebcb85000 r-xp 00000000 08:05 4626722                    /tmp/jna-2007796372/jna17594967859179205036.tmp (deleted)
7fbebcb85000-7fbebcc84000 ---p 00017000 08:05 4626722                    /tmp/jna-2007796372/jna17594967859179205036.tmp (deleted)
7fbebcc84000-7fbebcc86000 rw-p 00016000 08:05 4626722                    /tmp/jna-2007796372/jna17594967859179205036.tmp (deleted)
7fbebcc86000-7fbebce06000 rw-p 00000000 00:00 0 
7fbebce06000-7fbebce86000 ---p 00000000 00:00 0 
7fbebce86000-7fbebd086000 rw-p 00000000 00:00 0 
7fbebd086000-7fbebd286000 rw-p 00000000 00:00 0 
7fbebd286000-7fbebd287000 ---p 00000000 00:00 0 
7fbebd287000-7fbebd388000 rw-p 00000000 00:00 0 
7fbebd388000-7fbebd38c000 ---p 00000000 00:00 0 
7fbebd38c000-7fbebd489000 rw-p 00000000 00:00 0 
7fbebd489000-7fbebd48a000 ---p 00000000 00:00 0 
7fbebd48a000-7fbebd58b000 rw-p 00000000 00:00 0 
7fbebd58b000-7fbebd58f000 ---p 00000000 00:00 0 
7fbebd58f000-7fbebd68c000 rw-p 00000000 00:00 0 
7fbebd68c000-7fbebd690000 ---p 00000000 00:00 0 
7fbebd690000-7fbebd78d000 rw-p 00000000 00:00 0 
7fbebd78d000-7fbebd791000 ---p 00000000 00:00 0 
7fbebd791000-7fbebd88e000 rw-p 00000000 00:00 0 
7fbebd88e000-7fbebd892000 ---p 00000000 00:00 0 
7fbebd892000-7fbebd98f000 rw-p 00000000 00:00 0 
7fbebd98f000-7fbebd993000 ---p 00000000 00:00 0 
7fbebd993000-7fbebda90000 rw-p 00000000 00:00 0 
7fbebda90000-7fbebe000000 r--p 00000000 08:05 2629154                    /usr/lib/locale/locale-archive
7fbebe000000-7fbec0000000 rw-p 00000000 00:00 0 
7fbec0000000-7fbec0021000 rw-p 00000000 00:00 0 
7fbec0021000-7fbec4000000 ---p 00000000 00:00 0 
7fbec4098000-7fbec40c9000 rw-p 00000000 00:00 0 
7fbec40c9000-7fbec40cd000 ---p 00000000 00:00 0 
7fbec40cd000-7fbec41ca000 rw-p 00000000 00:00 0 
7fbec41ca000-7fbec41ce000 ---p 00000000 00:00 0 
7fbec41ce000-7fbec42cb000 rw-p 00000000 00:00 0 
7fbec42cb000-7fbec42cc000 ---p 00000000 00:00 0 
7fbec42cc000-7fbec4c4e000 rw-p 00000000 00:00 0 
7fbec4c4e000-7fbec4c4f000 ---p 00000000 00:00 0 
7fbec4c4f000-7fbec4d50000 rw-p 00000000 00:00 0 
7fbec4d50000-7fbec4d51000 ---p 00000000 00:00 0 
7fbec4d51000-7fbec50c3000 rw-p 00000000 00:00 0 
7fbec50c3000-7fbec6633000 ---p 00000000 00:00 0 
7fbec6633000-7fbec67ab000 rw-p 00000000 00:00 0 
7fbec67ab000-7fbec7d1b000 ---p 00000000 00:00 0 
7fbec7d1b000-7fbec7d51000 rw-p 00000000 00:00 0 
7fbec7d51000-7fbec7fff000 ---p 00000000 00:00 0 
7fbec7fff000-7fbec8000000 rw-p 00000000 00:00 0 
7fbec8000000-7fbec8021000 rw-p 00000000 00:00 0 
7fbec8021000-7fbecc000000 ---p 00000000 00:00 0 
7fbecc008000-7fbecc00c000 r--p 00000000 08:05 2753614                    /usr/lib/jvm/java-11-openjdk-amd64/lib/libnet.so
7fbecc00c000-7fbecc01a000 r-xp 00004000 08:05 2753614                    /usr/lib/jvm/java-11-openjdk-amd64/lib/libnet.so
7fbecc01a000-7fbecc01e000 r--p 00012000 08:05 2753614                    /usr/lib/jvm/java-11-openjdk-amd64/lib/libnet.so
7fbecc01e000-7fbecc01f000 r--p 00015000 08:05 2753614                    /usr/lib/jvm/java-11-openjdk-amd64/lib/libnet.so
7fbecc01f000-7fbecc020000 rw-p 00016000 08:05 2753614                    /usr/lib/jvm/java-11-openjdk-amd64/lib/libnet.so
7fbecc020000-7fbecc027000 r--p 00000000 08:05 2753615                    /usr/lib/jvm/java-11-openjdk-amd64/lib/libnio.so
7fbecc027000-7fbecc02f000 r-xp 00007000 08:05 2753615                    /usr/lib/jvm/java-11-openjdk-amd64/lib/libnio.so
7fbecc02f000-7fbecc032000 r--p 0000f000 08:05 2753615                    /usr/lib/jvm/java-11-openjdk-amd64/lib/libnio.so
7fbecc032000-7fbecc033000 r--p 00011000 08:05 2753615                    /usr/lib/jvm/java-11-openjdk-amd64/lib/libnio.so
7fbecc033000-7fbecc034000 rw-p 00012000 08:05 2753615                    /usr/lib/jvm/java-11-openjdk-amd64/lib/libnio.so
7fbecc034000-7fbecc135000 rw-p 00000000 00:00 0 
7fbecc135000-7fbecc136000 ---p 00000000 00:00 0 
7fbecc136000-7fbecc265000 rw-p 00000000 00:00 0 
7fbecc265000-7fbecc513000 ---p 00000000 00:00 0 
7fbecc513000-7fbecc542000 rw-p 00000000 00:00 0 
7fbecc542000-7fbecc7f0000 ---p 00000000 00:00 0 
7fbecc7f0000-7fbecc7f1000 rw-p 00000000 00:00 0 
7fbecc7f1000-7fbecca61000 rwxp 00000000 00:00 0 
7fbecca61000-7fbeccd80000 ---p 00000000 00:00 0 
7fbeccd80000-7fbecd0d0000 rwxp 00000000 00:00 0 
7fbecd0d0000-7fbed42b8000 ---p 00000000 00:00 0 
7fbed42b8000-7fbed4528000 rwxp 00000000 00:00 0 
7fbed4528000-7fbedb7f1000 ---p 00000000 00:00 0 
7fbedb7f1000-7fbee4000000 r--s 00000000 08:05 2753624                    /usr/lib/jvm/java-11-openjdk-amd64/lib/modules
7fbee4000000-7fbee49bb000 rw-p 00000000 00:00 0 
7fbee49bb000-7fbee8000000 ---p 00000000 00:00 0 
7fbee800a000-7fbee800b000 r--p 00000000 08:05 3183385                    /usr/lib/x86_64-linux-gnu/gconv/UTF-16.so
7fbee800b000-7fbee800d000 r-xp 00001000 08:05 3183385                    /usr/lib/x86_64-linux-gnu/gconv/UTF-16.so
7fbee800d000-7fbee800e000 r--p 00003000 08:05 3183385                    /usr/lib/x86_64-linux-gnu/gconv/UTF-16.so
7fbee800e000-7fbee800f000 r--p 00003000 08:05 3183385                    /usr/lib/x86_64-linux-gnu/gconv/UTF-16.so
7fbee800f000-7fbee8010000 rw-p 00004000 08:05 3183385                    /usr/lib/x86_64-linux-gnu/gconv/UTF-16.so
7fbee8010000-7fbee80d5000 rw-p 00000000 00:00 0 
7fbee80d5000-7fbee80d6000 ---p 00000000 00:00 0 
7fbee80d6000-7fbee840a000 rw-p 00000000 00:00 0 
7fbee840a000-7fbee840b000 ---p 00000000 00:00 0 
7fbee840b000-7fbee8511000 rw-p 00000000 00:00 0 
7fbee8511000-7fbee85f7000 ---p 00000000 00:00 0 
7fbee85f7000-7fbee85fe000 rw-p 00000000 00:00 0 
7fbee85fe000-7fbee86e2000 ---p 00000000 00:00 0 
7fbee86e2000-7fbee86e7000 rw-p 00000000 00:00 0 
7fbee86e7000-7fbee86ee000 ---p 00000000 00:00 0 
7fbee86ee000-7fbee86f1000 r--p 00000000 08:05 2632028                    /usr/lib/x86_64-linux-gnu/libnss_files-2.31.so
7fbee86f1000-7fbee86f8000 r-xp 00003000 08:05 2632028                    /usr/lib/x86_64-linux-gnu/libnss_files-2.31.so
7fbee86f8000-7fbee86fa000 r--p 0000a000 08:05 2632028                    /usr/lib/x86_64-linux-gnu/libnss_files-2.31.so
7fbee86fa000-7fbee86fb000 r--p 0000b000 08:05 2632028                    /usr/lib/x86_64-linux-gnu/libnss_files-2.31.so
7fbee86fb000-7fbee86fc000 rw-p 0000c000 08:05 2632028                    /usr/lib/x86_64-linux-gnu/libnss_files-2.31.so
7fbee86fc000-7fbee8702000 rw-p 00000000 00:00 0 
7fbee8703000-7fbee870a000 r--s 00000000 08:05 3183390                    /usr/lib/x86_64-linux-gnu/gconv/gconv-modules.cache
7fbee870a000-7fbee870c000 r--p 00000000 08:05 2753623                    /usr/lib/jvm/java-11-openjdk-amd64/lib/libzip.so
7fbee870c000-7fbee8711000 r-xp 00002000 08:05 2753623                    /usr/lib/jvm/java-11-openjdk-amd64/lib/libzip.so
7fbee8711000-7fbee8713000 r--p 00007000 08:05 2753623                    /usr/lib/jvm/java-11-openjdk-amd64/lib/libzip.so
7fbee8713000-7fbee8714000 r--p 00008000 08:05 2753623                    /usr/lib/jvm/java-11-openjdk-amd64/lib/libzip.so
7fbee8714000-7fbee8715000 rw-p 00009000 08:05 2753623                    /usr/lib/jvm/java-11-openjdk-amd64/lib/libzip.so
7fbee8715000-7fbee871d000 rw-s 00000000 08:05 4626596                    /tmp/hsperfdata_santiago/35376
7fbee871d000-7fbee871e000 ---p 00000000 00:00 0 
7fbee871e000-7fbee871f000 r--p 00000000 00:00 0 
7fbee871f000-7fbee872d000 r--p 00000000 08:05 2753377                    /usr/lib/jvm/java-11-openjdk-amd64/lib/libjava.so
7fbee872d000-7fbee8743000 r-xp 0000e000 08:05 2753377                    /usr/lib/jvm/java-11-openjdk-amd64/lib/libjava.so
7fbee8743000-7fbee874a000 r--p 00024000 08:05 2753377                    /usr/lib/jvm/java-11-openjdk-amd64/lib/libjava.so
7fbee874a000-7fbee874b000 r--p 0002a000 08:05 2753377                    /usr/lib/jvm/java-11-openjdk-amd64/lib/libjava.so
7fbee874b000-7fbee874c000 rw-p 0002b000 08:05 2753377                    /usr/lib/jvm/java-11-openjdk-amd64/lib/libjava.so
7fbee874c000-7fbee874d000 rw-p 00000000 00:00 0 
7fbee874d000-7fbee874f000 r--p 00000000 08:05 2632038                    /usr/lib/x86_64-linux-gnu/librt-2.31.so
7fbee874f000-7fbee8753000 r-xp 00002000 08:05 2632038                    /usr/lib/x86_64-linux-gnu/librt-2.31.so
7fbee8753000-7fbee8755000 r--p 00006000 08:05 2632038                    /usr/lib/x86_64-linux-gnu/librt-2.31.so
7fbee8755000-7fbee8756000 r--p 00007000 08:05 2632038                    /usr/lib/x86_64-linux-gnu/librt-2.31.so
7fbee8756000-7fbee8757000 rw-p 00008000 08:05 2632038                    /usr/lib/x86_64-linux-gnu/librt-2.31.so
7fbee8757000-7fbee875b000 ---p 00000000 00:00 0 
7fbee875b000-7fbee8858000 rw-p 00000000 00:00 0 
7fbee8858000-7fbee885b000 r--p 00000000 08:05 2622393                    /usr/lib/x86_64-linux-gnu/libgcc_s.so.1
7fbee885b000-7fbee886d000 r-xp 00003000 08:05 2622393                    /usr/lib/x86_64-linux-gnu/libgcc_s.so.1
7fbee886d000-7fbee8871000 r--p 00015000 08:05 2622393                    /usr/lib/x86_64-linux-gnu/libgcc_s.so.1
7fbee8871000-7fbee8872000 r--p 00018000 08:05 2622393                    /usr/lib/x86_64-linux-gnu/libgcc_s.so.1
7fbee8872000-7fbee8873000 rw-p 00019000 08:05 2622393                    /usr/lib/x86_64-linux-gnu/libgcc_s.so.1
7fbee8873000-7fbee8880000 r--p 00000000 08:05 2631998                    /usr/lib/x86_64-linux-gnu/libm-2.31.so
7fbee8880000-7fbee8927000 r-xp 0000d000 08:05 2631998                    /usr/lib/x86_64-linux-gnu/libm-2.31.so
7fbee8927000-7fbee89c0000 r--p 000b4000 08:05 2631998                    /usr/lib/x86_64-linux-gnu/libm-2.31.so
7fbee89c0000-7fbee89c1000 r--p 0014c000 08:05 2631998                    /usr/lib/x86_64-linux-gnu/libm-2.31.so
7fbee89c1000-7fbee89c2000 rw-p 0014d000 08:05 2631998                    /usr/lib/x86_64-linux-gnu/libm-2.31.so
7fbee89c2000-7fbee8a58000 r--p 00000000 08:05 2626859                    /usr/lib/x86_64-linux-gnu/libstdc++.so.6.0.28
7fbee8a58000-7fbee8b49000 r-xp 00096000 08:05 2626859                    /usr/lib/x86_64-linux-gnu/libstdc++.so.6.0.28
7fbee8b49000-7fbee8b92000 r--p 00187000 08:05 2626859                    /usr/lib/x86_64-linux-gnu/libstdc++.so.6.0.28
7fbee8b92000-7fbee8b93000 ---p 001d0000 08:05 2626859                    /usr/lib/x86_64-linux-gnu/libstdc++.so.6.0.28
7fbee8b93000-7fbee8b9e000 r--p 001d0000 08:05 2626859                    /usr/lib/x86_64-linux-gnu/libstdc++.so.6.0.28
7fbee8b9e000-7fbee8ba1000 rw-p 001db000 08:05 2626859                    /usr/lib/x86_64-linux-gnu/libstdc++.so.6.0.28
7fbee8ba1000-7fbee8ba4000 rw-p 00000000 00:00 0 
7fbee8ba4000-7fbee8e26000 r--p 00000000 08:05 3017460                    /usr/lib/jvm/java-11-openjdk-amd64/lib/server/libjvm.so
7fbee8e26000-7fbee9ab7000 r-xp 00282000 08:05 3017460                    /usr/lib/jvm/java-11-openjdk-amd64/lib/server/libjvm.so
7fbee9ab7000-7fbee9d16000 r--p 00f13000 08:05 3017460                    /usr/lib/jvm/java-11-openjdk-amd64/lib/server/libjvm.so
7fbee9d16000-7fbee9dda000 r--p 01171000 08:05 3017460                    /usr/lib/jvm/java-11-openjdk-amd64/lib/server/libjvm.so
7fbee9dda000-7fbee9e15000 rw-p 01235000 08:05 3017460                    /usr/lib/jvm/java-11-openjdk-amd64/lib/server/libjvm.so
7fbee9e15000-7fbee9e6e000 rw-p 00000000 00:00 0 
7fbee9e6e000-7fbee9e90000 r--p 00000000 08:05 2631994                    /usr/lib/x86_64-linux-gnu/libc-2.31.so
7fbee9e90000-7fbeea008000 r-xp 00022000 08:05 2631994                    /usr/lib/x86_64-linux-gnu/libc-2.31.so
7fbeea008000-7fbeea056000 r--p 0019a000 08:05 2631994                    /usr/lib/x86_64-linux-gnu/libc-2.31.so
7fbeea056000-7fbeea05a000 r--p 001e7000 08:05 2631994                    /usr/lib/x86_64-linux-gnu/libc-2.31.so
7fbeea05a000-7fbeea05c000 rw-p 001eb000 08:05 2631994                    /usr/lib/x86_64-linux-gnu/libc-2.31.so
7fbeea05c000-7fbeea060000 rw-p 00000000 00:00 0 
7fbeea060000-7fbeea061000 r--p 00000000 08:05 2631996                    /usr/lib/x86_64-linux-gnu/libdl-2.31.so
7fbeea061000-7fbeea063000 r-xp 00001000 08:05 2631996                    /usr/lib/x86_64-linux-gnu/libdl-2.31.so
7fbeea063000-7fbeea064000 r--p 00003000 08:05 2631996                    /usr/lib/x86_64-linux-gnu/libdl-2.31.so
7fbeea064000-7fbeea065000 r--p 00003000 08:05 2631996                    /usr/lib/x86_64-linux-gnu/libdl-2.31.so
7fbeea065000-7fbeea066000 rw-p 00004000 08:05 2631996                    /usr/lib/x86_64-linux-gnu/libdl-2.31.so
7fbeea066000-7fbeea069000 r--p 00000000 08:05 3017457                    /usr/lib/jvm/java-11-openjdk-amd64/lib/jli/libjli.so
7fbeea069000-7fbeea073000 r-xp 00003000 08:05 3017457                    /usr/lib/jvm/java-11-openjdk-amd64/lib/jli/libjli.so
7fbeea073000-7fbeea076000 r--p 0000d000 08:05 3017457                    /usr/lib/jvm/java-11-openjdk-amd64/lib/jli/libjli.so
7fbeea076000-7fbeea077000 ---p 00010000 08:05 3017457                    /usr/lib/jvm/java-11-openjdk-amd64/lib/jli/libjli.so
7fbeea077000-7fbeea078000 r--p 00010000 08:05 3017457                    /usr/lib/jvm/java-11-openjdk-amd64/lib/jli/libjli.so
7fbeea078000-7fbeea079000 rw-p 00011000 08:05 3017457                    /usr/lib/jvm/java-11-openjdk-amd64/lib/jli/libjli.so
7fbeea079000-7fbeea07f000 r--p 00000000 08:05 2632036                    /usr/lib/x86_64-linux-gnu/libpthread-2.31.so
7fbeea07f000-7fbeea090000 r-xp 00006000 08:05 2632036                    /usr/lib/x86_64-linux-gnu/libpthread-2.31.so
7fbeea090000-7fbeea096000 r--p 00017000 08:05 2632036                    /usr/lib/x86_64-linux-gnu/libpthread-2.31.so
7fbeea096000-7fbeea097000 r--p 0001c000 08:05 2632036                    /usr/lib/x86_64-linux-gnu/libpthread-2.31.so
7fbeea097000-7fbeea098000 rw-p 0001d000 08:05 2632036                    /usr/lib/x86_64-linux-gnu/libpthread-2.31.so
7fbeea098000-7fbeea09c000 rw-p 00000000 00:00 0 
7fbeea09c000-7fbeea09e000 r--p 00000000 08:05 2627188                    /usr/lib/x86_64-linux-gnu/libz.so.1.2.11
7fbeea09e000-7fbeea0af000 r-xp 00002000 08:05 2627188                    /usr/lib/x86_64-linux-gnu/libz.so.1.2.11
7fbeea0af000-7fbeea0b5000 r--p 00013000 08:05 2627188                    /usr/lib/x86_64-linux-gnu/libz.so.1.2.11
7fbeea0b5000-7fbeea0b6000 ---p 00019000 08:05 2627188                    /usr/lib/x86_64-linux-gnu/libz.so.1.2.11
7fbeea0b6000-7fbeea0b7000 r--p 00019000 08:05 2627188                    /usr/lib/x86_64-linux-gnu/libz.so.1.2.11
7fbeea0b7000-7fbeea0b8000 rw-p 0001a000 08:05 2627188                    /usr/lib/x86_64-linux-gnu/libz.so.1.2.11
7fbeea0b8000-7fbeea0ba000 r--p 00000000 08:05 2753588                    /usr/lib/jvm/java-11-openjdk-amd64/lib/libjimage.so
7fbeea0ba000-7fbeea0bd000 r-xp 00002000 08:05 2753588                    /usr/lib/jvm/java-11-openjdk-amd64/lib/libjimage.so
7fbeea0bd000-7fbeea0be000 r--p 00005000 08:05 2753588                    /usr/lib/jvm/java-11-openjdk-amd64/lib/libjimage.so
7fbeea0be000-7fbeea0bf000 ---p 00006000 08:05 2753588                    /usr/lib/jvm/java-11-openjdk-amd64/lib/libjimage.so
7fbeea0bf000-7fbeea0c0000 r--p 00006000 08:05 2753588                    /usr/lib/jvm/java-11-openjdk-amd64/lib/libjimage.so
7fbeea0c0000-7fbeea0c1000 rw-p 00007000 08:05 2753588                    /usr/lib/jvm/java-11-openjdk-amd64/lib/libjimage.so
7fbeea0c1000-7fbeea0c6000 r--p 00000000 08:05 2753622                    /usr/lib/jvm/java-11-openjdk-amd64/lib/libverify.so
7fbeea0c6000-7fbeea0cd000 r-xp 00005000 08:05 2753622                    /usr/lib/jvm/java-11-openjdk-amd64/lib/libverify.so
7fbeea0cd000-7fbeea0cf000 r--p 0000c000 08:05 2753622                    /usr/lib/jvm/java-11-openjdk-amd64/lib/libverify.so
7fbeea0cf000-7fbeea0d0000 ---p 0000e000 08:05 2753622                    /usr/lib/jvm/java-11-openjdk-amd64/lib/libverify.so
7fbeea0d0000-7fbeea0d2000 r--p 0000e000 08:05 2753622                    /usr/lib/jvm/java-11-openjdk-amd64/lib/libverify.so
7fbeea0d2000-7fbeea0d3000 rw-p 00010000 08:05 2753622                    /usr/lib/jvm/java-11-openjdk-amd64/lib/libverify.so
7fbeea0d3000-7fbeea0d5000 rw-p 00000000 00:00 0 
7fbeea0d5000-7fbeea0d6000 r--p 00000000 08:05 2623639                    /usr/lib/x86_64-linux-gnu/ld-2.31.so
7fbeea0d6000-7fbeea0f9000 r-xp 00001000 08:05 2623639                    /usr/lib/x86_64-linux-gnu/ld-2.31.so
7fbeea0f9000-7fbeea101000 r--p 00024000 08:05 2623639                    /usr/lib/x86_64-linux-gnu/ld-2.31.so
7fbeea101000-7fbeea102000 rwxp 00000000 00:00 0 
7fbeea102000-7fbeea103000 r--p 0002c000 08:05 2623639                    /usr/lib/x86_64-linux-gnu/ld-2.31.so
7fbeea103000-7fbeea104000 rw-p 0002d000 08:05 2623639                    /usr/lib/x86_64-linux-gnu/ld-2.31.so
7fbeea104000-7fbeea105000 rw-p 00000000 00:00 0 
7fffdbdbf000-7fffdbde2000 rw-p 00000000 00:00 0                          [stack]
7fffdbdf2000-7fffdbdf6000 r--p 00000000 00:00 0                          [vvar]
7fffdbdf6000-7fffdbdf8000 r-xp 00000000 00:00 0                          [vdso]
ffffffffff600000-ffffffffff601000 --xp 00000000 00:00 0                  [vsyscall]


VM Arguments:
jvm_args: -Dfile.encoding=UTF-8 -Duser.country=US -Duser.language=en -Duser.variant 
java_command: MainKt
java_class_path (initial): /home/santiago/Aarhus/ConfLiftingaaS/build/classes/java/main:/home/santiago/Aarhus/ConfLiftingaaS/build/classes/kotlin/main:/home/santiago/Aarhus/ConfLiftingaaS/build/resources/main:/home/santiago/.gradle/caches/modules-2/files-2.1/org.jetbrains.kotlinx/kotlinx-serialization-json-jvm/1.5.0/f2355f60f5c027da0326c8af2d9c724d39aa0ce9/kotlinx-serialization-json-jvm-1.5.0.jar:/home/santiago/.gradle/caches/modules-2/files-2.1/org.jetbrains.kotlinx/kotlinx-serialization-core-jvm/1.5.0/d701e8cccd443a7cc1a0bcac53432f2745dcdbda/kotlinx-serialization-core-jvm-1.5.0.jar:/home/santiago/.gradle/caches/modules-2/files-2.1/org.siani.javafmi/fmu-wrapper/2.26.3/56f94b5c0935c234802450545083855994612c41/fmu-wrapper-2.26.3.jar:/home/santiago/.gradle/caches/modules-2/files-2.1/org.jetbrains.kotlin/kotlin-stdlib-jdk8/1.8.10/7c002ac41f547a82e81dfebd2a20577a738dbf3f/kotlin-stdlib-jdk8-1.8.10.jar:/home/santiago/.gradle/caches/modules-2/files-2.1/org.apache.jena/jena-shacl/3.16.0/73224ac7a31181149fce1a85c4ad86a9e5d76c0d/jena-shacl-3.16.0.jar:/home/santiago/.gradle/caches/modules-2/files-2.1/org.apache.jena/jena-tdb/3.16.0/9cbf4b9d9ce058403f4977be0ceff0c6a6b755d/jena-tdb-3.16.0.jar:/home/santiago/.gradle/caches/modules-2/files-2.1/org.apache.jena/jena-rdfconnection/3.16.0/68e2a3f2c450ae4ce2652a3713dea95066bff25a/jena-rdfconnection-3.16.0.jar:/home/santiago/.gradle/caches/modules-2/files-2.1/org.apache.jena/jena-tdb2/3.16.0/1f014a32d88e4bb5ac4c5291703fafd5bd060a8c/jena-tdb2-3.16.0.jar:/home/santiago/.gradle/caches/modules-2/files-2.1/org.apache.jena/jena-dboe-storage/3.16.0/86876be46c78ee68172614c4bf3cd211b3815d33/jena-dboe-storage-3.16.0.jar:/home/santiago/.gradle/caches/modules-2/files-2.1/org.apache.jena/jena-dboe-trans-data/3.16.0/2df0c144ef7f420d45a984c753a7078b70618a94/jena-dboe-trans-data-3.16.0.jar:/home/santiago/.gradle/caches/modules-2/files-2.1/org.apache.jena/jena-dboe-transaction/3.16.0/668a904ec5532ff837e8a9b67460797f2654f077/jena-dboe-transaction-3.16.
Launcher Type: SUN_STANDARD

[Global flags]
     intx CICompilerCount                          = 2                                         {product} {ergonomic}
     uint ConcGCThreads                            = 1                                         {product} {ergonomic}
     uint G1ConcRefinementThreads                  = 2                                         {product} {ergonomic}
   size_t G1HeapRegionSize                         = 1048576                                   {product} {ergonomic}
    uintx GCDrainStackTargetSize                   = 64                                        {product} {ergonomic}
   size_t InitialHeapSize                          = 96468992                                  {product} {ergonomic}
   size_t MarkStackSize                            = 4194304                                   {product} {ergonomic}
   size_t MaxHeapSize                              = 1537212416                                {product} {ergonomic}
   size_t MaxNewSize                               = 921698304                                 {product} {ergonomic}
   size_t MinHeapDeltaBytes                        = 1048576                                   {product} {ergonomic}
    uintx NonNMethodCodeHeapSize                   = 5825164                                {pd product} {ergonomic}
    uintx NonProfiledCodeHeapSize                  = 122916538                              {pd product} {ergonomic}
    uintx ProfiledCodeHeapSize                     = 122916538                              {pd product} {ergonomic}
    uintx ReservedCodeCacheSize                    = 251658240                              {pd product} {ergonomic}
     bool SegmentedCodeCache                       = true                                      {product} {ergonomic}
     bool UseCompressedClassPointers               = true                                 {lp64_product} {ergonomic}
     bool UseCompressedOops                        = true                                 {lp64_product} {ergonomic}
     bool UseG1GC                                  = true                                      {product} {ergonomic}

Logging:
Log output configuration:
 #0: stdout all=warning uptime,level,tags
 #1: stderr all=off uptime,level,tags

Environment Variables:
JAVA_HOME=/usr/lib/jvm/java-11-openjdk-amd64
PATH=/home/santiago/apache-maven-3.9.4/bin:/usr/lib/jvm/java-11-openjdk-amd64:/usr/lib/jvm/java-11-openjdk-amd64/bin:/home/santiago/node-js/bin:/home/santiago/node-js:/home/santiago/uppaal64-4.1.25-5:/home/santiago/uppaal64-4.1.25-5/bin-Linux:/home/santiago/apache-maven-3.9.4/bin:/usr/lib/jvm/java-17-openjdk-amd64:/usr/lib/jvm/java-17-openjdk-amd64/bin:/home/santiago/node-js/bin:/home/santiago/node-js:/home/santiago/uppaal64-4.1.25-5:/home/santiago/uppaal64-4.1.25-5/bin-Linux:/home/santiago/.sdkman/candidates/kotlin/current/bin:/home/santiago/.sdkman/candidates/gradle/current/bin:/home/santiago/apache-maven-3.9.4/bin:/usr/lib/jvm/java-11-openjdk-amd64/bin:/home/santiago/node-js/bin:/home/santiago/node-js:/home/santiago/uppaal64-4.1.25-5:/home/santiago/uppaal64-4.1.25-5/bin-Linux:/home/santiago/.local/bin:/usr/local/sbin:/usr/local/bin:/usr/sbin:/usr/bin:/sbin:/bin:/usr/games:/usr/local/games:/snap/bin
USERNAME=santiago
SHELL=/bin/bash
DISPLAY=:0
LANG=en_US.UTF-8
TERM=xterm-256color

Signal Handlers:
SIGSEGV: [libjvm.so+0xea02e0], sa_mask[0]=11111111011111111101111111111110, sa_flags=SA_RESTART|SA_SIGINFO
SIGBUS: [libjvm.so+0xea02e0], sa_mask[0]=11111111011111111101111111111110, sa_flags=SA_RESTART|SA_SIGINFO
SIGFPE: [libjvm.so+0xea02e0], sa_mask[0]=11111111011111111101111111111110, sa_flags=SA_RESTART|SA_SIGINFO
SIGPIPE: [libjvm.so+0xbe5be0], sa_mask[0]=11111111011111111101111111111110, sa_flags=SA_RESTART|SA_SIGINFO
SIGXFSZ: [libjvm.so+0xbe5be0], sa_mask[0]=11111111011111111101111111111110, sa_flags=SA_RESTART|SA_SIGINFO
SIGILL: [libjvm.so+0xea02e0], sa_mask[0]=11111111011111111101111111111110, sa_flags=SA_RESTART|SA_SIGINFO
SIGUSR2: [libjvm.so+0xbe5a80], sa_mask[0]=00100000000000000000000000000000, sa_flags=SA_RESTART|SA_SIGINFO
SIGHUP: [libjvm.so+0xbe6130], sa_mask[0]=11111111011111111101111111111110, sa_flags=SA_RESTART|SA_SIGINFO
SIGINT: [libjvm.so+0xbe6130], sa_mask[0]=11111111011111111101111111111110, sa_flags=SA_RESTART|SA_SIGINFO
SIGTERM: [libjvm.so+0xbe6130], sa_mask[0]=11111111011111111101111111111110, sa_flags=SA_RESTART|SA_SIGINFO
SIGQUIT: [libjvm.so+0xbe6130], sa_mask[0]=11111111011111111101111111111110, sa_flags=SA_RESTART|SA_SIGINFO


---------------  S Y S T E M  ---------------

OS:DISTRIB_ID=Ubuntu
DISTRIB_RELEASE=20.04
DISTRIB_CODENAME=focal
DISTRIB_DESCRIPTION="Ubuntu 20.04.6 LTS"
uname:Linux 5.15.0-78-generic #85~20.04.1-Ubuntu SMP Mon Jul 17 09:42:39 UTC 2023 x86_64
OS uptime: 0 days 1:35 hours
libc:glibc 2.31 NPTL 2.31 
rlimit (soft/hard): STACK 8192k/infinity , CORE 0k/infinity , NPROC 23121/23121 , NOFILE 1048576/1048576 , AS infinity/infinity , CPU infinity/infinity , DATA infinity/infinity , FSIZE infinity/infinity , MEMLOCK 65536k/65536k
load average:1.57 0.91 0.82

/proc/meminfo:
MemTotal:        6004560 kB
MemFree:          119436 kB
MemAvailable:     665036 kB
Buffers:           11336 kB
Cached:           702736 kB
SwapCached:        88500 kB
Active:          1238736 kB
Inactive:        3654496 kB
Active(anon):     943752 kB
Inactive(anon):  3264768 kB
Active(file):     294984 kB
Inactive(file):   389728 kB
Unevictable:       13500 kB
Mlocked:           13500 kB
SwapTotal:       2097148 kB
SwapFree:           3084 kB
Dirty:               420 kB
Writeback:             0 kB
AnonPages:       4104296 kB
Mapped:           251964 kB
Shmem:             18488 kB
KReclaimable:     146856 kB
Slab:             320028 kB
SReclaimable:     146856 kB
SUnreclaim:       173172 kB
KernelStack:       22656 kB
PageTables:        39844 kB
NFS_Unstable:          0 kB
Bounce:                0 kB
WritebackTmp:          0 kB
CommitLimit:     5099428 kB
Committed_AS:   13588132 kB
VmallocTotal:   34359738367 kB
VmallocUsed:       89608 kB
VmallocChunk:          0 kB
Percpu:           181248 kB
HardwareCorrupted:     0 kB
AnonHugePages:      2048 kB
ShmemHugePages:        0 kB
ShmemPmdMapped:        0 kB
FileHugePages:         0 kB
FilePmdMapped:         0 kB
HugePages_Total:       0
HugePages_Free:        0
HugePages_Rsvd:        0
HugePages_Surp:        0
Hugepagesize:       2048 kB
Hugetlb:               0 kB
DirectMap4k:      548672 kB
DirectMap2M:     5718016 kB
DirectMap1G:           0 kB

/sys/kernel/mm/transparent_hugepage/enabled:
always [madvise] never
/sys/kernel/mm/transparent_hugepage/defrag (defrag/compaction efforts parameter):
always defer defer+madvise [madvise] never

Process Memory:
Virtual Size: 4101084K (peak: 12903016K)
Resident Set Size: 132960K (peak: 132960K) (anon: 98272K, file: 34688K, shmem: 0K)
Swapped out: 0K
C-Heap outstanding allocations: 23235K, retained: 5948K
glibc malloc tunables: (default)

/proc/sys/kernel/threads-max (system-wide limit on the number of threads):
46242
/proc/sys/vm/max_map_count (maximum number of memory map areas a process may have):
65530
/proc/sys/kernel/pid_max (system-wide limit on number of process identifiers):
4194304

container (cgroup) information:
container_type: cgroupv1
cpu_cpuset_cpus: 0-1
cpu_memory_nodes: 0
active_processor_count: 2
cpu_quota: no quota
cpu_period: 100000
cpu_shares: no shares
memory_limit_in_bytes: unlimited
memory_and_swap_limit_in_bytes: unlimited
memory_soft_limit_in_bytes: unlimited
memory_usage_in_bytes: 4535264 k
memory_max_usage_in_bytes: 4542348 k
kernel_memory_usage_in_bytes: 92228 k
kernel_memory_max_usage_in_bytes: unlimited
kernel_memory_limit_in_bytes: 100276 k
maximum number of tasks: unlimited
current number of tasks: 682

VMWare virtualization detected
Steal ticks since vm start: 0
Steal ticks percentage since vm start:  0.000

CPU:total 2 (initial active 2) (1 cores per cpu, 1 threads per core) family 6 model 140 stepping 1 microcode 0x8a, cmov, cx8, fxsr, mmx, sse, sse2, sse3, ssse3, sse4.1, sse4.2, popcnt, avx, avx2, aes, clmul, erms, 3dnowpref, lzcnt, tsc, tscinvbit, bmi1, bmi2, adx, evex, sha, fma
CPU Model and flags from /proc/cpuinfo:
model name	: 11th Gen Intel(R) Core(TM) i5-1135G7 @ 2.40GHz
flags		: fpu vme de pse tsc msr pae mce cx8 apic sep mtrr pge mca cmov pat pse36 clflush mmx fxsr sse sse2 ss syscall nx pdpe1gb rdtscp lm constant_tsc arch_perfmon rep_good nopl xtopology tsc_reliable nonstop_tsc cpuid tsc_known_freq pni pclmulqdq ssse3 fma cx16 pcid sse4_1 sse4_2 x2apic movbe popcnt tsc_deadline_timer aes xsave avx f16c rdrand hypervisor lahf_lm abm 3dnowprefetch cpuid_fault invpcid_single ssbd ibrs ibpb stibp ibrs_enhanced fsgsbase tsc_adjust bmi1 avx2 smep bmi2 erms invpcid avx512f avx512dq rdseed adx smap avx512ifma clflushopt clwb avx512cd sha_ni avx512bw avx512vl xsaveopt xsavec xgetbv1 xsaves arat avx512vbmi umip pku ospke avx512_vbmi2 gfni vaes vpclmulqdq avx512_vnni avx512_bitalg avx512_vpopcntdq rdpid movdiri movdir64b fsrm avx512_vp2intersect md_clear flush_l1d arch_capabilities
Online cpus:
0-1
Offline cpus:
2-127
BIOS frequency limitation:
<Not Available>
Frequency switch latency (ns):
<Not Available>
Available cpu frequencies:
<Not Available>
Current governor:
<Not Available>
Core performance/turbo boost:
<Not Available>

Memory: 4k page, physical 6004560k(119184k free), swap 2097148k(3320k free)

vm_info: OpenJDK 64-Bit Server VM (11.0.20+8-post-Ubuntu-1ubuntu120.04) for linux-amd64 JRE (11.0.20+8-post-Ubuntu-1ubuntu120.04), built on Jul 20 2023 03:22:26 by "unknown" with gcc 9.4.0

END.
