#
# A fatal error has been detected by the Java Runtime Environment:
#
#  SIGSEGV (0xb) at pc=0x00007f9eaa89ac3d, pid=59173, tid=59175
#
# JRE version: OpenJDK Runtime Environment (11.0.20+8) (build 11.0.20+8-post-Ubuntu-1ubuntu120.04)
# Java VM: OpenJDK 64-Bit Server VM (11.0.20+8-post-Ubuntu-1ubuntu120.04, mixed mode, sharing, tiered, compressed oops, g1 gc, linux-amd64)
# Problematic frame:
# C  [rabbitmq.so+0x271c3d]  FmuContainerCore::getData()+0x2d
#
# Core dump will be written. Default location: Core dumps may be processed with "/usr/share/apport/apport -p%p -s%s -c%c -d%d -P%P -u%u -g%g -- %E" (or dumping to /home/santiago/Aarhus/ConfLiftingaaS/core.59173)
#
# If you would like to submit a bug report, please visit:
#   https://bugs.launchpad.net/ubuntu/+source/openjdk-lts
# The crash happened outside the Java Virtual Machine in native code.
# See problematic frame for where to report the bug.
#

---------------  S U M M A R Y ------------

Command Line: -Dfile.encoding=UTF-8 -Duser.country=US -Duser.language=en -Duser.variant MainKt

Host: 11th Gen Intel(R) Core(TM) i5-1135G7 @ 2.40GHz, 2 cores, 5G, Ubuntu 20.04.6 LTS
Time: Tue Aug 22 10:43:16 2023 CEST elapsed time: 8.260330 seconds (0d 0h 0m 8s)

---------------  T H R E A D  ---------------

Current thread (0x00007f9ee8018000):  JavaThread "main" [_thread_in_native, id=59175, stack(0x00007f9eee9e9000,0x00007f9eeeaea000)]

Stack: [0x00007f9eee9e9000,0x00007f9eeeaea000],  sp=0x00007f9eeeae7660,  free space=1017k
Native frames: (J=compiled Java code, A=aot compiled Java code, j=interpreted, Vv=VM code, C=native code)
C  [rabbitmq.so+0x271c3d]  FmuContainerCore::getData()+0x2d

Java frames: (J=compiled Java code, j=interpreted, Vv=VM code)
j  com.sun.jna.Native.invokeInt(JI[Ljava/lang/Object;)I+0
j  com.sun.jna.Function.invoke([Ljava/lang/Object;Ljava/lang/Class;Z)Ljava/lang/Object;+225
j  com.sun.jna.Function.invoke(Ljava/lang/Class;[Ljava/lang/Object;Ljava/util/Map;)Ljava/lang/Object;+262
j  com.sun.jna.Function.invoke(Ljava/lang/Class;[Ljava/lang/Object;)Ljava/lang/Object;+7
j  com.sun.jna.Function.invokeInt([Ljava/lang/Object;)I+5
j  org.javafmi.proxy.v2.Fmu$1.asInt()I+15
j  org.javafmi.proxy.v2.Fmu.getInteger([I)[I+43
j  org.javafmi.proxy.v2.FmuProxy.getInteger([I)[I+5
j  org.javafmi.wrapper.variables.SingleRead.asInteger()I+14
j  dtstructure.DTFMUConf.liftInto(Lorg/apache/jena/rdf/model/Model;)V+543
j  dtstructure.DTComponent.liftInto(Lorg/apache/jena/rdf/model/Model;)V+145
j  dtstructure.DTComponent.liftInto(Lorg/apache/jena/rdf/model/Model;)V+145
j  DTLiftingService.getModel()Lorg/apache/jena/rdf/model/Model;+66
j  MainKt.setupFlex(LDTManager;)V+30
j  MainKt.main([Ljava/lang/String;)V+85
v  ~StubRoutines::call_stub

siginfo: si_signo: 11 (SIGSEGV), si_code: 128 (SI_KERNEL), si_addr: 0x0000000000000000

Register to memory mapping:

RAX=0x00007f9ee888bf01 points into unknown readable memory: 00 00 00 00 00 00 00
RBX=0x00007f9eeeae7688 is pointing into the stack for thread: 0x00007f9ee8018000
RCX=0x00007f9ee892dbb0 points into unknown readable memory: 0x00007f9e00000000 | 00 00 00 00 9e 7f 00 00
RDX=0x00007f9eeeae7690 is pointing into the stack for thread: 0x00007f9ee8018000
RSP=0x00007f9eeeae7660 is pointing into the stack for thread: 0x00007f9ee8018000
RBP=0x0000000000000001 is an unknown value
RSI=0x656c626154726562 is an unknown value
RDI=0x00007f9eeeae7688 is pointing into the stack for thread: 0x00007f9ee8018000
R8 =0x0000000000000007 is an unknown value
R9 =0x00007f9ee8018000 is a thread
R10=0x00007f9eeeae7670 is pointing into the stack for thread: 0x00007f9ee8018000
R11=0x00007f9eaa8808e0: fmi2GetInteger+0x0000000000000000 in /tmp/fmu_7e00a2d1_a12b_4c57_b69d_0e0a9444a66drabbit2_1_5-16_SG/binaries/linux64/rabbitmq.so at 0x00007f9eaa629000
R12=0x00007f9ee892dad0 points into unknown readable memory: 0x00007f9e00000015 | 15 00 00 00 9e 7f 00 00
R13=0x00007f9ee8404770 points into unknown readable memory: 0x00007f9eaae11f88 | 88 1f e1 aa 9e 7f 00 00
R14=0x656c626154726562 is an unknown value
R15=0x0 is NULL


Registers:
RAX=0x00007f9ee888bf01, RBX=0x00007f9eeeae7688, RCX=0x00007f9ee892dbb0, RDX=0x00007f9eeeae7690
RSP=0x00007f9eeeae7660, RBP=0x0000000000000001, RSI=0x656c626154726562, RDI=0x00007f9eeeae7688
R8 =0x0000000000000007, R9 =0x00007f9ee8018000, R10=0x00007f9eeeae7670, R11=0x00007f9eaa8808e0
R12=0x00007f9ee892dad0, R13=0x00007f9ee8404770, R14=0x656c626154726562, R15=0x0000000000000000
RIP=0x00007f9eaa89ac3d, EFLAGS=0x0000000000010246, CSGSFS=0x002b000000000033, ERR=0x0000000000000000
  TRAPNO=0x000000000000000d

Top of Stack: (sp=0x00007f9eeeae7660)
0x00007f9eeeae7660:   00007f9ee888bf01 00007f9eeeae7688
0x00007f9eeeae7670:   00007f9eeeae7690 00007f9eaa874a8c
0x00007f9eeeae7680:   00007f9ee892dbb0 00007f9ee892dbb0
0x00007f9eeeae7690:   0000000000000000 0000000000000000 

Instructions: (pc=0x00007f9eaa89ac3d)
0x00007f9eaa89ab3d:   ff 49 89 c7 48 89 ef 4c 89 f6 e8 84 63 fb ff 49
0x00007f9eaa89ab4d:   89 c6 48 8b 68 28 48 89 c3 48 83 c3 28 eb 0c 0f
0x00007f9eaa89ab5d:   1f 40 00 4c 89 e7 e8 a8 c8 fb ff 48 39 dd 0f 84
0x00007f9eaa89ab6d:   ef fc ff ff 49 89 ec 48 8b 6d 00 41 83 7c 24 18
0x00007f9eaa89ab7d:   00 75 e0 49 8b 7c 24 20 49 8d 44 24 30 48 39 c7
0x00007f9eaa89ab8d:   74 d1 e8 7c c8 fb ff eb ca 48 8b 7c 24 10 f2 0f
0x00007f9eaa89ab9d:   10 44 24 40 e8 4a eb fb ff 48 81 c4 b8 00 00 00
0x00007f9eaa89abad:   5b 41 5c 41 5d 41 5e 41 5f 5d c3 e8 c3 24 fc ff
0x00007f9eaa89abbd:   48 89 c3 83 bc 24 90 00 00 00 00 75 1f 48 8b bc
0x00007f9eaa89abcd:   24 98 00 00 00 48 8d 84 24 a8 00 00 00 48 39 c7
0x00007f9eaa89abdd:   74 0a e8 2c c8 fb ff eb 03 48 89 c3 83 7c 24 50
0x00007f9eaa89abed:   00 75 14 48 8b 7c 24 58 48 8d 44 24 68 48 39 c7
0x00007f9eaa89abfd:   74 05 e8 0c c8 fb ff 48 89 df e8 64 ba fc ff 0f
0x00007f9eaa89ac0d:   1f 40 00 41 56 53 50 49 89 f6 48 89 fb 48 8d 57
0x00007f9eaa89ac1d:   08 c7 47 08 00 00 00 00 48 c7 47 10 00 00 00 00
0x00007f9eaa89ac2d:   48 89 57 18 48 89 57 20 48 c7 47 28 00 00 00 00
0x00007f9eaa89ac3d:   48 8b b6 00 01 00 00 48 85 f6 74 56 48 89 1c 24
0x00007f9eaa89ac4d:   48 89 e1 48 89 df e8 98 55 fb ff 48 89 c2 0f 1f
0x00007f9eaa89ac5d:   44 00 00 48 89 d1 48 8b 52 10 48 85 d2 75 f4 48
0x00007f9eaa89ac6d:   89 4b 18 48 89 c2 66 2e 0f 1f 84 00 00 00 00 00
0x00007f9eaa89ac7d:   0f 1f 00 48 89 d1 48 8b 52 18 48 85 d2 75 f4 48
0x00007f9eaa89ac8d:   89 4b 20 49 8b 8e 18 01 00 00 48 89 4b 28 48 89
0x00007f9eaa89ac9d:   43 10 48 89 d8 48 83 c4 08 5b 41 5e c3 66 0f 1f
0x00007f9eaa89acad:   44 00 00 48 8b 87 20 01 00 00 c3 0f 1f 84 00 00
0x00007f9eaa89acbd:   00 00 00 40 88 b7 80 01 00 00 c3 0f 1f 84 00 00
0x00007f9eaa89accd:   00 00 00 41 57 41 56 41 54 53 50 49 89 cf 49 89
0x00007f9eaa89acdd:   d6 49 89 fc 48 85 f6 74 1b 48 89 f3 48 89 f7 e8
0x00007f9eaa89aced:   4f 2b fb ff 4c 89 e7 48 89 de 48 89 c2 e8 81 ff
0x00007f9eaa89acfd:   fb ff eb 19 49 8b 04 24 48 8b 40 e8 49 8d 3c 04
0x00007f9eaa89ad0d:   41 8b 74 04 20 83 ce 01 e8 e6 a7 fc ff 48 8d 35
0x00007f9eaa89ad1d:   9c 1c 47 00 ba 06 00 00 00 4c 89 e7 e8 52 ff fb
0x00007f9eaa89ad2d:   ff 49 8b 37 4c 89 e7 e8 f7 c7 fb ff 48 89 c3 48 


Stack slot to memory mapping:
stack at sp + 0 slots: 0x00007f9ee888bf01 points into unknown readable memory: 00 00 00 00 00 00 00
stack at sp + 1 slots: 0x00007f9eeeae7688 is pointing into the stack for thread: 0x00007f9ee8018000
stack at sp + 2 slots: 0x00007f9eeeae7690 is pointing into the stack for thread: 0x00007f9ee8018000
stack at sp + 3 slots: 0x00007f9eaa874a8c: _ZN12FmuContainer10getIntegerEPKjmPi+0x000000000000003c in /tmp/fmu_7e00a2d1_a12b_4c57_b69d_0e0a9444a66drabbit2_1_5-16_SG/binaries/linux64/rabbitmq.so at 0x00007f9eaa629000
stack at sp + 4 slots: 0x00007f9ee892dbb0 points into unknown readable memory: 0x00007f9e00000000 | 00 00 00 00 9e 7f 00 00
stack at sp + 5 slots: 0x00007f9ee892dbb0 points into unknown readable memory: 0x00007f9e00000000 | 00 00 00 00 9e 7f 00 00
stack at sp + 6 slots: 0x0 is NULL
stack at sp + 7 slots: 0x0 is NULL


---------------  P R O C E S S  ---------------

Threads class SMR info:
_java_thread_list=0x00007f9ee8123e20, length=9, elements={
0x00007f9ee8018000, 0x00007f9ee80df000, 0x00007f9ee80e1000, 0x00007f9ee80e6800,
0x00007f9ee80e9000, 0x00007f9ee80eb000, 0x00007f9ee80ed000, 0x00007f9ee80ef000,
0x00007f9ee8122800
}

Java Threads: ( => current thread )
=>0x00007f9ee8018000 JavaThread "main" [_thread_in_native, id=59175, stack(0x00007f9eee9e9000,0x00007f9eeeaea000)]
  0x00007f9ee80df000 JavaThread "Reference Handler" daemon [_thread_blocked, id=59184, stack(0x00007f9ed0369000,0x00007f9ed046a000)]
  0x00007f9ee80e1000 JavaThread "Finalizer" daemon [_thread_blocked, id=59185, stack(0x00007f9ed0268000,0x00007f9ed0369000)]
  0x00007f9ee80e6800 JavaThread "Signal Dispatcher" daemon [_thread_blocked, id=59186, stack(0x00007f9ed0167000,0x00007f9ed0268000)]
  0x00007f9ee80e9000 JavaThread "Service Thread" daemon [_thread_blocked, id=59187, stack(0x00007f9ed0066000,0x00007f9ed0167000)]
  0x00007f9ee80eb000 JavaThread "C2 CompilerThread0" daemon [_thread_blocked, id=59188, stack(0x00007f9ec8017000,0x00007f9ec8118000)]
  0x00007f9ee80ed000 JavaThread "C1 CompilerThread0" daemon [_thread_blocked, id=59189, stack(0x00007f9eab98f000,0x00007f9eaba90000)]
  0x00007f9ee80ef000 JavaThread "Sweeper thread" daemon [_thread_blocked, id=59190, stack(0x00007f9eab88e000,0x00007f9eab98f000)]
  0x00007f9ee8122800 JavaThread "Common-Cleaner" daemon [_thread_blocked, id=59192, stack(0x00007f9eab68b000,0x00007f9eab78c000)]

Other Threads:
  0x00007f9ee80dc000 VMThread "VM Thread" [stack: 0x00007f9ed046c000,0x00007f9ed056c000] [id=59183]
  0x00007f9ee8120000 WatcherThread [stack: 0x00007f9eab78e000,0x00007f9eab88e000] [id=59191]
  0x00007f9ee802f800 GCTaskThread "GC Thread#0" [stack: 0x00007f9eee69e000,0x00007f9eee79e000] [id=59178]
  0x00007f9eb8001000 GCTaskThread "GC Thread#1" [stack: 0x00007f9eab58b000,0x00007f9eab68b000] [id=59193]
  0x00007f9ee8055800 ConcurrentGCThread "G1 Main Marker" [stack: 0x00007f9eec3ea000,0x00007f9eec4ea000] [id=59179]
  0x00007f9ee8057000 ConcurrentGCThread "G1 Conc#0" [stack: 0x00007f9eec2e8000,0x00007f9eec3e8000] [id=59180]
  0x00007f9ee80ab800 ConcurrentGCThread "G1 Refine#0" [stack: 0x00007f9ed06f1000,0x00007f9ed07f1000] [id=59181]
  0x00007f9ee80ad000 ConcurrentGCThread "G1 Young RemSet Sampling" [stack: 0x00007f9ed05ef000,0x00007f9ed06ef000] [id=59182]

Threads with active compile tasks:

VM state:not at safepoint (normal execution)

VM Mutex/Monitor currently owned by a thread: None

Heap address: 0x00000000a4600000, size: 1466 MB, Compressed Oops mode: 32-bit
Narrow klass base: 0x0000000800000000, Narrow klass shift: 3
Compressed class space size: 1073741824 Address: 0x0000000840000000

Heap:
 garbage-first heap   total 96256K, used 49997K [0x00000000a4600000, 0x0000000100000000)
  region size 1024K, 48 young (49152K), 1 survivors (1024K)
 Metaspace       used 14520K, capacity 15417K, committed 15744K, reserved 1062912K
  class space    used 1702K, capacity 1843K, committed 1920K, reserved 1048576K
Heap Regions: E=young(eden), S=young(survivor), O=old, HS=humongous(starts), HC=humongous(continues), CS=collection set, F=free, A=archive, TAMS=top-at-mark-start (previous, next)
|   0|0x00000000a4600000, 0x00000000a4700000, 0x00000000a4700000|100%| O|  |TAMS 0x00000000a4600000, 0x00000000a4600000| Untracked 
|   1|0x00000000a4700000, 0x00000000a471f600, 0x00000000a4800000| 12%| O|  |TAMS 0x00000000a4700000, 0x00000000a4700000| Untracked 
|   2|0x00000000a4800000, 0x00000000a4900000, 0x00000000a4900000|100%|HS|  |TAMS 0x00000000a4800000, 0x00000000a4800000| Complete 
|   3|0x00000000a4900000, 0x00000000a4900000, 0x00000000a4a00000|  0%| F|  |TAMS 0x00000000a4900000, 0x00000000a4900000| Untracked 
|   4|0x00000000a4a00000, 0x00000000a4a00000, 0x00000000a4b00000|  0%| F|  |TAMS 0x00000000a4a00000, 0x00000000a4a00000| Untracked 
|   5|0x00000000a4b00000, 0x00000000a4b00000, 0x00000000a4c00000|  0%| F|  |TAMS 0x00000000a4b00000, 0x00000000a4b00000| Untracked 
|   6|0x00000000a4c00000, 0x00000000a4c00000, 0x00000000a4d00000|  0%| F|  |TAMS 0x00000000a4c00000, 0x00000000a4c00000| Untracked 
|   7|0x00000000a4d00000, 0x00000000a4d00000, 0x00000000a4e00000|  0%| F|  |TAMS 0x00000000a4d00000, 0x00000000a4d00000| Untracked 
|   8|0x00000000a4e00000, 0x00000000a4e00000, 0x00000000a4f00000|  0%| F|  |TAMS 0x00000000a4e00000, 0x00000000a4e00000| Untracked 
|   9|0x00000000a4f00000, 0x00000000a4f00000, 0x00000000a5000000|  0%| F|  |TAMS 0x00000000a4f00000, 0x00000000a4f00000| Untracked 
|  10|0x00000000a5000000, 0x00000000a5000000, 0x00000000a5100000|  0%| F|  |TAMS 0x00000000a5000000, 0x00000000a5000000| Untracked 
|  11|0x00000000a5100000, 0x00000000a5100000, 0x00000000a5200000|  0%| F|  |TAMS 0x00000000a5100000, 0x00000000a5100000| Untracked 
|  12|0x00000000a5200000, 0x00000000a5200000, 0x00000000a5300000|  0%| F|  |TAMS 0x00000000a5200000, 0x00000000a5200000| Untracked 
|  13|0x00000000a5300000, 0x00000000a5300000, 0x00000000a5400000|  0%| F|  |TAMS 0x00000000a5300000, 0x00000000a5300000| Untracked 
|  14|0x00000000a5400000, 0x00000000a5400000, 0x00000000a5500000|  0%| F|  |TAMS 0x00000000a5400000, 0x00000000a5400000| Untracked 
|  15|0x00000000a5500000, 0x00000000a5500000, 0x00000000a5600000|  0%| F|  |TAMS 0x00000000a5500000, 0x00000000a5500000| Untracked 
|  16|0x00000000a5600000, 0x00000000a5600000, 0x00000000a5700000|  0%| F|  |TAMS 0x00000000a5600000, 0x00000000a5600000| Untracked 
|  17|0x00000000a5700000, 0x00000000a5700000, 0x00000000a5800000|  0%| F|  |TAMS 0x00000000a5700000, 0x00000000a5700000| Untracked 
|  18|0x00000000a5800000, 0x00000000a5800000, 0x00000000a5900000|  0%| F|  |TAMS 0x00000000a5800000, 0x00000000a5800000| Untracked 
|  19|0x00000000a5900000, 0x00000000a5900000, 0x00000000a5a00000|  0%| F|  |TAMS 0x00000000a5900000, 0x00000000a5900000| Untracked 
|  20|0x00000000a5a00000, 0x00000000a5a00000, 0x00000000a5b00000|  0%| F|  |TAMS 0x00000000a5a00000, 0x00000000a5a00000| Untracked 
|  21|0x00000000a5b00000, 0x00000000a5b00000, 0x00000000a5c00000|  0%| F|  |TAMS 0x00000000a5b00000, 0x00000000a5b00000| Untracked 
|  22|0x00000000a5c00000, 0x00000000a5c00000, 0x00000000a5d00000|  0%| F|  |TAMS 0x00000000a5c00000, 0x00000000a5c00000| Untracked 
|  23|0x00000000a5d00000, 0x00000000a5d00000, 0x00000000a5e00000|  0%| F|  |TAMS 0x00000000a5d00000, 0x00000000a5d00000| Untracked 
|  24|0x00000000a5e00000, 0x00000000a5e00000, 0x00000000a5f00000|  0%| F|  |TAMS 0x00000000a5e00000, 0x00000000a5e00000| Untracked 
|  25|0x00000000a5f00000, 0x00000000a5f00000, 0x00000000a6000000|  0%| F|  |TAMS 0x00000000a5f00000, 0x00000000a5f00000| Untracked 
|  26|0x00000000a6000000, 0x00000000a6000000, 0x00000000a6100000|  0%| F|  |TAMS 0x00000000a6000000, 0x00000000a6000000| Untracked 
|  27|0x00000000a6100000, 0x00000000a6100000, 0x00000000a6200000|  0%| F|  |TAMS 0x00000000a6100000, 0x00000000a6100000| Untracked 
|  28|0x00000000a6200000, 0x00000000a6200000, 0x00000000a6300000|  0%| F|  |TAMS 0x00000000a6200000, 0x00000000a6200000| Untracked 
|  29|0x00000000a6300000, 0x00000000a6300000, 0x00000000a6400000|  0%| F|  |TAMS 0x00000000a6300000, 0x00000000a6300000| Untracked 
|  30|0x00000000a6400000, 0x00000000a6400000, 0x00000000a6500000|  0%| F|  |TAMS 0x00000000a6400000, 0x00000000a6400000| Untracked 
|  31|0x00000000a6500000, 0x00000000a6500000, 0x00000000a6600000|  0%| F|  |TAMS 0x00000000a6500000, 0x00000000a6500000| Untracked 
|  32|0x00000000a6600000, 0x00000000a6600000, 0x00000000a6700000|  0%| F|  |TAMS 0x00000000a6600000, 0x00000000a6600000| Untracked 
|  33|0x00000000a6700000, 0x00000000a6700000, 0x00000000a6800000|  0%| F|  |TAMS 0x00000000a6700000, 0x00000000a6700000| Untracked 
|  34|0x00000000a6800000, 0x00000000a6800000, 0x00000000a6900000|  0%| F|  |TAMS 0x00000000a6800000, 0x00000000a6800000| Untracked 
|  35|0x00000000a6900000, 0x00000000a6900000, 0x00000000a6a00000|  0%| F|  |TAMS 0x00000000a6900000, 0x00000000a6900000| Untracked 
|  36|0x00000000a6a00000, 0x00000000a6a00000, 0x00000000a6b00000|  0%| F|  |TAMS 0x00000000a6a00000, 0x00000000a6a00000| Untracked 
|  37|0x00000000a6b00000, 0x00000000a6b00000, 0x00000000a6c00000|  0%| F|  |TAMS 0x00000000a6b00000, 0x00000000a6b00000| Untracked 
|  38|0x00000000a6c00000, 0x00000000a6c00000, 0x00000000a6d00000|  0%| F|  |TAMS 0x00000000a6c00000, 0x00000000a6c00000| Untracked 
|  39|0x00000000a6d00000, 0x00000000a6d00000, 0x00000000a6e00000|  0%| F|  |TAMS 0x00000000a6d00000, 0x00000000a6d00000| Untracked 
|  40|0x00000000a6e00000, 0x00000000a6e00000, 0x00000000a6f00000|  0%| F|  |TAMS 0x00000000a6e00000, 0x00000000a6e00000| Untracked 
|  41|0x00000000a6f00000, 0x00000000a6f00000, 0x00000000a7000000|  0%| F|  |TAMS 0x00000000a6f00000, 0x00000000a6f00000| Untracked 
|  42|0x00000000a7000000, 0x00000000a7000000, 0x00000000a7100000|  0%| F|  |TAMS 0x00000000a7000000, 0x00000000a7000000| Untracked 
|  43|0x00000000a7100000, 0x00000000a7100000, 0x00000000a7200000|  0%| F|  |TAMS 0x00000000a7100000, 0x00000000a7100000| Untracked 
|  44|0x00000000a7200000, 0x00000000a7300000, 0x00000000a7300000|100%| E|  |TAMS 0x00000000a7200000, 0x00000000a7200000| Complete 
|  45|0x00000000a7300000, 0x00000000a7400000, 0x00000000a7400000|100%| E|CS|TAMS 0x00000000a7300000, 0x00000000a7300000| Complete 
|  46|0x00000000a7400000, 0x00000000a7500000, 0x00000000a7500000|100%| E|CS|TAMS 0x00000000a7400000, 0x00000000a7400000| Complete 
|  47|0x00000000a7500000, 0x00000000a7600000, 0x00000000a7600000|100%| E|CS|TAMS 0x00000000a7500000, 0x00000000a7500000| Complete 
|  48|0x00000000a7600000, 0x00000000a7700000, 0x00000000a7700000|100%| E|CS|TAMS 0x00000000a7600000, 0x00000000a7600000| Complete 
|  49|0x00000000a7700000, 0x00000000a7800000, 0x00000000a7800000|100%| E|CS|TAMS 0x00000000a7700000, 0x00000000a7700000| Complete 
|  50|0x00000000a7800000, 0x00000000a7900000, 0x00000000a7900000|100%| E|CS|TAMS 0x00000000a7800000, 0x00000000a7800000| Complete 
|  51|0x00000000a7900000, 0x00000000a7a00000, 0x00000000a7a00000|100%| E|CS|TAMS 0x00000000a7900000, 0x00000000a7900000| Complete 
|  52|0x00000000a7a00000, 0x00000000a7b00000, 0x00000000a7b00000|100%| E|CS|TAMS 0x00000000a7a00000, 0x00000000a7a00000| Complete 
|  53|0x00000000a7b00000, 0x00000000a7c00000, 0x00000000a7c00000|100%| E|CS|TAMS 0x00000000a7b00000, 0x00000000a7b00000| Complete 
|  54|0x00000000a7c00000, 0x00000000a7d00000, 0x00000000a7d00000|100%| E|CS|TAMS 0x00000000a7c00000, 0x00000000a7c00000| Complete 
|  55|0x00000000a7d00000, 0x00000000a7e00000, 0x00000000a7e00000|100%| E|CS|TAMS 0x00000000a7d00000, 0x00000000a7d00000| Complete 
|  56|0x00000000a7e00000, 0x00000000a7f00000, 0x00000000a7f00000|100%| E|CS|TAMS 0x00000000a7e00000, 0x00000000a7e00000| Complete 
|  57|0x00000000a7f00000, 0x00000000a8000000, 0x00000000a8000000|100%| E|CS|TAMS 0x00000000a7f00000, 0x00000000a7f00000| Complete 
|  58|0x00000000a8000000, 0x00000000a8100000, 0x00000000a8100000|100%| E|CS|TAMS 0x00000000a8000000, 0x00000000a8000000| Complete 
|  59|0x00000000a8100000, 0x00000000a8200000, 0x00000000a8200000|100%| E|CS|TAMS 0x00000000a8100000, 0x00000000a8100000| Complete 
|  60|0x00000000a8200000, 0x00000000a8300000, 0x00000000a8300000|100%| E|CS|TAMS 0x00000000a8200000, 0x00000000a8200000| Complete 
|  61|0x00000000a8300000, 0x00000000a8400000, 0x00000000a8400000|100%| E|CS|TAMS 0x00000000a8300000, 0x00000000a8300000| Complete 
|  62|0x00000000a8400000, 0x00000000a8500000, 0x00000000a8500000|100%| E|CS|TAMS 0x00000000a8400000, 0x00000000a8400000| Complete 
|  63|0x00000000a8500000, 0x00000000a8600000, 0x00000000a8600000|100%| E|CS|TAMS 0x00000000a8500000, 0x00000000a8500000| Complete 
|  64|0x00000000a8600000, 0x00000000a8700000, 0x00000000a8700000|100%| E|CS|TAMS 0x00000000a8600000, 0x00000000a8600000| Complete 
|  65|0x00000000a8700000, 0x00000000a8800000, 0x00000000a8800000|100%| E|CS|TAMS 0x00000000a8700000, 0x00000000a8700000| Complete 
|  66|0x00000000a8800000, 0x00000000a8900000, 0x00000000a8900000|100%| E|CS|TAMS 0x00000000a8800000, 0x00000000a8800000| Complete 
|  67|0x00000000a8900000, 0x00000000a8a00000, 0x00000000a8a00000|100%| E|CS|TAMS 0x00000000a8900000, 0x00000000a8900000| Complete 
|  68|0x00000000a8a00000, 0x00000000a8b00000, 0x00000000a8b00000|100%| E|CS|TAMS 0x00000000a8a00000, 0x00000000a8a00000| Complete 
|  69|0x00000000a8b00000, 0x00000000a8c00000, 0x00000000a8c00000|100%| E|CS|TAMS 0x00000000a8b00000, 0x00000000a8b00000| Complete 
|  70|0x00000000a8c00000, 0x00000000a8d00000, 0x00000000a8d00000|100%| E|CS|TAMS 0x00000000a8c00000, 0x00000000a8c00000| Complete 
|  71|0x00000000a8d00000, 0x00000000a8e00000, 0x00000000a8e00000|100%| E|CS|TAMS 0x00000000a8d00000, 0x00000000a8d00000| Complete 
|  72|0x00000000a8e00000, 0x00000000a8f00000, 0x00000000a8f00000|100%| E|CS|TAMS 0x00000000a8e00000, 0x00000000a8e00000| Complete 
|  73|0x00000000a8f00000, 0x00000000a9000000, 0x00000000a9000000|100%| E|CS|TAMS 0x00000000a8f00000, 0x00000000a8f00000| Complete 
|  74|0x00000000a9000000, 0x00000000a9100000, 0x00000000a9100000|100%| E|CS|TAMS 0x00000000a9000000, 0x00000000a9000000| Complete 
|  75|0x00000000a9100000, 0x00000000a9200000, 0x00000000a9200000|100%| E|CS|TAMS 0x00000000a9100000, 0x00000000a9100000| Complete 
|  76|0x00000000a9200000, 0x00000000a9300000, 0x00000000a9300000|100%| E|CS|TAMS 0x00000000a9200000, 0x00000000a9200000| Complete 
|  77|0x00000000a9300000, 0x00000000a9400000, 0x00000000a9400000|100%| E|CS|TAMS 0x00000000a9300000, 0x00000000a9300000| Complete 
|  78|0x00000000a9400000, 0x00000000a9500000, 0x00000000a9500000|100%| E|CS|TAMS 0x00000000a9400000, 0x00000000a9400000| Complete 
|  79|0x00000000a9500000, 0x00000000a9600000, 0x00000000a9600000|100%| E|CS|TAMS 0x00000000a9500000, 0x00000000a9500000| Complete 
|  80|0x00000000a9600000, 0x00000000a9700000, 0x00000000a9700000|100%| E|CS|TAMS 0x00000000a9600000, 0x00000000a9600000| Complete 
|  81|0x00000000a9700000, 0x00000000a9800000, 0x00000000a9800000|100%| E|CS|TAMS 0x00000000a9700000, 0x00000000a9700000| Complete 
|  82|0x00000000a9800000, 0x00000000a9900000, 0x00000000a9900000|100%| E|CS|TAMS 0x00000000a9800000, 0x00000000a9800000| Complete 
|  83|0x00000000a9900000, 0x00000000a9a00000, 0x00000000a9a00000|100%| E|CS|TAMS 0x00000000a9900000, 0x00000000a9900000| Complete 
|  84|0x00000000a9a00000, 0x00000000a9b00000, 0x00000000a9b00000|100%| S|CS|TAMS 0x00000000a9a00000, 0x00000000a9a00000| Complete 
|  85|0x00000000a9b00000, 0x00000000a9c00000, 0x00000000a9c00000|100%| E|CS|TAMS 0x00000000a9b00000, 0x00000000a9b00000| Complete 
|  86|0x00000000a9c00000, 0x00000000a9d00000, 0x00000000a9d00000|100%| E|CS|TAMS 0x00000000a9c00000, 0x00000000a9c00000| Complete 
|  87|0x00000000a9d00000, 0x00000000a9e00000, 0x00000000a9e00000|100%| E|CS|TAMS 0x00000000a9d00000, 0x00000000a9d00000| Complete 
|  88|0x00000000a9e00000, 0x00000000a9f00000, 0x00000000a9f00000|100%| E|CS|TAMS 0x00000000a9e00000, 0x00000000a9e00000| Complete 
|  89|0x00000000a9f00000, 0x00000000aa000000, 0x00000000aa000000|100%| E|CS|TAMS 0x00000000a9f00000, 0x00000000a9f00000| Complete 
|  90|0x00000000aa000000, 0x00000000aa100000, 0x00000000aa100000|100%| E|  |TAMS 0x00000000aa000000, 0x00000000aa000000| Complete 
|  91|0x00000000aa100000, 0x00000000aa200000, 0x00000000aa200000|100%| E|CS|TAMS 0x00000000aa100000, 0x00000000aa100000| Complete 
|1464|0x00000000ffe00000, 0x00000000ffe48000, 0x00000000fff00000| 28%|OA|  |TAMS 0x00000000ffe00000, 0x00000000ffe00000| Untracked 
|1465|0x00000000fff00000, 0x00000000fff6c000, 0x0000000100000000| 42%|CA|  |TAMS 0x00000000fff00000, 0x00000000fff00000| Untracked 

Card table byte_map: [0x00007f9eedee0000,0x00007f9eee1bd000] _byte_map_base: 0x00007f9eed9bd000

Marking Bits (Prev, Next): (CMBitMap*) 0x00007f9ee804eaf8, (CMBitMap*) 0x00007f9ee804eb30
 Prev Bits: [0x00007f9eec51b000, 0x00007f9eedc03000)
 Next Bits: [0x00007f9eca918000, 0x00007f9ecc000000)

Polling page: 0x00007f9eee9af000

Metaspace:

Usage:
  Non-class:     13.26 MB capacity,    12.52 MB ( 94%) used,   729.71 KB (  5%) free+waste,    26.94 KB ( <1%) overhead. 
      Class:      1.80 MB capacity,     1.66 MB ( 92%) used,   126.66 KB (  7%) free+waste,    13.50 KB ( <1%) overhead. 
       Both:     15.06 MB capacity,    14.18 MB ( 94%) used,   856.37 KB (  6%) free+waste,    40.44 KB ( <1%) overhead. 

Virtual space:
  Non-class space:       14.00 MB reserved,      13.50 MB ( 96%) committed 
      Class space:        1.00 GB reserved,       1.88 MB ( <1%) committed 
             Both:        1.01 GB reserved,      15.38 MB (  1%) committed 

Chunk freelists:
   Non-Class:  22.00 KB
       Class:  13.00 KB
        Both:  35.00 KB

MaxMetaspaceSize: unlimited
CompressedClassSpaceSize: 1.00 GB
Initial GC threshold: 20.80 MB
Current GC threshold: 20.80 MB
CDS: on

CodeHeap 'non-profiled nmethods': size=120036Kb used=623Kb max_used=623Kb free=119412Kb
 bounds [0x00007f9ed82b8000, 0x00007f9ed8528000, 0x00007f9edf7f1000]
CodeHeap 'profiled nmethods': size=120032Kb used=2817Kb max_used=2817Kb free=117215Kb
 bounds [0x00007f9ed0d80000, 0x00007f9ed1050000, 0x00007f9ed82b8000]
CodeHeap 'non-nmethods': size=5692Kb used=1206Kb max_used=1219Kb free=4485Kb
 bounds [0x00007f9ed07f1000, 0x00007f9ed0a61000, 0x00007f9ed0d80000]
 total_blobs=2083 nmethods=1619 adapters=377
 compilation: enabled
              stopped_count=0, restarted_count=0
 full_count=0

Compilation events (20 events):
Event: 8.238 Thread 0x00007f9ee80ed000 nmethod 1605 0x00007f9ed103b110 code [0x00007f9ed103b320, 0x00007f9ed103b960]
Event: 8.238 Thread 0x00007f9ee80ed000 1602       1       org.apache.jena.graph.Node_URI::isURI (2 bytes)
Event: 8.238 Thread 0x00007f9ee80ed000 nmethod 1602 0x00007f9ed8351a10 code [0x00007f9ed8351bc0, 0x00007f9ed8351c90]
Event: 8.238 Thread 0x00007f9ee80ed000 1607       1       org.apache.jena.ext.com.google.common.cache.LocalCache$StrongValueReference::get (5 bytes)
Event: 8.238 Thread 0x00007f9ee80ed000 nmethod 1607 0x00007f9ed8351d10 code [0x00007f9ed8351ec0, 0x00007f9ed8351f90]
Event: 8.238 Thread 0x00007f9ee80ed000 1603       1       org.apache.jena.atlas.io.PeekReader::getLineNum (5 bytes)
Event: 8.238 Thread 0x00007f9ee80ed000 nmethod 1603 0x00007f9ed8352010 code [0x00007f9ed83521c0, 0x00007f9ed8352290]
Event: 8.238 Thread 0x00007f9ee80ed000 1604       1       org.apache.jena.atlas.io.PeekReader::getColNum (5 bytes)
Event: 8.238 Thread 0x00007f9ee80ed000 nmethod 1604 0x00007f9ed8352310 code [0x00007f9ed83524c0, 0x00007f9ed8352590]
Event: 8.238 Thread 0x00007f9ee80ed000 1608       1       org.apache.jena.iri.impl.IRIImpl::getSchemeSpec (5 bytes)
Event: 8.238 Thread 0x00007f9ee80ed000 nmethod 1608 0x00007f9ed8352610 code [0x00007f9ed83527c0, 0x00007f9ed8352890]
Event: 8.238 Thread 0x00007f9ee80ed000 1609       1       org.apache.jena.riot.tokens.Token::getImage (5 bytes)
Event: 8.238 Thread 0x00007f9ee80ed000 nmethod 1609 0x00007f9ed8352910 code [0x00007f9ed8352ac0, 0x00007f9ed8352b90]
Event: 8.238 Thread 0x00007f9ee80ed000 1610       1       org.apache.jena.iri.impl.ResolvedRelativeIRI::toString (5 bytes)
Event: 8.238 Thread 0x00007f9ee80ed000 nmethod 1610 0x00007f9ed8352c10 code [0x00007f9ed8352dc0, 0x00007f9ed8352e90]
Event: 8.238 Thread 0x00007f9ee80ed000 1611       1       org.apache.jena.riot.tokens.Token::getImage2 (5 bytes)
Event: 8.238 Thread 0x00007f9ee80ed000 nmethod 1611 0x00007f9ed8352f10 code [0x00007f9ed83530c0, 0x00007f9ed8353190]
Event: 8.238 Thread 0x00007f9ee80ed000 1613       3       java.util.Arrays$ArrayItr::hasNext (18 bytes)
Event: 8.239 Thread 0x00007f9ee80ed000 nmethod 1613 0x00007f9ed103bb90 code [0x00007f9ed103bd40, 0x00007f9ed103bed0]
Event: 8.239 Thread 0x00007f9ee80ed000 1614       3       sun.invoke.util.VerifyAccess::isClassAccessible (182 bytes)

GC Heap History (2 events):
Event: 0.412 GC heap before
{Heap before GC invocations=0 (full 0):
 garbage-first heap   total 96256K, used 6864K [0x00000000a4600000, 0x0000000100000000)
  region size 1024K, 7 young (7168K), 0 survivors (0K)
 Metaspace       used 1363K, capacity 5432K, committed 5632K, reserved 1056768K
  class space    used 124K, capacity 488K, committed 512K, reserved 1048576K
}
Event: 0.426 GC heap after
{Heap after GC invocations=1 (full 0):
 garbage-first heap   total 96256K, used 2893K [0x00000000a4600000, 0x0000000100000000)
  region size 1024K, 1 young (1024K), 1 survivors (1024K)
 Metaspace       used 1363K, capacity 5432K, committed 5632K, reserved 1056768K
  class space    used 124K, capacity 488K, committed 512K, reserved 1048576K
}

Deoptimization events (20 events):
Event: 1.934 Thread 0x00007f9ee8018000 Uncommon trap: trap_request=0xffffff4d fr.pc=0x00007f9ed82f9e18 relative=0x0000000000000078
Event: 1.934 Thread 0x00007f9ee8018000 Uncommon trap: reason=unstable_if action=reinterpret pc=0x00007f9ed82f9e18 method=java.lang.Integer.stringSize(I)I @ 19 c2
Event: 1.934 Thread 0x00007f9ee8018000 DEOPT PACKING pc=0x00007f9ed82f9e18 sp=0x00007f9eeeae7130
Event: 1.934 Thread 0x00007f9ee8018000 DEOPT UNPACKING pc=0x00007f9ed07f92a5 sp=0x00007f9eeeae70c8 mode 2
Event: 8.244 Thread 0x00007f9ee8018000 Uncommon trap: trap_request=0xffffffde fr.pc=0x00007f9ed82e8468 relative=0x00000000000001c8
Event: 8.244 Thread 0x00007f9ee8018000 Uncommon trap: reason=class_check action=maybe_recompile pc=0x00007f9ed82e8468 method=java.lang.String.equals(Ljava/lang/Object;)Z @ 8 c2
Event: 8.244 Thread 0x00007f9ee8018000 DEOPT PACKING pc=0x00007f9ed82e8468 sp=0x00007f9eeeae81f0
Event: 8.244 Thread 0x00007f9ee8018000 DEOPT UNPACKING pc=0x00007f9ed07f92a5 sp=0x00007f9eeeae81a8 mode 2
Event: 8.244 Thread 0x00007f9ee8018000 Uncommon trap: trap_request=0xffffffde fr.pc=0x00007f9ed82e8468 relative=0x00000000000001c8
Event: 8.244 Thread 0x00007f9ee8018000 Uncommon trap: reason=class_check action=maybe_recompile pc=0x00007f9ed82e8468 method=java.lang.String.equals(Ljava/lang/Object;)Z @ 8 c2
Event: 8.244 Thread 0x00007f9ee8018000 DEOPT PACKING pc=0x00007f9ed82e8468 sp=0x00007f9eeeae81f0
Event: 8.244 Thread 0x00007f9ee8018000 DEOPT UNPACKING pc=0x00007f9ed07f92a5 sp=0x00007f9eeeae81a8 mode 2
Event: 8.245 Thread 0x00007f9ee8018000 Uncommon trap: trap_request=0xffffffde fr.pc=0x00007f9ed82e8468 relative=0x00000000000001c8
Event: 8.245 Thread 0x00007f9ee8018000 Uncommon trap: reason=class_check action=maybe_recompile pc=0x00007f9ed82e8468 method=java.lang.String.equals(Ljava/lang/Object;)Z @ 8 c2
Event: 8.245 Thread 0x00007f9ee8018000 DEOPT PACKING pc=0x00007f9ed82e8468 sp=0x00007f9eeeae81f0
Event: 8.245 Thread 0x00007f9ee8018000 DEOPT UNPACKING pc=0x00007f9ed07f92a5 sp=0x00007f9eeeae81a8 mode 2
Event: 8.245 Thread 0x00007f9ee8018000 Uncommon trap: trap_request=0xffffffde fr.pc=0x00007f9ed82e8468 relative=0x00000000000001c8
Event: 8.245 Thread 0x00007f9ee8018000 Uncommon trap: reason=class_check action=maybe_recompile pc=0x00007f9ed82e8468 method=java.lang.String.equals(Ljava/lang/Object;)Z @ 8 c2
Event: 8.245 Thread 0x00007f9ee8018000 DEOPT PACKING pc=0x00007f9ed82e8468 sp=0x00007f9eeeae81f0
Event: 8.245 Thread 0x00007f9ee8018000 DEOPT UNPACKING pc=0x00007f9ed07f92a5 sp=0x00007f9eeeae81a8 mode 2

Classes redefined (0 events):
No events

Internal exceptions (20 events):
Event: 0.093 Thread 0x00007f9ee8018000 Exception <a 'java/security/PrivilegedActionException'{0x00000000aa1afe48}> (0x00000000aa1afe48) thrown at [src/hotspot/share/prims/jvm.cpp, line 1304]
Event: 0.093 Thread 0x00007f9ee8018000 Exception <a 'java/security/PrivilegedActionException'{0x00000000aa1b0118}> (0x00000000aa1b0118) thrown at [src/hotspot/share/prims/jvm.cpp, line 1304]
Event: 0.725 Thread 0x00007f9ee8018000 Exception <a 'java/lang/NoSuchMethodError'{0x00000000a9dcb7e0}: 'java.lang.Object java.lang.invoke.Invokers$Holder.linkToTargetMethod(java.lang.Object, int, java.lang.Object)'> (0x00000000a9dcb7e0) thrown at [src/hotspot/share/interpreter/linkResolver.cpp, line 772]
Event: 0.756 Thread 0x00007f9ee8018000 Exception <a 'java/lang/NoSuchMethodError'{0x00000000a9cefab0}: 'int java.lang.invoke.DirectMethodHandle$Holder.invokeStaticInit(java.lang.Object, java.lang.Object, java.lang.Object)'> (0x00000000a9cefab0) thrown at [src/hotspot/share/interpreter/linkResolver.cpp, line 772]
Event: 0.829 Thread 0x00007f9ee8018000 Exception <a 'java/lang/NoClassDefFoundError'{0x00000000a9bd69f0}: org/slf4j/impl/StaticLoggerBinder> (0x00000000a9bd69f0) thrown at [src/hotspot/share/classfile/systemDictionary.cpp, line 219]
Event: 0.984 Thread 0x00007f9ee8018000 Exception <a 'java/lang/NoSuchMethodError'{0x00000000a95be898}: 'int java.lang.invoke.DirectMethodHandle$Holder.invokeStaticInit(java.lang.Object, java.lang.Object)'> (0x00000000a95be898) thrown at [src/hotspot/share/interpreter/linkResolver.cpp, line 772]
Event: 1.192 Thread 0x00007f9ee8018000 Exception <a 'java/lang/NoSuchMethodError'{0x00000000a8e4a720}: 'int java.lang.invoke.DirectMethodHandle$Holder.invokeSpecialIFC(java.lang.Object, java.lang.Object, int)'> (0x00000000a8e4a720) thrown at [src/hotspot/share/interpreter/linkResolver.cpp, line 772]
Event: 1.405 Thread 0x00007f9ee8018000 Exception <a 'java/lang/NoSuchMethodError'{0x00000000a84eace0}: 'java.lang.Object java.lang.invoke.DirectMethodHandle$Holder.invokeStaticInit(java.lang.Object, java.lang.Object, java.lang.Object, java.lang.Object)'> (0x00000000a84eace0) thrown at [src/hotspot/share/interpreter/linkResolver.cpp, line 772]
Event: 1.411 Thread 0x00007f9ee8018000 Exception <a 'java/lang/NoSuchMethodError'{0x00000000a8318508}: 'java.lang.Object java.lang.invoke.DirectMethodHandle$Holder.invokeStaticInit(java.lang.Object, java.lang.Object, int, java.lang.Object, java.lang.Object)'> (0x00000000a8318508) thrown at [src/hotspot/share/interpreter/linkResolver.cpp, line 772]
Event: 1.767 Thread 0x00007f9ee8018000 Exception <a 'java/lang/NoSuchMethodError'{0x00000000a81bedb0}: 'java.lang.Object java.lang.invoke.DirectMethodHandle$Holder.invokeStatic(java.lang.Object, java.lang.Object, java.lang.Object, java.lang.Object, java.lang.Object, java.lang.Object, java.lang.Object, java.lang.Object, java.lang.Object, java.lang.Object, java.lang.Object, java.lang.Object, java.lang.Object, java.lang.Object, java.lang.Object)'> (0x00000000a81bedb0) thrown at [src/hotspot/share/interpreter/linkResolver.cpp, line 772]
Event: 1.770 Thread 0x00007f9ee8018000 Exception <a 'java/lang/NoSuchMethodError'{0x00000000a81ccb10}: 'java.lang.Object java.lang.invoke.DirectMethodHandle$Holder.invokeStatic(java.lang.Object, java.lang.Object, java.lang.Object, java.lang.Object, java.lang.Object, java.lang.Object, java.lang.Object, java.lang.Object, java.lang.Object, java.lang.Object, java.lang.Object, java.lang.Object, java.lang.Object, java.lang.Object, java.lang.Object, java.lang.Object)'> (0x00000000a81ccb10) thrown at [src/hotspot/share/interpreter/linkResolver.cpp, lin
Event: 1.773 Thread 0x00007f9ee8018000 Exception <a 'java/lang/NoSuchMethodError'{0x00000000a81da780}: 'java.lang.Object java.lang.invoke.DirectMethodHandle$Holder.invokeSpecial(java.lang.Object, java.lang.Object, int, int, java.lang.Object, java.lang.Object, java.lang.Object)'> (0x00000000a81da780) thrown at [src/hotspot/share/interpreter/linkResolver.cpp, line 772]
Event: 1.773 Thread 0x00007f9ee8018000 Exception <a 'java/lang/NoSuchMethodError'{0x00000000a81ddd10}: 'java.lang.Object java.lang.invoke.DelegatingMethodHandle$Holder.reinvoke_L(java.lang.Object, int, int, java.lang.Object, java.lang.Object, java.lang.Object)'> (0x00000000a81ddd10) thrown at [src/hotspot/share/interpreter/linkResolver.cpp, line 772]
Event: 1.774 Thread 0x00007f9ee8018000 Exception <a 'java/lang/NoSuchMethodError'{0x00000000a81e1f98}: 'java.lang.Object java.lang.invoke.DirectMethodHandle$Holder.invokeStatic(java.lang.Object, java.lang.Object, java.lang.Object, java.lang.Object, int)'> (0x00000000a81e1f98) thrown at [src/hotspot/share/interpreter/linkResolver.cpp, line 772]
Event: 1.930 Thread 0x00007f9ee8018000 Exception <a 'java/lang/NoSuchMethodError'{0x00000000a7cb7950}: 'void java.lang.invoke.DirectMethodHandle$Holder.invokeStaticInit(java.lang.Object)'> (0x00000000a7cb7950) thrown at [src/hotspot/share/interpreter/linkResolver.cpp, line 772]
Event: 1.973 Thread 0x00007f9ee8018000 Exception <a 'java/lang/NoSuchMethodError'{0x00000000a7bf4360}: 'java.lang.Object java.lang.invoke.DirectMethodHandle$Holder.invokeVirtual(java.lang.Object, java.lang.Object, int, int)'> (0x00000000a7bf4360) thrown at [src/hotspot/share/interpreter/linkResolver.cpp, line 772]
Event: 8.131 Thread 0x00007f9ee8018000 Exception <a 'java/lang/NoSuchMethodError'{0x00000000a75280f8}: 'java.lang.Object java.lang.invoke.DirectMethodHandle$Holder.invokeStatic(java.lang.Object, java.lang.Object, java.lang.Object, java.lang.Object, java.lang.Object, java.lang.Object, java.lang.Object, java.lang.Object, java.lang.Object, java.lang.Object, java.lang.Object, int)'> (0x00000000a75280f8) thrown at [src/hotspot/share/interpreter/linkResolver.cpp, line 772]
Event: 8.132 Thread 0x00007f9ee8018000 Exception <a 'java/lang/NoSuchMethodError'{0x00000000a7546278}: 'java.lang.Object java.lang.invoke.DirectMethodHandle$Holder.invokeStatic(java.lang.Object, java.lang.Object, java.lang.Object, java.lang.Object, java.lang.Object, java.lang.Object, java.lang.Object, java.lang.Object, java.lang.Object, java.lang.Object, java.lang.Object, int, int)'> (0x00000000a7546278) thrown at [src/hotspot/share/interpreter/linkResolver.cpp, line 772]
Event: 8.135 Thread 0x00007f9ee8018000 Exception <a 'java/lang/NoSuchMethodError'{0x00000000a75651e8}: 'java.lang.Object java.lang.invoke.DirectMethodHandle$Holder.invokeStatic(java.lang.Object, java.lang.Object, java.lang.Object, java.lang.Object, java.lang.Object, java.lang.Object, java.lang.Object, java.lang.Object, java.lang.Object, java.lang.Object, java.lang.Object, int, int, java.lang.Object)'> (0x00000000a75651e8) thrown at [src/hotspot/share/interpreter/linkResolver.cpp, line 772]
Event: 8.136 Thread 0x00007f9ee8018000 Exception <a 'java/lang/NoSuchMethodError'{0x00000000a75858e8}: 'java.lang.Object java.lang.invoke.DirectMethodHandle$Holder.invokeStatic(java.lang.Object, java.lang.Object, java.lang.Object, java.lang.Object, java.lang.Object, java.lang.Object, java.lang.Object, java.lang.Object, java.lang.Object, java.lang.Object, java.lang.Object, int, int, java.lang.Object, java.lang.Object)'> (0x00000000a75858e8) thrown at [src/hotspot/share/interpreter/linkResolver.cpp, line 772]

Events (20 events):
Event: 8.192 loading class org/apache/jena/riot/tokens/Token$1
Event: 8.192 loading class org/apache/jena/riot/tokens/Token$1 done
Event: 8.192 loading class org/apache/jena/riot/tokens/StringType
Event: 8.192 loading class org/apache/jena/riot/tokens/StringType done
Event: 8.192 loading class org/apache/jena/riot/system/ParserProfileStd$1
Event: 8.192 loading class org/apache/jena/riot/system/ParserProfileStd$1 done
Event: 8.193 loading class org/apache/jena/graph/Node
Event: 8.193 loading class org/apache/jena/graph/Node done
Event: 8.193 loading class org/apache/jena/graph/Node
Event: 8.193 loading class org/apache/jena/graph/Node done
Event: 8.222 loading class org/apache/commons/codec/digest/MurmurHash3
Event: 8.222 loading class org/apache/commons/codec/digest/MurmurHash3 done
Event: 8.223 loading class org/apache/jena/graph/BlankNodeId
Event: 8.223 loading class org/apache/jena/graph/BlankNodeId done
Event: 8.239 loading class org/apache/jena/rdf/model/impl/StatementImpl
Event: 8.239 loading class org/apache/jena/rdf/model/impl/StatementImpl done
Event: 8.240 loading class org/apache/jena/rdf/model/impl/StatementBase
Event: 8.240 loading class org/apache/jena/rdf/model/impl/StatementBase done
Event: 8.246 loading class org/javafmi/wrapper/variables/SingleRead
Event: 8.246 loading class org/javafmi/wrapper/variables/SingleRead done


Dynamic libraries:
a4600000-aa200000 rw-p 00000000 00:00 0 
aa200000-ffe00000 ---p 00000000 00:00 0 
ffe00000-ffe48000 rw-p 00b13000 08:05 3014664                            /usr/lib/jvm/java-11-openjdk-amd64/lib/server/classes.jsa
ffe48000-fff00000 rw-p 00000000 00:00 0 
fff00000-fff6c000 rw-p 00aa7000 08:05 3014664                            /usr/lib/jvm/java-11-openjdk-amd64/lib/server/classes.jsa
fff6c000-100000000 rw-p 00000000 00:00 0 
800000000-800002000 rwxp 00001000 08:05 3014664                          /usr/lib/jvm/java-11-openjdk-amd64/lib/server/classes.jsa
800002000-8003ce000 rw-p 00003000 08:05 3014664                          /usr/lib/jvm/java-11-openjdk-amd64/lib/server/classes.jsa
8003ce000-800aa5000 r--p 003cf000 08:05 3014664                          /usr/lib/jvm/java-11-openjdk-amd64/lib/server/classes.jsa
800aa5000-800aa6000 rw-p 00aa6000 08:05 3014664                          /usr/lib/jvm/java-11-openjdk-amd64/lib/server/classes.jsa
840000000-8401e0000 rw-p 00000000 00:00 0 
8401e0000-880000000 ---p 00000000 00:00 0 
558b1d69f000-558b1d6a0000 r--p 00000000 08:05 2752833                    /usr/lib/jvm/java-11-openjdk-amd64/bin/java
558b1d6a0000-558b1d6a1000 r-xp 00001000 08:05 2752833                    /usr/lib/jvm/java-11-openjdk-amd64/bin/java
558b1d6a1000-558b1d6a2000 r--p 00002000 08:05 2752833                    /usr/lib/jvm/java-11-openjdk-amd64/bin/java
558b1d6a2000-558b1d6a3000 r--p 00002000 08:05 2752833                    /usr/lib/jvm/java-11-openjdk-amd64/bin/java
558b1d6a3000-558b1d6a4000 rw-p 00003000 08:05 2752833                    /usr/lib/jvm/java-11-openjdk-amd64/bin/java
558b1f40e000-558b1f42f000 rw-p 00000000 00:00 0                          [heap]
7f9e8c000000-7f9e8c021000 rw-p 00000000 00:00 0 
7f9e8c021000-7f9e90000000 ---p 00000000 00:00 0 
7f9e94000000-7f9e943a8000 rw-p 00000000 00:00 0 
7f9e943a8000-7f9e98000000 ---p 00000000 00:00 0 
7f9e98000000-7f9e98021000 rw-p 00000000 00:00 0 
7f9e98021000-7f9e9c000000 ---p 00000000 00:00 0 
7f9e9c000000-7f9e9c021000 rw-p 00000000 00:00 0 
7f9e9c021000-7f9ea0000000 ---p 00000000 00:00 0 
7f9ea0000000-7f9ea040c000 rw-p 00000000 00:00 0 
7f9ea040c000-7f9ea4000000 ---p 00000000 00:00 0 
7f9ea4000000-7f9ea4021000 rw-p 00000000 00:00 0 
7f9ea4021000-7f9ea8000000 ---p 00000000 00:00 0 
7f9eaa35b000-7f9eaa3b4000 r--p 00000000 08:05 4627379                    /tmp/fmu_11415d0b_6b6f_47f6_9a01_f9e0effc5fbfkukalbriiwa_model/binaries/linux64/unifmu.so
7f9eaa3b4000-7f9eaa520000 r-xp 00059000 08:05 4627379                    /tmp/fmu_11415d0b_6b6f_47f6_9a01_f9e0effc5fbfkukalbriiwa_model/binaries/linux64/unifmu.so
7f9eaa520000-7f9eaa5dc000 r--p 001c5000 08:05 4627379                    /tmp/fmu_11415d0b_6b6f_47f6_9a01_f9e0effc5fbfkukalbriiwa_model/binaries/linux64/unifmu.so
7f9eaa5dc000-7f9eaa5dd000 ---p 00281000 08:05 4627379                    /tmp/fmu_11415d0b_6b6f_47f6_9a01_f9e0effc5fbfkukalbriiwa_model/binaries/linux64/unifmu.so
7f9eaa5dd000-7f9eaa628000 r--p 00281000 08:05 4627379                    /tmp/fmu_11415d0b_6b6f_47f6_9a01_f9e0effc5fbfkukalbriiwa_model/binaries/linux64/unifmu.so
7f9eaa628000-7f9eaa629000 rw-p 002cc000 08:05 4627379                    /tmp/fmu_11415d0b_6b6f_47f6_9a01_f9e0effc5fbfkukalbriiwa_model/binaries/linux64/unifmu.so
7f9eaa629000-7f9eaa847000 r--p 00000000 08:05 4627353                    /tmp/fmu_7e00a2d1_a12b_4c57_b69d_0e0a9444a66drabbit2_1_5-16_SG/binaries/linux64/rabbitmq.so
7f9eaa847000-7f9eaac62000 r-xp 0021e000 08:05 4627353                    /tmp/fmu_7e00a2d1_a12b_4c57_b69d_0e0a9444a66drabbit2_1_5-16_SG/binaries/linux64/rabbitmq.so
7f9eaac62000-7f9eaadec000 r--p 00639000 08:05 4627353                    /tmp/fmu_7e00a2d1_a12b_4c57_b69d_0e0a9444a66drabbit2_1_5-16_SG/binaries/linux64/rabbitmq.so
7f9eaadec000-7f9eaaded000 ---p 007c3000 08:05 4627353                    /tmp/fmu_7e00a2d1_a12b_4c57_b69d_0e0a9444a66drabbit2_1_5-16_SG/binaries/linux64/rabbitmq.so
7f9eaaded000-7f9eaae33000 r--p 007c3000 08:05 4627353                    /tmp/fmu_7e00a2d1_a12b_4c57_b69d_0e0a9444a66drabbit2_1_5-16_SG/binaries/linux64/rabbitmq.so
7f9eaae33000-7f9eaae6c000 rw-p 00809000 08:05 4627353                    /tmp/fmu_7e00a2d1_a12b_4c57_b69d_0e0a9444a66drabbit2_1_5-16_SG/binaries/linux64/rabbitmq.so
7f9eaae6c000-7f9eaae71000 rw-p 00000000 00:00 0 
7f9eaae71000-7f9eaae88000 r-xp 00000000 08:05 4627373                    /tmp/jna-2007796372/jna11846737048807858737.tmp (deleted)
7f9eaae88000-7f9eaaf87000 ---p 00017000 08:05 4627373                    /tmp/jna-2007796372/jna11846737048807858737.tmp (deleted)
7f9eaaf87000-7f9eaaf89000 rw-p 00016000 08:05 4627373                    /tmp/jna-2007796372/jna11846737048807858737.tmp (deleted)
7f9eaaf89000-7f9eab109000 rw-p 00000000 00:00 0 
7f9eab109000-7f9eab189000 ---p 00000000 00:00 0 
7f9eab189000-7f9eab389000 rw-p 00000000 00:00 0 
7f9eab389000-7f9eab589000 rw-p 00000000 00:00 0 
7f9eab589000-7f9eab58a000 ---p 00000000 00:00 0 
7f9eab58a000-7f9eab68b000 rw-p 00000000 00:00 0 
7f9eab68b000-7f9eab68f000 ---p 00000000 00:00 0 
7f9eab68f000-7f9eab78c000 rw-p 00000000 00:00 0 
7f9eab78c000-7f9eab78d000 ---p 00000000 00:00 0 
7f9eab78d000-7f9eab88e000 rw-p 00000000 00:00 0 
7f9eab88e000-7f9eab892000 ---p 00000000 00:00 0 
7f9eab892000-7f9eab98f000 rw-p 00000000 00:00 0 
7f9eab98f000-7f9eab993000 ---p 00000000 00:00 0 
7f9eab993000-7f9eaba90000 rw-p 00000000 00:00 0 
7f9eaba90000-7f9eac000000 r--p 00000000 08:05 2629154                    /usr/lib/locale/locale-archive
7f9eac000000-7f9eac021000 rw-p 00000000 00:00 0 
7f9eac021000-7f9eb0000000 ---p 00000000 00:00 0 
7f9eb0000000-7f9eb0021000 rw-p 00000000 00:00 0 
7f9eb0021000-7f9eb4000000 ---p 00000000 00:00 0 
7f9eb4000000-7f9eb4021000 rw-p 00000000 00:00 0 
7f9eb4021000-7f9eb8000000 ---p 00000000 00:00 0 
7f9eb8000000-7f9eb8021000 rw-p 00000000 00:00 0 
7f9eb8021000-7f9ebc000000 ---p 00000000 00:00 0 
7f9ebc000000-7f9ebc021000 rw-p 00000000 00:00 0 
7f9ebc021000-7f9ec0000000 ---p 00000000 00:00 0 
7f9ec0000000-7f9ec0021000 rw-p 00000000 00:00 0 
7f9ec0021000-7f9ec4000000 ---p 00000000 00:00 0 
7f9ec4000000-7f9ec4021000 rw-p 00000000 00:00 0 
7f9ec4021000-7f9ec8000000 ---p 00000000 00:00 0 
7f9ec8017000-7f9ec801b000 ---p 00000000 00:00 0 
7f9ec801b000-7f9ecaa88000 rw-p 00000000 00:00 0 
7f9ecaa88000-7f9ecbff8000 ---p 00000000 00:00 0 
7f9ecbff8000-7f9ecc000000 rw-p 00000000 00:00 0 
7f9ecc000000-7f9ecc021000 rw-p 00000000 00:00 0 
7f9ecc021000-7f9ed0000000 ---p 00000000 00:00 0 
7f9ed001d000-7f9ed004e000 rw-p 00000000 00:00 0 
7f9ed004e000-7f9ed0052000 r--p 00000000 08:05 2753614                    /usr/lib/jvm/java-11-openjdk-amd64/lib/libnet.so
7f9ed0052000-7f9ed0060000 r-xp 00004000 08:05 2753614                    /usr/lib/jvm/java-11-openjdk-amd64/lib/libnet.so
7f9ed0060000-7f9ed0064000 r--p 00012000 08:05 2753614                    /usr/lib/jvm/java-11-openjdk-amd64/lib/libnet.so
7f9ed0064000-7f9ed0065000 r--p 00015000 08:05 2753614                    /usr/lib/jvm/java-11-openjdk-amd64/lib/libnet.so
7f9ed0065000-7f9ed0066000 rw-p 00016000 08:05 2753614                    /usr/lib/jvm/java-11-openjdk-amd64/lib/libnet.so
7f9ed0066000-7f9ed006a000 ---p 00000000 00:00 0 
7f9ed006a000-7f9ed0167000 rw-p 00000000 00:00 0 
7f9ed0167000-7f9ed016b000 ---p 00000000 00:00 0 
7f9ed016b000-7f9ed0268000 rw-p 00000000 00:00 0 
7f9ed0268000-7f9ed026c000 ---p 00000000 00:00 0 
7f9ed026c000-7f9ed0369000 rw-p 00000000 00:00 0 
7f9ed0369000-7f9ed036d000 ---p 00000000 00:00 0 
7f9ed036d000-7f9ed046a000 rw-p 00000000 00:00 0 
7f9ed046a000-7f9ed046b000 ---p 00000000 00:00 0 
7f9ed046b000-7f9ed05ed000 rw-p 00000000 00:00 0 
7f9ed05ed000-7f9ed05ee000 ---p 00000000 00:00 0 
7f9ed05ee000-7f9ed06ef000 rw-p 00000000 00:00 0 
7f9ed06ef000-7f9ed06f0000 ---p 00000000 00:00 0 
7f9ed06f0000-7f9ed07f1000 rw-p 00000000 00:00 0 
7f9ed07f1000-7f9ed0a61000 rwxp 00000000 00:00 0 
7f9ed0a61000-7f9ed0d80000 ---p 00000000 00:00 0 
7f9ed0d80000-7f9ed1050000 rwxp 00000000 00:00 0 
7f9ed1050000-7f9ed82b8000 ---p 00000000 00:00 0 
7f9ed82b8000-7f9ed8528000 rwxp 00000000 00:00 0 
7f9ed8528000-7f9edf7f1000 ---p 00000000 00:00 0 
7f9edf7f1000-7f9ee8000000 r--s 00000000 08:05 2753624                    /usr/lib/jvm/java-11-openjdk-amd64/lib/modules
7f9ee8000000-7f9ee8933000 rw-p 00000000 00:00 0 
7f9ee8933000-7f9eec000000 ---p 00000000 00:00 0 
7f9eec005000-7f9eec006000 r--p 00000000 08:05 3183385                    /usr/lib/x86_64-linux-gnu/gconv/UTF-16.so
7f9eec006000-7f9eec008000 r-xp 00001000 08:05 3183385                    /usr/lib/x86_64-linux-gnu/gconv/UTF-16.so
7f9eec008000-7f9eec009000 r--p 00003000 08:05 3183385                    /usr/lib/x86_64-linux-gnu/gconv/UTF-16.so
7f9eec009000-7f9eec00a000 r--p 00003000 08:05 3183385                    /usr/lib/x86_64-linux-gnu/gconv/UTF-16.so
7f9eec00a000-7f9eec00b000 rw-p 00004000 08:05 3183385                    /usr/lib/x86_64-linux-gnu/gconv/UTF-16.so
7f9eec00b000-7f9eec012000 r--p 00000000 08:05 2753615                    /usr/lib/jvm/java-11-openjdk-amd64/lib/libnio.so
7f9eec012000-7f9eec01a000 r-xp 00007000 08:05 2753615                    /usr/lib/jvm/java-11-openjdk-amd64/lib/libnio.so
7f9eec01a000-7f9eec01d000 r--p 0000f000 08:05 2753615                    /usr/lib/jvm/java-11-openjdk-amd64/lib/libnio.so
7f9eec01d000-7f9eec01e000 r--p 00011000 08:05 2753615                    /usr/lib/jvm/java-11-openjdk-amd64/lib/libnio.so
7f9eec01e000-7f9eec01f000 rw-p 00012000 08:05 2753615                    /usr/lib/jvm/java-11-openjdk-amd64/lib/libnio.so
7f9eec01f000-7f9eec2e6000 rw-p 00000000 00:00 0 
7f9eec2e6000-7f9eec2e7000 ---p 00000000 00:00 0 
7f9eec2e7000-7f9eec3e8000 rw-p 00000000 00:00 0 
7f9eec3e8000-7f9eec3e9000 ---p 00000000 00:00 0 
7f9eec3e9000-7f9eec68b000 rw-p 00000000 00:00 0 
7f9eec68b000-7f9eedbfb000 ---p 00000000 00:00 0 
7f9eedbfb000-7f9eedc31000 rw-p 00000000 00:00 0 
7f9eedc31000-7f9eededf000 ---p 00000000 00:00 0 
7f9eededf000-7f9eedf0e000 rw-p 00000000 00:00 0 
7f9eedf0e000-7f9eee1bc000 ---p 00000000 00:00 0 
7f9eee1bc000-7f9eee1eb000 rw-p 00000000 00:00 0 
7f9eee1eb000-7f9eee499000 ---p 00000000 00:00 0 
7f9eee499000-7f9eee69c000 rw-p 00000000 00:00 0 
7f9eee69c000-7f9eee69d000 ---p 00000000 00:00 0 
7f9eee69d000-7f9eee7a3000 rw-p 00000000 00:00 0 
7f9eee7a3000-7f9eee889000 ---p 00000000 00:00 0 
7f9eee889000-7f9eee88f000 rw-p 00000000 00:00 0 
7f9eee88f000-7f9eee974000 ---p 00000000 00:00 0 
7f9eee974000-7f9eee979000 rw-p 00000000 00:00 0 
7f9eee979000-7f9eee980000 ---p 00000000 00:00 0 
7f9eee980000-7f9eee983000 r--p 00000000 08:05 2632028                    /usr/lib/x86_64-linux-gnu/libnss_files-2.31.so
7f9eee983000-7f9eee98a000 r-xp 00003000 08:05 2632028                    /usr/lib/x86_64-linux-gnu/libnss_files-2.31.so
7f9eee98a000-7f9eee98c000 r--p 0000a000 08:05 2632028                    /usr/lib/x86_64-linux-gnu/libnss_files-2.31.so
7f9eee98c000-7f9eee98d000 r--p 0000b000 08:05 2632028                    /usr/lib/x86_64-linux-gnu/libnss_files-2.31.so
7f9eee98d000-7f9eee98e000 rw-p 0000c000 08:05 2632028                    /usr/lib/x86_64-linux-gnu/libnss_files-2.31.so
7f9eee98e000-7f9eee994000 rw-p 00000000 00:00 0 
7f9eee995000-7f9eee99c000 r--s 00000000 08:05 3183390                    /usr/lib/x86_64-linux-gnu/gconv/gconv-modules.cache
7f9eee99c000-7f9eee99e000 r--p 00000000 08:05 2753623                    /usr/lib/jvm/java-11-openjdk-amd64/lib/libzip.so
7f9eee99e000-7f9eee9a3000 r-xp 00002000 08:05 2753623                    /usr/lib/jvm/java-11-openjdk-amd64/lib/libzip.so
7f9eee9a3000-7f9eee9a5000 r--p 00007000 08:05 2753623                    /usr/lib/jvm/java-11-openjdk-amd64/lib/libzip.so
7f9eee9a5000-7f9eee9a6000 r--p 00008000 08:05 2753623                    /usr/lib/jvm/java-11-openjdk-amd64/lib/libzip.so
7f9eee9a6000-7f9eee9a7000 rw-p 00009000 08:05 2753623                    /usr/lib/jvm/java-11-openjdk-amd64/lib/libzip.so
7f9eee9a7000-7f9eee9af000 rw-s 00000000 08:05 4625719                    /tmp/hsperfdata_santiago/59173
7f9eee9af000-7f9eee9b0000 ---p 00000000 00:00 0 
7f9eee9b0000-7f9eee9b1000 r--p 00000000 00:00 0 
7f9eee9b1000-7f9eee9bf000 r--p 00000000 08:05 2753377                    /usr/lib/jvm/java-11-openjdk-amd64/lib/libjava.so
7f9eee9bf000-7f9eee9d5000 r-xp 0000e000 08:05 2753377                    /usr/lib/jvm/java-11-openjdk-amd64/lib/libjava.so
7f9eee9d5000-7f9eee9dc000 r--p 00024000 08:05 2753377                    /usr/lib/jvm/java-11-openjdk-amd64/lib/libjava.so
7f9eee9dc000-7f9eee9dd000 r--p 0002a000 08:05 2753377                    /usr/lib/jvm/java-11-openjdk-amd64/lib/libjava.so
7f9eee9dd000-7f9eee9de000 rw-p 0002b000 08:05 2753377                    /usr/lib/jvm/java-11-openjdk-amd64/lib/libjava.so
7f9eee9de000-7f9eee9df000 rw-p 00000000 00:00 0 
7f9eee9df000-7f9eee9e1000 r--p 00000000 08:05 2632038                    /usr/lib/x86_64-linux-gnu/librt-2.31.so
7f9eee9e1000-7f9eee9e5000 r-xp 00002000 08:05 2632038                    /usr/lib/x86_64-linux-gnu/librt-2.31.so
7f9eee9e5000-7f9eee9e7000 r--p 00006000 08:05 2632038                    /usr/lib/x86_64-linux-gnu/librt-2.31.so
7f9eee9e7000-7f9eee9e8000 r--p 00007000 08:05 2632038                    /usr/lib/x86_64-linux-gnu/librt-2.31.so
7f9eee9e8000-7f9eee9e9000 rw-p 00008000 08:05 2632038                    /usr/lib/x86_64-linux-gnu/librt-2.31.so
7f9eee9e9000-7f9eee9ed000 ---p 00000000 00:00 0 
7f9eee9ed000-7f9eeeaea000 rw-p 00000000 00:00 0 
7f9eeeaea000-7f9eeeaed000 r--p 00000000 08:05 2622393                    /usr/lib/x86_64-linux-gnu/libgcc_s.so.1
7f9eeeaed000-7f9eeeaff000 r-xp 00003000 08:05 2622393                    /usr/lib/x86_64-linux-gnu/libgcc_s.so.1
7f9eeeaff000-7f9eeeb03000 r--p 00015000 08:05 2622393                    /usr/lib/x86_64-linux-gnu/libgcc_s.so.1
7f9eeeb03000-7f9eeeb04000 r--p 00018000 08:05 2622393                    /usr/lib/x86_64-linux-gnu/libgcc_s.so.1
7f9eeeb04000-7f9eeeb05000 rw-p 00019000 08:05 2622393                    /usr/lib/x86_64-linux-gnu/libgcc_s.so.1
7f9eeeb05000-7f9eeeb12000 r--p 00000000 08:05 2631998                    /usr/lib/x86_64-linux-gnu/libm-2.31.so
7f9eeeb12000-7f9eeebb9000 r-xp 0000d000 08:05 2631998                    /usr/lib/x86_64-linux-gnu/libm-2.31.so
7f9eeebb9000-7f9eeec52000 r--p 000b4000 08:05 2631998                    /usr/lib/x86_64-linux-gnu/libm-2.31.so
7f9eeec52000-7f9eeec53000 r--p 0014c000 08:05 2631998                    /usr/lib/x86_64-linux-gnu/libm-2.31.so
7f9eeec53000-7f9eeec54000 rw-p 0014d000 08:05 2631998                    /usr/lib/x86_64-linux-gnu/libm-2.31.so
7f9eeec54000-7f9eeecea000 r--p 00000000 08:05 2626859                    /usr/lib/x86_64-linux-gnu/libstdc++.so.6.0.28
7f9eeecea000-7f9eeeddb000 r-xp 00096000 08:05 2626859                    /usr/lib/x86_64-linux-gnu/libstdc++.so.6.0.28
7f9eeeddb000-7f9eeee24000 r--p 00187000 08:05 2626859                    /usr/lib/x86_64-linux-gnu/libstdc++.so.6.0.28
7f9eeee24000-7f9eeee25000 ---p 001d0000 08:05 2626859                    /usr/lib/x86_64-linux-gnu/libstdc++.so.6.0.28
7f9eeee25000-7f9eeee30000 r--p 001d0000 08:05 2626859                    /usr/lib/x86_64-linux-gnu/libstdc++.so.6.0.28
7f9eeee30000-7f9eeee33000 rw-p 001db000 08:05 2626859                    /usr/lib/x86_64-linux-gnu/libstdc++.so.6.0.28
7f9eeee33000-7f9eeee36000 rw-p 00000000 00:00 0 
7f9eeee36000-7f9eef0b8000 r--p 00000000 08:05 3017460                    /usr/lib/jvm/java-11-openjdk-amd64/lib/server/libjvm.so
7f9eef0b8000-7f9eefd49000 r-xp 00282000 08:05 3017460                    /usr/lib/jvm/java-11-openjdk-amd64/lib/server/libjvm.so
7f9eefd49000-7f9eeffa8000 r--p 00f13000 08:05 3017460                    /usr/lib/jvm/java-11-openjdk-amd64/lib/server/libjvm.so
7f9eeffa8000-7f9ef006c000 r--p 01171000 08:05 3017460                    /usr/lib/jvm/java-11-openjdk-amd64/lib/server/libjvm.so
7f9ef006c000-7f9ef00a7000 rw-p 01235000 08:05 3017460                    /usr/lib/jvm/java-11-openjdk-amd64/lib/server/libjvm.so
7f9ef00a7000-7f9ef0100000 rw-p 00000000 00:00 0 
7f9ef0100000-7f9ef0122000 r--p 00000000 08:05 2631994                    /usr/lib/x86_64-linux-gnu/libc-2.31.so
7f9ef0122000-7f9ef029a000 r-xp 00022000 08:05 2631994                    /usr/lib/x86_64-linux-gnu/libc-2.31.so
7f9ef029a000-7f9ef02e8000 r--p 0019a000 08:05 2631994                    /usr/lib/x86_64-linux-gnu/libc-2.31.so
7f9ef02e8000-7f9ef02ec000 r--p 001e7000 08:05 2631994                    /usr/lib/x86_64-linux-gnu/libc-2.31.so
7f9ef02ec000-7f9ef02ee000 rw-p 001eb000 08:05 2631994                    /usr/lib/x86_64-linux-gnu/libc-2.31.so
7f9ef02ee000-7f9ef02f2000 rw-p 00000000 00:00 0 
7f9ef02f2000-7f9ef02f3000 r--p 00000000 08:05 2631996                    /usr/lib/x86_64-linux-gnu/libdl-2.31.so
7f9ef02f3000-7f9ef02f5000 r-xp 00001000 08:05 2631996                    /usr/lib/x86_64-linux-gnu/libdl-2.31.so
7f9ef02f5000-7f9ef02f6000 r--p 00003000 08:05 2631996                    /usr/lib/x86_64-linux-gnu/libdl-2.31.so
7f9ef02f6000-7f9ef02f7000 r--p 00003000 08:05 2631996                    /usr/lib/x86_64-linux-gnu/libdl-2.31.so
7f9ef02f7000-7f9ef02f8000 rw-p 00004000 08:05 2631996                    /usr/lib/x86_64-linux-gnu/libdl-2.31.so
7f9ef02f8000-7f9ef02fb000 r--p 00000000 08:05 3017457                    /usr/lib/jvm/java-11-openjdk-amd64/lib/jli/libjli.so
7f9ef02fb000-7f9ef0305000 r-xp 00003000 08:05 3017457                    /usr/lib/jvm/java-11-openjdk-amd64/lib/jli/libjli.so
7f9ef0305000-7f9ef0308000 r--p 0000d000 08:05 3017457                    /usr/lib/jvm/java-11-openjdk-amd64/lib/jli/libjli.so
7f9ef0308000-7f9ef0309000 ---p 00010000 08:05 3017457                    /usr/lib/jvm/java-11-openjdk-amd64/lib/jli/libjli.so
7f9ef0309000-7f9ef030a000 r--p 00010000 08:05 3017457                    /usr/lib/jvm/java-11-openjdk-amd64/lib/jli/libjli.so
7f9ef030a000-7f9ef030b000 rw-p 00011000 08:05 3017457                    /usr/lib/jvm/java-11-openjdk-amd64/lib/jli/libjli.so
7f9ef030b000-7f9ef0311000 r--p 00000000 08:05 2632036                    /usr/lib/x86_64-linux-gnu/libpthread-2.31.so
7f9ef0311000-7f9ef0322000 r-xp 00006000 08:05 2632036                    /usr/lib/x86_64-linux-gnu/libpthread-2.31.so
7f9ef0322000-7f9ef0328000 r--p 00017000 08:05 2632036                    /usr/lib/x86_64-linux-gnu/libpthread-2.31.so
7f9ef0328000-7f9ef0329000 r--p 0001c000 08:05 2632036                    /usr/lib/x86_64-linux-gnu/libpthread-2.31.so
7f9ef0329000-7f9ef032a000 rw-p 0001d000 08:05 2632036                    /usr/lib/x86_64-linux-gnu/libpthread-2.31.so
7f9ef032a000-7f9ef032e000 rw-p 00000000 00:00 0 
7f9ef032e000-7f9ef0330000 r--p 00000000 08:05 2627188                    /usr/lib/x86_64-linux-gnu/libz.so.1.2.11
7f9ef0330000-7f9ef0341000 r-xp 00002000 08:05 2627188                    /usr/lib/x86_64-linux-gnu/libz.so.1.2.11
7f9ef0341000-7f9ef0347000 r--p 00013000 08:05 2627188                    /usr/lib/x86_64-linux-gnu/libz.so.1.2.11
7f9ef0347000-7f9ef0348000 ---p 00019000 08:05 2627188                    /usr/lib/x86_64-linux-gnu/libz.so.1.2.11
7f9ef0348000-7f9ef0349000 r--p 00019000 08:05 2627188                    /usr/lib/x86_64-linux-gnu/libz.so.1.2.11
7f9ef0349000-7f9ef034a000 rw-p 0001a000 08:05 2627188                    /usr/lib/x86_64-linux-gnu/libz.so.1.2.11
7f9ef034a000-7f9ef034c000 r--p 00000000 08:05 2753588                    /usr/lib/jvm/java-11-openjdk-amd64/lib/libjimage.so
7f9ef034c000-7f9ef034f000 r-xp 00002000 08:05 2753588                    /usr/lib/jvm/java-11-openjdk-amd64/lib/libjimage.so
7f9ef034f000-7f9ef0350000 r--p 00005000 08:05 2753588                    /usr/lib/jvm/java-11-openjdk-amd64/lib/libjimage.so
7f9ef0350000-7f9ef0351000 ---p 00006000 08:05 2753588                    /usr/lib/jvm/java-11-openjdk-amd64/lib/libjimage.so
7f9ef0351000-7f9ef0352000 r--p 00006000 08:05 2753588                    /usr/lib/jvm/java-11-openjdk-amd64/lib/libjimage.so
7f9ef0352000-7f9ef0353000 rw-p 00007000 08:05 2753588                    /usr/lib/jvm/java-11-openjdk-amd64/lib/libjimage.so
7f9ef0353000-7f9ef0358000 r--p 00000000 08:05 2753622                    /usr/lib/jvm/java-11-openjdk-amd64/lib/libverify.so
7f9ef0358000-7f9ef035f000 r-xp 00005000 08:05 2753622                    /usr/lib/jvm/java-11-openjdk-amd64/lib/libverify.so
7f9ef035f000-7f9ef0361000 r--p 0000c000 08:05 2753622                    /usr/lib/jvm/java-11-openjdk-amd64/lib/libverify.so
7f9ef0361000-7f9ef0362000 ---p 0000e000 08:05 2753622                    /usr/lib/jvm/java-11-openjdk-amd64/lib/libverify.so
7f9ef0362000-7f9ef0364000 r--p 0000e000 08:05 2753622                    /usr/lib/jvm/java-11-openjdk-amd64/lib/libverify.so
7f9ef0364000-7f9ef0365000 rw-p 00010000 08:05 2753622                    /usr/lib/jvm/java-11-openjdk-amd64/lib/libverify.so
7f9ef0365000-7f9ef0367000 rw-p 00000000 00:00 0 
7f9ef0367000-7f9ef0368000 r--p 00000000 08:05 2623639                    /usr/lib/x86_64-linux-gnu/ld-2.31.so
7f9ef0368000-7f9ef038b000 r-xp 00001000 08:05 2623639                    /usr/lib/x86_64-linux-gnu/ld-2.31.so
7f9ef038b000-7f9ef0393000 r--p 00024000 08:05 2623639                    /usr/lib/x86_64-linux-gnu/ld-2.31.so
7f9ef0393000-7f9ef0394000 rwxp 00000000 00:00 0 
7f9ef0394000-7f9ef0395000 r--p 0002c000 08:05 2623639                    /usr/lib/x86_64-linux-gnu/ld-2.31.so
7f9ef0395000-7f9ef0396000 rw-p 0002d000 08:05 2623639                    /usr/lib/x86_64-linux-gnu/ld-2.31.so
7f9ef0396000-7f9ef0397000 rw-p 00000000 00:00 0 
7ffd15992000-7ffd159b5000 rw-p 00000000 00:00 0                          [stack]
7ffd159e1000-7ffd159e5000 r--p 00000000 00:00 0                          [vvar]
7ffd159e5000-7ffd159e7000 r-xp 00000000 00:00 0                          [vdso]
ffffffffff600000-ffffffffff601000 --xp 00000000 00:00 0                  [vsyscall]


VM Arguments:
jvm_args: -Dfile.encoding=UTF-8 -Duser.country=US -Duser.language=en -Duser.variant 
java_command: MainKt
java_class_path (initial): /home/santiago/Aarhus/ConfLiftingaaS/build/classes/java/main:/home/santiago/Aarhus/ConfLiftingaaS/build/classes/kotlin/main:/home/santiago/Aarhus/ConfLiftingaaS/build/resources/main:/home/santiago/.gradle/caches/modules-2/files-2.1/org.jetbrains.kotlinx/kotlinx-serialization-json-jvm/1.5.0/f2355f60f5c027da0326c8af2d9c724d39aa0ce9/kotlinx-serialization-json-jvm-1.5.0.jar:/home/santiago/.gradle/caches/modules-2/files-2.1/org.jetbrains.kotlinx/kotlinx-serialization-core-jvm/1.5.0/d701e8cccd443a7cc1a0bcac53432f2745dcdbda/kotlinx-serialization-core-jvm-1.5.0.jar:/home/santiago/.gradle/caches/modules-2/files-2.1/org.siani.javafmi/fmu-wrapper/2.26.3/56f94b5c0935c234802450545083855994612c41/fmu-wrapper-2.26.3.jar:/home/santiago/.gradle/caches/modules-2/files-2.1/org.jetbrains.kotlin/kotlin-stdlib-jdk8/1.8.10/7c002ac41f547a82e81dfebd2a20577a738dbf3f/kotlin-stdlib-jdk8-1.8.10.jar:/home/santiago/.gradle/caches/modules-2/files-2.1/org.apache.jena/jena-shacl/3.16.0/73224ac7a31181149fce1a85c4ad86a9e5d76c0d/jena-shacl-3.16.0.jar:/home/santiago/.gradle/caches/modules-2/files-2.1/org.apache.jena/jena-tdb/3.16.0/9cbf4b9d9ce058403f4977be0ceff0c6a6b755d/jena-tdb-3.16.0.jar:/home/santiago/.gradle/caches/modules-2/files-2.1/org.apache.jena/jena-rdfconnection/3.16.0/68e2a3f2c450ae4ce2652a3713dea95066bff25a/jena-rdfconnection-3.16.0.jar:/home/santiago/.gradle/caches/modules-2/files-2.1/org.apache.jena/jena-tdb2/3.16.0/1f014a32d88e4bb5ac4c5291703fafd5bd060a8c/jena-tdb2-3.16.0.jar:/home/santiago/.gradle/caches/modules-2/files-2.1/org.apache.jena/jena-dboe-storage/3.16.0/86876be46c78ee68172614c4bf3cd211b3815d33/jena-dboe-storage-3.16.0.jar:/home/santiago/.gradle/caches/modules-2/files-2.1/org.apache.jena/jena-dboe-trans-data/3.16.0/2df0c144ef7f420d45a984c753a7078b70618a94/jena-dboe-trans-data-3.16.0.jar:/home/santiago/.gradle/caches/modules-2/files-2.1/org.apache.jena/jena-dboe-transaction/3.16.0/668a904ec5532ff837e8a9b67460797f2654f077/jena-dboe-transaction-3.16.
Launcher Type: SUN_STANDARD

[Global flags]
     intx CICompilerCount                          = 2                                         {product} {ergonomic}
     uint ConcGCThreads                            = 1                                         {product} {ergonomic}
     uint G1ConcRefinementThreads                  = 2                                         {product} {ergonomic}
   size_t G1HeapRegionSize                         = 1048576                                   {product} {ergonomic}
    uintx GCDrainStackTargetSize                   = 64                                        {product} {ergonomic}
   size_t InitialHeapSize                          = 96468992                                  {product} {ergonomic}
   size_t MarkStackSize                            = 4194304                                   {product} {ergonomic}
   size_t MaxHeapSize                              = 1537212416                                {product} {ergonomic}
   size_t MaxNewSize                               = 921698304                                 {product} {ergonomic}
   size_t MinHeapDeltaBytes                        = 1048576                                   {product} {ergonomic}
    uintx NonNMethodCodeHeapSize                   = 5825164                                {pd product} {ergonomic}
    uintx NonProfiledCodeHeapSize                  = 122916538                              {pd product} {ergonomic}
    uintx ProfiledCodeHeapSize                     = 122916538                              {pd product} {ergonomic}
    uintx ReservedCodeCacheSize                    = 251658240                              {pd product} {ergonomic}
     bool SegmentedCodeCache                       = true                                      {product} {ergonomic}
     bool UseCompressedClassPointers               = true                                 {lp64_product} {ergonomic}
     bool UseCompressedOops                        = true                                 {lp64_product} {ergonomic}
     bool UseG1GC                                  = true                                      {product} {ergonomic}

Logging:
Log output configuration:
 #0: stdout all=warning uptime,level,tags
 #1: stderr all=off uptime,level,tags

Environment Variables:
JAVA_HOME=/usr/lib/jvm/java-11-openjdk-amd64
PATH=/home/santiago/.sdkman/candidates/kotlin/current/bin:/home/santiago/.sdkman/candidates/gradle/current/bin:/home/santiago/apache-maven-3.9.4/bin:/usr/lib/jvm/java-11-openjdk-amd64:/usr/lib/jvm/java-11-openjdk-amd64/bin:/home/santiago/node-js/bin:/home/santiago/node-js:/home/santiago/uppaal64-4.1.25-5:/home/santiago/uppaal64-4.1.25-5/bin-Linux:/home/santiago/.local/bin:/usr/local/sbin:/usr/local/bin:/usr/sbin:/usr/bin:/sbin:/bin:/usr/games:/usr/local/games:/snap/bin
USERNAME=santiago
SHELL=/bin/bash
DISPLAY=:0
LANG=en_US.UTF-8
TERM=xterm-256color

Signal Handlers:
SIGSEGV: [libjvm.so+0xea02e0], sa_mask[0]=11111111011111111101111111111110, sa_flags=SA_RESTART|SA_SIGINFO
SIGBUS: [libjvm.so+0xea02e0], sa_mask[0]=11111111011111111101111111111110, sa_flags=SA_RESTART|SA_SIGINFO
SIGFPE: [libjvm.so+0xea02e0], sa_mask[0]=11111111011111111101111111111110, sa_flags=SA_RESTART|SA_SIGINFO
SIGPIPE: [libjvm.so+0xbe5be0], sa_mask[0]=11111111011111111101111111111110, sa_flags=SA_RESTART|SA_SIGINFO
SIGXFSZ: [libjvm.so+0xbe5be0], sa_mask[0]=11111111011111111101111111111110, sa_flags=SA_RESTART|SA_SIGINFO
SIGILL: [libjvm.so+0xea02e0], sa_mask[0]=11111111011111111101111111111110, sa_flags=SA_RESTART|SA_SIGINFO
SIGUSR2: [libjvm.so+0xbe5a80], sa_mask[0]=00100000000000000000000000000000, sa_flags=SA_RESTART|SA_SIGINFO
SIGHUP: [libjvm.so+0xbe6130], sa_mask[0]=11111111011111111101111111111110, sa_flags=SA_RESTART|SA_SIGINFO
SIGINT: [libjvm.so+0xbe6130], sa_mask[0]=11111111011111111101111111111110, sa_flags=SA_RESTART|SA_SIGINFO
SIGTERM: [libjvm.so+0xbe6130], sa_mask[0]=11111111011111111101111111111110, sa_flags=SA_RESTART|SA_SIGINFO
SIGQUIT: [libjvm.so+0xbe6130], sa_mask[0]=11111111011111111101111111111110, sa_flags=SA_RESTART|SA_SIGINFO


---------------  S Y S T E M  ---------------

OS:DISTRIB_ID=Ubuntu
DISTRIB_RELEASE=20.04
DISTRIB_CODENAME=focal
DISTRIB_DESCRIPTION="Ubuntu 20.04.6 LTS"
uname:Linux 5.15.0-78-generic #85~20.04.1-Ubuntu SMP Mon Jul 17 09:42:39 UTC 2023 x86_64
OS uptime: 0 days 2:17 hours
libc:glibc 2.31 NPTL 2.31 
rlimit (soft/hard): STACK 8192k/infinity , CORE 0k/infinity , NPROC 23121/23121 , NOFILE 1048576/1048576 , AS infinity/infinity , CPU infinity/infinity , DATA infinity/infinity , FSIZE infinity/infinity , MEMLOCK 65536k/65536k
load average:0.81 8.44 10.92

/proc/meminfo:
MemTotal:        6004560 kB
MemFree:          912784 kB
MemAvailable:    2715148 kB
Buffers:           76792 kB
Cached:          1873388 kB
SwapCached:        17108 kB
Active:           976576 kB
Inactive:        3155424 kB
Active(anon):      67204 kB
Inactive(anon):  2108252 kB
Active(file):     909372 kB
Inactive(file):  1047172 kB
Unevictable:       13452 kB
Mlocked:           13452 kB
SwapTotal:       2097148 kB
SwapFree:        1872236 kB
Dirty:               732 kB
Writeback:             0 kB
AnonPages:       2181288 kB
Mapped:           554832 kB
Shmem:             16008 kB
KReclaimable:     116716 kB
Slab:             283784 kB
SReclaimable:     116716 kB
SUnreclaim:       167068 kB
KernelStack:       18908 kB
PageTables:        27492 kB
NFS_Unstable:          0 kB
Bounce:                0 kB
WritebackTmp:          0 kB
CommitLimit:     5099428 kB
Committed_AS:    8975780 kB
VmallocTotal:   34359738367 kB
VmallocUsed:       85848 kB
VmallocChunk:          0 kB
Percpu:           181248 kB
HardwareCorrupted:     0 kB
AnonHugePages:      2048 kB
ShmemHugePages:        0 kB
ShmemPmdMapped:        0 kB
FileHugePages:         0 kB
FilePmdMapped:         0 kB
HugePages_Total:       0
HugePages_Free:        0
HugePages_Rsvd:        0
HugePages_Surp:        0
Hugepagesize:       2048 kB
Hugetlb:               0 kB
DirectMap4k:      587584 kB
DirectMap2M:     5679104 kB
DirectMap1G:           0 kB

/sys/kernel/mm/transparent_hugepage/enabled:
always [madvise] never
/sys/kernel/mm/transparent_hugepage/defrag (defrag/compaction efforts parameter):
always defer defer+madvise [madvise] never

Process Memory:
Virtual Size: 4101084K (peak: 12903016K)
Resident Set Size: 127396K (peak: 127396K) (anon: 92196K, file: 35200K, shmem: 0K)
Swapped out: 0K
C-Heap outstanding allocations: 17966K, retained: 6261K
glibc malloc tunables: (default)

/proc/sys/kernel/threads-max (system-wide limit on the number of threads):
46242
/proc/sys/vm/max_map_count (maximum number of memory map areas a process may have):
65530
/proc/sys/kernel/pid_max (system-wide limit on number of process identifiers):
4194304

container (cgroup) information:
container_type: cgroupv1
cpu_cpuset_cpus: 0-1
cpu_memory_nodes: 0
active_processor_count: 2
cpu_quota: no quota
cpu_period: 100000
cpu_shares: no shares
memory_limit_in_bytes: unlimited
memory_and_swap_limit_in_bytes: unlimited
memory_soft_limit_in_bytes: unlimited
memory_usage_in_bytes: 3099848 k
memory_max_usage_in_bytes: 4801900 k
kernel_memory_usage_in_bytes: 79724 k
kernel_memory_max_usage_in_bytes: unlimited
kernel_memory_limit_in_bytes: 100276 k
maximum number of tasks: unlimited
current number of tasks: 450

VMWare virtualization detected
Steal ticks since vm start: 0
Steal ticks percentage since vm start:  0.000

CPU:total 2 (initial active 2) (1 cores per cpu, 1 threads per core) family 6 model 140 stepping 1 microcode 0x8a, cmov, cx8, fxsr, mmx, sse, sse2, sse3, ssse3, sse4.1, sse4.2, popcnt, avx, avx2, aes, clmul, erms, 3dnowpref, lzcnt, tsc, tscinvbit, bmi1, bmi2, adx, evex, sha, fma
CPU Model and flags from /proc/cpuinfo:
model name	: 11th Gen Intel(R) Core(TM) i5-1135G7 @ 2.40GHz
flags		: fpu vme de pse tsc msr pae mce cx8 apic sep mtrr pge mca cmov pat pse36 clflush mmx fxsr sse sse2 ss syscall nx pdpe1gb rdtscp lm constant_tsc arch_perfmon rep_good nopl xtopology tsc_reliable nonstop_tsc cpuid tsc_known_freq pni pclmulqdq ssse3 fma cx16 pcid sse4_1 sse4_2 x2apic movbe popcnt tsc_deadline_timer aes xsave avx f16c rdrand hypervisor lahf_lm abm 3dnowprefetch cpuid_fault invpcid_single ssbd ibrs ibpb stibp ibrs_enhanced fsgsbase tsc_adjust bmi1 avx2 smep bmi2 erms invpcid avx512f avx512dq rdseed adx smap avx512ifma clflushopt clwb avx512cd sha_ni avx512bw avx512vl xsaveopt xsavec xgetbv1 xsaves arat avx512vbmi umip pku ospke avx512_vbmi2 gfni vaes vpclmulqdq avx512_vnni avx512_bitalg avx512_vpopcntdq rdpid movdiri movdir64b fsrm avx512_vp2intersect md_clear flush_l1d arch_capabilities
Online cpus:
0-1
Offline cpus:
2-127
BIOS frequency limitation:
<Not Available>
Frequency switch latency (ns):
<Not Available>
Available cpu frequencies:
<Not Available>
Current governor:
<Not Available>
Core performance/turbo boost:
<Not Available>

Memory: 4k page, physical 6004560k(912784k free), swap 2097148k(1872236k free)

vm_info: OpenJDK 64-Bit Server VM (11.0.20+8-post-Ubuntu-1ubuntu120.04) for linux-amd64 JRE (11.0.20+8-post-Ubuntu-1ubuntu120.04), built on Jul 20 2023 03:22:26 by "unknown" with gcc 9.4.0

END.
