#
# A fatal error has been detected by the Java Runtime Environment:
#
#  SIGSEGV (0xb) at pc=0x00007f465eb3cc3d, pid=42275, tid=42276
#
# JRE version: OpenJDK Runtime Environment (11.0.20+8) (build 11.0.20+8-post-Ubuntu-1ubuntu120.04)
# Java VM: OpenJDK 64-Bit Server VM (11.0.20+8-post-Ubuntu-1ubuntu120.04, mixed mode, sharing, tiered, compressed oops, g1 gc, linux-amd64)
# Problematic frame:
# C  [rabbitmq.so+0x271c3d]  FmuContainerCore::getData()+0x2d
#
# Core dump will be written. Default location: Core dumps may be processed with "/usr/share/apport/apport -p%p -s%s -c%c -d%d -P%P -u%u -g%g -- %E" (or dumping to /home/santiago/Aarhus/ConfLiftingaaS/core.42275)
#
# If you would like to submit a bug report, please visit:
#   https://bugs.launchpad.net/ubuntu/+source/openjdk-lts
# The crash happened outside the Java Virtual Machine in native code.
# See problematic frame for where to report the bug.
#

---------------  S U M M A R Y ------------

Command Line: -Dfile.encoding=UTF-8 -Duser.country=US -Duser.language=en -Duser.variant MainKt

Host: 11th Gen Intel(R) Core(TM) i5-1135G7 @ 2.40GHz, 2 cores, 5G, Ubuntu 20.04.6 LTS
Time: Tue Aug 22 10:23:08 2023 CEST elapsed time: 6.456189 seconds (0d 0h 0m 6s)

---------------  T H R E A D  ---------------

Current thread (0x00007f46a4018000):  JavaThread "main" [_thread_in_native, id=42276, stack(0x00007f46aaf9c000,0x00007f46ab09d000)]

Stack: [0x00007f46aaf9c000,0x00007f46ab09d000],  sp=0x00007f46ab09a660,  free space=1017k
Native frames: (J=compiled Java code, A=aot compiled Java code, j=interpreted, Vv=VM code, C=native code)
C  [rabbitmq.so+0x271c3d]  FmuContainerCore::getData()+0x2d

Java frames: (J=compiled Java code, j=interpreted, Vv=VM code)
j  com.sun.jna.Native.invokeInt(JI[Ljava/lang/Object;)I+0
j  com.sun.jna.Function.invoke([Ljava/lang/Object;Ljava/lang/Class;Z)Ljava/lang/Object;+225
j  com.sun.jna.Function.invoke(Ljava/lang/Class;[Ljava/lang/Object;Ljava/util/Map;)Ljava/lang/Object;+262
j  com.sun.jna.Function.invoke(Ljava/lang/Class;[Ljava/lang/Object;)Ljava/lang/Object;+7
j  com.sun.jna.Function.invokeInt([Ljava/lang/Object;)I+5
j  org.javafmi.proxy.v2.Fmu$1.asInt()I+15
j  org.javafmi.proxy.v2.Fmu.getInteger([I)[I+43
j  org.javafmi.proxy.v2.FmuProxy.getInteger([I)[I+5
j  org.javafmi.wrapper.variables.SingleRead.asInteger()I+14
j  dtstructure.DTFMUConf.liftInto(Lorg/apache/jena/rdf/model/Model;)V+516
j  dtstructure.DTComponent.liftInto(Lorg/apache/jena/rdf/model/Model;)V+145
j  dtstructure.DTComponent.liftInto(Lorg/apache/jena/rdf/model/Model;)V+145
j  DTLiftingService.getModel()Lorg/apache/jena/rdf/model/Model;+66
j  MainKt.setupFlex(LDTManager;)V+30
j  MainKt.main([Ljava/lang/String;)V+85
v  ~StubRoutines::call_stub

siginfo: si_signo: 11 (SIGSEGV), si_code: 128 (SI_KERNEL), si_addr: 0x0000000000000000

Register to memory mapping:

RAX=0x00007f46a489fd01 points into unknown readable memory: 00 00 00 00 00 00 00
RBX=0x00007f46ab09a688 is pointing into the stack for thread: 0x00007f46a4018000
RCX=0x00007f46a49b7fc0 points into unknown readable memory: 0x00007f4600000000 | 00 00 00 00 46 7f 00 00
RDX=0x00007f46ab09a690 is pointing into the stack for thread: 0x00007f46a4018000
RSP=0x00007f46ab09a660 is pointing into the stack for thread: 0x00007f46a4018000
RBP=0x0000000000000001 is an unknown value
RSI=0x656c626154726562 is an unknown value
RDI=0x00007f46ab09a688 is pointing into the stack for thread: 0x00007f46a4018000
R8 =0x0000000084584540 is an unknown value
R9 =0x00007f46a4018000 is a thread
R10=0x00007f46ab09a670 is pointing into the stack for thread: 0x00007f46a4018000
R11=0x00007f465eb228e0: fmi2GetInteger+0x0000000000000000 in /tmp/fmu_75900e84_4150_420d_ac20_e48f128eb743rabbit2_1_5-16_SG/binaries/linux64/rabbitmq.so at 0x00007f465e8cb000
R12=0x00007f46a49b7fe0 points into unknown readable memory: 0x00007f4600000015 | 15 00 00 00 46 7f 00 00
R13=0x00007f46a4454ae0 points into unknown readable memory: 0x00007f465f0b3f88 | 88 3f 0b 5f 46 7f 00 00
R14=0x656c626154726562 is an unknown value
R15=0x0 is NULL


Registers:
RAX=0x00007f46a489fd01, RBX=0x00007f46ab09a688, RCX=0x00007f46a49b7fc0, RDX=0x00007f46ab09a690
RSP=0x00007f46ab09a660, RBP=0x0000000000000001, RSI=0x656c626154726562, RDI=0x00007f46ab09a688
R8 =0x0000000084584540, R9 =0x00007f46a4018000, R10=0x00007f46ab09a670, R11=0x00007f465eb228e0
R12=0x00007f46a49b7fe0, R13=0x00007f46a4454ae0, R14=0x656c626154726562, R15=0x0000000000000000
RIP=0x00007f465eb3cc3d, EFLAGS=0x0000000000010246, CSGSFS=0x002b000000000033, ERR=0x0000000000000000
  TRAPNO=0x000000000000000d

Top of Stack: (sp=0x00007f46ab09a660)
0x00007f46ab09a660:   00007f46a489fd01 00007f46ab09a688
0x00007f46ab09a670:   00007f46ab09a690 00007f465eb16a8c
0x00007f46ab09a680:   00007f46a49b7fc0 00007f46a49b7fc0
0x00007f46ab09a690:   0000000000000000 0000000000000000 

Instructions: (pc=0x00007f465eb3cc3d)
0x00007f465eb3cb3d:   ff 49 89 c7 48 89 ef 4c 89 f6 e8 84 63 fb ff 49
0x00007f465eb3cb4d:   89 c6 48 8b 68 28 48 89 c3 48 83 c3 28 eb 0c 0f
0x00007f465eb3cb5d:   1f 40 00 4c 89 e7 e8 a8 c8 fb ff 48 39 dd 0f 84
0x00007f465eb3cb6d:   ef fc ff ff 49 89 ec 48 8b 6d 00 41 83 7c 24 18
0x00007f465eb3cb7d:   00 75 e0 49 8b 7c 24 20 49 8d 44 24 30 48 39 c7
0x00007f465eb3cb8d:   74 d1 e8 7c c8 fb ff eb ca 48 8b 7c 24 10 f2 0f
0x00007f465eb3cb9d:   10 44 24 40 e8 4a eb fb ff 48 81 c4 b8 00 00 00
0x00007f465eb3cbad:   5b 41 5c 41 5d 41 5e 41 5f 5d c3 e8 c3 24 fc ff
0x00007f465eb3cbbd:   48 89 c3 83 bc 24 90 00 00 00 00 75 1f 48 8b bc
0x00007f465eb3cbcd:   24 98 00 00 00 48 8d 84 24 a8 00 00 00 48 39 c7
0x00007f465eb3cbdd:   74 0a e8 2c c8 fb ff eb 03 48 89 c3 83 7c 24 50
0x00007f465eb3cbed:   00 75 14 48 8b 7c 24 58 48 8d 44 24 68 48 39 c7
0x00007f465eb3cbfd:   74 05 e8 0c c8 fb ff 48 89 df e8 64 ba fc ff 0f
0x00007f465eb3cc0d:   1f 40 00 41 56 53 50 49 89 f6 48 89 fb 48 8d 57
0x00007f465eb3cc1d:   08 c7 47 08 00 00 00 00 48 c7 47 10 00 00 00 00
0x00007f465eb3cc2d:   48 89 57 18 48 89 57 20 48 c7 47 28 00 00 00 00
0x00007f465eb3cc3d:   48 8b b6 00 01 00 00 48 85 f6 74 56 48 89 1c 24
0x00007f465eb3cc4d:   48 89 e1 48 89 df e8 98 55 fb ff 48 89 c2 0f 1f
0x00007f465eb3cc5d:   44 00 00 48 89 d1 48 8b 52 10 48 85 d2 75 f4 48
0x00007f465eb3cc6d:   89 4b 18 48 89 c2 66 2e 0f 1f 84 00 00 00 00 00
0x00007f465eb3cc7d:   0f 1f 00 48 89 d1 48 8b 52 18 48 85 d2 75 f4 48
0x00007f465eb3cc8d:   89 4b 20 49 8b 8e 18 01 00 00 48 89 4b 28 48 89
0x00007f465eb3cc9d:   43 10 48 89 d8 48 83 c4 08 5b 41 5e c3 66 0f 1f
0x00007f465eb3ccad:   44 00 00 48 8b 87 20 01 00 00 c3 0f 1f 84 00 00
0x00007f465eb3ccbd:   00 00 00 40 88 b7 80 01 00 00 c3 0f 1f 84 00 00
0x00007f465eb3cccd:   00 00 00 41 57 41 56 41 54 53 50 49 89 cf 49 89
0x00007f465eb3ccdd:   d6 49 89 fc 48 85 f6 74 1b 48 89 f3 48 89 f7 e8
0x00007f465eb3cced:   4f 2b fb ff 4c 89 e7 48 89 de 48 89 c2 e8 81 ff
0x00007f465eb3ccfd:   fb ff eb 19 49 8b 04 24 48 8b 40 e8 49 8d 3c 04
0x00007f465eb3cd0d:   41 8b 74 04 20 83 ce 01 e8 e6 a7 fc ff 48 8d 35
0x00007f465eb3cd1d:   9c 1c 47 00 ba 06 00 00 00 4c 89 e7 e8 52 ff fb
0x00007f465eb3cd2d:   ff 49 8b 37 4c 89 e7 e8 f7 c7 fb ff 48 89 c3 48 


Stack slot to memory mapping:
stack at sp + 0 slots: 0x00007f46a489fd01 points into unknown readable memory: 00 00 00 00 00 00 00
stack at sp + 1 slots: 0x00007f46ab09a688 is pointing into the stack for thread: 0x00007f46a4018000
stack at sp + 2 slots: 0x00007f46ab09a690 is pointing into the stack for thread: 0x00007f46a4018000
stack at sp + 3 slots: 0x00007f465eb16a8c: _ZN12FmuContainer10getIntegerEPKjmPi+0x000000000000003c in /tmp/fmu_75900e84_4150_420d_ac20_e48f128eb743rabbit2_1_5-16_SG/binaries/linux64/rabbitmq.so at 0x00007f465e8cb000
stack at sp + 4 slots: 0x00007f46a49b7fc0 points into unknown readable memory: 0x00007f4600000000 | 00 00 00 00 46 7f 00 00
stack at sp + 5 slots: 0x00007f46a49b7fc0 points into unknown readable memory: 0x00007f4600000000 | 00 00 00 00 46 7f 00 00
stack at sp + 6 slots: 0x0 is NULL
stack at sp + 7 slots: 0x0 is NULL


---------------  P R O C E S S  ---------------

Threads class SMR info:
_java_thread_list=0x00007f46a4123b30, length=9, elements={
0x00007f46a4018000, 0x00007f46a40df000, 0x00007f46a40e1000, 0x00007f46a40e6800,
0x00007f46a40e9000, 0x00007f46a40eb000, 0x00007f46a40ed000, 0x00007f46a40ef000,
0x00007f46a4122800
}

Java Threads: ( => current thread )
=>0x00007f46a4018000 JavaThread "main" [_thread_in_native, id=42276, stack(0x00007f46aaf9c000,0x00007f46ab09d000)]
  0x00007f46a40df000 JavaThread "Reference Handler" daemon [_thread_blocked, id=42283, stack(0x00007f46a814a000,0x00007f46a824b000)]
  0x00007f46a40e1000 JavaThread "Finalizer" daemon [_thread_blocked, id=42284, stack(0x00007f46a8049000,0x00007f46a814a000)]
  0x00007f46a40e6800 JavaThread "Signal Dispatcher" daemon [_thread_blocked, id=42285, stack(0x00007f468c180000,0x00007f468c281000)]
  0x00007f46a40e9000 JavaThread "Service Thread" daemon [_thread_blocked, id=42286, stack(0x00007f468c07f000,0x00007f468c180000)]
  0x00007f46a40eb000 JavaThread "C2 CompilerThread0" daemon [_thread_blocked, id=42287, stack(0x00007f4684017000,0x00007f4684118000)]
  0x00007f46a40ed000 JavaThread "C1 CompilerThread0" daemon [_thread_blocked, id=42288, stack(0x00007f465feff000,0x00007f4660000000)]
  0x00007f46a40ef000 JavaThread "Sweeper thread" daemon [_thread_blocked, id=42289, stack(0x00007f465fdfe000,0x00007f465feff000)]
  0x00007f46a4122800 JavaThread "Common-Cleaner" daemon [_thread_blocked, id=42291, stack(0x00007f465fbfb000,0x00007f465fcfc000)]

Other Threads:
  0x00007f46a40dc000 VMThread "VM Thread" [stack: 0x00007f46a824d000,0x00007f46a834d000] [id=42282]
  0x00007f46a411f800 WatcherThread [stack: 0x00007f465fcfe000,0x00007f465fdfe000] [id=42290]
  0x00007f46a402f800 GCTaskThread "GC Thread#0" [stack: 0x00007f46aac51000,0x00007f46aad51000] [id=42277]
  0x00007f4674001000 GCTaskThread "GC Thread#1" [stack: 0x00007f465fafb000,0x00007f465fbfb000] [id=42292]
  0x00007f46a4055800 ConcurrentGCThread "G1 Main Marker" [stack: 0x00007f46a899d000,0x00007f46a8a9d000] [id=42278]
  0x00007f46a4057000 ConcurrentGCThread "G1 Conc#0" [stack: 0x00007f46a889b000,0x00007f46a899b000] [id=42279]
  0x00007f46a40ab800 ConcurrentGCThread "G1 Refine#0" [stack: 0x00007f46a8597000,0x00007f46a8697000] [id=42280]
  0x00007f46a40ad000 ConcurrentGCThread "G1 Young RemSet Sampling" [stack: 0x00007f46a8495000,0x00007f46a8595000] [id=42281]

Threads with active compile tasks:

VM state:not at safepoint (normal execution)

VM Mutex/Monitor currently owned by a thread: None

Heap address: 0x00000000a4600000, size: 1466 MB, Compressed Oops mode: 32-bit
Narrow klass base: 0x0000000800000000, Narrow klass shift: 3
Compressed class space size: 1073741824 Address: 0x0000000840000000

Heap:
 garbage-first heap   total 96256K, used 50001K [0x00000000a4600000, 0x0000000100000000)
  region size 1024K, 48 young (49152K), 1 survivors (1024K)
 Metaspace       used 14631K, capacity 15486K, committed 15744K, reserved 1062912K
  class space    used 1704K, capacity 1843K, committed 1920K, reserved 1048576K
Heap Regions: E=young(eden), S=young(survivor), O=old, HS=humongous(starts), HC=humongous(continues), CS=collection set, F=free, A=archive, TAMS=top-at-mark-start (previous, next)
|   0|0x00000000a4600000, 0x00000000a4700000, 0x00000000a4700000|100%| O|  |TAMS 0x00000000a4600000, 0x00000000a4600000| Untracked 
|   1|0x00000000a4700000, 0x00000000a4720600, 0x00000000a4800000| 12%| O|  |TAMS 0x00000000a4700000, 0x00000000a4700000| Untracked 
|   2|0x00000000a4800000, 0x00000000a4900000, 0x00000000a4900000|100%|HS|  |TAMS 0x00000000a4800000, 0x00000000a4800000| Complete 
|   3|0x00000000a4900000, 0x00000000a4900000, 0x00000000a4a00000|  0%| F|  |TAMS 0x00000000a4900000, 0x00000000a4900000| Untracked 
|   4|0x00000000a4a00000, 0x00000000a4a00000, 0x00000000a4b00000|  0%| F|  |TAMS 0x00000000a4a00000, 0x00000000a4a00000| Untracked 
|   5|0x00000000a4b00000, 0x00000000a4b00000, 0x00000000a4c00000|  0%| F|  |TAMS 0x00000000a4b00000, 0x00000000a4b00000| Untracked 
|   6|0x00000000a4c00000, 0x00000000a4c00000, 0x00000000a4d00000|  0%| F|  |TAMS 0x00000000a4c00000, 0x00000000a4c00000| Untracked 
|   7|0x00000000a4d00000, 0x00000000a4d00000, 0x00000000a4e00000|  0%| F|  |TAMS 0x00000000a4d00000, 0x00000000a4d00000| Untracked 
|   8|0x00000000a4e00000, 0x00000000a4e00000, 0x00000000a4f00000|  0%| F|  |TAMS 0x00000000a4e00000, 0x00000000a4e00000| Untracked 
|   9|0x00000000a4f00000, 0x00000000a4f00000, 0x00000000a5000000|  0%| F|  |TAMS 0x00000000a4f00000, 0x00000000a4f00000| Untracked 
|  10|0x00000000a5000000, 0x00000000a5000000, 0x00000000a5100000|  0%| F|  |TAMS 0x00000000a5000000, 0x00000000a5000000| Untracked 
|  11|0x00000000a5100000, 0x00000000a5100000, 0x00000000a5200000|  0%| F|  |TAMS 0x00000000a5100000, 0x00000000a5100000| Untracked 
|  12|0x00000000a5200000, 0x00000000a5200000, 0x00000000a5300000|  0%| F|  |TAMS 0x00000000a5200000, 0x00000000a5200000| Untracked 
|  13|0x00000000a5300000, 0x00000000a5300000, 0x00000000a5400000|  0%| F|  |TAMS 0x00000000a5300000, 0x00000000a5300000| Untracked 
|  14|0x00000000a5400000, 0x00000000a5400000, 0x00000000a5500000|  0%| F|  |TAMS 0x00000000a5400000, 0x00000000a5400000| Untracked 
|  15|0x00000000a5500000, 0x00000000a5500000, 0x00000000a5600000|  0%| F|  |TAMS 0x00000000a5500000, 0x00000000a5500000| Untracked 
|  16|0x00000000a5600000, 0x00000000a5600000, 0x00000000a5700000|  0%| F|  |TAMS 0x00000000a5600000, 0x00000000a5600000| Untracked 
|  17|0x00000000a5700000, 0x00000000a5700000, 0x00000000a5800000|  0%| F|  |TAMS 0x00000000a5700000, 0x00000000a5700000| Untracked 
|  18|0x00000000a5800000, 0x00000000a5800000, 0x00000000a5900000|  0%| F|  |TAMS 0x00000000a5800000, 0x00000000a5800000| Untracked 
|  19|0x00000000a5900000, 0x00000000a5900000, 0x00000000a5a00000|  0%| F|  |TAMS 0x00000000a5900000, 0x00000000a5900000| Untracked 
|  20|0x00000000a5a00000, 0x00000000a5a00000, 0x00000000a5b00000|  0%| F|  |TAMS 0x00000000a5a00000, 0x00000000a5a00000| Untracked 
|  21|0x00000000a5b00000, 0x00000000a5b00000, 0x00000000a5c00000|  0%| F|  |TAMS 0x00000000a5b00000, 0x00000000a5b00000| Untracked 
|  22|0x00000000a5c00000, 0x00000000a5c00000, 0x00000000a5d00000|  0%| F|  |TAMS 0x00000000a5c00000, 0x00000000a5c00000| Untracked 
|  23|0x00000000a5d00000, 0x00000000a5d00000, 0x00000000a5e00000|  0%| F|  |TAMS 0x00000000a5d00000, 0x00000000a5d00000| Untracked 
|  24|0x00000000a5e00000, 0x00000000a5e00000, 0x00000000a5f00000|  0%| F|  |TAMS 0x00000000a5e00000, 0x00000000a5e00000| Untracked 
|  25|0x00000000a5f00000, 0x00000000a5f00000, 0x00000000a6000000|  0%| F|  |TAMS 0x00000000a5f00000, 0x00000000a5f00000| Untracked 
|  26|0x00000000a6000000, 0x00000000a6000000, 0x00000000a6100000|  0%| F|  |TAMS 0x00000000a6000000, 0x00000000a6000000| Untracked 
|  27|0x00000000a6100000, 0x00000000a6100000, 0x00000000a6200000|  0%| F|  |TAMS 0x00000000a6100000, 0x00000000a6100000| Untracked 
|  28|0x00000000a6200000, 0x00000000a6200000, 0x00000000a6300000|  0%| F|  |TAMS 0x00000000a6200000, 0x00000000a6200000| Untracked 
|  29|0x00000000a6300000, 0x00000000a6300000, 0x00000000a6400000|  0%| F|  |TAMS 0x00000000a6300000, 0x00000000a6300000| Untracked 
|  30|0x00000000a6400000, 0x00000000a6400000, 0x00000000a6500000|  0%| F|  |TAMS 0x00000000a6400000, 0x00000000a6400000| Untracked 
|  31|0x00000000a6500000, 0x00000000a6500000, 0x00000000a6600000|  0%| F|  |TAMS 0x00000000a6500000, 0x00000000a6500000| Untracked 
|  32|0x00000000a6600000, 0x00000000a6600000, 0x00000000a6700000|  0%| F|  |TAMS 0x00000000a6600000, 0x00000000a6600000| Untracked 
|  33|0x00000000a6700000, 0x00000000a6700000, 0x00000000a6800000|  0%| F|  |TAMS 0x00000000a6700000, 0x00000000a6700000| Untracked 
|  34|0x00000000a6800000, 0x00000000a6800000, 0x00000000a6900000|  0%| F|  |TAMS 0x00000000a6800000, 0x00000000a6800000| Untracked 
|  35|0x00000000a6900000, 0x00000000a6900000, 0x00000000a6a00000|  0%| F|  |TAMS 0x00000000a6900000, 0x00000000a6900000| Untracked 
|  36|0x00000000a6a00000, 0x00000000a6a00000, 0x00000000a6b00000|  0%| F|  |TAMS 0x00000000a6a00000, 0x00000000a6a00000| Untracked 
|  37|0x00000000a6b00000, 0x00000000a6b00000, 0x00000000a6c00000|  0%| F|  |TAMS 0x00000000a6b00000, 0x00000000a6b00000| Untracked 
|  38|0x00000000a6c00000, 0x00000000a6c00000, 0x00000000a6d00000|  0%| F|  |TAMS 0x00000000a6c00000, 0x00000000a6c00000| Untracked 
|  39|0x00000000a6d00000, 0x00000000a6d00000, 0x00000000a6e00000|  0%| F|  |TAMS 0x00000000a6d00000, 0x00000000a6d00000| Untracked 
|  40|0x00000000a6e00000, 0x00000000a6e00000, 0x00000000a6f00000|  0%| F|  |TAMS 0x00000000a6e00000, 0x00000000a6e00000| Untracked 
|  41|0x00000000a6f00000, 0x00000000a6f00000, 0x00000000a7000000|  0%| F|  |TAMS 0x00000000a6f00000, 0x00000000a6f00000| Untracked 
|  42|0x00000000a7000000, 0x00000000a7000000, 0x00000000a7100000|  0%| F|  |TAMS 0x00000000a7000000, 0x00000000a7000000| Untracked 
|  43|0x00000000a7100000, 0x00000000a7100000, 0x00000000a7200000|  0%| F|  |TAMS 0x00000000a7100000, 0x00000000a7100000| Untracked 
|  44|0x00000000a7200000, 0x00000000a7300000, 0x00000000a7300000|100%| E|  |TAMS 0x00000000a7200000, 0x00000000a7200000| Complete 
|  45|0x00000000a7300000, 0x00000000a7400000, 0x00000000a7400000|100%| E|CS|TAMS 0x00000000a7300000, 0x00000000a7300000| Complete 
|  46|0x00000000a7400000, 0x00000000a7500000, 0x00000000a7500000|100%| E|CS|TAMS 0x00000000a7400000, 0x00000000a7400000| Complete 
|  47|0x00000000a7500000, 0x00000000a7600000, 0x00000000a7600000|100%| E|CS|TAMS 0x00000000a7500000, 0x00000000a7500000| Complete 
|  48|0x00000000a7600000, 0x00000000a7700000, 0x00000000a7700000|100%| E|CS|TAMS 0x00000000a7600000, 0x00000000a7600000| Complete 
|  49|0x00000000a7700000, 0x00000000a7800000, 0x00000000a7800000|100%| E|CS|TAMS 0x00000000a7700000, 0x00000000a7700000| Complete 
|  50|0x00000000a7800000, 0x00000000a7900000, 0x00000000a7900000|100%| E|CS|TAMS 0x00000000a7800000, 0x00000000a7800000| Complete 
|  51|0x00000000a7900000, 0x00000000a7a00000, 0x00000000a7a00000|100%| E|CS|TAMS 0x00000000a7900000, 0x00000000a7900000| Complete 
|  52|0x00000000a7a00000, 0x00000000a7b00000, 0x00000000a7b00000|100%| E|CS|TAMS 0x00000000a7a00000, 0x00000000a7a00000| Complete 
|  53|0x00000000a7b00000, 0x00000000a7c00000, 0x00000000a7c00000|100%| E|CS|TAMS 0x00000000a7b00000, 0x00000000a7b00000| Complete 
|  54|0x00000000a7c00000, 0x00000000a7d00000, 0x00000000a7d00000|100%| E|CS|TAMS 0x00000000a7c00000, 0x00000000a7c00000| Complete 
|  55|0x00000000a7d00000, 0x00000000a7e00000, 0x00000000a7e00000|100%| E|CS|TAMS 0x00000000a7d00000, 0x00000000a7d00000| Complete 
|  56|0x00000000a7e00000, 0x00000000a7f00000, 0x00000000a7f00000|100%| E|CS|TAMS 0x00000000a7e00000, 0x00000000a7e00000| Complete 
|  57|0x00000000a7f00000, 0x00000000a8000000, 0x00000000a8000000|100%| E|CS|TAMS 0x00000000a7f00000, 0x00000000a7f00000| Complete 
|  58|0x00000000a8000000, 0x00000000a8100000, 0x00000000a8100000|100%| E|CS|TAMS 0x00000000a8000000, 0x00000000a8000000| Complete 
|  59|0x00000000a8100000, 0x00000000a8200000, 0x00000000a8200000|100%| E|CS|TAMS 0x00000000a8100000, 0x00000000a8100000| Complete 
|  60|0x00000000a8200000, 0x00000000a8300000, 0x00000000a8300000|100%| E|CS|TAMS 0x00000000a8200000, 0x00000000a8200000| Complete 
|  61|0x00000000a8300000, 0x00000000a8400000, 0x00000000a8400000|100%| E|CS|TAMS 0x00000000a8300000, 0x00000000a8300000| Complete 
|  62|0x00000000a8400000, 0x00000000a8500000, 0x00000000a8500000|100%| E|CS|TAMS 0x00000000a8400000, 0x00000000a8400000| Complete 
|  63|0x00000000a8500000, 0x00000000a8600000, 0x00000000a8600000|100%| E|CS|TAMS 0x00000000a8500000, 0x00000000a8500000| Complete 
|  64|0x00000000a8600000, 0x00000000a8700000, 0x00000000a8700000|100%| E|CS|TAMS 0x00000000a8600000, 0x00000000a8600000| Complete 
|  65|0x00000000a8700000, 0x00000000a8800000, 0x00000000a8800000|100%| E|CS|TAMS 0x00000000a8700000, 0x00000000a8700000| Complete 
|  66|0x00000000a8800000, 0x00000000a8900000, 0x00000000a8900000|100%| E|CS|TAMS 0x00000000a8800000, 0x00000000a8800000| Complete 
|  67|0x00000000a8900000, 0x00000000a8a00000, 0x00000000a8a00000|100%| E|CS|TAMS 0x00000000a8900000, 0x00000000a8900000| Complete 
|  68|0x00000000a8a00000, 0x00000000a8b00000, 0x00000000a8b00000|100%| E|CS|TAMS 0x00000000a8a00000, 0x00000000a8a00000| Complete 
|  69|0x00000000a8b00000, 0x00000000a8c00000, 0x00000000a8c00000|100%| E|CS|TAMS 0x00000000a8b00000, 0x00000000a8b00000| Complete 
|  70|0x00000000a8c00000, 0x00000000a8d00000, 0x00000000a8d00000|100%| E|CS|TAMS 0x00000000a8c00000, 0x00000000a8c00000| Complete 
|  71|0x00000000a8d00000, 0x00000000a8e00000, 0x00000000a8e00000|100%| E|CS|TAMS 0x00000000a8d00000, 0x00000000a8d00000| Complete 
|  72|0x00000000a8e00000, 0x00000000a8f00000, 0x00000000a8f00000|100%| E|CS|TAMS 0x00000000a8e00000, 0x00000000a8e00000| Complete 
|  73|0x00000000a8f00000, 0x00000000a9000000, 0x00000000a9000000|100%| E|CS|TAMS 0x00000000a8f00000, 0x00000000a8f00000| Complete 
|  74|0x00000000a9000000, 0x00000000a9100000, 0x00000000a9100000|100%| E|CS|TAMS 0x00000000a9000000, 0x00000000a9000000| Complete 
|  75|0x00000000a9100000, 0x00000000a9200000, 0x00000000a9200000|100%| E|CS|TAMS 0x00000000a9100000, 0x00000000a9100000| Complete 
|  76|0x00000000a9200000, 0x00000000a9300000, 0x00000000a9300000|100%| E|CS|TAMS 0x00000000a9200000, 0x00000000a9200000| Complete 
|  77|0x00000000a9300000, 0x00000000a9400000, 0x00000000a9400000|100%| E|CS|TAMS 0x00000000a9300000, 0x00000000a9300000| Complete 
|  78|0x00000000a9400000, 0x00000000a9500000, 0x00000000a9500000|100%| E|CS|TAMS 0x00000000a9400000, 0x00000000a9400000| Complete 
|  79|0x00000000a9500000, 0x00000000a9600000, 0x00000000a9600000|100%| E|CS|TAMS 0x00000000a9500000, 0x00000000a9500000| Complete 
|  80|0x00000000a9600000, 0x00000000a9700000, 0x00000000a9700000|100%| E|CS|TAMS 0x00000000a9600000, 0x00000000a9600000| Complete 
|  81|0x00000000a9700000, 0x00000000a9800000, 0x00000000a9800000|100%| E|CS|TAMS 0x00000000a9700000, 0x00000000a9700000| Complete 
|  82|0x00000000a9800000, 0x00000000a9900000, 0x00000000a9900000|100%| E|CS|TAMS 0x00000000a9800000, 0x00000000a9800000| Complete 
|  83|0x00000000a9900000, 0x00000000a9a00000, 0x00000000a9a00000|100%| E|CS|TAMS 0x00000000a9900000, 0x00000000a9900000| Complete 
|  84|0x00000000a9a00000, 0x00000000a9b00000, 0x00000000a9b00000|100%| S|CS|TAMS 0x00000000a9a00000, 0x00000000a9a00000| Complete 
|  85|0x00000000a9b00000, 0x00000000a9c00000, 0x00000000a9c00000|100%| E|CS|TAMS 0x00000000a9b00000, 0x00000000a9b00000| Complete 
|  86|0x00000000a9c00000, 0x00000000a9d00000, 0x00000000a9d00000|100%| E|CS|TAMS 0x00000000a9c00000, 0x00000000a9c00000| Complete 
|  87|0x00000000a9d00000, 0x00000000a9e00000, 0x00000000a9e00000|100%| E|CS|TAMS 0x00000000a9d00000, 0x00000000a9d00000| Complete 
|  88|0x00000000a9e00000, 0x00000000a9f00000, 0x00000000a9f00000|100%| E|CS|TAMS 0x00000000a9e00000, 0x00000000a9e00000| Complete 
|  89|0x00000000a9f00000, 0x00000000aa000000, 0x00000000aa000000|100%| E|CS|TAMS 0x00000000a9f00000, 0x00000000a9f00000| Complete 
|  90|0x00000000aa000000, 0x00000000aa100000, 0x00000000aa100000|100%| E|  |TAMS 0x00000000aa000000, 0x00000000aa000000| Complete 
|  91|0x00000000aa100000, 0x00000000aa200000, 0x00000000aa200000|100%| E|CS|TAMS 0x00000000aa100000, 0x00000000aa100000| Complete 
|1464|0x00000000ffe00000, 0x00000000ffe48000, 0x00000000fff00000| 28%|OA|  |TAMS 0x00000000ffe00000, 0x00000000ffe00000| Untracked 
|1465|0x00000000fff00000, 0x00000000fff6c000, 0x0000000100000000| 42%|CA|  |TAMS 0x00000000fff00000, 0x00000000fff00000| Untracked 

Card table byte_map: [0x00007f46aa493000,0x00007f46aa770000] _byte_map_base: 0x00007f46a9f70000

Marking Bits (Prev, Next): (CMBitMap*) 0x00007f46a404eaf8, (CMBitMap*) 0x00007f46a404eb30
 Prev Bits: [0x00007f46a8ace000, 0x00007f46aa1b6000)
 Next Bits: [0x00007f4686918000, 0x00007f4688000000)

Polling page: 0x00007f46aaf62000

Metaspace:

Usage:
  Non-class:     13.32 MB capacity,    12.62 MB ( 95%) used,   688.62 KB (  5%) free+waste,    27.12 KB ( <1%) overhead. 
      Class:      1.80 MB capacity,     1.66 MB ( 92%) used,   125.18 KB (  7%) free+waste,    13.50 KB ( <1%) overhead. 
       Both:     15.12 MB capacity,    14.29 MB ( 94%) used,   813.80 KB (  5%) free+waste,    40.62 KB ( <1%) overhead. 

Virtual space:
  Non-class space:       14.00 MB reserved,      13.50 MB ( 96%) committed 
      Class space:        1.00 GB reserved,       1.88 MB ( <1%) committed 
             Both:        1.01 GB reserved,      15.38 MB (  1%) committed 

Chunk freelists:
   Non-Class:  17.00 KB
       Class:  13.00 KB
        Both:  30.00 KB

MaxMetaspaceSize: unlimited
CompressedClassSpaceSize: 1.00 GB
Initial GC threshold: 20.80 MB
Current GC threshold: 20.80 MB
CDS: on

CodeHeap 'non-profiled nmethods': size=120036Kb used=626Kb max_used=626Kb free=119409Kb
 bounds [0x00007f46942b8000, 0x00007f4694528000, 0x00007f469b7f1000]
CodeHeap 'profiled nmethods': size=120032Kb used=3234Kb max_used=3234Kb free=116797Kb
 bounds [0x00007f468cd80000, 0x00007f468d0b0000, 0x00007f46942b8000]
CodeHeap 'non-nmethods': size=5692Kb used=1209Kb max_used=1224Kb free=4482Kb
 bounds [0x00007f468c7f1000, 0x00007f468ca61000, 0x00007f468cd80000]
 total_blobs=2211 nmethods=1747 adapters=377
 compilation: enabled
              stopped_count=0, restarted_count=0
 full_count=0

Compilation events (20 events):
Event: 6.446 Thread 0x00007f46a40ed000 1733       3       org.apache.jena.ext.com.google.common.cache.LocalCache$Segment::expireEntries (113 bytes)
Event: 6.447 Thread 0x00007f46a40ed000 nmethod 1733 0x00007f468d094e90 code [0x00007f468d095160, 0x00007f468d095ee0]
Event: 6.447 Thread 0x00007f46a40ed000 1728       3       org.apache.jena.ext.com.google.common.cache.LocalCache$EntryFactory$2::newEntry (12 bytes)
Event: 6.447 Thread 0x00007f46a40eb000 nmethod 1738 0x00007f4694353b90 code [0x00007f4694353d40, 0x00007f4694353f78]
Event: 6.447 Thread 0x00007f46a40ed000 nmethod 1728 0x00007f468d096310 code [0x00007f468d096520, 0x00007f468d096b70]
Event: 6.447 Thread 0x00007f46a40ed000 1739       3       java.lang.Integer::parseInt (259 bytes)
Event: 6.449 Thread 0x00007f46a40ed000 nmethod 1739 0x00007f468d096d90 code [0x00007f468d097280, 0x00007f468d099530]
Event: 6.449 Thread 0x00007f46a40ed000 1743       3       org.apache.jena.datatypes.BaseDatatype::getHashCode (7 bytes)
Event: 6.449 Thread 0x00007f46a40ed000 nmethod 1743 0x00007f468d09a290 code [0x00007f468d09a460, 0x00007f468d09a790]
Event: 6.449 Thread 0x00007f46a40ed000 1740       3       java.lang.Integer::hashCode (8 bytes)
Event: 6.450 Thread 0x00007f46a40ed000 nmethod 1740 0x00007f468d09a910 code [0x00007f468d09aac0, 0x00007f468d09ac30]
Event: 6.450 Thread 0x00007f46a40ed000 1741       3       java.lang.Integer::hashCode (2 bytes)
Event: 6.450 Thread 0x00007f46a40ed000 nmethod 1741 0x00007f468d09ad10 code [0x00007f468d09aec0, 0x00007f468d09af90]
Event: 6.450 Thread 0x00007f46a40ed000 1744       3       org.apache.jena.graph.impl.LiteralLabelImpl::getDefaultHashcode (22 bytes)
Event: 6.450 Thread 0x00007f46a40ed000 nmethod 1744 0x00007f468d09b010 code [0x00007f468d09b1e0, 0x00007f468d09b450]
Event: 6.450 Thread 0x00007f46a40ed000 1742       3       kotlin.jvm.internal.Intrinsics::checkNotNullExpressionValue (38 bytes)
Event: 6.450 Thread 0x00007f46a40ed000 nmethod 1742 0x00007f468d09b510 code [0x00007f468d09b7a0, 0x00007f468d09c270]
Event: 6.450 Thread 0x00007f46a40ed000 1745       3       com.sun.jna.Function::convertArgument (895 bytes)
Event: 6.451 Thread 0x00007f46a40eb000 1749       4       java.util.HashMap::<init> (11 bytes)
Event: 6.451 Thread 0x00007f46a40eb000 nmethod 1749 0x00007f4694354190 code [0x00007f4694354320, 0x00007f4694354398]

GC Heap History (2 events):
Event: 0.306 GC heap before
{Heap before GC invocations=0 (full 0):
 garbage-first heap   total 96256K, used 6864K [0x00000000a4600000, 0x0000000100000000)
  region size 1024K, 7 young (7168K), 0 survivors (0K)
 Metaspace       used 1362K, capacity 5432K, committed 5632K, reserved 1056768K
  class space    used 124K, capacity 488K, committed 512K, reserved 1048576K
}
Event: 0.313 GC heap after
{Heap after GC invocations=1 (full 0):
 garbage-first heap   total 96256K, used 2897K [0x00000000a4600000, 0x0000000100000000)
  region size 1024K, 1 young (1024K), 1 survivors (1024K)
 Metaspace       used 1362K, capacity 5432K, committed 5632K, reserved 1056768K
  class space    used 124K, capacity 488K, committed 512K, reserved 1048576K
}

Deoptimization events (20 events):
Event: 1.442 Thread 0x00007f46a4018000 DEOPT PACKING pc=0x00007f468cf14eb0 sp=0x00007f46ab098a80
Event: 1.442 Thread 0x00007f46a4018000 DEOPT UNPACKING pc=0x00007f468c83a9fa sp=0x00007f46ab097fb8 mode 0
Event: 5.837 Thread 0x00007f46a4018000 DEOPT PACKING pc=0x00007f468cf14eb0 sp=0x00007f46ab09b0d0
Event: 5.837 Thread 0x00007f46a4018000 DEOPT UNPACKING pc=0x00007f468c83a9fa sp=0x00007f46ab09a608 mode 0
Event: 6.343 Thread 0x00007f46a4018000 Uncommon trap: trap_request=0xffffffde fr.pc=0x00007f46942e6d68 relative=0x00000000000001c8
Event: 6.343 Thread 0x00007f46a4018000 Uncommon trap: reason=class_check action=maybe_recompile pc=0x00007f46942e6d68 method=java.lang.String.equals(Ljava/lang/Object;)Z @ 8 c2
Event: 6.343 Thread 0x00007f46a4018000 DEOPT PACKING pc=0x00007f46942e6d68 sp=0x00007f46ab09b290
Event: 6.343 Thread 0x00007f46a4018000 DEOPT UNPACKING pc=0x00007f468c7f92a5 sp=0x00007f46ab09b248 mode 2
Event: 6.343 Thread 0x00007f46a4018000 Uncommon trap: trap_request=0xffffffde fr.pc=0x00007f46942e6d68 relative=0x00000000000001c8
Event: 6.343 Thread 0x00007f46a4018000 Uncommon trap: reason=class_check action=maybe_recompile pc=0x00007f46942e6d68 method=java.lang.String.equals(Ljava/lang/Object;)Z @ 8 c2
Event: 6.343 Thread 0x00007f46a4018000 DEOPT PACKING pc=0x00007f46942e6d68 sp=0x00007f46ab09b280
Event: 6.343 Thread 0x00007f46a4018000 DEOPT UNPACKING pc=0x00007f468c7f92a5 sp=0x00007f46ab09b238 mode 2
Event: 6.344 Thread 0x00007f46a4018000 Uncommon trap: trap_request=0xffffffde fr.pc=0x00007f46942e6d68 relative=0x00000000000001c8
Event: 6.344 Thread 0x00007f46a4018000 Uncommon trap: reason=class_check action=maybe_recompile pc=0x00007f46942e6d68 method=java.lang.String.equals(Ljava/lang/Object;)Z @ 8 c2
Event: 6.344 Thread 0x00007f46a4018000 DEOPT PACKING pc=0x00007f46942e6d68 sp=0x00007f46ab09b290
Event: 6.344 Thread 0x00007f46a4018000 DEOPT UNPACKING pc=0x00007f468c7f92a5 sp=0x00007f46ab09b248 mode 2
Event: 6.344 Thread 0x00007f46a4018000 Uncommon trap: trap_request=0xffffffde fr.pc=0x00007f46942e6d68 relative=0x00000000000001c8
Event: 6.344 Thread 0x00007f46a4018000 Uncommon trap: reason=class_check action=maybe_recompile pc=0x00007f46942e6d68 method=java.lang.String.equals(Ljava/lang/Object;)Z @ 8 c2
Event: 6.344 Thread 0x00007f46a4018000 DEOPT PACKING pc=0x00007f46942e6d68 sp=0x00007f46ab09b290
Event: 6.344 Thread 0x00007f46a4018000 DEOPT UNPACKING pc=0x00007f468c7f92a5 sp=0x00007f46ab09b248 mode 2

Classes redefined (0 events):
No events

Internal exceptions (20 events):
Event: 0.121 Thread 0x00007f46a4018000 Exception <a 'java/security/PrivilegedActionException'{0x00000000aa1afe48}> (0x00000000aa1afe48) thrown at [src/hotspot/share/prims/jvm.cpp, line 1304]
Event: 0.121 Thread 0x00007f46a4018000 Exception <a 'java/security/PrivilegedActionException'{0x00000000aa1b0118}> (0x00000000aa1b0118) thrown at [src/hotspot/share/prims/jvm.cpp, line 1304]
Event: 0.461 Thread 0x00007f46a4018000 Exception <a 'java/lang/NoSuchMethodError'{0x00000000a9dcb538}: 'java.lang.Object java.lang.invoke.Invokers$Holder.linkToTargetMethod(java.lang.Object, int, java.lang.Object)'> (0x00000000a9dcb538) thrown at [src/hotspot/share/interpreter/linkResolver.cpp, line 772]
Event: 0.476 Thread 0x00007f46a4018000 Exception <a 'java/lang/NoSuchMethodError'{0x00000000a9cef898}: 'int java.lang.invoke.DirectMethodHandle$Holder.invokeStaticInit(java.lang.Object, java.lang.Object, java.lang.Object)'> (0x00000000a9cef898) thrown at [src/hotspot/share/interpreter/linkResolver.cpp, line 772]
Event: 0.508 Thread 0x00007f46a4018000 Exception <a 'java/lang/NoClassDefFoundError'{0x00000000a9bd69f0}: org/slf4j/impl/StaticLoggerBinder> (0x00000000a9bd69f0) thrown at [src/hotspot/share/classfile/systemDictionary.cpp, line 219]
Event: 0.659 Thread 0x00007f46a4018000 Exception <a 'java/lang/NoSuchMethodError'{0x00000000a958b778}: 'int java.lang.invoke.DirectMethodHandle$Holder.invokeStaticInit(java.lang.Object, java.lang.Object)'> (0x00000000a958b778) thrown at [src/hotspot/share/interpreter/linkResolver.cpp, line 772]
Event: 0.867 Thread 0x00007f46a4018000 Exception <a 'java/lang/NoSuchMethodError'{0x00000000a8ff1db8}: 'int java.lang.invoke.DirectMethodHandle$Holder.invokeSpecialIFC(java.lang.Object, java.lang.Object, int)'> (0x00000000a8ff1db8) thrown at [src/hotspot/share/interpreter/linkResolver.cpp, line 772]
Event: 1.048 Thread 0x00007f46a4018000 Exception <a 'java/lang/NoSuchMethodError'{0x00000000a8493d78}: 'java.lang.Object java.lang.invoke.DirectMethodHandle$Holder.invokeStaticInit(java.lang.Object, java.lang.Object, java.lang.Object, java.lang.Object)'> (0x00000000a8493d78) thrown at [src/hotspot/share/interpreter/linkResolver.cpp, line 772]
Event: 1.054 Thread 0x00007f46a4018000 Exception <a 'java/lang/NoSuchMethodError'{0x00000000a84c0e08}: 'java.lang.Object java.lang.invoke.DirectMethodHandle$Holder.invokeStaticInit(java.lang.Object, java.lang.Object, int, java.lang.Object, java.lang.Object)'> (0x00000000a84c0e08) thrown at [src/hotspot/share/interpreter/linkResolver.cpp, line 772]
Event: 1.296 Thread 0x00007f46a4018000 Exception <a 'java/lang/NoSuchMethodError'{0x00000000a81a5390}: 'java.lang.Object java.lang.invoke.DirectMethodHandle$Holder.invokeStatic(java.lang.Object, java.lang.Object, java.lang.Object, java.lang.Object, java.lang.Object, java.lang.Object, java.lang.Object, java.lang.Object, java.lang.Object, java.lang.Object, java.lang.Object, java.lang.Object, java.lang.Object, java.lang.Object, java.lang.Object)'> (0x00000000a81a5390) thrown at [src/hotspot/share/interpreter/linkResolver.cpp, line 772]
Event: 1.298 Thread 0x00007f46a4018000 Exception <a 'java/lang/NoSuchMethodError'{0x00000000a81b30f0}: 'java.lang.Object java.lang.invoke.DirectMethodHandle$Holder.invokeStatic(java.lang.Object, java.lang.Object, java.lang.Object, java.lang.Object, java.lang.Object, java.lang.Object, java.lang.Object, java.lang.Object, java.lang.Object, java.lang.Object, java.lang.Object, java.lang.Object, java.lang.Object, java.lang.Object, java.lang.Object, java.lang.Object)'> (0x00000000a81b30f0) thrown at [src/hotspot/share/interpreter/linkResolver.cpp, lin
Event: 1.300 Thread 0x00007f46a4018000 Exception <a 'java/lang/NoSuchMethodError'{0x00000000a81c0d60}: 'java.lang.Object java.lang.invoke.DirectMethodHandle$Holder.invokeSpecial(java.lang.Object, java.lang.Object, int, int, java.lang.Object, java.lang.Object, java.lang.Object)'> (0x00000000a81c0d60) thrown at [src/hotspot/share/interpreter/linkResolver.cpp, line 772]
Event: 1.300 Thread 0x00007f46a4018000 Exception <a 'java/lang/NoSuchMethodError'{0x00000000a81c42f0}: 'java.lang.Object java.lang.invoke.DelegatingMethodHandle$Holder.reinvoke_L(java.lang.Object, int, int, java.lang.Object, java.lang.Object, java.lang.Object)'> (0x00000000a81c42f0) thrown at [src/hotspot/share/interpreter/linkResolver.cpp, line 772]
Event: 1.300 Thread 0x00007f46a4018000 Exception <a 'java/lang/NoSuchMethodError'{0x00000000a81c8578}: 'java.lang.Object java.lang.invoke.DirectMethodHandle$Holder.invokeStatic(java.lang.Object, java.lang.Object, java.lang.Object, java.lang.Object, int)'> (0x00000000a81c8578) thrown at [src/hotspot/share/interpreter/linkResolver.cpp, line 772]
Event: 1.606 Thread 0x00007f46a4018000 Exception <a 'java/lang/NoSuchMethodError'{0x00000000a7a078d8}: 'void java.lang.invoke.DirectMethodHandle$Holder.invokeStaticInit(java.lang.Object)'> (0x00000000a7a078d8) thrown at [src/hotspot/share/interpreter/linkResolver.cpp, line 772]
Event: 1.646 Thread 0x00007f46a4018000 Exception <a 'java/lang/NoSuchMethodError'{0x00000000a7944448}: 'java.lang.Object java.lang.invoke.DirectMethodHandle$Holder.invokeVirtual(java.lang.Object, java.lang.Object, int, int)'> (0x00000000a7944448) thrown at [src/hotspot/share/interpreter/linkResolver.cpp, line 772]
Event: 6.186 Thread 0x00007f46a4018000 Exception <a 'java/lang/NoSuchMethodError'{0x00000000a76c9018}: 'java.lang.Object java.lang.invoke.DirectMethodHandle$Holder.invokeStatic(java.lang.Object, java.lang.Object, java.lang.Object, java.lang.Object, java.lang.Object, java.lang.Object, java.lang.Object, java.lang.Object, java.lang.Object, java.lang.Object, java.lang.Object, int)'> (0x00000000a76c9018) thrown at [src/hotspot/share/interpreter/linkResolver.cpp, line 772]
Event: 6.190 Thread 0x00007f46a4018000 Exception <a 'java/lang/NoSuchMethodError'{0x00000000a76e7198}: 'java.lang.Object java.lang.invoke.DirectMethodHandle$Holder.invokeStatic(java.lang.Object, java.lang.Object, java.lang.Object, java.lang.Object, java.lang.Object, java.lang.Object, java.lang.Object, java.lang.Object, java.lang.Object, java.lang.Object, java.lang.Object, int, int)'> (0x00000000a76e7198) thrown at [src/hotspot/share/interpreter/linkResolver.cpp, line 772]
Event: 6.195 Thread 0x00007f46a4018000 Exception <a 'java/lang/NoSuchMethodError'{0x00000000a7506628}: 'java.lang.Object java.lang.invoke.DirectMethodHandle$Holder.invokeStatic(java.lang.Object, java.lang.Object, java.lang.Object, java.lang.Object, java.lang.Object, java.lang.Object, java.lang.Object, java.lang.Object, java.lang.Object, java.lang.Object, java.lang.Object, int, int, java.lang.Object)'> (0x00000000a7506628) thrown at [src/hotspot/share/interpreter/linkResolver.cpp, line 772]
Event: 6.204 Thread 0x00007f46a4018000 Exception <a 'java/lang/NoSuchMethodError'{0x00000000a7526ae0}: 'java.lang.Object java.lang.invoke.DirectMethodHandle$Holder.invokeStatic(java.lang.Object, java.lang.Object, java.lang.Object, java.lang.Object, java.lang.Object, java.lang.Object, java.lang.Object, java.lang.Object, java.lang.Object, java.lang.Object, java.lang.Object, int, int, java.lang.Object, java.lang.Object)'> (0x00000000a7526ae0) thrown at [src/hotspot/share/interpreter/linkResolver.cpp, line 772]

Events (20 events):
Event: 6.317 loading class org/apache/jena/riot/tokens/Token$1
Event: 6.317 loading class org/apache/jena/riot/tokens/Token$1 done
Event: 6.318 loading class org/apache/jena/riot/tokens/StringType
Event: 6.318 loading class org/apache/jena/riot/tokens/StringType done
Event: 6.318 loading class org/apache/jena/riot/system/ParserProfileStd$1
Event: 6.318 loading class org/apache/jena/riot/system/ParserProfileStd$1 done
Event: 6.319 loading class org/apache/jena/graph/Node
Event: 6.319 loading class org/apache/jena/graph/Node done
Event: 6.319 loading class org/apache/jena/graph/Node
Event: 6.319 loading class org/apache/jena/graph/Node done
Event: 6.333 loading class org/apache/commons/codec/digest/MurmurHash3
Event: 6.333 loading class org/apache/commons/codec/digest/MurmurHash3 done
Event: 6.334 loading class org/apache/jena/graph/BlankNodeId
Event: 6.334 loading class org/apache/jena/graph/BlankNodeId done
Event: 6.340 loading class org/apache/jena/rdf/model/impl/StatementImpl
Event: 6.340 loading class org/apache/jena/rdf/model/impl/StatementImpl done
Event: 6.341 loading class org/apache/jena/rdf/model/impl/StatementBase
Event: 6.341 loading class org/apache/jena/rdf/model/impl/StatementBase done
Event: 6.369 loading class org/javafmi/wrapper/variables/SingleRead
Event: 6.369 loading class org/javafmi/wrapper/variables/SingleRead done


Dynamic libraries:
a4600000-aa200000 rw-p 00000000 00:00 0 
aa200000-ffe00000 ---p 00000000 00:00 0 
ffe00000-ffe48000 rw-p 00b13000 08:05 3014664                            /usr/lib/jvm/java-11-openjdk-amd64/lib/server/classes.jsa
ffe48000-fff00000 rw-p 00000000 00:00 0 
fff00000-fff6c000 rw-p 00aa7000 08:05 3014664                            /usr/lib/jvm/java-11-openjdk-amd64/lib/server/classes.jsa
fff6c000-100000000 rw-p 00000000 00:00 0 
800000000-800002000 rwxp 00001000 08:05 3014664                          /usr/lib/jvm/java-11-openjdk-amd64/lib/server/classes.jsa
800002000-8003ce000 rw-p 00003000 08:05 3014664                          /usr/lib/jvm/java-11-openjdk-amd64/lib/server/classes.jsa
8003ce000-800aa5000 r--p 003cf000 08:05 3014664                          /usr/lib/jvm/java-11-openjdk-amd64/lib/server/classes.jsa
800aa5000-800aa6000 rw-p 00aa6000 08:05 3014664                          /usr/lib/jvm/java-11-openjdk-amd64/lib/server/classes.jsa
840000000-8401e0000 rw-p 00000000 00:00 0 
8401e0000-880000000 ---p 00000000 00:00 0 
559325108000-559325109000 r--p 00000000 08:05 2752833                    /usr/lib/jvm/java-11-openjdk-amd64/bin/java
559325109000-55932510a000 r-xp 00001000 08:05 2752833                    /usr/lib/jvm/java-11-openjdk-amd64/bin/java
55932510a000-55932510b000 r--p 00002000 08:05 2752833                    /usr/lib/jvm/java-11-openjdk-amd64/bin/java
55932510b000-55932510c000 r--p 00002000 08:05 2752833                    /usr/lib/jvm/java-11-openjdk-amd64/bin/java
55932510c000-55932510d000 rw-p 00003000 08:05 2752833                    /usr/lib/jvm/java-11-openjdk-amd64/bin/java
559325687000-5593256a8000 rw-p 00000000 00:00 0                          [heap]
7f464c000000-7f464c021000 rw-p 00000000 00:00 0 
7f464c021000-7f4650000000 ---p 00000000 00:00 0 
7f4650000000-7f4650021000 rw-p 00000000 00:00 0 
7f4650021000-7f4654000000 ---p 00000000 00:00 0 
7f4654000000-7f4654402000 rw-p 00000000 00:00 0 
7f4654402000-7f4658000000 ---p 00000000 00:00 0 
7f4658000000-7f46583dd000 rw-p 00000000 00:00 0 
7f46583dd000-7f465c000000 ---p 00000000 00:00 0 
7f465e8cb000-7f465eae9000 r--p 00000000 08:05 4627211                    /tmp/fmu_75900e84_4150_420d_ac20_e48f128eb743rabbit2_1_5-16_SG/binaries/linux64/rabbitmq.so
7f465eae9000-7f465ef04000 r-xp 0021e000 08:05 4627211                    /tmp/fmu_75900e84_4150_420d_ac20_e48f128eb743rabbit2_1_5-16_SG/binaries/linux64/rabbitmq.so
7f465ef04000-7f465f08e000 r--p 00639000 08:05 4627211                    /tmp/fmu_75900e84_4150_420d_ac20_e48f128eb743rabbit2_1_5-16_SG/binaries/linux64/rabbitmq.so
7f465f08e000-7f465f08f000 ---p 007c3000 08:05 4627211                    /tmp/fmu_75900e84_4150_420d_ac20_e48f128eb743rabbit2_1_5-16_SG/binaries/linux64/rabbitmq.so
7f465f08f000-7f465f0d5000 r--p 007c3000 08:05 4627211                    /tmp/fmu_75900e84_4150_420d_ac20_e48f128eb743rabbit2_1_5-16_SG/binaries/linux64/rabbitmq.so
7f465f0d5000-7f465f10e000 rw-p 00809000 08:05 4627211                    /tmp/fmu_75900e84_4150_420d_ac20_e48f128eb743rabbit2_1_5-16_SG/binaries/linux64/rabbitmq.so
7f465f10e000-7f465f113000 rw-p 00000000 00:00 0 
7f465f113000-7f465f16c000 r--p 00000000 08:05 4626910                    /tmp/fmu_cf4c31cd_d74d_42d4_ab9e_6c7d515fcd8dkukalbriiwa_model/binaries/linux64/unifmu.so
7f465f16c000-7f465f2d8000 r-xp 00059000 08:05 4626910                    /tmp/fmu_cf4c31cd_d74d_42d4_ab9e_6c7d515fcd8dkukalbriiwa_model/binaries/linux64/unifmu.so
7f465f2d8000-7f465f394000 r--p 001c5000 08:05 4626910                    /tmp/fmu_cf4c31cd_d74d_42d4_ab9e_6c7d515fcd8dkukalbriiwa_model/binaries/linux64/unifmu.so
7f465f394000-7f465f395000 ---p 00281000 08:05 4626910                    /tmp/fmu_cf4c31cd_d74d_42d4_ab9e_6c7d515fcd8dkukalbriiwa_model/binaries/linux64/unifmu.so
7f465f395000-7f465f3e0000 r--p 00281000 08:05 4626910                    /tmp/fmu_cf4c31cd_d74d_42d4_ab9e_6c7d515fcd8dkukalbriiwa_model/binaries/linux64/unifmu.so
7f465f3e0000-7f465f3e1000 rw-p 002cc000 08:05 4626910                    /tmp/fmu_cf4c31cd_d74d_42d4_ab9e_6c7d515fcd8dkukalbriiwa_model/binaries/linux64/unifmu.so
7f465f3e1000-7f465f3f8000 r-xp 00000000 08:05 4626929                    /tmp/jna-2007796372/jna5874894160434179835.tmp (deleted)
7f465f3f8000-7f465f4f7000 ---p 00017000 08:05 4626929                    /tmp/jna-2007796372/jna5874894160434179835.tmp (deleted)
7f465f4f7000-7f465f4f9000 rw-p 00016000 08:05 4626929                    /tmp/jna-2007796372/jna5874894160434179835.tmp (deleted)
7f465f4f9000-7f465f679000 rw-p 00000000 00:00 0 
7f465f679000-7f465f6f9000 ---p 00000000 00:00 0 
7f465f6f9000-7f465f8f9000 rw-p 00000000 00:00 0 
7f465f8f9000-7f465faf9000 rw-p 00000000 00:00 0 
7f465faf9000-7f465fafa000 ---p 00000000 00:00 0 
7f465fafa000-7f465fbfb000 rw-p 00000000 00:00 0 
7f465fbfb000-7f465fbff000 ---p 00000000 00:00 0 
7f465fbff000-7f465fcfc000 rw-p 00000000 00:00 0 
7f465fcfc000-7f465fcfd000 ---p 00000000 00:00 0 
7f465fcfd000-7f465fdfe000 rw-p 00000000 00:00 0 
7f465fdfe000-7f465fe02000 ---p 00000000 00:00 0 
7f465fe02000-7f465feff000 rw-p 00000000 00:00 0 
7f465feff000-7f465ff03000 ---p 00000000 00:00 0 
7f465ff03000-7f4660000000 rw-p 00000000 00:00 0 
7f4660000000-7f4660021000 rw-p 00000000 00:00 0 
7f4660021000-7f4664000000 ---p 00000000 00:00 0 
7f4664000000-7f4664021000 rw-p 00000000 00:00 0 
7f4664021000-7f4668000000 ---p 00000000 00:00 0 
7f4668000000-7f4668021000 rw-p 00000000 00:00 0 
7f4668021000-7f466c000000 ---p 00000000 00:00 0 
7f466c000000-7f466c021000 rw-p 00000000 00:00 0 
7f466c021000-7f4670000000 ---p 00000000 00:00 0 
7f4670000000-7f4670021000 rw-p 00000000 00:00 0 
7f4670021000-7f4674000000 ---p 00000000 00:00 0 
7f4674000000-7f4674021000 rw-p 00000000 00:00 0 
7f4674021000-7f4678000000 ---p 00000000 00:00 0 
7f4678000000-7f4678021000 rw-p 00000000 00:00 0 
7f4678021000-7f467c000000 ---p 00000000 00:00 0 
7f467c000000-7f467c021000 rw-p 00000000 00:00 0 
7f467c021000-7f4680000000 ---p 00000000 00:00 0 
7f4680000000-7f4680021000 rw-p 00000000 00:00 0 
7f4680021000-7f4684000000 ---p 00000000 00:00 0 
7f4684017000-7f468401b000 ---p 00000000 00:00 0 
7f468401b000-7f4686a88000 rw-p 00000000 00:00 0 
7f4686a88000-7f4687ff8000 ---p 00000000 00:00 0 
7f4687ff8000-7f4688000000 rw-p 00000000 00:00 0 
7f4688000000-7f4688021000 rw-p 00000000 00:00 0 
7f4688021000-7f468c000000 ---p 00000000 00:00 0 
7f468c04e000-7f468c07f000 rw-p 00000000 00:00 0 
7f468c07f000-7f468c083000 ---p 00000000 00:00 0 
7f468c083000-7f468c180000 rw-p 00000000 00:00 0 
7f468c180000-7f468c184000 ---p 00000000 00:00 0 
7f468c184000-7f468c281000 rw-p 00000000 00:00 0 
7f468c281000-7f468c7f1000 r--p 00000000 08:05 2629154                    /usr/lib/locale/locale-archive
7f468c7f1000-7f468ca61000 rwxp 00000000 00:00 0 
7f468ca61000-7f468cd80000 ---p 00000000 00:00 0 
7f468cd80000-7f468d0b0000 rwxp 00000000 00:00 0 
7f468d0b0000-7f46942b8000 ---p 00000000 00:00 0 
7f46942b8000-7f4694528000 rwxp 00000000 00:00 0 
7f4694528000-7f469b7f1000 ---p 00000000 00:00 0 
7f469b7f1000-7f46a4000000 r--s 00000000 08:05 2753624                    /usr/lib/jvm/java-11-openjdk-amd64/lib/modules
7f46a4000000-7f46a49bb000 rw-p 00000000 00:00 0 
7f46a49bb000-7f46a8000000 ---p 00000000 00:00 0 
7f46a8017000-7f46a8018000 r--p 00000000 08:05 3183385                    /usr/lib/x86_64-linux-gnu/gconv/UTF-16.so
7f46a8018000-7f46a801a000 r-xp 00001000 08:05 3183385                    /usr/lib/x86_64-linux-gnu/gconv/UTF-16.so
7f46a801a000-7f46a801b000 r--p 00003000 08:05 3183385                    /usr/lib/x86_64-linux-gnu/gconv/UTF-16.so
7f46a801b000-7f46a801c000 r--p 00003000 08:05 3183385                    /usr/lib/x86_64-linux-gnu/gconv/UTF-16.so
7f46a801c000-7f46a801d000 rw-p 00004000 08:05 3183385                    /usr/lib/x86_64-linux-gnu/gconv/UTF-16.so
7f46a801d000-7f46a8021000 r--p 00000000 08:05 2753614                    /usr/lib/jvm/java-11-openjdk-amd64/lib/libnet.so
7f46a8021000-7f46a802f000 r-xp 00004000 08:05 2753614                    /usr/lib/jvm/java-11-openjdk-amd64/lib/libnet.so
7f46a802f000-7f46a8033000 r--p 00012000 08:05 2753614                    /usr/lib/jvm/java-11-openjdk-amd64/lib/libnet.so
7f46a8033000-7f46a8034000 r--p 00015000 08:05 2753614                    /usr/lib/jvm/java-11-openjdk-amd64/lib/libnet.so
7f46a8034000-7f46a8035000 rw-p 00016000 08:05 2753614                    /usr/lib/jvm/java-11-openjdk-amd64/lib/libnet.so
7f46a8035000-7f46a803c000 r--p 00000000 08:05 2753615                    /usr/lib/jvm/java-11-openjdk-amd64/lib/libnio.so
7f46a803c000-7f46a8044000 r-xp 00007000 08:05 2753615                    /usr/lib/jvm/java-11-openjdk-amd64/lib/libnio.so
7f46a8044000-7f46a8047000 r--p 0000f000 08:05 2753615                    /usr/lib/jvm/java-11-openjdk-amd64/lib/libnio.so
7f46a8047000-7f46a8048000 r--p 00011000 08:05 2753615                    /usr/lib/jvm/java-11-openjdk-amd64/lib/libnio.so
7f46a8048000-7f46a8049000 rw-p 00012000 08:05 2753615                    /usr/lib/jvm/java-11-openjdk-amd64/lib/libnio.so
7f46a8049000-7f46a804d000 ---p 00000000 00:00 0 
7f46a804d000-7f46a814a000 rw-p 00000000 00:00 0 
7f46a814a000-7f46a814e000 ---p 00000000 00:00 0 
7f46a814e000-7f46a824b000 rw-p 00000000 00:00 0 
7f46a824b000-7f46a824c000 ---p 00000000 00:00 0 
7f46a824c000-7f46a8493000 rw-p 00000000 00:00 0 
7f46a8493000-7f46a8494000 ---p 00000000 00:00 0 
7f46a8494000-7f46a8595000 rw-p 00000000 00:00 0 
7f46a8595000-7f46a8596000 ---p 00000000 00:00 0 
7f46a8596000-7f46a8899000 rw-p 00000000 00:00 0 
7f46a8899000-7f46a889a000 ---p 00000000 00:00 0 
7f46a889a000-7f46a899b000 rw-p 00000000 00:00 0 
7f46a899b000-7f46a899c000 ---p 00000000 00:00 0 
7f46a899c000-7f46a8c3e000 rw-p 00000000 00:00 0 
7f46a8c3e000-7f46aa1ae000 ---p 00000000 00:00 0 
7f46aa1ae000-7f46aa1e4000 rw-p 00000000 00:00 0 
7f46aa1e4000-7f46aa492000 ---p 00000000 00:00 0 
7f46aa492000-7f46aa4c1000 rw-p 00000000 00:00 0 
7f46aa4c1000-7f46aa76f000 ---p 00000000 00:00 0 
7f46aa76f000-7f46aa79e000 rw-p 00000000 00:00 0 
7f46aa79e000-7f46aaa4c000 ---p 00000000 00:00 0 
7f46aaa4c000-7f46aac4f000 rw-p 00000000 00:00 0 
7f46aac4f000-7f46aac50000 ---p 00000000 00:00 0 
7f46aac50000-7f46aad56000 rw-p 00000000 00:00 0 
7f46aad56000-7f46aae3c000 ---p 00000000 00:00 0 
7f46aae3c000-7f46aae43000 rw-p 00000000 00:00 0 
7f46aae43000-7f46aaf27000 ---p 00000000 00:00 0 
7f46aaf27000-7f46aaf2c000 rw-p 00000000 00:00 0 
7f46aaf2c000-7f46aaf33000 ---p 00000000 00:00 0 
7f46aaf33000-7f46aaf36000 r--p 00000000 08:05 2632028                    /usr/lib/x86_64-linux-gnu/libnss_files-2.31.so
7f46aaf36000-7f46aaf3d000 r-xp 00003000 08:05 2632028                    /usr/lib/x86_64-linux-gnu/libnss_files-2.31.so
7f46aaf3d000-7f46aaf3f000 r--p 0000a000 08:05 2632028                    /usr/lib/x86_64-linux-gnu/libnss_files-2.31.so
7f46aaf3f000-7f46aaf40000 r--p 0000b000 08:05 2632028                    /usr/lib/x86_64-linux-gnu/libnss_files-2.31.so
7f46aaf40000-7f46aaf41000 rw-p 0000c000 08:05 2632028                    /usr/lib/x86_64-linux-gnu/libnss_files-2.31.so
7f46aaf41000-7f46aaf47000 rw-p 00000000 00:00 0 
7f46aaf48000-7f46aaf4f000 r--s 00000000 08:05 3183390                    /usr/lib/x86_64-linux-gnu/gconv/gconv-modules.cache
7f46aaf4f000-7f46aaf51000 r--p 00000000 08:05 2753623                    /usr/lib/jvm/java-11-openjdk-amd64/lib/libzip.so
7f46aaf51000-7f46aaf56000 r-xp 00002000 08:05 2753623                    /usr/lib/jvm/java-11-openjdk-amd64/lib/libzip.so
7f46aaf56000-7f46aaf58000 r--p 00007000 08:05 2753623                    /usr/lib/jvm/java-11-openjdk-amd64/lib/libzip.so
7f46aaf58000-7f46aaf59000 r--p 00008000 08:05 2753623                    /usr/lib/jvm/java-11-openjdk-amd64/lib/libzip.so
7f46aaf59000-7f46aaf5a000 rw-p 00009000 08:05 2753623                    /usr/lib/jvm/java-11-openjdk-amd64/lib/libzip.so
7f46aaf5a000-7f46aaf62000 rw-s 00000000 08:05 4626904                    /tmp/hsperfdata_santiago/42275
7f46aaf62000-7f46aaf63000 ---p 00000000 00:00 0 
7f46aaf63000-7f46aaf64000 r--p 00000000 00:00 0 
7f46aaf64000-7f46aaf72000 r--p 00000000 08:05 2753377                    /usr/lib/jvm/java-11-openjdk-amd64/lib/libjava.so
7f46aaf72000-7f46aaf88000 r-xp 0000e000 08:05 2753377                    /usr/lib/jvm/java-11-openjdk-amd64/lib/libjava.so
7f46aaf88000-7f46aaf8f000 r--p 00024000 08:05 2753377                    /usr/lib/jvm/java-11-openjdk-amd64/lib/libjava.so
7f46aaf8f000-7f46aaf90000 r--p 0002a000 08:05 2753377                    /usr/lib/jvm/java-11-openjdk-amd64/lib/libjava.so
7f46aaf90000-7f46aaf91000 rw-p 0002b000 08:05 2753377                    /usr/lib/jvm/java-11-openjdk-amd64/lib/libjava.so
7f46aaf91000-7f46aaf92000 rw-p 00000000 00:00 0 
7f46aaf92000-7f46aaf94000 r--p 00000000 08:05 2632038                    /usr/lib/x86_64-linux-gnu/librt-2.31.so
7f46aaf94000-7f46aaf98000 r-xp 00002000 08:05 2632038                    /usr/lib/x86_64-linux-gnu/librt-2.31.so
7f46aaf98000-7f46aaf9a000 r--p 00006000 08:05 2632038                    /usr/lib/x86_64-linux-gnu/librt-2.31.so
7f46aaf9a000-7f46aaf9b000 r--p 00007000 08:05 2632038                    /usr/lib/x86_64-linux-gnu/librt-2.31.so
7f46aaf9b000-7f46aaf9c000 rw-p 00008000 08:05 2632038                    /usr/lib/x86_64-linux-gnu/librt-2.31.so
7f46aaf9c000-7f46aafa0000 ---p 00000000 00:00 0 
7f46aafa0000-7f46ab09d000 rw-p 00000000 00:00 0 
7f46ab09d000-7f46ab0a0000 r--p 00000000 08:05 2622393                    /usr/lib/x86_64-linux-gnu/libgcc_s.so.1
7f46ab0a0000-7f46ab0b2000 r-xp 00003000 08:05 2622393                    /usr/lib/x86_64-linux-gnu/libgcc_s.so.1
7f46ab0b2000-7f46ab0b6000 r--p 00015000 08:05 2622393                    /usr/lib/x86_64-linux-gnu/libgcc_s.so.1
7f46ab0b6000-7f46ab0b7000 r--p 00018000 08:05 2622393                    /usr/lib/x86_64-linux-gnu/libgcc_s.so.1
7f46ab0b7000-7f46ab0b8000 rw-p 00019000 08:05 2622393                    /usr/lib/x86_64-linux-gnu/libgcc_s.so.1
7f46ab0b8000-7f46ab0c5000 r--p 00000000 08:05 2631998                    /usr/lib/x86_64-linux-gnu/libm-2.31.so
7f46ab0c5000-7f46ab16c000 r-xp 0000d000 08:05 2631998                    /usr/lib/x86_64-linux-gnu/libm-2.31.so
7f46ab16c000-7f46ab205000 r--p 000b4000 08:05 2631998                    /usr/lib/x86_64-linux-gnu/libm-2.31.so
7f46ab205000-7f46ab206000 r--p 0014c000 08:05 2631998                    /usr/lib/x86_64-linux-gnu/libm-2.31.so
7f46ab206000-7f46ab207000 rw-p 0014d000 08:05 2631998                    /usr/lib/x86_64-linux-gnu/libm-2.31.so
7f46ab207000-7f46ab29d000 r--p 00000000 08:05 2626859                    /usr/lib/x86_64-linux-gnu/libstdc++.so.6.0.28
7f46ab29d000-7f46ab38e000 r-xp 00096000 08:05 2626859                    /usr/lib/x86_64-linux-gnu/libstdc++.so.6.0.28
7f46ab38e000-7f46ab3d7000 r--p 00187000 08:05 2626859                    /usr/lib/x86_64-linux-gnu/libstdc++.so.6.0.28
7f46ab3d7000-7f46ab3d8000 ---p 001d0000 08:05 2626859                    /usr/lib/x86_64-linux-gnu/libstdc++.so.6.0.28
7f46ab3d8000-7f46ab3e3000 r--p 001d0000 08:05 2626859                    /usr/lib/x86_64-linux-gnu/libstdc++.so.6.0.28
7f46ab3e3000-7f46ab3e6000 rw-p 001db000 08:05 2626859                    /usr/lib/x86_64-linux-gnu/libstdc++.so.6.0.28
7f46ab3e6000-7f46ab3e9000 rw-p 00000000 00:00 0 
7f46ab3e9000-7f46ab66b000 r--p 00000000 08:05 3017460                    /usr/lib/jvm/java-11-openjdk-amd64/lib/server/libjvm.so
7f46ab66b000-7f46ac2fc000 r-xp 00282000 08:05 3017460                    /usr/lib/jvm/java-11-openjdk-amd64/lib/server/libjvm.so
7f46ac2fc000-7f46ac55b000 r--p 00f13000 08:05 3017460                    /usr/lib/jvm/java-11-openjdk-amd64/lib/server/libjvm.so
7f46ac55b000-7f46ac61f000 r--p 01171000 08:05 3017460                    /usr/lib/jvm/java-11-openjdk-amd64/lib/server/libjvm.so
7f46ac61f000-7f46ac65a000 rw-p 01235000 08:05 3017460                    /usr/lib/jvm/java-11-openjdk-amd64/lib/server/libjvm.so
7f46ac65a000-7f46ac6b3000 rw-p 00000000 00:00 0 
7f46ac6b3000-7f46ac6d5000 r--p 00000000 08:05 2631994                    /usr/lib/x86_64-linux-gnu/libc-2.31.so
7f46ac6d5000-7f46ac84d000 r-xp 00022000 08:05 2631994                    /usr/lib/x86_64-linux-gnu/libc-2.31.so
7f46ac84d000-7f46ac89b000 r--p 0019a000 08:05 2631994                    /usr/lib/x86_64-linux-gnu/libc-2.31.so
7f46ac89b000-7f46ac89f000 r--p 001e7000 08:05 2631994                    /usr/lib/x86_64-linux-gnu/libc-2.31.so
7f46ac89f000-7f46ac8a1000 rw-p 001eb000 08:05 2631994                    /usr/lib/x86_64-linux-gnu/libc-2.31.so
7f46ac8a1000-7f46ac8a5000 rw-p 00000000 00:00 0 
7f46ac8a5000-7f46ac8a6000 r--p 00000000 08:05 2631996                    /usr/lib/x86_64-linux-gnu/libdl-2.31.so
7f46ac8a6000-7f46ac8a8000 r-xp 00001000 08:05 2631996                    /usr/lib/x86_64-linux-gnu/libdl-2.31.so
7f46ac8a8000-7f46ac8a9000 r--p 00003000 08:05 2631996                    /usr/lib/x86_64-linux-gnu/libdl-2.31.so
7f46ac8a9000-7f46ac8aa000 r--p 00003000 08:05 2631996                    /usr/lib/x86_64-linux-gnu/libdl-2.31.so
7f46ac8aa000-7f46ac8ab000 rw-p 00004000 08:05 2631996                    /usr/lib/x86_64-linux-gnu/libdl-2.31.so
7f46ac8ab000-7f46ac8ae000 r--p 00000000 08:05 3017457                    /usr/lib/jvm/java-11-openjdk-amd64/lib/jli/libjli.so
7f46ac8ae000-7f46ac8b8000 r-xp 00003000 08:05 3017457                    /usr/lib/jvm/java-11-openjdk-amd64/lib/jli/libjli.so
7f46ac8b8000-7f46ac8bb000 r--p 0000d000 08:05 3017457                    /usr/lib/jvm/java-11-openjdk-amd64/lib/jli/libjli.so
7f46ac8bb000-7f46ac8bc000 ---p 00010000 08:05 3017457                    /usr/lib/jvm/java-11-openjdk-amd64/lib/jli/libjli.so
7f46ac8bc000-7f46ac8bd000 r--p 00010000 08:05 3017457                    /usr/lib/jvm/java-11-openjdk-amd64/lib/jli/libjli.so
7f46ac8bd000-7f46ac8be000 rw-p 00011000 08:05 3017457                    /usr/lib/jvm/java-11-openjdk-amd64/lib/jli/libjli.so
7f46ac8be000-7f46ac8c4000 r--p 00000000 08:05 2632036                    /usr/lib/x86_64-linux-gnu/libpthread-2.31.so
7f46ac8c4000-7f46ac8d5000 r-xp 00006000 08:05 2632036                    /usr/lib/x86_64-linux-gnu/libpthread-2.31.so
7f46ac8d5000-7f46ac8db000 r--p 00017000 08:05 2632036                    /usr/lib/x86_64-linux-gnu/libpthread-2.31.so
7f46ac8db000-7f46ac8dc000 r--p 0001c000 08:05 2632036                    /usr/lib/x86_64-linux-gnu/libpthread-2.31.so
7f46ac8dc000-7f46ac8dd000 rw-p 0001d000 08:05 2632036                    /usr/lib/x86_64-linux-gnu/libpthread-2.31.so
7f46ac8dd000-7f46ac8e1000 rw-p 00000000 00:00 0 
7f46ac8e1000-7f46ac8e3000 r--p 00000000 08:05 2627188                    /usr/lib/x86_64-linux-gnu/libz.so.1.2.11
7f46ac8e3000-7f46ac8f4000 r-xp 00002000 08:05 2627188                    /usr/lib/x86_64-linux-gnu/libz.so.1.2.11
7f46ac8f4000-7f46ac8fa000 r--p 00013000 08:05 2627188                    /usr/lib/x86_64-linux-gnu/libz.so.1.2.11
7f46ac8fa000-7f46ac8fb000 ---p 00019000 08:05 2627188                    /usr/lib/x86_64-linux-gnu/libz.so.1.2.11
7f46ac8fb000-7f46ac8fc000 r--p 00019000 08:05 2627188                    /usr/lib/x86_64-linux-gnu/libz.so.1.2.11
7f46ac8fc000-7f46ac8fd000 rw-p 0001a000 08:05 2627188                    /usr/lib/x86_64-linux-gnu/libz.so.1.2.11
7f46ac8fd000-7f46ac8ff000 r--p 00000000 08:05 2753588                    /usr/lib/jvm/java-11-openjdk-amd64/lib/libjimage.so
7f46ac8ff000-7f46ac902000 r-xp 00002000 08:05 2753588                    /usr/lib/jvm/java-11-openjdk-amd64/lib/libjimage.so
7f46ac902000-7f46ac903000 r--p 00005000 08:05 2753588                    /usr/lib/jvm/java-11-openjdk-amd64/lib/libjimage.so
7f46ac903000-7f46ac904000 ---p 00006000 08:05 2753588                    /usr/lib/jvm/java-11-openjdk-amd64/lib/libjimage.so
7f46ac904000-7f46ac905000 r--p 00006000 08:05 2753588                    /usr/lib/jvm/java-11-openjdk-amd64/lib/libjimage.so
7f46ac905000-7f46ac906000 rw-p 00007000 08:05 2753588                    /usr/lib/jvm/java-11-openjdk-amd64/lib/libjimage.so
7f46ac906000-7f46ac90b000 r--p 00000000 08:05 2753622                    /usr/lib/jvm/java-11-openjdk-amd64/lib/libverify.so
7f46ac90b000-7f46ac912000 r-xp 00005000 08:05 2753622                    /usr/lib/jvm/java-11-openjdk-amd64/lib/libverify.so
7f46ac912000-7f46ac914000 r--p 0000c000 08:05 2753622                    /usr/lib/jvm/java-11-openjdk-amd64/lib/libverify.so
7f46ac914000-7f46ac915000 ---p 0000e000 08:05 2753622                    /usr/lib/jvm/java-11-openjdk-amd64/lib/libverify.so
7f46ac915000-7f46ac917000 r--p 0000e000 08:05 2753622                    /usr/lib/jvm/java-11-openjdk-amd64/lib/libverify.so
7f46ac917000-7f46ac918000 rw-p 00010000 08:05 2753622                    /usr/lib/jvm/java-11-openjdk-amd64/lib/libverify.so
7f46ac918000-7f46ac91a000 rw-p 00000000 00:00 0 
7f46ac91a000-7f46ac91b000 r--p 00000000 08:05 2623639                    /usr/lib/x86_64-linux-gnu/ld-2.31.so
7f46ac91b000-7f46ac93e000 r-xp 00001000 08:05 2623639                    /usr/lib/x86_64-linux-gnu/ld-2.31.so
7f46ac93e000-7f46ac946000 r--p 00024000 08:05 2623639                    /usr/lib/x86_64-linux-gnu/ld-2.31.so
7f46ac946000-7f46ac947000 rwxp 00000000 00:00 0 
7f46ac947000-7f46ac948000 r--p 0002c000 08:05 2623639                    /usr/lib/x86_64-linux-gnu/ld-2.31.so
7f46ac948000-7f46ac949000 rw-p 0002d000 08:05 2623639                    /usr/lib/x86_64-linux-gnu/ld-2.31.so
7f46ac949000-7f46ac94a000 rw-p 00000000 00:00 0 
7ffd7caf2000-7ffd7cb15000 rw-p 00000000 00:00 0                          [stack]
7ffd7cb99000-7ffd7cb9d000 r--p 00000000 00:00 0                          [vvar]
7ffd7cb9d000-7ffd7cb9f000 r-xp 00000000 00:00 0                          [vdso]
ffffffffff600000-ffffffffff601000 --xp 00000000 00:00 0                  [vsyscall]


VM Arguments:
jvm_args: -Dfile.encoding=UTF-8 -Duser.country=US -Duser.language=en -Duser.variant 
java_command: MainKt
java_class_path (initial): /home/santiago/Aarhus/ConfLiftingaaS/build/classes/java/main:/home/santiago/Aarhus/ConfLiftingaaS/build/classes/kotlin/main:/home/santiago/Aarhus/ConfLiftingaaS/build/resources/main:/home/santiago/.gradle/caches/modules-2/files-2.1/org.jetbrains.kotlinx/kotlinx-serialization-json-jvm/1.5.0/f2355f60f5c027da0326c8af2d9c724d39aa0ce9/kotlinx-serialization-json-jvm-1.5.0.jar:/home/santiago/.gradle/caches/modules-2/files-2.1/org.jetbrains.kotlinx/kotlinx-serialization-core-jvm/1.5.0/d701e8cccd443a7cc1a0bcac53432f2745dcdbda/kotlinx-serialization-core-jvm-1.5.0.jar:/home/santiago/.gradle/caches/modules-2/files-2.1/org.siani.javafmi/fmu-wrapper/2.26.3/56f94b5c0935c234802450545083855994612c41/fmu-wrapper-2.26.3.jar:/home/santiago/.gradle/caches/modules-2/files-2.1/org.jetbrains.kotlin/kotlin-stdlib-jdk8/1.8.10/7c002ac41f547a82e81dfebd2a20577a738dbf3f/kotlin-stdlib-jdk8-1.8.10.jar:/home/santiago/.gradle/caches/modules-2/files-2.1/org.apache.jena/jena-shacl/3.16.0/73224ac7a31181149fce1a85c4ad86a9e5d76c0d/jena-shacl-3.16.0.jar:/home/santiago/.gradle/caches/modules-2/files-2.1/org.apache.jena/jena-tdb/3.16.0/9cbf4b9d9ce058403f4977be0ceff0c6a6b755d/jena-tdb-3.16.0.jar:/home/santiago/.gradle/caches/modules-2/files-2.1/org.apache.jena/jena-rdfconnection/3.16.0/68e2a3f2c450ae4ce2652a3713dea95066bff25a/jena-rdfconnection-3.16.0.jar:/home/santiago/.gradle/caches/modules-2/files-2.1/org.apache.jena/jena-tdb2/3.16.0/1f014a32d88e4bb5ac4c5291703fafd5bd060a8c/jena-tdb2-3.16.0.jar:/home/santiago/.gradle/caches/modules-2/files-2.1/org.apache.jena/jena-dboe-storage/3.16.0/86876be46c78ee68172614c4bf3cd211b3815d33/jena-dboe-storage-3.16.0.jar:/home/santiago/.gradle/caches/modules-2/files-2.1/org.apache.jena/jena-dboe-trans-data/3.16.0/2df0c144ef7f420d45a984c753a7078b70618a94/jena-dboe-trans-data-3.16.0.jar:/home/santiago/.gradle/caches/modules-2/files-2.1/org.apache.jena/jena-dboe-transaction/3.16.0/668a904ec5532ff837e8a9b67460797f2654f077/jena-dboe-transaction-3.16.
Launcher Type: SUN_STANDARD

[Global flags]
     intx CICompilerCount                          = 2                                         {product} {ergonomic}
     uint ConcGCThreads                            = 1                                         {product} {ergonomic}
     uint G1ConcRefinementThreads                  = 2                                         {product} {ergonomic}
   size_t G1HeapRegionSize                         = 1048576                                   {product} {ergonomic}
    uintx GCDrainStackTargetSize                   = 64                                        {product} {ergonomic}
   size_t InitialHeapSize                          = 96468992                                  {product} {ergonomic}
   size_t MarkStackSize                            = 4194304                                   {product} {ergonomic}
   size_t MaxHeapSize                              = 1537212416                                {product} {ergonomic}
   size_t MaxNewSize                               = 921698304                                 {product} {ergonomic}
   size_t MinHeapDeltaBytes                        = 1048576                                   {product} {ergonomic}
    uintx NonNMethodCodeHeapSize                   = 5825164                                {pd product} {ergonomic}
    uintx NonProfiledCodeHeapSize                  = 122916538                              {pd product} {ergonomic}
    uintx ProfiledCodeHeapSize                     = 122916538                              {pd product} {ergonomic}
    uintx ReservedCodeCacheSize                    = 251658240                              {pd product} {ergonomic}
     bool SegmentedCodeCache                       = true                                      {product} {ergonomic}
     bool UseCompressedClassPointers               = true                                 {lp64_product} {ergonomic}
     bool UseCompressedOops                        = true                                 {lp64_product} {ergonomic}
     bool UseG1GC                                  = true                                      {product} {ergonomic}

Logging:
Log output configuration:
 #0: stdout all=warning uptime,level,tags
 #1: stderr all=off uptime,level,tags

Environment Variables:
JAVA_HOME=/usr/lib/jvm/java-11-openjdk-amd64
PATH=/home/santiago/apache-maven-3.9.4/bin:/usr/lib/jvm/java-11-openjdk-amd64:/usr/lib/jvm/java-11-openjdk-amd64/bin:/home/santiago/node-js/bin:/home/santiago/node-js:/home/santiago/uppaal64-4.1.25-5:/home/santiago/uppaal64-4.1.25-5/bin-Linux:/home/santiago/apache-maven-3.9.4/bin:/usr/lib/jvm/java-17-openjdk-amd64:/usr/lib/jvm/java-17-openjdk-amd64/bin:/home/santiago/node-js/bin:/home/santiago/node-js:/home/santiago/uppaal64-4.1.25-5:/home/santiago/uppaal64-4.1.25-5/bin-Linux:/home/santiago/.sdkman/candidates/kotlin/current/bin:/home/santiago/.sdkman/candidates/gradle/current/bin:/home/santiago/apache-maven-3.9.4/bin:/usr/lib/jvm/java-11-openjdk-amd64/bin:/home/santiago/node-js/bin:/home/santiago/node-js:/home/santiago/uppaal64-4.1.25-5:/home/santiago/uppaal64-4.1.25-5/bin-Linux:/home/santiago/.local/bin:/usr/local/sbin:/usr/local/bin:/usr/sbin:/usr/bin:/sbin:/bin:/usr/games:/usr/local/games:/snap/bin
USERNAME=santiago
SHELL=/bin/bash
DISPLAY=:0
LANG=en_US.UTF-8
TERM=xterm-256color

Signal Handlers:
SIGSEGV: [libjvm.so+0xea02e0], sa_mask[0]=11111111011111111101111111111110, sa_flags=SA_RESTART|SA_SIGINFO
SIGBUS: [libjvm.so+0xea02e0], sa_mask[0]=11111111011111111101111111111110, sa_flags=SA_RESTART|SA_SIGINFO
SIGFPE: [libjvm.so+0xea02e0], sa_mask[0]=11111111011111111101111111111110, sa_flags=SA_RESTART|SA_SIGINFO
SIGPIPE: [libjvm.so+0xbe5be0], sa_mask[0]=11111111011111111101111111111110, sa_flags=SA_RESTART|SA_SIGINFO
SIGXFSZ: [libjvm.so+0xbe5be0], sa_mask[0]=11111111011111111101111111111110, sa_flags=SA_RESTART|SA_SIGINFO
SIGILL: [libjvm.so+0xea02e0], sa_mask[0]=11111111011111111101111111111110, sa_flags=SA_RESTART|SA_SIGINFO
SIGUSR2: [libjvm.so+0xbe5a80], sa_mask[0]=00100000000000000000000000000000, sa_flags=SA_RESTART|SA_SIGINFO
SIGHUP: [libjvm.so+0xbe6130], sa_mask[0]=11111111011111111101111111111110, sa_flags=SA_RESTART|SA_SIGINFO
SIGINT: [libjvm.so+0xbe6130], sa_mask[0]=11111111011111111101111111111110, sa_flags=SA_RESTART|SA_SIGINFO
SIGTERM: [libjvm.so+0xbe6130], sa_mask[0]=11111111011111111101111111111110, sa_flags=SA_RESTART|SA_SIGINFO
SIGQUIT: [libjvm.so+0xbe6130], sa_mask[0]=11111111011111111101111111111110, sa_flags=SA_RESTART|SA_SIGINFO


---------------  S Y S T E M  ---------------

OS:DISTRIB_ID=Ubuntu
DISTRIB_RELEASE=20.04
DISTRIB_CODENAME=focal
DISTRIB_DESCRIPTION="Ubuntu 20.04.6 LTS"
uname:Linux 5.15.0-78-generic #85~20.04.1-Ubuntu SMP Mon Jul 17 09:42:39 UTC 2023 x86_64
OS uptime: 0 days 1:57 hours
libc:glibc 2.31 NPTL 2.31 
rlimit (soft/hard): STACK 8192k/infinity , CORE 0k/infinity , NPROC 23121/23121 , NOFILE 1048576/1048576 , AS infinity/infinity , CPU infinity/infinity , DATA infinity/infinity , FSIZE infinity/infinity , MEMLOCK 65536k/65536k
load average:2.51 3.73 2.34

/proc/meminfo:
MemTotal:        6004560 kB
MemFree:          182128 kB
MemAvailable:    1084328 kB
Buffers:           57024 kB
Cached:          1032884 kB
SwapCached:       105500 kB
Active:           804940 kB
Inactive:        4088728 kB
Active(anon):     356808 kB
Inactive(anon):  3475316 kB
Active(file):     448132 kB
Inactive(file):   613412 kB
Unevictable:       13500 kB
Mlocked:           13500 kB
SwapTotal:       2097148 kB
SwapFree:        1074424 kB
Dirty:              1492 kB
Writeback:             0 kB
AnonPages:       3757104 kB
Mapped:           311080 kB
Shmem:             16720 kB
KReclaimable:     106388 kB
Slab:             275824 kB
SReclaimable:     106388 kB
SUnreclaim:       169436 kB
KernelStack:       20640 kB
PageTables:        34044 kB
NFS_Unstable:          0 kB
Bounce:                0 kB
WritebackTmp:          0 kB
CommitLimit:     5099428 kB
Committed_AS:   11616156 kB
VmallocTotal:   34359738367 kB
VmallocUsed:       87600 kB
VmallocChunk:          0 kB
Percpu:           181248 kB
HardwareCorrupted:     0 kB
AnonHugePages:      2048 kB
ShmemHugePages:        0 kB
ShmemPmdMapped:        0 kB
FileHugePages:         0 kB
FilePmdMapped:         0 kB
HugePages_Total:       0
HugePages_Free:        0
HugePages_Rsvd:        0
HugePages_Surp:        0
Hugepagesize:       2048 kB
Hugetlb:               0 kB
DirectMap4k:      550720 kB
DirectMap2M:     5715968 kB
DirectMap1G:           0 kB

/sys/kernel/mm/transparent_hugepage/enabled:
always [madvise] never
/sys/kernel/mm/transparent_hugepage/defrag (defrag/compaction efforts parameter):
always defer defer+madvise [madvise] never

Process Memory:
Virtual Size: 4101084K (peak: 12903016K)
Resident Set Size: 128200K (peak: 128200K) (anon: 93140K, file: 35060K, shmem: 0K)
Swapped out: 0K
C-Heap outstanding allocations: 18317K, retained: 6406K
glibc malloc tunables: (default)

/proc/sys/kernel/threads-max (system-wide limit on the number of threads):
46242
/proc/sys/vm/max_map_count (maximum number of memory map areas a process may have):
65530
/proc/sys/kernel/pid_max (system-wide limit on number of process identifiers):
4194304

container (cgroup) information:
container_type: cgroupv1
cpu_cpuset_cpus: 0-1
cpu_memory_nodes: 0
active_processor_count: 2
cpu_quota: no quota
cpu_period: 100000
cpu_shares: no shares
memory_limit_in_bytes: unlimited
memory_and_swap_limit_in_bytes: unlimited
memory_soft_limit_in_bytes: unlimited
memory_usage_in_bytes: 4542180 k
memory_max_usage_in_bytes: 4801900 k
kernel_memory_usage_in_bytes: 80888 k
kernel_memory_max_usage_in_bytes: unlimited
kernel_memory_limit_in_bytes: 100276 k
maximum number of tasks: unlimited
current number of tasks: 556

VMWare virtualization detected
Steal ticks since vm start: 0
Steal ticks percentage since vm start:  0.000

CPU:total 2 (initial active 2) (1 cores per cpu, 1 threads per core) family 6 model 140 stepping 1 microcode 0x8a, cmov, cx8, fxsr, mmx, sse, sse2, sse3, ssse3, sse4.1, sse4.2, popcnt, avx, avx2, aes, clmul, erms, 3dnowpref, lzcnt, tsc, tscinvbit, bmi1, bmi2, adx, evex, sha, fma
CPU Model and flags from /proc/cpuinfo:
model name	: 11th Gen Intel(R) Core(TM) i5-1135G7 @ 2.40GHz
flags		: fpu vme de pse tsc msr pae mce cx8 apic sep mtrr pge mca cmov pat pse36 clflush mmx fxsr sse sse2 ss syscall nx pdpe1gb rdtscp lm constant_tsc arch_perfmon rep_good nopl xtopology tsc_reliable nonstop_tsc cpuid tsc_known_freq pni pclmulqdq ssse3 fma cx16 pcid sse4_1 sse4_2 x2apic movbe popcnt tsc_deadline_timer aes xsave avx f16c rdrand hypervisor lahf_lm abm 3dnowprefetch cpuid_fault invpcid_single ssbd ibrs ibpb stibp ibrs_enhanced fsgsbase tsc_adjust bmi1 avx2 smep bmi2 erms invpcid avx512f avx512dq rdseed adx smap avx512ifma clflushopt clwb avx512cd sha_ni avx512bw avx512vl xsaveopt xsavec xgetbv1 xsaves arat avx512vbmi umip pku ospke avx512_vbmi2 gfni vaes vpclmulqdq avx512_vnni avx512_bitalg avx512_vpopcntdq rdpid movdiri movdir64b fsrm avx512_vp2intersect md_clear flush_l1d arch_capabilities
Online cpus:
0-1
Offline cpus:
2-127
BIOS frequency limitation:
<Not Available>
Frequency switch latency (ns):
<Not Available>
Available cpu frequencies:
<Not Available>
Current governor:
<Not Available>
Core performance/turbo boost:
<Not Available>

Memory: 4k page, physical 6004560k(182128k free), swap 2097148k(1074424k free)

vm_info: OpenJDK 64-Bit Server VM (11.0.20+8-post-Ubuntu-1ubuntu120.04) for linux-amd64 JRE (11.0.20+8-post-Ubuntu-1ubuntu120.04), built on Jul 20 2023 03:22:26 by "unknown" with gcc 9.4.0

END.
