#
# A fatal error has been detected by the Java Runtime Environment:
#
#  SIGSEGV (0xb) at pc=0x00007f78ab043c3d, pid=31932, tid=31937
#
# JRE version: OpenJDK Runtime Environment (11.0.20+8) (build 11.0.20+8-post-Ubuntu-1ubuntu120.04)
# Java VM: OpenJDK 64-Bit Server VM (11.0.20+8-post-Ubuntu-1ubuntu120.04, mixed mode, sharing, tiered, compressed oops, g1 gc, linux-amd64)
# Problematic frame:
# C  [rabbitmq.so+0x271c3d]  FmuContainerCore::getData()+0x2d
#
# Core dump will be written. Default location: Core dumps may be processed with "/usr/share/apport/apport -p%p -s%s -c%c -d%d -P%P -u%u -g%g -- %E" (or dumping to /home/santiago/Aarhus/ConfLiftingaaS/core.31932)
#
# If you would like to submit a bug report, please visit:
#   https://bugs.launchpad.net/ubuntu/+source/openjdk-lts
# The crash happened outside the Java Virtual Machine in native code.
# See problematic frame for where to report the bug.
#

---------------  S U M M A R Y ------------

Command Line: -Dfile.encoding=UTF-8 -Duser.country=US -Duser.language=en -Duser.variant MainKt

Host: 11th Gen Intel(R) Core(TM) i5-1135G7 @ 2.40GHz, 2 cores, 5G, Ubuntu 20.04.6 LTS
Time: Tue Aug 22 09:41:12 2023 CEST elapsed time: 10.907554 seconds (0d 0h 0m 10s)

---------------  T H R E A D  ---------------

Current thread (0x00007f7900018000):  JavaThread "main" [_thread_in_native, id=31937, stack(0x00007f790759b000,0x00007f790769c000)]

Stack: [0x00007f790759b000,0x00007f790769c000],  sp=0x00007f7907699660,  free space=1017k
Native frames: (J=compiled Java code, A=aot compiled Java code, j=interpreted, Vv=VM code, C=native code)
C  [rabbitmq.so+0x271c3d]  FmuContainerCore::getData()+0x2d

Java frames: (J=compiled Java code, j=interpreted, Vv=VM code)
j  com.sun.jna.Native.invokeInt(JI[Ljava/lang/Object;)I+0
j  com.sun.jna.Function.invoke([Ljava/lang/Object;Ljava/lang/Class;Z)Ljava/lang/Object;+225
j  com.sun.jna.Function.invoke(Ljava/lang/Class;[Ljava/lang/Object;Ljava/util/Map;)Ljava/lang/Object;+262
j  com.sun.jna.Function.invoke(Ljava/lang/Class;[Ljava/lang/Object;)Ljava/lang/Object;+7
j  com.sun.jna.Function.invokeInt([Ljava/lang/Object;)I+5
j  org.javafmi.proxy.v2.Fmu$1.asInt()I+15
j  org.javafmi.proxy.v2.Fmu.getInteger([I)[I+43
j  org.javafmi.proxy.v2.FmuProxy.getInteger([I)[I+5
j  org.javafmi.wrapper.variables.SingleRead.asInteger()I+14
j  dtstructure.DTFMUConf.liftInto(Lorg/apache/jena/rdf/model/Model;)V+516
j  dtstructure.DTComponent.liftInto(Lorg/apache/jena/rdf/model/Model;)V+145
j  dtstructure.DTComponent.liftInto(Lorg/apache/jena/rdf/model/Model;)V+145
j  DTLiftingService.getModel()Lorg/apache/jena/rdf/model/Model;+66
j  MainKt.setupFlex(LDTManager;)V+30
j  MainKt.main([Ljava/lang/String;)V+85
v  ~StubRoutines::call_stub

siginfo: si_signo: 11 (SIGSEGV), si_code: 128 (SI_KERNEL), si_addr: 0x0000000000000000

Register to memory mapping:

RAX=0x00007f79008a4a01 points into unknown readable memory: 90 a1 ab 78 7f 00 00
RBX=0x00007f7907699688 is pointing into the stack for thread: 0x00007f7900018000
RCX=0x00007f790094cc20 points into unknown readable memory: 0x00007f7900000000 | 00 00 00 00 79 7f 00 00
RDX=0x00007f7907699690 is pointing into the stack for thread: 0x00007f7900018000
RSP=0x00007f7907699660 is pointing into the stack for thread: 0x00007f7900018000
RBP=0x0000000000000001 is an unknown value
RSI=0x656c626154726562 is an unknown value
RDI=0x00007f7907699688 is pointing into the stack for thread: 0x00007f7900018000
R8 =0x00007f79046c4540 is pointing into metadata
R9 =0x00007f7900018000 is a thread
R10=0x00007f7907699670 is pointing into the stack for thread: 0x00007f7900018000
R11=0x00007f78ab0298e0: fmi2GetInteger+0x0000000000000000 in /tmp/fmu_2990f53a_90d0_4357_891e_50b2263cfee9rabbit2_1_5-16_SG/binaries/linux64/rabbitmq.so at 0x00007f78aadd2000
R12=0x00007f790095d7b0 points into unknown readable memory: 0x00007f7900000015 | 15 00 00 00 79 7f 00 00
R13=0x00007f7900404830 points into unknown readable memory: 0x00007f78ab5baf88 | 88 af 5b ab 78 7f 00 00
R14=0x656c626154726562 is an unknown value
R15=0x0 is NULL


Registers:
RAX=0x00007f79008a4a01, RBX=0x00007f7907699688, RCX=0x00007f790094cc20, RDX=0x00007f7907699690
RSP=0x00007f7907699660, RBP=0x0000000000000001, RSI=0x656c626154726562, RDI=0x00007f7907699688
R8 =0x00007f79046c4540, R9 =0x00007f7900018000, R10=0x00007f7907699670, R11=0x00007f78ab0298e0
R12=0x00007f790095d7b0, R13=0x00007f7900404830, R14=0x656c626154726562, R15=0x0000000000000000
RIP=0x00007f78ab043c3d, EFLAGS=0x0000000000010246, CSGSFS=0x002b000000000033, ERR=0x0000000000000000
  TRAPNO=0x000000000000000d

Top of Stack: (sp=0x00007f7907699660)
0x00007f7907699660:   00007f79008a4a01 00007f7907699688
0x00007f7907699670:   00007f7907699690 00007f78ab01da8c
0x00007f7907699680:   00007f790094cc20 00007f790094cc20
0x00007f7907699690:   00007f7900000000 0000000000000000 

Instructions: (pc=0x00007f78ab043c3d)
0x00007f78ab043b3d:   ff 49 89 c7 48 89 ef 4c 89 f6 e8 84 63 fb ff 49
0x00007f78ab043b4d:   89 c6 48 8b 68 28 48 89 c3 48 83 c3 28 eb 0c 0f
0x00007f78ab043b5d:   1f 40 00 4c 89 e7 e8 a8 c8 fb ff 48 39 dd 0f 84
0x00007f78ab043b6d:   ef fc ff ff 49 89 ec 48 8b 6d 00 41 83 7c 24 18
0x00007f78ab043b7d:   00 75 e0 49 8b 7c 24 20 49 8d 44 24 30 48 39 c7
0x00007f78ab043b8d:   74 d1 e8 7c c8 fb ff eb ca 48 8b 7c 24 10 f2 0f
0x00007f78ab043b9d:   10 44 24 40 e8 4a eb fb ff 48 81 c4 b8 00 00 00
0x00007f78ab043bad:   5b 41 5c 41 5d 41 5e 41 5f 5d c3 e8 c3 24 fc ff
0x00007f78ab043bbd:   48 89 c3 83 bc 24 90 00 00 00 00 75 1f 48 8b bc
0x00007f78ab043bcd:   24 98 00 00 00 48 8d 84 24 a8 00 00 00 48 39 c7
0x00007f78ab043bdd:   74 0a e8 2c c8 fb ff eb 03 48 89 c3 83 7c 24 50
0x00007f78ab043bed:   00 75 14 48 8b 7c 24 58 48 8d 44 24 68 48 39 c7
0x00007f78ab043bfd:   74 05 e8 0c c8 fb ff 48 89 df e8 64 ba fc ff 0f
0x00007f78ab043c0d:   1f 40 00 41 56 53 50 49 89 f6 48 89 fb 48 8d 57
0x00007f78ab043c1d:   08 c7 47 08 00 00 00 00 48 c7 47 10 00 00 00 00
0x00007f78ab043c2d:   48 89 57 18 48 89 57 20 48 c7 47 28 00 00 00 00
0x00007f78ab043c3d:   48 8b b6 00 01 00 00 48 85 f6 74 56 48 89 1c 24
0x00007f78ab043c4d:   48 89 e1 48 89 df e8 98 55 fb ff 48 89 c2 0f 1f
0x00007f78ab043c5d:   44 00 00 48 89 d1 48 8b 52 10 48 85 d2 75 f4 48
0x00007f78ab043c6d:   89 4b 18 48 89 c2 66 2e 0f 1f 84 00 00 00 00 00
0x00007f78ab043c7d:   0f 1f 00 48 89 d1 48 8b 52 18 48 85 d2 75 f4 48
0x00007f78ab043c8d:   89 4b 20 49 8b 8e 18 01 00 00 48 89 4b 28 48 89
0x00007f78ab043c9d:   43 10 48 89 d8 48 83 c4 08 5b 41 5e c3 66 0f 1f
0x00007f78ab043cad:   44 00 00 48 8b 87 20 01 00 00 c3 0f 1f 84 00 00
0x00007f78ab043cbd:   00 00 00 40 88 b7 80 01 00 00 c3 0f 1f 84 00 00
0x00007f78ab043ccd:   00 00 00 41 57 41 56 41 54 53 50 49 89 cf 49 89
0x00007f78ab043cdd:   d6 49 89 fc 48 85 f6 74 1b 48 89 f3 48 89 f7 e8
0x00007f78ab043ced:   4f 2b fb ff 4c 89 e7 48 89 de 48 89 c2 e8 81 ff
0x00007f78ab043cfd:   fb ff eb 19 49 8b 04 24 48 8b 40 e8 49 8d 3c 04
0x00007f78ab043d0d:   41 8b 74 04 20 83 ce 01 e8 e6 a7 fc ff 48 8d 35
0x00007f78ab043d1d:   9c 1c 47 00 ba 06 00 00 00 4c 89 e7 e8 52 ff fb
0x00007f78ab043d2d:   ff 49 8b 37 4c 89 e7 e8 f7 c7 fb ff 48 89 c3 48 


Stack slot to memory mapping:
stack at sp + 0 slots: 0x00007f79008a4a01 points into unknown readable memory: 90 a1 ab 78 7f 00 00
stack at sp + 1 slots: 0x00007f7907699688 is pointing into the stack for thread: 0x00007f7900018000
stack at sp + 2 slots: 0x00007f7907699690 is pointing into the stack for thread: 0x00007f7900018000
stack at sp + 3 slots: 0x00007f78ab01da8c: _ZN12FmuContainer10getIntegerEPKjmPi+0x000000000000003c in /tmp/fmu_2990f53a_90d0_4357_891e_50b2263cfee9rabbit2_1_5-16_SG/binaries/linux64/rabbitmq.so at 0x00007f78aadd2000
stack at sp + 4 slots: 0x00007f790094cc20 points into unknown readable memory: 0x00007f7900000000 | 00 00 00 00 79 7f 00 00
stack at sp + 5 slots: 0x00007f790094cc20 points into unknown readable memory: 0x00007f7900000000 | 00 00 00 00 79 7f 00 00
stack at sp + 6 slots: 0x00007f7900000000 points into unknown readable memory: 0x00007f7900000020 | 20 00 00 00 79 7f 00 00
stack at sp + 7 slots: 0x0 is NULL


---------------  P R O C E S S  ---------------

Threads class SMR info:
_java_thread_list=0x00007f7900123d20, length=9, elements={
0x00007f7900018000, 0x00007f79000df000, 0x00007f79000e1000, 0x00007f79000e6800,
0x00007f79000e9000, 0x00007f79000eb000, 0x00007f79000ed000, 0x00007f79000ef000,
0x00007f7900122800
}

Java Threads: ( => current thread )
=>0x00007f7900018000 JavaThread "main" [_thread_in_native, id=31937, stack(0x00007f790759b000,0x00007f790769c000)]
  0x00007f79000df000 JavaThread "Reference Handler" daemon [_thread_blocked, id=31964, stack(0x00007f78e86f0000,0x00007f78e87f1000)]
  0x00007f79000e1000 JavaThread "Finalizer" daemon [_thread_blocked, id=31967, stack(0x00007f78e85ef000,0x00007f78e86f0000)]
  0x00007f79000e6800 JavaThread "Signal Dispatcher" daemon [_thread_blocked, id=31969, stack(0x00007f78e0817000,0x00007f78e0918000)]
  0x00007f79000e9000 JavaThread "Service Thread" daemon [_thread_blocked, id=31973, stack(0x00007f78e0716000,0x00007f78e0817000)]
  0x00007f79000eb000 JavaThread "C2 CompilerThread0" daemon [_thread_blocked, id=31975, stack(0x00007f78e0615000,0x00007f78e0716000)]
  0x00007f79000ed000 JavaThread "C1 CompilerThread0" daemon [_thread_blocked, id=31976, stack(0x00007f78e0514000,0x00007f78e0615000)]
  0x00007f79000ef000 JavaThread "Sweeper thread" daemon [_thread_blocked, id=31979, stack(0x00007f78e0413000,0x00007f78e0514000)]
  0x00007f7900122800 JavaThread "Common-Cleaner" daemon [_thread_blocked, id=32000, stack(0x00007f78e0210000,0x00007f78e0311000)]

Other Threads:
  0x00007f79000dc000 VMThread "VM Thread" [stack: 0x00007f790404c000,0x00007f790414c000] [id=31962]
  0x00007f7900120000 WatcherThread [stack: 0x00007f78e0313000,0x00007f78e0413000] [id=31997]
  0x00007f790002f800 GCTaskThread "GC Thread#0" [stack: 0x00007f7907250000,0x00007f7907350000] [id=31940]
  0x00007f78d0001000 GCTaskThread "GC Thread#1" [stack: 0x00007f78e0110000,0x00007f78e0210000] [id=32069]
  0x00007f7900055800 ConcurrentGCThread "G1 Main Marker" [stack: 0x00007f7904f9c000,0x00007f790509c000] [id=31943]
  0x00007f7900057000 ConcurrentGCThread "G1 Conc#0" [stack: 0x00007f7904e9a000,0x00007f7904f9a000] [id=31945]
  0x00007f79000ab800 ConcurrentGCThread "G1 Refine#0" [stack: 0x00007f7904b96000,0x00007f7904c96000] [id=31949]
  0x00007f79000ad000 ConcurrentGCThread "G1 Young RemSet Sampling" [stack: 0x00007f7904a94000,0x00007f7904b94000] [id=31951]

Threads with active compile tasks:

VM state:not at safepoint (normal execution)

VM Mutex/Monitor currently owned by a thread: None

Heap address: 0x00000000a4600000, size: 1466 MB, Compressed Oops mode: 32-bit
Narrow klass base: 0x0000000800000000, Narrow klass shift: 3
Compressed class space size: 1073741824 Address: 0x0000000840000000

Heap:
 garbage-first heap   total 96256K, used 15712K [0x00000000a4600000, 0x0000000100000000)
  region size 1024K, 15 young (15360K), 5 survivors (5120K)
 Metaspace       used 14632K, capacity 15486K, committed 15744K, reserved 1062912K
  class space    used 1702K, capacity 1843K, committed 1920K, reserved 1048576K
Heap Regions: E=young(eden), S=young(survivor), O=old, HS=humongous(starts), HC=humongous(continues), CS=collection set, F=free, A=archive, TAMS=top-at-mark-start (previous, next)
|   0|0x00000000a4600000, 0x00000000a4700000, 0x00000000a4700000|100%| O|  |TAMS 0x00000000a4600000, 0x00000000a4600000| Untracked 
|   1|0x00000000a4700000, 0x00000000a471de00, 0x00000000a4800000| 11%| O|  |TAMS 0x00000000a4700000, 0x00000000a4700000| Untracked 
|   2|0x00000000a4800000, 0x00000000a4800000, 0x00000000a4900000|  0%| F|  |TAMS 0x00000000a4800000, 0x00000000a4800000| Untracked 
|   3|0x00000000a4900000, 0x00000000a4900000, 0x00000000a4a00000|  0%| F|  |TAMS 0x00000000a4900000, 0x00000000a4900000| Untracked 
|   4|0x00000000a4a00000, 0x00000000a4a00000, 0x00000000a4b00000|  0%| F|  |TAMS 0x00000000a4a00000, 0x00000000a4a00000| Untracked 
|   5|0x00000000a4b00000, 0x00000000a4b00000, 0x00000000a4c00000|  0%| F|  |TAMS 0x00000000a4b00000, 0x00000000a4b00000| Untracked 
|   6|0x00000000a4c00000, 0x00000000a4c00000, 0x00000000a4d00000|  0%| F|  |TAMS 0x00000000a4c00000, 0x00000000a4c00000| Untracked 
|   7|0x00000000a4d00000, 0x00000000a4d00000, 0x00000000a4e00000|  0%| F|  |TAMS 0x00000000a4d00000, 0x00000000a4d00000| Untracked 
|   8|0x00000000a4e00000, 0x00000000a4e00000, 0x00000000a4f00000|  0%| F|  |TAMS 0x00000000a4e00000, 0x00000000a4e00000| Untracked 
|   9|0x00000000a4f00000, 0x00000000a4f00000, 0x00000000a5000000|  0%| F|  |TAMS 0x00000000a4f00000, 0x00000000a4f00000| Untracked 
|  10|0x00000000a5000000, 0x00000000a5000000, 0x00000000a5100000|  0%| F|  |TAMS 0x00000000a5000000, 0x00000000a5000000| Untracked 
|  11|0x00000000a5100000, 0x00000000a5100000, 0x00000000a5200000|  0%| F|  |TAMS 0x00000000a5100000, 0x00000000a5100000| Untracked 
|  12|0x00000000a5200000, 0x00000000a5200000, 0x00000000a5300000|  0%| F|  |TAMS 0x00000000a5200000, 0x00000000a5200000| Untracked 
|  13|0x00000000a5300000, 0x00000000a5300000, 0x00000000a5400000|  0%| F|  |TAMS 0x00000000a5300000, 0x00000000a5300000| Untracked 
|  14|0x00000000a5400000, 0x00000000a5400000, 0x00000000a5500000|  0%| F|  |TAMS 0x00000000a5400000, 0x00000000a5400000| Untracked 
|  15|0x00000000a5500000, 0x00000000a5500000, 0x00000000a5600000|  0%| F|  |TAMS 0x00000000a5500000, 0x00000000a5500000| Untracked 
|  16|0x00000000a5600000, 0x00000000a5600000, 0x00000000a5700000|  0%| F|  |TAMS 0x00000000a5600000, 0x00000000a5600000| Untracked 
|  17|0x00000000a5700000, 0x00000000a5700000, 0x00000000a5800000|  0%| F|  |TAMS 0x00000000a5700000, 0x00000000a5700000| Untracked 
|  18|0x00000000a5800000, 0x00000000a5800000, 0x00000000a5900000|  0%| F|  |TAMS 0x00000000a5800000, 0x00000000a5800000| Untracked 
|  19|0x00000000a5900000, 0x00000000a5900000, 0x00000000a5a00000|  0%| F|  |TAMS 0x00000000a5900000, 0x00000000a5900000| Untracked 
|  20|0x00000000a5a00000, 0x00000000a5a00000, 0x00000000a5b00000|  0%| F|  |TAMS 0x00000000a5a00000, 0x00000000a5a00000| Untracked 
|  21|0x00000000a5b00000, 0x00000000a5b00000, 0x00000000a5c00000|  0%| F|  |TAMS 0x00000000a5b00000, 0x00000000a5b00000| Untracked 
|  22|0x00000000a5c00000, 0x00000000a5c00000, 0x00000000a5d00000|  0%| F|  |TAMS 0x00000000a5c00000, 0x00000000a5c00000| Untracked 
|  23|0x00000000a5d00000, 0x00000000a5d00000, 0x00000000a5e00000|  0%| F|  |TAMS 0x00000000a5d00000, 0x00000000a5d00000| Untracked 
|  24|0x00000000a5e00000, 0x00000000a5e00000, 0x00000000a5f00000|  0%| F|  |TAMS 0x00000000a5e00000, 0x00000000a5e00000| Untracked 
|  25|0x00000000a5f00000, 0x00000000a5f00000, 0x00000000a6000000|  0%| F|  |TAMS 0x00000000a5f00000, 0x00000000a5f00000| Untracked 
|  26|0x00000000a6000000, 0x00000000a6000000, 0x00000000a6100000|  0%| F|  |TAMS 0x00000000a6000000, 0x00000000a6000000| Untracked 
|  27|0x00000000a6100000, 0x00000000a6100000, 0x00000000a6200000|  0%| F|  |TAMS 0x00000000a6100000, 0x00000000a6100000| Untracked 
|  28|0x00000000a6200000, 0x00000000a6200000, 0x00000000a6300000|  0%| F|  |TAMS 0x00000000a6200000, 0x00000000a6200000| Untracked 
|  29|0x00000000a6300000, 0x00000000a6300000, 0x00000000a6400000|  0%| F|  |TAMS 0x00000000a6300000, 0x00000000a6300000| Untracked 
|  30|0x00000000a6400000, 0x00000000a6400000, 0x00000000a6500000|  0%| F|  |TAMS 0x00000000a6400000, 0x00000000a6400000| Untracked 
|  31|0x00000000a6500000, 0x00000000a6500000, 0x00000000a6600000|  0%| F|  |TAMS 0x00000000a6500000, 0x00000000a6500000| Untracked 
|  32|0x00000000a6600000, 0x00000000a6600000, 0x00000000a6700000|  0%| F|  |TAMS 0x00000000a6600000, 0x00000000a6600000| Untracked 
|  33|0x00000000a6700000, 0x00000000a6700000, 0x00000000a6800000|  0%| F|  |TAMS 0x00000000a6700000, 0x00000000a6700000| Untracked 
|  34|0x00000000a6800000, 0x00000000a6800000, 0x00000000a6900000|  0%| F|  |TAMS 0x00000000a6800000, 0x00000000a6800000| Untracked 
|  35|0x00000000a6900000, 0x00000000a6900000, 0x00000000a6a00000|  0%| F|  |TAMS 0x00000000a6900000, 0x00000000a6900000| Untracked 
|  36|0x00000000a6a00000, 0x00000000a6a00000, 0x00000000a6b00000|  0%| F|  |TAMS 0x00000000a6a00000, 0x00000000a6a00000| Untracked 
|  37|0x00000000a6b00000, 0x00000000a6b00000, 0x00000000a6c00000|  0%| F|  |TAMS 0x00000000a6b00000, 0x00000000a6b00000| Untracked 
|  38|0x00000000a6c00000, 0x00000000a6c00000, 0x00000000a6d00000|  0%| F|  |TAMS 0x00000000a6c00000, 0x00000000a6c00000| Untracked 
|  39|0x00000000a6d00000, 0x00000000a6d00000, 0x00000000a6e00000|  0%| F|  |TAMS 0x00000000a6d00000, 0x00000000a6d00000| Untracked 
|  40|0x00000000a6e00000, 0x00000000a6e00000, 0x00000000a6f00000|  0%| F|  |TAMS 0x00000000a6e00000, 0x00000000a6e00000| Untracked 
|  41|0x00000000a6f00000, 0x00000000a6f00000, 0x00000000a7000000|  0%| F|  |TAMS 0x00000000a6f00000, 0x00000000a6f00000| Untracked 
|  42|0x00000000a7000000, 0x00000000a7000000, 0x00000000a7100000|  0%| F|  |TAMS 0x00000000a7000000, 0x00000000a7000000| Untracked 
|  43|0x00000000a7100000, 0x00000000a7100000, 0x00000000a7200000|  0%| F|  |TAMS 0x00000000a7100000, 0x00000000a7100000| Untracked 
|  44|0x00000000a7200000, 0x00000000a7200000, 0x00000000a7300000|  0%| F|  |TAMS 0x00000000a7200000, 0x00000000a7200000| Untracked 
|  45|0x00000000a7300000, 0x00000000a7300000, 0x00000000a7400000|  0%| F|  |TAMS 0x00000000a7300000, 0x00000000a7300000| Untracked 
|  46|0x00000000a7400000, 0x00000000a7400000, 0x00000000a7500000|  0%| F|  |TAMS 0x00000000a7400000, 0x00000000a7400000| Untracked 
|  47|0x00000000a7500000, 0x00000000a7500000, 0x00000000a7600000|  0%| F|  |TAMS 0x00000000a7500000, 0x00000000a7500000| Untracked 
|  48|0x00000000a7600000, 0x00000000a7600000, 0x00000000a7700000|  0%| F|  |TAMS 0x00000000a7600000, 0x00000000a7600000| Untracked 
|  49|0x00000000a7700000, 0x00000000a7786280, 0x00000000a7800000| 52%| S|CS|TAMS 0x00000000a7700000, 0x00000000a7700000| Complete 
|  50|0x00000000a7800000, 0x00000000a7900000, 0x00000000a7900000|100%| S|CS|TAMS 0x00000000a7800000, 0x00000000a7800000| Complete 
|  51|0x00000000a7900000, 0x00000000a7a00000, 0x00000000a7a00000|100%| S|CS|TAMS 0x00000000a7900000, 0x00000000a7900000| Complete 
|  52|0x00000000a7a00000, 0x00000000a7b00000, 0x00000000a7b00000|100%| S|CS|TAMS 0x00000000a7a00000, 0x00000000a7a00000| Complete 
|  53|0x00000000a7b00000, 0x00000000a7c00000, 0x00000000a7c00000|100%| S|CS|TAMS 0x00000000a7b00000, 0x00000000a7b00000| Complete 
|  54|0x00000000a7c00000, 0x00000000a7c00000, 0x00000000a7d00000|  0%| F|  |TAMS 0x00000000a7c00000, 0x00000000a7c00000| Untracked 
|  55|0x00000000a7d00000, 0x00000000a7d00000, 0x00000000a7e00000|  0%| F|  |TAMS 0x00000000a7d00000, 0x00000000a7d00000| Untracked 
|  56|0x00000000a7e00000, 0x00000000a7e00000, 0x00000000a7f00000|  0%| F|  |TAMS 0x00000000a7e00000, 0x00000000a7e00000| Untracked 
|  57|0x00000000a7f00000, 0x00000000a7f00000, 0x00000000a8000000|  0%| F|  |TAMS 0x00000000a7f00000, 0x00000000a7f00000| Untracked 
|  58|0x00000000a8000000, 0x00000000a8000000, 0x00000000a8100000|  0%| F|  |TAMS 0x00000000a8000000, 0x00000000a8000000| Untracked 
|  59|0x00000000a8100000, 0x00000000a8100000, 0x00000000a8200000|  0%| F|  |TAMS 0x00000000a8100000, 0x00000000a8100000| Untracked 
|  60|0x00000000a8200000, 0x00000000a8200000, 0x00000000a8300000|  0%| F|  |TAMS 0x00000000a8200000, 0x00000000a8200000| Untracked 
|  61|0x00000000a8300000, 0x00000000a8300000, 0x00000000a8400000|  0%| F|  |TAMS 0x00000000a8300000, 0x00000000a8300000| Untracked 
|  62|0x00000000a8400000, 0x00000000a8400000, 0x00000000a8500000|  0%| F|  |TAMS 0x00000000a8400000, 0x00000000a8400000| Untracked 
|  63|0x00000000a8500000, 0x00000000a8500000, 0x00000000a8600000|  0%| F|  |TAMS 0x00000000a8500000, 0x00000000a8500000| Untracked 
|  64|0x00000000a8600000, 0x00000000a8600000, 0x00000000a8700000|  0%| F|  |TAMS 0x00000000a8600000, 0x00000000a8600000| Untracked 
|  65|0x00000000a8700000, 0x00000000a8700000, 0x00000000a8800000|  0%| F|  |TAMS 0x00000000a8700000, 0x00000000a8700000| Untracked 
|  66|0x00000000a8800000, 0x00000000a8800000, 0x00000000a8900000|  0%| F|  |TAMS 0x00000000a8800000, 0x00000000a8800000| Untracked 
|  67|0x00000000a8900000, 0x00000000a8900000, 0x00000000a8a00000|  0%| F|  |TAMS 0x00000000a8900000, 0x00000000a8900000| Untracked 
|  68|0x00000000a8a00000, 0x00000000a8a00000, 0x00000000a8b00000|  0%| F|  |TAMS 0x00000000a8a00000, 0x00000000a8a00000| Untracked 
|  69|0x00000000a8b00000, 0x00000000a8b00000, 0x00000000a8c00000|  0%| F|  |TAMS 0x00000000a8b00000, 0x00000000a8b00000| Untracked 
|  70|0x00000000a8c00000, 0x00000000a8c00000, 0x00000000a8d00000|  0%| F|  |TAMS 0x00000000a8c00000, 0x00000000a8c00000| Untracked 
|  71|0x00000000a8d00000, 0x00000000a8d00000, 0x00000000a8e00000|  0%| F|  |TAMS 0x00000000a8d00000, 0x00000000a8d00000| Untracked 
|  72|0x00000000a8e00000, 0x00000000a8e00000, 0x00000000a8f00000|  0%| F|  |TAMS 0x00000000a8e00000, 0x00000000a8e00000| Untracked 
|  73|0x00000000a8f00000, 0x00000000a8f00000, 0x00000000a9000000|  0%| F|  |TAMS 0x00000000a8f00000, 0x00000000a8f00000| Untracked 
|  74|0x00000000a9000000, 0x00000000a9000000, 0x00000000a9100000|  0%| F|  |TAMS 0x00000000a9000000, 0x00000000a9000000| Untracked 
|  75|0x00000000a9100000, 0x00000000a9100000, 0x00000000a9200000|  0%| F|  |TAMS 0x00000000a9100000, 0x00000000a9100000| Untracked 
|  76|0x00000000a9200000, 0x00000000a9200000, 0x00000000a9300000|  0%| F|  |TAMS 0x00000000a9200000, 0x00000000a9200000| Untracked 
|  77|0x00000000a9300000, 0x00000000a9300000, 0x00000000a9400000|  0%| F|  |TAMS 0x00000000a9300000, 0x00000000a9300000| Untracked 
|  78|0x00000000a9400000, 0x00000000a9400000, 0x00000000a9500000|  0%| F|  |TAMS 0x00000000a9400000, 0x00000000a9400000| Untracked 
|  79|0x00000000a9500000, 0x00000000a9500000, 0x00000000a9600000|  0%| F|  |TAMS 0x00000000a9500000, 0x00000000a9500000| Untracked 
|  80|0x00000000a9600000, 0x00000000a9600000, 0x00000000a9700000|  0%| F|  |TAMS 0x00000000a9600000, 0x00000000a9600000| Untracked 
|  81|0x00000000a9700000, 0x00000000a9700000, 0x00000000a9800000|  0%| F|  |TAMS 0x00000000a9700000, 0x00000000a9700000| Untracked 
|  82|0x00000000a9800000, 0x00000000a9900000, 0x00000000a9900000|100%| E|  |TAMS 0x00000000a9800000, 0x00000000a9800000| Complete 
|  83|0x00000000a9900000, 0x00000000a9a00000, 0x00000000a9a00000|100%| E|CS|TAMS 0x00000000a9900000, 0x00000000a9900000| Complete 
|  84|0x00000000a9a00000, 0x00000000a9b00000, 0x00000000a9b00000|100%| E|CS|TAMS 0x00000000a9a00000, 0x00000000a9a00000| Complete 
|  85|0x00000000a9b00000, 0x00000000a9c00000, 0x00000000a9c00000|100%| E|CS|TAMS 0x00000000a9b00000, 0x00000000a9b00000| Complete 
|  86|0x00000000a9c00000, 0x00000000a9d00000, 0x00000000a9d00000|100%| E|CS|TAMS 0x00000000a9c00000, 0x00000000a9c00000| Complete 
|  87|0x00000000a9d00000, 0x00000000a9e00000, 0x00000000a9e00000|100%| E|CS|TAMS 0x00000000a9d00000, 0x00000000a9d00000| Complete 
|  88|0x00000000a9e00000, 0x00000000a9f00000, 0x00000000a9f00000|100%| E|CS|TAMS 0x00000000a9e00000, 0x00000000a9e00000| Complete 
|  89|0x00000000a9f00000, 0x00000000aa000000, 0x00000000aa000000|100%| E|CS|TAMS 0x00000000a9f00000, 0x00000000a9f00000| Complete 
|  90|0x00000000aa000000, 0x00000000aa100000, 0x00000000aa100000|100%| E|CS|TAMS 0x00000000aa000000, 0x00000000aa000000| Complete 
|  91|0x00000000aa100000, 0x00000000aa200000, 0x00000000aa200000|100%| E|CS|TAMS 0x00000000aa100000, 0x00000000aa100000| Complete 
|1464|0x00000000ffe00000, 0x00000000ffe48000, 0x00000000fff00000| 28%|OA|  |TAMS 0x00000000ffe00000, 0x00000000ffe00000| Untracked 
|1465|0x00000000fff00000, 0x00000000fff6c000, 0x0000000100000000| 42%|CA|  |TAMS 0x00000000fff00000, 0x00000000fff00000| Untracked 

Card table byte_map: [0x00007f7906a92000,0x00007f7906d6f000] _byte_map_base: 0x00007f790656f000

Marking Bits (Prev, Next): (CMBitMap*) 0x00007f790004eaf8, (CMBitMap*) 0x00007f790004eb30
 Prev Bits: [0x00007f79050cd000, 0x00007f79067b5000)
 Next Bits: [0x00007f78e2918000, 0x00007f78e4000000)

Polling page: 0x00007f7907561000

Metaspace:

Usage:
  Non-class:     13.32 MB capacity,    12.63 MB ( 95%) used,   686.11 KB (  5%) free+waste,    27.12 KB ( <1%) overhead. 
      Class:      1.80 MB capacity,     1.66 MB ( 92%) used,   126.66 KB (  7%) free+waste,    13.50 KB ( <1%) overhead. 
       Both:     15.12 MB capacity,    14.29 MB ( 94%) used,   812.77 KB (  5%) free+waste,    40.62 KB ( <1%) overhead. 

Virtual space:
  Non-class space:       14.00 MB reserved,      13.50 MB ( 96%) committed 
      Class space:        1.00 GB reserved,       1.88 MB ( <1%) committed 
             Both:        1.01 GB reserved,      15.38 MB (  1%) committed 

Chunk freelists:
   Non-Class:  53.00 KB
       Class:  13.00 KB
        Both:  66.00 KB

MaxMetaspaceSize: unlimited
CompressedClassSpaceSize: 1.00 GB
Initial GC threshold: 20.80 MB
Current GC threshold: 20.80 MB
CDS: on

CodeHeap 'non-profiled nmethods': size=120036Kb used=676Kb max_used=676Kb free=119359Kb
 bounds [0x00007f78f02b8000, 0x00007f78f0528000, 0x00007f78f77f1000]
CodeHeap 'profiled nmethods': size=120032Kb used=3112Kb max_used=3112Kb free=116919Kb
 bounds [0x00007f78e8d80000, 0x00007f78e9090000, 0x00007f78f02b8000]
CodeHeap 'non-nmethods': size=5692Kb used=1209Kb max_used=1223Kb free=4482Kb
 bounds [0x00007f78e87f1000, 0x00007f78e8a61000, 0x00007f78e8d80000]
 total_blobs=2213 nmethods=1749 adapters=377
 compilation: enabled
              stopped_count=0, restarted_count=0
 full_count=0

Compilation events (20 events):
Event: 10.880 Thread 0x00007f79000ed000 1725       3       java.util.concurrent.ConcurrentLinkedQueue::add (6 bytes)
Event: 10.880 Thread 0x00007f79000ed000 nmethod 1725 0x00007f78e907da90 code [0x00007f78e907dc40, 0x00007f78e907dd80]
Event: 10.880 Thread 0x00007f79000ed000 1727       3       java.util.concurrent.ConcurrentLinkedQueue$Node::<init> (13 bytes)
Event: 10.881 Thread 0x00007f79000ed000 nmethod 1727 0x00007f78e907de10 code [0x00007f78e907e080, 0x00007f78e907e930]
Event: 10.881 Thread 0x00007f79000ed000 1738       3       org.apache.jena.ext.com.google.common.cache.LocalCache$Segment::scheduleRefresh (66 bytes)
Event: 10.881 Thread 0x00007f79000eb000 1745       4       org.apache.jena.mem.HashCommon::findSlot (48 bytes)
Event: 10.884 Thread 0x00007f79000eb000 nmethod 1745 0x00007f78f035ea90 code [0x00007f78f035ec40, 0x00007f78f035ee78]
Event: 10.884 Thread 0x00007f79000eb000 1746       4       org.apache.jena.graph.Node_URI::equals (31 bytes)
Event: 10.885 Thread 0x00007f79000ed000 nmethod 1738 0x00007f78e907ec10 code [0x00007f78e907ee20, 0x00007f78e907f430]
Event: 10.885 Thread 0x00007f79000ed000 1722       3       org.apache.jena.ext.com.google.common.cache.LocalCache$AccessQueue::contains (23 bytes)
Event: 10.885 Thread 0x00007f79000ed000 nmethod 1722 0x00007f78e907f690 code [0x00007f78e907f860, 0x00007f78e907fbc0]
Event: 10.885 Thread 0x00007f79000ed000 1720       3       org.apache.jena.ext.com.google.common.base.Equivalence$Equals::doEquivalent (6 bytes)
Event: 10.885 Thread 0x00007f79000ed000 nmethod 1720 0x00007f78e907fc90 code [0x00007f78e907fe40, 0x00007f78e9080040]
Event: 10.885 Thread 0x00007f79000ed000 1721       3       org.apache.jena.ext.com.google.common.cache.AbstractCache$SimpleStatsCounter::recordHits (12 bytes)
Event: 10.885 Thread 0x00007f79000ed000 nmethod 1721 0x00007f78e9080110 code [0x00007f78e90802c0, 0x00007f78e9080460]
Event: 10.885 Thread 0x00007f79000ed000 1708       3       org.apache.jena.rdf.model.impl.IteratorFactory::asResource (10 bytes)
Event: 10.886 Thread 0x00007f79000ed000 nmethod 1708 0x00007f78e9080590 code [0x00007f78e9080760, 0x00007f78e9080a20]
Event: 10.886 Thread 0x00007f79000ed000 1737       3       org.apache.jena.graph.Node_URI::getURI (8 bytes)
Event: 10.886 Thread 0x00007f79000ed000 nmethod 1737 0x00007f78e9080b10 code [0x00007f78e9080cc0, 0x00007f78e9080ef0]
Event: 10.886 Thread 0x00007f79000ed000 1741       3       org.apache.jena.rdf.model.impl.ResourceImpl::getURI (19 bytes)

GC Heap History (4 events):
Event: 0.932 GC heap before
{Heap before GC invocations=0 (full 0):
 garbage-first heap   total 96256K, used 6864K [0x00000000a4600000, 0x0000000100000000)
  region size 1024K, 7 young (7168K), 0 survivors (0K)
 Metaspace       used 1381K, capacity 5432K, committed 5632K, reserved 1056768K
  class space    used 124K, capacity 488K, committed 512K, reserved 1048576K
}
Event: 0.939 GC heap after
{Heap after GC invocations=1 (full 0):
 garbage-first heap   total 96256K, used 2887K [0x00000000a4600000, 0x0000000100000000)
  region size 1024K, 1 young (1024K), 1 survivors (1024K)
 Metaspace       used 1381K, capacity 5432K, committed 5632K, reserved 1056768K
  class space    used 124K, capacity 488K, committed 512K, reserved 1048576K
}
Event: 3.315 GC heap before
{Heap before GC invocations=1 (full 0):
 garbage-first heap   total 96256K, used 40775K [0x00000000a4600000, 0x0000000100000000)
  region size 1024K, 38 young (38912K), 1 survivors (1024K)
 Metaspace       used 12866K, capacity 14065K, committed 14336K, reserved 1062912K
  class space    used 1557K, capacity 1713K, committed 1792K, reserved 1048576K
}
Event: 3.327 GC heap after
{Heap after GC invocations=2 (full 0):
 garbage-first heap   total 96256K, used 6496K [0x00000000a4600000, 0x0000000100000000)
  region size 1024K, 5 young (5120K), 5 survivors (5120K)
 Metaspace       used 12866K, capacity 14065K, committed 14336K, reserved 1062912K
  class space    used 1557K, capacity 1713K, committed 1792K, reserved 1048576K
}

Deoptimization events (20 events):
Event: 3.415 Thread 0x00007f7900018000 DEOPT PACKING pc=0x00007f78e8f2c5b0 sp=0x00007f7907698160
Event: 3.415 Thread 0x00007f7900018000 DEOPT UNPACKING pc=0x00007f78e883a9fa sp=0x00007f7907697698 mode 0
Event: 10.773 Thread 0x00007f7900018000 DEOPT PACKING pc=0x00007f78e8f2c5b0 sp=0x00007f7907697a90
Event: 10.773 Thread 0x00007f7900018000 DEOPT UNPACKING pc=0x00007f78e883a9fa sp=0x00007f7907696fc8 mode 0
Event: 10.832 Thread 0x00007f7900018000 Uncommon trap: trap_request=0xffffffde fr.pc=0x00007f78f02e78e8 relative=0x00000000000001c8
Event: 10.832 Thread 0x00007f7900018000 Uncommon trap: reason=class_check action=maybe_recompile pc=0x00007f78f02e78e8 method=java.lang.String.equals(Ljava/lang/Object;)Z @ 8 c2
Event: 10.832 Thread 0x00007f7900018000 DEOPT PACKING pc=0x00007f78f02e78e8 sp=0x00007f790769a1f0
Event: 10.833 Thread 0x00007f7900018000 DEOPT UNPACKING pc=0x00007f78e87f92a5 sp=0x00007f790769a1a8 mode 2
Event: 10.833 Thread 0x00007f7900018000 Uncommon trap: trap_request=0xffffffde fr.pc=0x00007f78f02e78e8 relative=0x00000000000001c8
Event: 10.833 Thread 0x00007f7900018000 Uncommon trap: reason=class_check action=maybe_recompile pc=0x00007f78f02e78e8 method=java.lang.String.equals(Ljava/lang/Object;)Z @ 8 c2
Event: 10.833 Thread 0x00007f7900018000 DEOPT PACKING pc=0x00007f78f02e78e8 sp=0x00007f790769a1f0
Event: 10.833 Thread 0x00007f7900018000 DEOPT UNPACKING pc=0x00007f78e87f92a5 sp=0x00007f790769a1a8 mode 2
Event: 10.833 Thread 0x00007f7900018000 Uncommon trap: trap_request=0xffffffde fr.pc=0x00007f78f02e78e8 relative=0x00000000000001c8
Event: 10.833 Thread 0x00007f7900018000 Uncommon trap: reason=class_check action=maybe_recompile pc=0x00007f78f02e78e8 method=java.lang.String.equals(Ljava/lang/Object;)Z @ 8 c2
Event: 10.833 Thread 0x00007f7900018000 DEOPT PACKING pc=0x00007f78f02e78e8 sp=0x00007f790769a1f0
Event: 10.833 Thread 0x00007f7900018000 DEOPT UNPACKING pc=0x00007f78e87f92a5 sp=0x00007f790769a1a8 mode 2
Event: 10.833 Thread 0x00007f7900018000 Uncommon trap: trap_request=0xffffffde fr.pc=0x00007f78f02e78e8 relative=0x00000000000001c8
Event: 10.833 Thread 0x00007f7900018000 Uncommon trap: reason=class_check action=maybe_recompile pc=0x00007f78f02e78e8 method=java.lang.String.equals(Ljava/lang/Object;)Z @ 8 c2
Event: 10.833 Thread 0x00007f7900018000 DEOPT PACKING pc=0x00007f78f02e78e8 sp=0x00007f790769a1f0
Event: 10.833 Thread 0x00007f7900018000 DEOPT UNPACKING pc=0x00007f78e87f92a5 sp=0x00007f790769a1a8 mode 2

Classes redefined (0 events):
No events

Internal exceptions (20 events):
Event: 0.386 Thread 0x00007f7900018000 Exception <a 'java/security/PrivilegedActionException'{0x00000000aa1afef0}> (0x00000000aa1afef0) thrown at [src/hotspot/share/prims/jvm.cpp, line 1304]
Event: 0.386 Thread 0x00007f7900018000 Exception <a 'java/security/PrivilegedActionException'{0x00000000aa1b01c0}> (0x00000000aa1b01c0) thrown at [src/hotspot/share/prims/jvm.cpp, line 1304]
Event: 1.310 Thread 0x00007f7900018000 Exception <a 'java/lang/NoSuchMethodError'{0x00000000a9dcb538}: 'java.lang.Object java.lang.invoke.Invokers$Holder.linkToTargetMethod(java.lang.Object, int, java.lang.Object)'> (0x00000000a9dcb538) thrown at [src/hotspot/share/interpreter/linkResolver.cpp, line 772]
Event: 1.381 Thread 0x00007f7900018000 Exception <a 'java/lang/NoSuchMethodError'{0x00000000a9cef898}: 'int java.lang.invoke.DirectMethodHandle$Holder.invokeStaticInit(java.lang.Object, java.lang.Object, java.lang.Object)'> (0x00000000a9cef898) thrown at [src/hotspot/share/interpreter/linkResolver.cpp, line 772]
Event: 1.491 Thread 0x00007f7900018000 Exception <a 'java/lang/NoClassDefFoundError'{0x00000000a9bd69f0}: org/slf4j/impl/StaticLoggerBinder> (0x00000000a9bd69f0) thrown at [src/hotspot/share/classfile/systemDictionary.cpp, line 219]
Event: 1.860 Thread 0x00007f7900018000 Exception <a 'java/lang/NoSuchMethodError'{0x00000000a95be898}: 'int java.lang.invoke.DirectMethodHandle$Holder.invokeStaticInit(java.lang.Object, java.lang.Object)'> (0x00000000a95be898) thrown at [src/hotspot/share/interpreter/linkResolver.cpp, line 772]
Event: 2.168 Thread 0x00007f7900018000 Exception <a 'java/lang/NoSuchMethodError'{0x00000000a8e48ac8}: 'int java.lang.invoke.DirectMethodHandle$Holder.invokeSpecialIFC(java.lang.Object, java.lang.Object, int)'> (0x00000000a8e48ac8) thrown at [src/hotspot/share/interpreter/linkResolver.cpp, line 772]
Event: 2.575 Thread 0x00007f7900018000 Exception <a 'java/lang/NoSuchMethodError'{0x00000000a84e5ad0}: 'java.lang.Object java.lang.invoke.DirectMethodHandle$Holder.invokeStaticInit(java.lang.Object, java.lang.Object, java.lang.Object, java.lang.Object)'> (0x00000000a84e5ad0) thrown at [src/hotspot/share/interpreter/linkResolver.cpp, line 772]
Event: 2.586 Thread 0x00007f7900018000 Exception <a 'java/lang/NoSuchMethodError'{0x00000000a8313030}: 'java.lang.Object java.lang.invoke.DirectMethodHandle$Holder.invokeStaticInit(java.lang.Object, java.lang.Object, int, java.lang.Object, java.lang.Object)'> (0x00000000a8313030) thrown at [src/hotspot/share/interpreter/linkResolver.cpp, line 772]
Event: 3.066 Thread 0x00007f7900018000 Exception <a 'java/lang/NoSuchMethodError'{0x00000000a81f7480}: 'java.lang.Object java.lang.invoke.DirectMethodHandle$Holder.invokeStatic(java.lang.Object, java.lang.Object, java.lang.Object, java.lang.Object, java.lang.Object, java.lang.Object, java.lang.Object, java.lang.Object, java.lang.Object, java.lang.Object, java.lang.Object, java.lang.Object, java.lang.Object, java.lang.Object, java.lang.Object)'> (0x00000000a81f7480) thrown at [src/hotspot/share/interpreter/linkResolver.cpp, line 772]
Event: 3.069 Thread 0x00007f7900018000 Exception <a 'java/lang/NoSuchMethodError'{0x00000000a8005710}: 'java.lang.Object java.lang.invoke.DirectMethodHandle$Holder.invokeStatic(java.lang.Object, java.lang.Object, java.lang.Object, java.lang.Object, java.lang.Object, java.lang.Object, java.lang.Object, java.lang.Object, java.lang.Object, java.lang.Object, java.lang.Object, java.lang.Object, java.lang.Object, java.lang.Object, java.lang.Object, java.lang.Object)'> (0x00000000a8005710) thrown at [src/hotspot/share/interpreter/linkResolver.cpp, lin
Event: 3.071 Thread 0x00007f7900018000 Exception <a 'java/lang/NoSuchMethodError'{0x00000000a8013380}: 'java.lang.Object java.lang.invoke.DirectMethodHandle$Holder.invokeSpecial(java.lang.Object, java.lang.Object, int, int, java.lang.Object, java.lang.Object, java.lang.Object)'> (0x00000000a8013380) thrown at [src/hotspot/share/interpreter/linkResolver.cpp, line 772]
Event: 3.072 Thread 0x00007f7900018000 Exception <a 'java/lang/NoSuchMethodError'{0x00000000a8016910}: 'java.lang.Object java.lang.invoke.DelegatingMethodHandle$Holder.reinvoke_L(java.lang.Object, int, int, java.lang.Object, java.lang.Object, java.lang.Object)'> (0x00000000a8016910) thrown at [src/hotspot/share/interpreter/linkResolver.cpp, line 772]
Event: 3.075 Thread 0x00007f7900018000 Exception <a 'java/lang/NoSuchMethodError'{0x00000000a801ab98}: 'java.lang.Object java.lang.invoke.DirectMethodHandle$Holder.invokeStatic(java.lang.Object, java.lang.Object, java.lang.Object, java.lang.Object, int)'> (0x00000000a801ab98) thrown at [src/hotspot/share/interpreter/linkResolver.cpp, line 772]
Event: 3.367 Thread 0x00007f7900018000 Exception <a 'java/lang/NoSuchMethodError'{0x00000000aa1fc9e8}: 'void java.lang.invoke.DirectMethodHandle$Holder.invokeStaticInit(java.lang.Object)'> (0x00000000aa1fc9e8) thrown at [src/hotspot/share/interpreter/linkResolver.cpp, line 772]
Event: 3.423 Thread 0x00007f7900018000 Exception <a 'java/lang/NoSuchMethodError'{0x00000000a9f39c40}: 'java.lang.Object java.lang.invoke.DirectMethodHandle$Holder.invokeVirtual(java.lang.Object, java.lang.Object, int, int)'> (0x00000000a9f39c40) thrown at [src/hotspot/share/interpreter/linkResolver.cpp, line 772]
Event: 10.647 Thread 0x00007f7900018000 Exception <a 'java/lang/NoSuchMethodError'{0x00000000a9cc0a58}: 'java.lang.Object java.lang.invoke.DirectMethodHandle$Holder.invokeStatic(java.lang.Object, java.lang.Object, java.lang.Object, java.lang.Object, java.lang.Object, java.lang.Object, java.lang.Object, java.lang.Object, java.lang.Object, java.lang.Object, java.lang.Object, int)'> (0x00000000a9cc0a58) thrown at [src/hotspot/share/interpreter/linkResolver.cpp, line 772]
Event: 10.650 Thread 0x00007f7900018000 Exception <a 'java/lang/NoSuchMethodError'{0x00000000a9cdebd8}: 'java.lang.Object java.lang.invoke.DirectMethodHandle$Holder.invokeStatic(java.lang.Object, java.lang.Object, java.lang.Object, java.lang.Object, java.lang.Object, java.lang.Object, java.lang.Object, java.lang.Object, java.lang.Object, java.lang.Object, java.lang.Object, int, int)'> (0x00000000a9cdebd8) thrown at [src/hotspot/share/interpreter/linkResolver.cpp, line 772]
Event: 10.667 Thread 0x00007f7900018000 Exception <a 'java/lang/NoSuchMethodError'{0x00000000a9cfdb48}: 'java.lang.Object java.lang.invoke.DirectMethodHandle$Holder.invokeStatic(java.lang.Object, java.lang.Object, java.lang.Object, java.lang.Object, java.lang.Object, java.lang.Object, java.lang.Object, java.lang.Object, java.lang.Object, java.lang.Object, java.lang.Object, int, int, java.lang.Object)'> (0x00000000a9cfdb48) thrown at [src/hotspot/share/interpreter/linkResolver.cpp, line 772]
Event: 10.677 Thread 0x00007f7900018000 Exception <a 'java/lang/NoSuchMethodError'{0x00000000a9b1e628}: 'java.lang.Object java.lang.invoke.DirectMethodHandle$Holder.invokeStatic(java.lang.Object, java.lang.Object, java.lang.Object, java.lang.Object, java.lang.Object, java.lang.Object, java.lang.Object, java.lang.Object, java.lang.Object, java.lang.Object, java.lang.Object, int, int, java.lang.Object, java.lang.Object)'> (0x00000000a9b1e628) thrown at [src/hotspot/share/interpreter/linkResolver.cpp, line 772]

Events (20 events):
Event: 10.798 loading class org/apache/jena/riot/tokens/Token$1
Event: 10.798 loading class org/apache/jena/riot/tokens/Token$1 done
Event: 10.799 loading class org/apache/jena/riot/tokens/StringType
Event: 10.799 loading class org/apache/jena/riot/tokens/StringType done
Event: 10.800 loading class org/apache/jena/riot/system/ParserProfileStd$1
Event: 10.800 loading class org/apache/jena/riot/system/ParserProfileStd$1 done
Event: 10.801 loading class org/apache/jena/graph/Node
Event: 10.801 loading class org/apache/jena/graph/Node done
Event: 10.801 loading class org/apache/jena/graph/Node
Event: 10.801 loading class org/apache/jena/graph/Node done
Event: 10.811 loading class org/apache/commons/codec/digest/MurmurHash3
Event: 10.811 loading class org/apache/commons/codec/digest/MurmurHash3 done
Event: 10.814 loading class org/apache/jena/graph/BlankNodeId
Event: 10.814 loading class org/apache/jena/graph/BlankNodeId done
Event: 10.829 loading class org/apache/jena/rdf/model/impl/StatementImpl
Event: 10.829 loading class org/apache/jena/rdf/model/impl/StatementImpl done
Event: 10.829 loading class org/apache/jena/rdf/model/impl/StatementBase
Event: 10.829 loading class org/apache/jena/rdf/model/impl/StatementBase done
Event: 10.840 loading class org/javafmi/wrapper/variables/SingleRead
Event: 10.840 loading class org/javafmi/wrapper/variables/SingleRead done


Dynamic libraries:
a4600000-aa200000 rw-p 00000000 00:00 0 
aa200000-ffe00000 ---p 00000000 00:00 0 
ffe00000-ffe48000 rw-p 00b13000 08:05 3014664                            /usr/lib/jvm/java-11-openjdk-amd64/lib/server/classes.jsa
ffe48000-fff00000 rw-p 00000000 00:00 0 
fff00000-fff6c000 rw-p 00aa7000 08:05 3014664                            /usr/lib/jvm/java-11-openjdk-amd64/lib/server/classes.jsa
fff6c000-100000000 rw-p 00000000 00:00 0 
800000000-800002000 rwxp 00001000 08:05 3014664                          /usr/lib/jvm/java-11-openjdk-amd64/lib/server/classes.jsa
800002000-8003ce000 rw-p 00003000 08:05 3014664                          /usr/lib/jvm/java-11-openjdk-amd64/lib/server/classes.jsa
8003ce000-800aa5000 r--p 003cf000 08:05 3014664                          /usr/lib/jvm/java-11-openjdk-amd64/lib/server/classes.jsa
800aa5000-800aa6000 rw-p 00aa6000 08:05 3014664                          /usr/lib/jvm/java-11-openjdk-amd64/lib/server/classes.jsa
840000000-8401e0000 rw-p 00000000 00:00 0 
8401e0000-880000000 ---p 00000000 00:00 0 
55ab1d90a000-55ab1d90b000 r--p 00000000 08:05 2752833                    /usr/lib/jvm/java-11-openjdk-amd64/bin/java
55ab1d90b000-55ab1d90c000 r-xp 00001000 08:05 2752833                    /usr/lib/jvm/java-11-openjdk-amd64/bin/java
55ab1d90c000-55ab1d90d000 r--p 00002000 08:05 2752833                    /usr/lib/jvm/java-11-openjdk-amd64/bin/java
55ab1d90d000-55ab1d90e000 r--p 00002000 08:05 2752833                    /usr/lib/jvm/java-11-openjdk-amd64/bin/java
55ab1d90e000-55ab1d90f000 rw-p 00003000 08:05 2752833                    /usr/lib/jvm/java-11-openjdk-amd64/bin/java
55ab1e584000-55ab1e5a5000 rw-p 00000000 00:00 0                          [heap]
7f78aadd2000-7f78aaff0000 r--p 00000000 08:05 4601953                    /tmp/fmu_2990f53a_90d0_4357_891e_50b2263cfee9rabbit2_1_5-16_SG/binaries/linux64/rabbitmq.so
7f78aaff0000-7f78ab40b000 r-xp 0021e000 08:05 4601953                    /tmp/fmu_2990f53a_90d0_4357_891e_50b2263cfee9rabbit2_1_5-16_SG/binaries/linux64/rabbitmq.so
7f78ab40b000-7f78ab595000 r--p 00639000 08:05 4601953                    /tmp/fmu_2990f53a_90d0_4357_891e_50b2263cfee9rabbit2_1_5-16_SG/binaries/linux64/rabbitmq.so
7f78ab595000-7f78ab596000 ---p 007c3000 08:05 4601953                    /tmp/fmu_2990f53a_90d0_4357_891e_50b2263cfee9rabbit2_1_5-16_SG/binaries/linux64/rabbitmq.so
7f78ab596000-7f78ab5dc000 r--p 007c3000 08:05 4601953                    /tmp/fmu_2990f53a_90d0_4357_891e_50b2263cfee9rabbit2_1_5-16_SG/binaries/linux64/rabbitmq.so
7f78ab5dc000-7f78ab615000 rw-p 00809000 08:05 4601953                    /tmp/fmu_2990f53a_90d0_4357_891e_50b2263cfee9rabbit2_1_5-16_SG/binaries/linux64/rabbitmq.so
7f78ab615000-7f78ab61a000 rw-p 00000000 00:00 0 
7f78ab61a000-7f78ab673000 r--p 00000000 08:05 4595744                    /tmp/fmu_46f3155b_541a_4ee4_9966_4f19624a819ekukalbriiwa_model/binaries/linux64/unifmu.so
7f78ab673000-7f78ab7df000 r-xp 00059000 08:05 4595744                    /tmp/fmu_46f3155b_541a_4ee4_9966_4f19624a819ekukalbriiwa_model/binaries/linux64/unifmu.so
7f78ab7df000-7f78ab89b000 r--p 001c5000 08:05 4595744                    /tmp/fmu_46f3155b_541a_4ee4_9966_4f19624a819ekukalbriiwa_model/binaries/linux64/unifmu.so
7f78ab89b000-7f78ab89c000 ---p 00281000 08:05 4595744                    /tmp/fmu_46f3155b_541a_4ee4_9966_4f19624a819ekukalbriiwa_model/binaries/linux64/unifmu.so
7f78ab89c000-7f78ab8e7000 r--p 00281000 08:05 4595744                    /tmp/fmu_46f3155b_541a_4ee4_9966_4f19624a819ekukalbriiwa_model/binaries/linux64/unifmu.so
7f78ab8e7000-7f78ab8e8000 rw-p 002cc000 08:05 4595744                    /tmp/fmu_46f3155b_541a_4ee4_9966_4f19624a819ekukalbriiwa_model/binaries/linux64/unifmu.so
7f78ab8e8000-7f78ab8ff000 r-xp 00000000 08:05 4601259                    /tmp/jna-2007796372/jna5847786992606717279.tmp (deleted)
7f78ab8ff000-7f78ab9fe000 ---p 00017000 08:05 4601259                    /tmp/jna-2007796372/jna5847786992606717279.tmp (deleted)
7f78ab9fe000-7f78aba00000 rw-p 00016000 08:05 4601259                    /tmp/jna-2007796372/jna5847786992606717279.tmp (deleted)
7f78aba00000-7f78abb80000 rw-p 00000000 00:00 0 
7f78abb80000-7f78abc00000 ---p 00000000 00:00 0 
7f78abc00000-7f78abe00000 rw-p 00000000 00:00 0 
7f78abe00000-7f78ac000000 rw-p 00000000 00:00 0 
7f78ac000000-7f78ac021000 rw-p 00000000 00:00 0 
7f78ac021000-7f78b0000000 ---p 00000000 00:00 0 
7f78b0000000-7f78b0021000 rw-p 00000000 00:00 0 
7f78b0021000-7f78b4000000 ---p 00000000 00:00 0 
7f78b4000000-7f78b4425000 rw-p 00000000 00:00 0 
7f78b4425000-7f78b8000000 ---p 00000000 00:00 0 
7f78b8000000-7f78b84ba000 rw-p 00000000 00:00 0 
7f78b84ba000-7f78bc000000 ---p 00000000 00:00 0 
7f78bc000000-7f78bc021000 rw-p 00000000 00:00 0 
7f78bc021000-7f78c0000000 ---p 00000000 00:00 0 
7f78c0000000-7f78c0021000 rw-p 00000000 00:00 0 
7f78c0021000-7f78c4000000 ---p 00000000 00:00 0 
7f78c4000000-7f78c4021000 rw-p 00000000 00:00 0 
7f78c4021000-7f78c8000000 ---p 00000000 00:00 0 
7f78c8000000-7f78c8021000 rw-p 00000000 00:00 0 
7f78c8021000-7f78cc000000 ---p 00000000 00:00 0 
7f78cc000000-7f78cc021000 rw-p 00000000 00:00 0 
7f78cc021000-7f78d0000000 ---p 00000000 00:00 0 
7f78d0000000-7f78d0021000 rw-p 00000000 00:00 0 
7f78d0021000-7f78d4000000 ---p 00000000 00:00 0 
7f78d4000000-7f78d4021000 rw-p 00000000 00:00 0 
7f78d4021000-7f78d8000000 ---p 00000000 00:00 0 
7f78d8000000-7f78d8021000 rw-p 00000000 00:00 0 
7f78d8021000-7f78dc000000 ---p 00000000 00:00 0 
7f78dc000000-7f78dc021000 rw-p 00000000 00:00 0 
7f78dc021000-7f78e0000000 ---p 00000000 00:00 0 
7f78e010e000-7f78e010f000 ---p 00000000 00:00 0 
7f78e010f000-7f78e0210000 rw-p 00000000 00:00 0 
7f78e0210000-7f78e0214000 ---p 00000000 00:00 0 
7f78e0214000-7f78e0311000 rw-p 00000000 00:00 0 
7f78e0311000-7f78e0312000 ---p 00000000 00:00 0 
7f78e0312000-7f78e0413000 rw-p 00000000 00:00 0 
7f78e0413000-7f78e0417000 ---p 00000000 00:00 0 
7f78e0417000-7f78e0514000 rw-p 00000000 00:00 0 
7f78e0514000-7f78e0518000 ---p 00000000 00:00 0 
7f78e0518000-7f78e0615000 rw-p 00000000 00:00 0 
7f78e0615000-7f78e0619000 ---p 00000000 00:00 0 
7f78e0619000-7f78e0716000 rw-p 00000000 00:00 0 
7f78e0716000-7f78e071a000 ---p 00000000 00:00 0 
7f78e071a000-7f78e0817000 rw-p 00000000 00:00 0 
7f78e0817000-7f78e081b000 ---p 00000000 00:00 0 
7f78e081b000-7f78e2a88000 rw-p 00000000 00:00 0 
7f78e2a88000-7f78e3ff8000 ---p 00000000 00:00 0 
7f78e3ff8000-7f78e4000000 rw-p 00000000 00:00 0 
7f78e4000000-7f78e4021000 rw-p 00000000 00:00 0 
7f78e4021000-7f78e8000000 ---p 00000000 00:00 0 
7f78e804e000-7f78e807f000 rw-p 00000000 00:00 0 
7f78e807f000-7f78e85ef000 r--p 00000000 08:05 2629154                    /usr/lib/locale/locale-archive
7f78e85ef000-7f78e85f3000 ---p 00000000 00:00 0 
7f78e85f3000-7f78e86f0000 rw-p 00000000 00:00 0 
7f78e86f0000-7f78e86f4000 ---p 00000000 00:00 0 
7f78e86f4000-7f78e87f1000 rw-p 00000000 00:00 0 
7f78e87f1000-7f78e8a61000 rwxp 00000000 00:00 0 
7f78e8a61000-7f78e8d80000 ---p 00000000 00:00 0 
7f78e8d80000-7f78e9090000 rwxp 00000000 00:00 0 
7f78e9090000-7f78f02b8000 ---p 00000000 00:00 0 
7f78f02b8000-7f78f0528000 rwxp 00000000 00:00 0 
7f78f0528000-7f78f77f1000 ---p 00000000 00:00 0 
7f78f77f1000-7f7900000000 r--s 00000000 08:05 2753624                    /usr/lib/jvm/java-11-openjdk-amd64/lib/modules
7f7900000000-7f7900964000 rw-p 00000000 00:00 0 
7f7900964000-7f7904000000 ---p 00000000 00:00 0 
7f7904018000-7f7904019000 r--p 00000000 08:05 3183385                    /usr/lib/x86_64-linux-gnu/gconv/UTF-16.so
7f7904019000-7f790401b000 r-xp 00001000 08:05 3183385                    /usr/lib/x86_64-linux-gnu/gconv/UTF-16.so
7f790401b000-7f790401c000 r--p 00003000 08:05 3183385                    /usr/lib/x86_64-linux-gnu/gconv/UTF-16.so
7f790401c000-7f790401d000 r--p 00003000 08:05 3183385                    /usr/lib/x86_64-linux-gnu/gconv/UTF-16.so
7f790401d000-7f790401e000 rw-p 00004000 08:05 3183385                    /usr/lib/x86_64-linux-gnu/gconv/UTF-16.so
7f790401e000-7f7904022000 r--p 00000000 08:05 2753614                    /usr/lib/jvm/java-11-openjdk-amd64/lib/libnet.so
7f7904022000-7f7904030000 r-xp 00004000 08:05 2753614                    /usr/lib/jvm/java-11-openjdk-amd64/lib/libnet.so
7f7904030000-7f7904034000 r--p 00012000 08:05 2753614                    /usr/lib/jvm/java-11-openjdk-amd64/lib/libnet.so
7f7904034000-7f7904035000 r--p 00015000 08:05 2753614                    /usr/lib/jvm/java-11-openjdk-amd64/lib/libnet.so
7f7904035000-7f7904036000 rw-p 00016000 08:05 2753614                    /usr/lib/jvm/java-11-openjdk-amd64/lib/libnet.so
7f7904036000-7f790403d000 r--p 00000000 08:05 2753615                    /usr/lib/jvm/java-11-openjdk-amd64/lib/libnio.so
7f790403d000-7f7904045000 r-xp 00007000 08:05 2753615                    /usr/lib/jvm/java-11-openjdk-amd64/lib/libnio.so
7f7904045000-7f7904048000 r--p 0000f000 08:05 2753615                    /usr/lib/jvm/java-11-openjdk-amd64/lib/libnio.so
7f7904048000-7f7904049000 r--p 00011000 08:05 2753615                    /usr/lib/jvm/java-11-openjdk-amd64/lib/libnio.so
7f7904049000-7f790404a000 rw-p 00012000 08:05 2753615                    /usr/lib/jvm/java-11-openjdk-amd64/lib/libnio.so
7f790404a000-7f790404b000 ---p 00000000 00:00 0 
7f790404b000-7f7904a50000 rw-p 00000000 00:00 0 
7f7904a50000-7f7904a92000 rw-p 00000000 00:00 0 
7f7904a92000-7f7904a93000 ---p 00000000 00:00 0 
7f7904a93000-7f7904b94000 rw-p 00000000 00:00 0 
7f7904b94000-7f7904b95000 ---p 00000000 00:00 0 
7f7904b95000-7f7904e98000 rw-p 00000000 00:00 0 
7f7904e98000-7f7904e99000 ---p 00000000 00:00 0 
7f7904e99000-7f7904f9a000 rw-p 00000000 00:00 0 
7f7904f9a000-7f7904f9b000 ---p 00000000 00:00 0 
7f7904f9b000-7f790523d000 rw-p 00000000 00:00 0 
7f790523d000-7f79067ad000 ---p 00000000 00:00 0 
7f79067ad000-7f79067e3000 rw-p 00000000 00:00 0 
7f79067e3000-7f7906a91000 ---p 00000000 00:00 0 
7f7906a91000-7f7906ac0000 rw-p 00000000 00:00 0 
7f7906ac0000-7f7906d6e000 ---p 00000000 00:00 0 
7f7906d6e000-7f7906d9d000 rw-p 00000000 00:00 0 
7f7906d9d000-7f790704b000 ---p 00000000 00:00 0 
7f790704b000-7f790724e000 rw-p 00000000 00:00 0 
7f790724e000-7f790724f000 ---p 00000000 00:00 0 
7f790724f000-7f7907355000 rw-p 00000000 00:00 0 
7f7907355000-7f790743b000 ---p 00000000 00:00 0 
7f790743b000-7f7907442000 rw-p 00000000 00:00 0 
7f7907442000-7f7907526000 ---p 00000000 00:00 0 
7f7907526000-7f790752b000 rw-p 00000000 00:00 0 
7f790752b000-7f7907532000 ---p 00000000 00:00 0 
7f7907532000-7f7907535000 r--p 00000000 08:05 2632028                    /usr/lib/x86_64-linux-gnu/libnss_files-2.31.so
7f7907535000-7f790753c000 r-xp 00003000 08:05 2632028                    /usr/lib/x86_64-linux-gnu/libnss_files-2.31.so
7f790753c000-7f790753e000 r--p 0000a000 08:05 2632028                    /usr/lib/x86_64-linux-gnu/libnss_files-2.31.so
7f790753e000-7f790753f000 r--p 0000b000 08:05 2632028                    /usr/lib/x86_64-linux-gnu/libnss_files-2.31.so
7f790753f000-7f7907540000 rw-p 0000c000 08:05 2632028                    /usr/lib/x86_64-linux-gnu/libnss_files-2.31.so
7f7907540000-7f7907546000 rw-p 00000000 00:00 0 
7f7907547000-7f790754e000 r--s 00000000 08:05 3183390                    /usr/lib/x86_64-linux-gnu/gconv/gconv-modules.cache
7f790754e000-7f7907550000 r--p 00000000 08:05 2753623                    /usr/lib/jvm/java-11-openjdk-amd64/lib/libzip.so
7f7907550000-7f7907555000 r-xp 00002000 08:05 2753623                    /usr/lib/jvm/java-11-openjdk-amd64/lib/libzip.so
7f7907555000-7f7907557000 r--p 00007000 08:05 2753623                    /usr/lib/jvm/java-11-openjdk-amd64/lib/libzip.so
7f7907557000-7f7907558000 r--p 00008000 08:05 2753623                    /usr/lib/jvm/java-11-openjdk-amd64/lib/libzip.so
7f7907558000-7f7907559000 rw-p 00009000 08:05 2753623                    /usr/lib/jvm/java-11-openjdk-amd64/lib/libzip.so
7f7907559000-7f7907561000 rw-s 00000000 08:05 4594488                    /tmp/hsperfdata_santiago/31932
7f7907561000-7f7907562000 ---p 00000000 00:00 0 
7f7907562000-7f7907563000 r--p 00000000 00:00 0 
7f7907563000-7f7907571000 r--p 00000000 08:05 2753377                    /usr/lib/jvm/java-11-openjdk-amd64/lib/libjava.so
7f7907571000-7f7907587000 r-xp 0000e000 08:05 2753377                    /usr/lib/jvm/java-11-openjdk-amd64/lib/libjava.so
7f7907587000-7f790758e000 r--p 00024000 08:05 2753377                    /usr/lib/jvm/java-11-openjdk-amd64/lib/libjava.so
7f790758e000-7f790758f000 r--p 0002a000 08:05 2753377                    /usr/lib/jvm/java-11-openjdk-amd64/lib/libjava.so
7f790758f000-7f7907590000 rw-p 0002b000 08:05 2753377                    /usr/lib/jvm/java-11-openjdk-amd64/lib/libjava.so
7f7907590000-7f7907591000 rw-p 00000000 00:00 0 
7f7907591000-7f7907593000 r--p 00000000 08:05 2632038                    /usr/lib/x86_64-linux-gnu/librt-2.31.so
7f7907593000-7f7907597000 r-xp 00002000 08:05 2632038                    /usr/lib/x86_64-linux-gnu/librt-2.31.so
7f7907597000-7f7907599000 r--p 00006000 08:05 2632038                    /usr/lib/x86_64-linux-gnu/librt-2.31.so
7f7907599000-7f790759a000 r--p 00007000 08:05 2632038                    /usr/lib/x86_64-linux-gnu/librt-2.31.so
7f790759a000-7f790759b000 rw-p 00008000 08:05 2632038                    /usr/lib/x86_64-linux-gnu/librt-2.31.so
7f790759b000-7f790759f000 ---p 00000000 00:00 0 
7f790759f000-7f790769c000 rw-p 00000000 00:00 0 
7f790769c000-7f790769f000 r--p 00000000 08:05 2622393                    /usr/lib/x86_64-linux-gnu/libgcc_s.so.1
7f790769f000-7f79076b1000 r-xp 00003000 08:05 2622393                    /usr/lib/x86_64-linux-gnu/libgcc_s.so.1
7f79076b1000-7f79076b5000 r--p 00015000 08:05 2622393                    /usr/lib/x86_64-linux-gnu/libgcc_s.so.1
7f79076b5000-7f79076b6000 r--p 00018000 08:05 2622393                    /usr/lib/x86_64-linux-gnu/libgcc_s.so.1
7f79076b6000-7f79076b7000 rw-p 00019000 08:05 2622393                    /usr/lib/x86_64-linux-gnu/libgcc_s.so.1
7f79076b7000-7f79076c4000 r--p 00000000 08:05 2631998                    /usr/lib/x86_64-linux-gnu/libm-2.31.so
7f79076c4000-7f790776b000 r-xp 0000d000 08:05 2631998                    /usr/lib/x86_64-linux-gnu/libm-2.31.so
7f790776b000-7f7907804000 r--p 000b4000 08:05 2631998                    /usr/lib/x86_64-linux-gnu/libm-2.31.so
7f7907804000-7f7907805000 r--p 0014c000 08:05 2631998                    /usr/lib/x86_64-linux-gnu/libm-2.31.so
7f7907805000-7f7907806000 rw-p 0014d000 08:05 2631998                    /usr/lib/x86_64-linux-gnu/libm-2.31.so
7f7907806000-7f790789c000 r--p 00000000 08:05 2626859                    /usr/lib/x86_64-linux-gnu/libstdc++.so.6.0.28
7f790789c000-7f790798d000 r-xp 00096000 08:05 2626859                    /usr/lib/x86_64-linux-gnu/libstdc++.so.6.0.28
7f790798d000-7f79079d6000 r--p 00187000 08:05 2626859                    /usr/lib/x86_64-linux-gnu/libstdc++.so.6.0.28
7f79079d6000-7f79079d7000 ---p 001d0000 08:05 2626859                    /usr/lib/x86_64-linux-gnu/libstdc++.so.6.0.28
7f79079d7000-7f79079e2000 r--p 001d0000 08:05 2626859                    /usr/lib/x86_64-linux-gnu/libstdc++.so.6.0.28
7f79079e2000-7f79079e5000 rw-p 001db000 08:05 2626859                    /usr/lib/x86_64-linux-gnu/libstdc++.so.6.0.28
7f79079e5000-7f79079e8000 rw-p 00000000 00:00 0 
7f79079e8000-7f7907c6a000 r--p 00000000 08:05 3017460                    /usr/lib/jvm/java-11-openjdk-amd64/lib/server/libjvm.so
7f7907c6a000-7f79088fb000 r-xp 00282000 08:05 3017460                    /usr/lib/jvm/java-11-openjdk-amd64/lib/server/libjvm.so
7f79088fb000-7f7908b5a000 r--p 00f13000 08:05 3017460                    /usr/lib/jvm/java-11-openjdk-amd64/lib/server/libjvm.so
7f7908b5a000-7f7908c1e000 r--p 01171000 08:05 3017460                    /usr/lib/jvm/java-11-openjdk-amd64/lib/server/libjvm.so
7f7908c1e000-7f7908c59000 rw-p 01235000 08:05 3017460                    /usr/lib/jvm/java-11-openjdk-amd64/lib/server/libjvm.so
7f7908c59000-7f7908cb2000 rw-p 00000000 00:00 0 
7f7908cb2000-7f7908cd4000 r--p 00000000 08:05 2631994                    /usr/lib/x86_64-linux-gnu/libc-2.31.so
7f7908cd4000-7f7908e4c000 r-xp 00022000 08:05 2631994                    /usr/lib/x86_64-linux-gnu/libc-2.31.so
7f7908e4c000-7f7908e9a000 r--p 0019a000 08:05 2631994                    /usr/lib/x86_64-linux-gnu/libc-2.31.so
7f7908e9a000-7f7908e9e000 r--p 001e7000 08:05 2631994                    /usr/lib/x86_64-linux-gnu/libc-2.31.so
7f7908e9e000-7f7908ea0000 rw-p 001eb000 08:05 2631994                    /usr/lib/x86_64-linux-gnu/libc-2.31.so
7f7908ea0000-7f7908ea4000 rw-p 00000000 00:00 0 
7f7908ea4000-7f7908ea5000 r--p 00000000 08:05 2631996                    /usr/lib/x86_64-linux-gnu/libdl-2.31.so
7f7908ea5000-7f7908ea7000 r-xp 00001000 08:05 2631996                    /usr/lib/x86_64-linux-gnu/libdl-2.31.so
7f7908ea7000-7f7908ea8000 r--p 00003000 08:05 2631996                    /usr/lib/x86_64-linux-gnu/libdl-2.31.so
7f7908ea8000-7f7908ea9000 r--p 00003000 08:05 2631996                    /usr/lib/x86_64-linux-gnu/libdl-2.31.so
7f7908ea9000-7f7908eaa000 rw-p 00004000 08:05 2631996                    /usr/lib/x86_64-linux-gnu/libdl-2.31.so
7f7908eaa000-7f7908ead000 r--p 00000000 08:05 3017457                    /usr/lib/jvm/java-11-openjdk-amd64/lib/jli/libjli.so
7f7908ead000-7f7908eb7000 r-xp 00003000 08:05 3017457                    /usr/lib/jvm/java-11-openjdk-amd64/lib/jli/libjli.so
7f7908eb7000-7f7908eba000 r--p 0000d000 08:05 3017457                    /usr/lib/jvm/java-11-openjdk-amd64/lib/jli/libjli.so
7f7908eba000-7f7908ebb000 ---p 00010000 08:05 3017457                    /usr/lib/jvm/java-11-openjdk-amd64/lib/jli/libjli.so
7f7908ebb000-7f7908ebc000 r--p 00010000 08:05 3017457                    /usr/lib/jvm/java-11-openjdk-amd64/lib/jli/libjli.so
7f7908ebc000-7f7908ebd000 rw-p 00011000 08:05 3017457                    /usr/lib/jvm/java-11-openjdk-amd64/lib/jli/libjli.so
7f7908ebd000-7f7908ec3000 r--p 00000000 08:05 2632036                    /usr/lib/x86_64-linux-gnu/libpthread-2.31.so
7f7908ec3000-7f7908ed4000 r-xp 00006000 08:05 2632036                    /usr/lib/x86_64-linux-gnu/libpthread-2.31.so
7f7908ed4000-7f7908eda000 r--p 00017000 08:05 2632036                    /usr/lib/x86_64-linux-gnu/libpthread-2.31.so
7f7908eda000-7f7908edb000 r--p 0001c000 08:05 2632036                    /usr/lib/x86_64-linux-gnu/libpthread-2.31.so
7f7908edb000-7f7908edc000 rw-p 0001d000 08:05 2632036                    /usr/lib/x86_64-linux-gnu/libpthread-2.31.so
7f7908edc000-7f7908ee0000 rw-p 00000000 00:00 0 
7f7908ee0000-7f7908ee2000 r--p 00000000 08:05 2627188                    /usr/lib/x86_64-linux-gnu/libz.so.1.2.11
7f7908ee2000-7f7908ef3000 r-xp 00002000 08:05 2627188                    /usr/lib/x86_64-linux-gnu/libz.so.1.2.11
7f7908ef3000-7f7908ef9000 r--p 00013000 08:05 2627188                    /usr/lib/x86_64-linux-gnu/libz.so.1.2.11
7f7908ef9000-7f7908efa000 ---p 00019000 08:05 2627188                    /usr/lib/x86_64-linux-gnu/libz.so.1.2.11
7f7908efa000-7f7908efb000 r--p 00019000 08:05 2627188                    /usr/lib/x86_64-linux-gnu/libz.so.1.2.11
7f7908efb000-7f7908efc000 rw-p 0001a000 08:05 2627188                    /usr/lib/x86_64-linux-gnu/libz.so.1.2.11
7f7908efc000-7f7908efe000 r--p 00000000 08:05 2753588                    /usr/lib/jvm/java-11-openjdk-amd64/lib/libjimage.so
7f7908efe000-7f7908f01000 r-xp 00002000 08:05 2753588                    /usr/lib/jvm/java-11-openjdk-amd64/lib/libjimage.so
7f7908f01000-7f7908f02000 r--p 00005000 08:05 2753588                    /usr/lib/jvm/java-11-openjdk-amd64/lib/libjimage.so
7f7908f02000-7f7908f03000 ---p 00006000 08:05 2753588                    /usr/lib/jvm/java-11-openjdk-amd64/lib/libjimage.so
7f7908f03000-7f7908f04000 r--p 00006000 08:05 2753588                    /usr/lib/jvm/java-11-openjdk-amd64/lib/libjimage.so
7f7908f04000-7f7908f05000 rw-p 00007000 08:05 2753588                    /usr/lib/jvm/java-11-openjdk-amd64/lib/libjimage.so
7f7908f05000-7f7908f0a000 r--p 00000000 08:05 2753622                    /usr/lib/jvm/java-11-openjdk-amd64/lib/libverify.so
7f7908f0a000-7f7908f11000 r-xp 00005000 08:05 2753622                    /usr/lib/jvm/java-11-openjdk-amd64/lib/libverify.so
7f7908f11000-7f7908f13000 r--p 0000c000 08:05 2753622                    /usr/lib/jvm/java-11-openjdk-amd64/lib/libverify.so
7f7908f13000-7f7908f14000 ---p 0000e000 08:05 2753622                    /usr/lib/jvm/java-11-openjdk-amd64/lib/libverify.so
7f7908f14000-7f7908f16000 r--p 0000e000 08:05 2753622                    /usr/lib/jvm/java-11-openjdk-amd64/lib/libverify.so
7f7908f16000-7f7908f17000 rw-p 00010000 08:05 2753622                    /usr/lib/jvm/java-11-openjdk-amd64/lib/libverify.so
7f7908f17000-7f7908f19000 rw-p 00000000 00:00 0 
7f7908f19000-7f7908f1a000 r--p 00000000 08:05 2623639                    /usr/lib/x86_64-linux-gnu/ld-2.31.so
7f7908f1a000-7f7908f3d000 r-xp 00001000 08:05 2623639                    /usr/lib/x86_64-linux-gnu/ld-2.31.so
7f7908f3d000-7f7908f45000 r--p 00024000 08:05 2623639                    /usr/lib/x86_64-linux-gnu/ld-2.31.so
7f7908f45000-7f7908f46000 rwxp 00000000 00:00 0 
7f7908f46000-7f7908f47000 r--p 0002c000 08:05 2623639                    /usr/lib/x86_64-linux-gnu/ld-2.31.so
7f7908f47000-7f7908f48000 rw-p 0002d000 08:05 2623639                    /usr/lib/x86_64-linux-gnu/ld-2.31.so
7f7908f48000-7f7908f49000 rw-p 00000000 00:00 0 
7fffbec68000-7fffbec8b000 rw-p 00000000 00:00 0                          [stack]
7fffbedcc000-7fffbedd0000 r--p 00000000 00:00 0                          [vvar]
7fffbedd0000-7fffbedd2000 r-xp 00000000 00:00 0                          [vdso]
ffffffffff600000-ffffffffff601000 --xp 00000000 00:00 0                  [vsyscall]


VM Arguments:
jvm_args: -Dfile.encoding=UTF-8 -Duser.country=US -Duser.language=en -Duser.variant 
java_command: MainKt
java_class_path (initial): /home/santiago/Aarhus/ConfLiftingaaS/build/classes/java/main:/home/santiago/Aarhus/ConfLiftingaaS/build/classes/kotlin/main:/home/santiago/Aarhus/ConfLiftingaaS/build/resources/main:/home/santiago/.gradle/caches/modules-2/files-2.1/org.jetbrains.kotlinx/kotlinx-serialization-json-jvm/1.5.0/f2355f60f5c027da0326c8af2d9c724d39aa0ce9/kotlinx-serialization-json-jvm-1.5.0.jar:/home/santiago/.gradle/caches/modules-2/files-2.1/org.jetbrains.kotlinx/kotlinx-serialization-core-jvm/1.5.0/d701e8cccd443a7cc1a0bcac53432f2745dcdbda/kotlinx-serialization-core-jvm-1.5.0.jar:/home/santiago/.gradle/caches/modules-2/files-2.1/org.siani.javafmi/fmu-wrapper/2.26.3/56f94b5c0935c234802450545083855994612c41/fmu-wrapper-2.26.3.jar:/home/santiago/.gradle/caches/modules-2/files-2.1/org.jetbrains.kotlin/kotlin-stdlib-jdk8/1.8.10/7c002ac41f547a82e81dfebd2a20577a738dbf3f/kotlin-stdlib-jdk8-1.8.10.jar:/home/santiago/.gradle/caches/modules-2/files-2.1/org.apache.jena/jena-shacl/3.16.0/73224ac7a31181149fce1a85c4ad86a9e5d76c0d/jena-shacl-3.16.0.jar:/home/santiago/.gradle/caches/modules-2/files-2.1/org.apache.jena/jena-tdb/3.16.0/9cbf4b9d9ce058403f4977be0ceff0c6a6b755d/jena-tdb-3.16.0.jar:/home/santiago/.gradle/caches/modules-2/files-2.1/org.apache.jena/jena-rdfconnection/3.16.0/68e2a3f2c450ae4ce2652a3713dea95066bff25a/jena-rdfconnection-3.16.0.jar:/home/santiago/.gradle/caches/modules-2/files-2.1/org.apache.jena/jena-tdb2/3.16.0/1f014a32d88e4bb5ac4c5291703fafd5bd060a8c/jena-tdb2-3.16.0.jar:/home/santiago/.gradle/caches/modules-2/files-2.1/org.apache.jena/jena-dboe-storage/3.16.0/86876be46c78ee68172614c4bf3cd211b3815d33/jena-dboe-storage-3.16.0.jar:/home/santiago/.gradle/caches/modules-2/files-2.1/org.apache.jena/jena-dboe-trans-data/3.16.0/2df0c144ef7f420d45a984c753a7078b70618a94/jena-dboe-trans-data-3.16.0.jar:/home/santiago/.gradle/caches/modules-2/files-2.1/org.apache.jena/jena-dboe-transaction/3.16.0/668a904ec5532ff837e8a9b67460797f2654f077/jena-dboe-transaction-3.16.
Launcher Type: SUN_STANDARD

[Global flags]
     intx CICompilerCount                          = 2                                         {product} {ergonomic}
     uint ConcGCThreads                            = 1                                         {product} {ergonomic}
     uint G1ConcRefinementThreads                  = 2                                         {product} {ergonomic}
   size_t G1HeapRegionSize                         = 1048576                                   {product} {ergonomic}
    uintx GCDrainStackTargetSize                   = 64                                        {product} {ergonomic}
   size_t InitialHeapSize                          = 96468992                                  {product} {ergonomic}
   size_t MarkStackSize                            = 4194304                                   {product} {ergonomic}
   size_t MaxHeapSize                              = 1537212416                                {product} {ergonomic}
   size_t MaxNewSize                               = 921698304                                 {product} {ergonomic}
   size_t MinHeapDeltaBytes                        = 1048576                                   {product} {ergonomic}
    uintx NonNMethodCodeHeapSize                   = 5825164                                {pd product} {ergonomic}
    uintx NonProfiledCodeHeapSize                  = 122916538                              {pd product} {ergonomic}
    uintx ProfiledCodeHeapSize                     = 122916538                              {pd product} {ergonomic}
    uintx ReservedCodeCacheSize                    = 251658240                              {pd product} {ergonomic}
     bool SegmentedCodeCache                       = true                                      {product} {ergonomic}
     bool UseCompressedClassPointers               = true                                 {lp64_product} {ergonomic}
     bool UseCompressedOops                        = true                                 {lp64_product} {ergonomic}
     bool UseG1GC                                  = true                                      {product} {ergonomic}

Logging:
Log output configuration:
 #0: stdout all=warning uptime,level,tags
 #1: stderr all=off uptime,level,tags

Environment Variables:
JAVA_HOME=/usr/lib/jvm/java-17-openjdk-amd64
PATH=/home/santiago/apache-maven-3.9.4/bin:/usr/lib/jvm/java-17-openjdk-amd64:/usr/lib/jvm/java-17-openjdk-amd64/bin:/home/santiago/node-js/bin:/home/santiago/node-js:/home/santiago/uppaal64-4.1.25-5:/home/santiago/uppaal64-4.1.25-5/bin-Linux:/home/santiago/.sdkman/candidates/kotlin/current/bin:/home/santiago/.sdkman/candidates/gradle/current/bin:/home/santiago/apache-maven-3.9.4/bin:/usr/lib/jvm/java-11-openjdk-amd64/bin:/home/santiago/node-js/bin:/home/santiago/node-js:/home/santiago/uppaal64-4.1.25-5:/home/santiago/uppaal64-4.1.25-5/bin-Linux:/home/santiago/.local/bin:/usr/local/sbin:/usr/local/bin:/usr/sbin:/usr/bin:/sbin:/bin:/usr/games:/usr/local/games:/snap/bin
USERNAME=santiago
SHELL=/bin/bash
DISPLAY=:0
LANG=en_US.UTF-8
TERM=xterm-256color

Signal Handlers:
SIGSEGV: [libjvm.so+0xea02e0], sa_mask[0]=11111111011111111101111111111110, sa_flags=SA_RESTART|SA_SIGINFO
SIGBUS: [libjvm.so+0xea02e0], sa_mask[0]=11111111011111111101111111111110, sa_flags=SA_RESTART|SA_SIGINFO
SIGFPE: [libjvm.so+0xea02e0], sa_mask[0]=11111111011111111101111111111110, sa_flags=SA_RESTART|SA_SIGINFO
SIGPIPE: [libjvm.so+0xbe5be0], sa_mask[0]=11111111011111111101111111111110, sa_flags=SA_RESTART|SA_SIGINFO
SIGXFSZ: [libjvm.so+0xbe5be0], sa_mask[0]=11111111011111111101111111111110, sa_flags=SA_RESTART|SA_SIGINFO
SIGILL: [libjvm.so+0xea02e0], sa_mask[0]=11111111011111111101111111111110, sa_flags=SA_RESTART|SA_SIGINFO
SIGUSR2: [libjvm.so+0xbe5a80], sa_mask[0]=00100000000000000000000000000000, sa_flags=SA_RESTART|SA_SIGINFO
SIGHUP: [libjvm.so+0xbe6130], sa_mask[0]=11111111011111111101111111111110, sa_flags=SA_RESTART|SA_SIGINFO
SIGINT: [libjvm.so+0xbe6130], sa_mask[0]=11111111011111111101111111111110, sa_flags=SA_RESTART|SA_SIGINFO
SIGTERM: [libjvm.so+0xbe6130], sa_mask[0]=11111111011111111101111111111110, sa_flags=SA_RESTART|SA_SIGINFO
SIGQUIT: [libjvm.so+0xbe6130], sa_mask[0]=11111111011111111101111111111110, sa_flags=SA_RESTART|SA_SIGINFO


---------------  S Y S T E M  ---------------

OS:DISTRIB_ID=Ubuntu
DISTRIB_RELEASE=20.04
DISTRIB_CODENAME=focal
DISTRIB_DESCRIPTION="Ubuntu 20.04.6 LTS"
uname:Linux 5.15.0-78-generic #85~20.04.1-Ubuntu SMP Mon Jul 17 09:42:39 UTC 2023 x86_64
OS uptime: 0 days 1:15 hours
libc:glibc 2.31 NPTL 2.31 
rlimit (soft/hard): STACK 8192k/infinity , CORE 0k/infinity , NPROC 23121/23121 , NOFILE 1048576/1048576 , AS infinity/infinity , CPU infinity/infinity , DATA infinity/infinity , FSIZE infinity/infinity , MEMLOCK 65536k/65536k
load average:2.33 0.75 0.37

/proc/meminfo:
MemTotal:        6004560 kB
MemFree:          111452 kB
MemAvailable:     829700 kB
Buffers:           44020 kB
Cached:           846496 kB
SwapCached:         6856 kB
Active:           510696 kB
Inactive:        4467980 kB
Active(anon):     111120 kB
Inactive(anon):  4015376 kB
Active(file):     399576 kB
Inactive(file):   452604 kB
Unevictable:       13484 kB
Mlocked:           13484 kB
SwapTotal:       2097148 kB
SwapFree:        1831116 kB
Dirty:                48 kB
Writeback:             0 kB
AnonPages:       4096300 kB
Mapped:           357920 kB
Shmem:             26708 kB
KReclaimable:     157212 kB
Slab:             322344 kB
SReclaimable:     157212 kB
SUnreclaim:       165132 kB
KernelStack:       17952 kB
PageTables:        29988 kB
NFS_Unstable:          0 kB
Bounce:                0 kB
WritebackTmp:          0 kB
CommitLimit:     5099428 kB
Committed_AS:   10032536 kB
VmallocTotal:   34359738367 kB
VmallocUsed:       84612 kB
VmallocChunk:          0 kB
Percpu:           181248 kB
HardwareCorrupted:     0 kB
AnonHugePages:      2048 kB
ShmemHugePages:        0 kB
ShmemPmdMapped:        0 kB
FileHugePages:         0 kB
FilePmdMapped:         0 kB
HugePages_Total:       0
HugePages_Free:        0
HugePages_Rsvd:        0
HugePages_Surp:        0
Hugepagesize:       2048 kB
Hugetlb:               0 kB
DirectMap4k:      538432 kB
DirectMap2M:     5728256 kB
DirectMap1G:           0 kB

/sys/kernel/mm/transparent_hugepage/enabled:
always [madvise] never
/sys/kernel/mm/transparent_hugepage/defrag (defrag/compaction efforts parameter):
always defer defer+madvise [madvise] never

Process Memory:
Virtual Size: 4101084K (peak: 12903016K)
Resident Set Size: 123720K (peak: 123720K) (anon: 88388K, file: 35332K, shmem: 0K)
Swapped out: 0K
C-Heap outstanding allocations: 18860K, retained: 6087K
glibc malloc tunables: (default)

/proc/sys/kernel/threads-max (system-wide limit on the number of threads):
46242
/proc/sys/vm/max_map_count (maximum number of memory map areas a process may have):
65530
/proc/sys/kernel/pid_max (system-wide limit on number of process identifiers):
4194304

container (cgroup) information:
container_type: cgroupv1
cpu_cpuset_cpus: 0-1
cpu_memory_nodes: 0
active_processor_count: 2
cpu_quota: no quota
cpu_period: 100000
cpu_shares: no shares
memory_limit_in_bytes: unlimited
memory_and_swap_limit_in_bytes: unlimited
memory_soft_limit_in_bytes: unlimited
memory_usage_in_bytes: 4351956 k
memory_max_usage_in_bytes: 4351960 k
kernel_memory_usage_in_bytes: 81456 k
kernel_memory_max_usage_in_bytes: unlimited
kernel_memory_limit_in_bytes: 81456 k
maximum number of tasks: unlimited
current number of tasks: 529

VMWare virtualization detected
Steal ticks since vm start: 0
Steal ticks percentage since vm start:  0.000

CPU:total 2 (initial active 2) (1 cores per cpu, 1 threads per core) family 6 model 140 stepping 1 microcode 0x8a, cmov, cx8, fxsr, mmx, sse, sse2, sse3, ssse3, sse4.1, sse4.2, popcnt, avx, avx2, aes, clmul, erms, 3dnowpref, lzcnt, tsc, tscinvbit, bmi1, bmi2, adx, evex, sha, fma
CPU Model and flags from /proc/cpuinfo:
model name	: 11th Gen Intel(R) Core(TM) i5-1135G7 @ 2.40GHz
flags		: fpu vme de pse tsc msr pae mce cx8 apic sep mtrr pge mca cmov pat pse36 clflush mmx fxsr sse sse2 ss syscall nx pdpe1gb rdtscp lm constant_tsc arch_perfmon rep_good nopl xtopology tsc_reliable nonstop_tsc cpuid tsc_known_freq pni pclmulqdq ssse3 fma cx16 pcid sse4_1 sse4_2 x2apic movbe popcnt tsc_deadline_timer aes xsave avx f16c rdrand hypervisor lahf_lm abm 3dnowprefetch cpuid_fault invpcid_single ssbd ibrs ibpb stibp ibrs_enhanced fsgsbase tsc_adjust bmi1 avx2 smep bmi2 erms invpcid avx512f avx512dq rdseed adx smap avx512ifma clflushopt clwb avx512cd sha_ni avx512bw avx512vl xsaveopt xsavec xgetbv1 xsaves arat avx512vbmi umip pku ospke avx512_vbmi2 gfni vaes vpclmulqdq avx512_vnni avx512_bitalg avx512_vpopcntdq rdpid movdiri movdir64b fsrm avx512_vp2intersect md_clear flush_l1d arch_capabilities
Online cpus:
0-1
Offline cpus:
2-127
BIOS frequency limitation:
<Not Available>
Frequency switch latency (ns):
<Not Available>
Available cpu frequencies:
<Not Available>
Current governor:
<Not Available>
Core performance/turbo boost:
<Not Available>

Memory: 4k page, physical 6004560k(111452k free), swap 2097148k(1831116k free)

vm_info: OpenJDK 64-Bit Server VM (11.0.20+8-post-Ubuntu-1ubuntu120.04) for linux-amd64 JRE (11.0.20+8-post-Ubuntu-1ubuntu120.04), built on Jul 20 2023 03:22:26 by "unknown" with gcc 9.4.0

END.
