#
# A fatal error has been detected by the Java Runtime Environment:
#
#  SIGSEGV (0xb) at pc=0x00007f8c2fa29c3d, pid=82598, tid=82607
#
# JRE version: OpenJDK Runtime Environment (11.0.20+8) (build 11.0.20+8-post-Ubuntu-1ubuntu120.04)
# Java VM: OpenJDK 64-Bit Server VM (11.0.20+8-post-Ubuntu-1ubuntu120.04, mixed mode, sharing, tiered, compressed oops, g1 gc, linux-amd64)
# Problematic frame:
# C  [rabbitmq.so+0x271c3d]  FmuContainerCore::getData()+0x2d
#
# Core dump will be written. Default location: Core dumps may be processed with "/usr/share/apport/apport -p%p -s%s -c%c -d%d -P%P -u%u -g%g -- %E" (or dumping to /home/santiago/Aarhus/ConfLiftingaaS/core.82598)
#
# If you would like to submit a bug report, please visit:
#   https://bugs.launchpad.net/ubuntu/+source/openjdk-lts
# The crash happened outside the Java Virtual Machine in native code.
# See problematic frame for where to report the bug.
#

---------------  S U M M A R Y ------------

Command Line: -Dfile.encoding=UTF-8 -Duser.country=US -Duser.language=en -Duser.variant MainKt

Host: 11th Gen Intel(R) Core(TM) i5-1135G7 @ 2.40GHz, 2 cores, 5G, Ubuntu 20.04.6 LTS
Time: Tue Aug 22 12:58:13 2023 CEST elapsed time: 12.587882 seconds (0d 0h 0m 12s)

---------------  T H R E A D  ---------------

Current thread (0x00007f8c84018000):  JavaThread "main" [_thread_in_native, id=82607, stack(0x00007f8c8bf99000,0x00007f8c8c09a000)]

Stack: [0x00007f8c8bf99000,0x00007f8c8c09a000],  sp=0x00007f8c8c097650,  free space=1017k
Native frames: (J=compiled Java code, A=aot compiled Java code, j=interpreted, Vv=VM code, C=native code)
C  [rabbitmq.so+0x271c3d]  FmuContainerCore::getData()+0x2d

Java frames: (J=compiled Java code, j=interpreted, Vv=VM code)
j  com.sun.jna.Native.invokeInt(JI[Ljava/lang/Object;)I+0
j  com.sun.jna.Function.invoke([Ljava/lang/Object;Ljava/lang/Class;Z)Ljava/lang/Object;+225
j  com.sun.jna.Function.invoke(Ljava/lang/Class;[Ljava/lang/Object;Ljava/util/Map;)Ljava/lang/Object;+262
j  com.sun.jna.Function.invoke(Ljava/lang/Class;[Ljava/lang/Object;)Ljava/lang/Object;+7
j  com.sun.jna.Function.invokeInt([Ljava/lang/Object;)I+5
j  org.javafmi.proxy.v2.Fmu$1.asInt()I+15
j  org.javafmi.proxy.v2.Fmu.getInteger([I)[I+43
j  org.javafmi.proxy.v2.FmuProxy.getInteger([I)[I+5
j  org.javafmi.wrapper.variables.SingleRead.asInteger()I+14
j  dtstructure.DTFMUConf.liftInto(Lorg/apache/jena/rdf/model/Model;)V+517
j  dtstructure.DTComponent.liftInto(Lorg/apache/jena/rdf/model/Model;)V+145
j  dtstructure.DTComponent.liftInto(Lorg/apache/jena/rdf/model/Model;)V+145
j  DTLiftingService.getModel()Lorg/apache/jena/rdf/model/Model;+66
j  MainKt.setupFlex(LDTManager;)V+30
j  MainKt.main([Ljava/lang/String;)V+85
v  ~StubRoutines::call_stub

siginfo: si_signo: 11 (SIGSEGV), si_code: 128 (SI_KERNEL), si_addr: 0x0000000000000000

Register to memory mapping:

RAX=0x00007f8c8488b201 points into unknown readable memory: 00 00 00 00 00 00 00
RBX=0x00007f8c8c097678 is pointing into the stack for thread: 0x00007f8c84018000
RCX=0x00007f8c8493e140 points into unknown readable memory: 0x00007f8c00000000 | 00 00 00 00 8c 7f 00 00
RDX=0x00007f8c8c097680 is pointing into the stack for thread: 0x00007f8c84018000
RSP=0x00007f8c8c097650 is pointing into the stack for thread: 0x00007f8c84018000
RBP=0x0000000000000001 is an unknown value
RSI=0x656c626154726562 is an unknown value
RDI=0x00007f8c8c097678 is pointing into the stack for thread: 0x00007f8c84018000
R8 =0x000000005c69e3b0 is an unknown value
R9 =0x00007f8c84018000 is a thread
R10=0x00007f8c8c097660 is pointing into the stack for thread: 0x00007f8c84018000
R11=0x00007f8c2fa0f8e0: fmi2GetInteger+0x0000000000000000 in /tmp/fmu_24a08ab5_70bb_47b0_9c19_a4eb4bec6e60rabbit2_1_5-16_SG/binaries/linux64/rabbitmq.so at 0x00007f8c2f7b8000
R12=0x00007f8c8493e0c0 points into unknown readable memory: 0x00007f8c00000015 | 15 00 00 00 8c 7f 00 00
R13=0x00007f8c8441c610 points into unknown readable memory: 0x00007f8c2ffa0f88 | 88 0f fa 2f 8c 7f 00 00
R14=0x656c626154726562 is an unknown value
R15=0x0 is NULL


Registers:
RAX=0x00007f8c8488b201, RBX=0x00007f8c8c097678, RCX=0x00007f8c8493e140, RDX=0x00007f8c8c097680
RSP=0x00007f8c8c097650, RBP=0x0000000000000001, RSI=0x656c626154726562, RDI=0x00007f8c8c097678
R8 =0x000000005c69e3b0, R9 =0x00007f8c84018000, R10=0x00007f8c8c097660, R11=0x00007f8c2fa0f8e0
R12=0x00007f8c8493e0c0, R13=0x00007f8c8441c610, R14=0x656c626154726562, R15=0x0000000000000000
RIP=0x00007f8c2fa29c3d, EFLAGS=0x0000000000010246, CSGSFS=0x002b000000000033, ERR=0x0000000000000000
  TRAPNO=0x000000000000000d

Top of Stack: (sp=0x00007f8c8c097650)
0x00007f8c8c097650:   00007f8c8488b201 00007f8c8c097678
0x00007f8c8c097660:   00007f8c8c097680 00007f8c2fa03a8c
0x00007f8c8c097670:   00007f8c8493e140 00007f8c8493e140
0x00007f8c8c097680:   0000000000000000 0000000000000000 

Instructions: (pc=0x00007f8c2fa29c3d)
0x00007f8c2fa29b3d:   ff 49 89 c7 48 89 ef 4c 89 f6 e8 84 63 fb ff 49
0x00007f8c2fa29b4d:   89 c6 48 8b 68 28 48 89 c3 48 83 c3 28 eb 0c 0f
0x00007f8c2fa29b5d:   1f 40 00 4c 89 e7 e8 a8 c8 fb ff 48 39 dd 0f 84
0x00007f8c2fa29b6d:   ef fc ff ff 49 89 ec 48 8b 6d 00 41 83 7c 24 18
0x00007f8c2fa29b7d:   00 75 e0 49 8b 7c 24 20 49 8d 44 24 30 48 39 c7
0x00007f8c2fa29b8d:   74 d1 e8 7c c8 fb ff eb ca 48 8b 7c 24 10 f2 0f
0x00007f8c2fa29b9d:   10 44 24 40 e8 4a eb fb ff 48 81 c4 b8 00 00 00
0x00007f8c2fa29bad:   5b 41 5c 41 5d 41 5e 41 5f 5d c3 e8 c3 24 fc ff
0x00007f8c2fa29bbd:   48 89 c3 83 bc 24 90 00 00 00 00 75 1f 48 8b bc
0x00007f8c2fa29bcd:   24 98 00 00 00 48 8d 84 24 a8 00 00 00 48 39 c7
0x00007f8c2fa29bdd:   74 0a e8 2c c8 fb ff eb 03 48 89 c3 83 7c 24 50
0x00007f8c2fa29bed:   00 75 14 48 8b 7c 24 58 48 8d 44 24 68 48 39 c7
0x00007f8c2fa29bfd:   74 05 e8 0c c8 fb ff 48 89 df e8 64 ba fc ff 0f
0x00007f8c2fa29c0d:   1f 40 00 41 56 53 50 49 89 f6 48 89 fb 48 8d 57
0x00007f8c2fa29c1d:   08 c7 47 08 00 00 00 00 48 c7 47 10 00 00 00 00
0x00007f8c2fa29c2d:   48 89 57 18 48 89 57 20 48 c7 47 28 00 00 00 00
0x00007f8c2fa29c3d:   48 8b b6 00 01 00 00 48 85 f6 74 56 48 89 1c 24
0x00007f8c2fa29c4d:   48 89 e1 48 89 df e8 98 55 fb ff 48 89 c2 0f 1f
0x00007f8c2fa29c5d:   44 00 00 48 89 d1 48 8b 52 10 48 85 d2 75 f4 48
0x00007f8c2fa29c6d:   89 4b 18 48 89 c2 66 2e 0f 1f 84 00 00 00 00 00
0x00007f8c2fa29c7d:   0f 1f 00 48 89 d1 48 8b 52 18 48 85 d2 75 f4 48
0x00007f8c2fa29c8d:   89 4b 20 49 8b 8e 18 01 00 00 48 89 4b 28 48 89
0x00007f8c2fa29c9d:   43 10 48 89 d8 48 83 c4 08 5b 41 5e c3 66 0f 1f
0x00007f8c2fa29cad:   44 00 00 48 8b 87 20 01 00 00 c3 0f 1f 84 00 00
0x00007f8c2fa29cbd:   00 00 00 40 88 b7 80 01 00 00 c3 0f 1f 84 00 00
0x00007f8c2fa29ccd:   00 00 00 41 57 41 56 41 54 53 50 49 89 cf 49 89
0x00007f8c2fa29cdd:   d6 49 89 fc 48 85 f6 74 1b 48 89 f3 48 89 f7 e8
0x00007f8c2fa29ced:   4f 2b fb ff 4c 89 e7 48 89 de 48 89 c2 e8 81 ff
0x00007f8c2fa29cfd:   fb ff eb 19 49 8b 04 24 48 8b 40 e8 49 8d 3c 04
0x00007f8c2fa29d0d:   41 8b 74 04 20 83 ce 01 e8 e6 a7 fc ff 48 8d 35
0x00007f8c2fa29d1d:   9c 1c 47 00 ba 06 00 00 00 4c 89 e7 e8 52 ff fb
0x00007f8c2fa29d2d:   ff 49 8b 37 4c 89 e7 e8 f7 c7 fb ff 48 89 c3 48 


Stack slot to memory mapping:
stack at sp + 0 slots: 0x00007f8c8488b201 points into unknown readable memory: 00 00 00 00 00 00 00
stack at sp + 1 slots: 0x00007f8c8c097678 is pointing into the stack for thread: 0x00007f8c84018000
stack at sp + 2 slots: 0x00007f8c8c097680 is pointing into the stack for thread: 0x00007f8c84018000
stack at sp + 3 slots: 0x00007f8c2fa03a8c: _ZN12FmuContainer10getIntegerEPKjmPi+0x000000000000003c in /tmp/fmu_24a08ab5_70bb_47b0_9c19_a4eb4bec6e60rabbit2_1_5-16_SG/binaries/linux64/rabbitmq.so at 0x00007f8c2f7b8000
stack at sp + 4 slots: 0x00007f8c8493e140 points into unknown readable memory: 0x00007f8c00000000 | 00 00 00 00 8c 7f 00 00
stack at sp + 5 slots: 0x00007f8c8493e140 points into unknown readable memory: 0x00007f8c00000000 | 00 00 00 00 8c 7f 00 00
stack at sp + 6 slots: 0x0 is NULL
stack at sp + 7 slots: 0x0 is NULL


---------------  P R O C E S S  ---------------

Threads class SMR info:
_java_thread_list=0x00007f8c84123d60, length=9, elements={
0x00007f8c84018000, 0x00007f8c840df000, 0x00007f8c840e1000, 0x00007f8c840e6800,
0x00007f8c840e9000, 0x00007f8c840eb000, 0x00007f8c840ed000, 0x00007f8c840ef000,
0x00007f8c84122800
}

Java Threads: ( => current thread )
=>0x00007f8c84018000 JavaThread "main" [_thread_in_native, id=82607, stack(0x00007f8c8bf99000,0x00007f8c8c09a000)]
  0x00007f8c840df000 JavaThread "Reference Handler" daemon [_thread_blocked, id=82627, stack(0x00007f8c6c20d000,0x00007f8c6c30e000)]
  0x00007f8c840e1000 JavaThread "Finalizer" daemon [_thread_blocked, id=82628, stack(0x00007f8c6c10c000,0x00007f8c6c20d000)]
  0x00007f8c840e6800 JavaThread "Signal Dispatcher" daemon [_thread_blocked, id=82632, stack(0x00007f8c6c00b000,0x00007f8c6c10c000)]
  0x00007f8c840e9000 JavaThread "Service Thread" daemon [_thread_blocked, id=82635, stack(0x00007f8c5d18f000,0x00007f8c5d290000)]
  0x00007f8c840eb000 JavaThread "C2 CompilerThread0" daemon [_thread_blocked, id=82637, stack(0x00007f8c5d08e000,0x00007f8c5d18f000)]
  0x00007f8c840ed000 JavaThread "C1 CompilerThread0" daemon [_thread_blocked, id=82639, stack(0x00007f8c5cf8d000,0x00007f8c5d08e000)]
  0x00007f8c840ef000 JavaThread "Sweeper thread" daemon [_thread_blocked, id=82641, stack(0x00007f8c5ce8c000,0x00007f8c5cf8d000)]
  0x00007f8c84122800 JavaThread "Common-Cleaner" daemon [_thread_blocked, id=82653, stack(0x00007f8c5cc89000,0x00007f8c5cd8a000)]

Other Threads:
  0x00007f8c840dc000 VMThread "VM Thread" [stack: 0x00007f8c6c310000,0x00007f8c6c410000] [id=82625]
  0x00007f8c84120000 WatcherThread [stack: 0x00007f8c5cd8c000,0x00007f8c5ce8c000] [id=82649]
  0x00007f8c8402f800 GCTaskThread "GC Thread#0" [stack: 0x00007f8c8bc4e000,0x00007f8c8bd4e000] [id=82609]
  0x00007f8c54001000 GCTaskThread "GC Thread#1" [stack: 0x00007f8c5cb58000,0x00007f8c5cc58000] [id=82762]
  0x00007f8c84055800 ConcurrentGCThread "G1 Main Marker" [stack: 0x00007f8c882b2000,0x00007f8c883b2000] [id=82610]
  0x00007f8c84057000 ConcurrentGCThread "G1 Conc#0" [stack: 0x00007f8c881b0000,0x00007f8c882b0000] [id=82614]
  0x00007f8c840ab800 ConcurrentGCThread "G1 Refine#0" [stack: 0x00007f8c6c5f0000,0x00007f8c6c6f0000] [id=82617]
  0x00007f8c840ad000 ConcurrentGCThread "G1 Young RemSet Sampling" [stack: 0x00007f8c6c4ee000,0x00007f8c6c5ee000] [id=82620]

Threads with active compile tasks:

VM state:not at safepoint (normal execution)

VM Mutex/Monitor currently owned by a thread: None

Heap address: 0x00000000a4600000, size: 1466 MB, Compressed Oops mode: 32-bit
Narrow klass base: 0x0000000800000000, Narrow klass shift: 3
Compressed class space size: 1073741824 Address: 0x0000000840000000

Heap:
 garbage-first heap   total 96256K, used 51114K [0x00000000a4600000, 0x0000000100000000)
  region size 1024K, 49 young (50176K), 1 survivors (1024K)
 Metaspace       used 14652K, capacity 15487K, committed 15744K, reserved 1062912K
  class space    used 1702K, capacity 1843K, committed 1920K, reserved 1048576K
Heap Regions: E=young(eden), S=young(survivor), O=old, HS=humongous(starts), HC=humongous(continues), CS=collection set, F=free, A=archive, TAMS=top-at-mark-start (previous, next)
|   0|0x00000000a4600000, 0x00000000a4700000, 0x00000000a4700000|100%| O|  |TAMS 0x00000000a4600000, 0x00000000a4600000| Untracked 
|   1|0x00000000a4700000, 0x00000000a4736a00, 0x00000000a4800000| 21%| O|  |TAMS 0x00000000a4700000, 0x00000000a4700000| Untracked 
|   2|0x00000000a4800000, 0x00000000a4900000, 0x00000000a4900000|100%|HS|  |TAMS 0x00000000a4800000, 0x00000000a4800000| Complete 
|   3|0x00000000a4900000, 0x00000000a4900000, 0x00000000a4a00000|  0%| F|  |TAMS 0x00000000a4900000, 0x00000000a4900000| Untracked 
|   4|0x00000000a4a00000, 0x00000000a4a00000, 0x00000000a4b00000|  0%| F|  |TAMS 0x00000000a4a00000, 0x00000000a4a00000| Untracked 
|   5|0x00000000a4b00000, 0x00000000a4b00000, 0x00000000a4c00000|  0%| F|  |TAMS 0x00000000a4b00000, 0x00000000a4b00000| Untracked 
|   6|0x00000000a4c00000, 0x00000000a4c00000, 0x00000000a4d00000|  0%| F|  |TAMS 0x00000000a4c00000, 0x00000000a4c00000| Untracked 
|   7|0x00000000a4d00000, 0x00000000a4d00000, 0x00000000a4e00000|  0%| F|  |TAMS 0x00000000a4d00000, 0x00000000a4d00000| Untracked 
|   8|0x00000000a4e00000, 0x00000000a4e00000, 0x00000000a4f00000|  0%| F|  |TAMS 0x00000000a4e00000, 0x00000000a4e00000| Untracked 
|   9|0x00000000a4f00000, 0x00000000a4f00000, 0x00000000a5000000|  0%| F|  |TAMS 0x00000000a4f00000, 0x00000000a4f00000| Untracked 
|  10|0x00000000a5000000, 0x00000000a5000000, 0x00000000a5100000|  0%| F|  |TAMS 0x00000000a5000000, 0x00000000a5000000| Untracked 
|  11|0x00000000a5100000, 0x00000000a5100000, 0x00000000a5200000|  0%| F|  |TAMS 0x00000000a5100000, 0x00000000a5100000| Untracked 
|  12|0x00000000a5200000, 0x00000000a5200000, 0x00000000a5300000|  0%| F|  |TAMS 0x00000000a5200000, 0x00000000a5200000| Untracked 
|  13|0x00000000a5300000, 0x00000000a5300000, 0x00000000a5400000|  0%| F|  |TAMS 0x00000000a5300000, 0x00000000a5300000| Untracked 
|  14|0x00000000a5400000, 0x00000000a5400000, 0x00000000a5500000|  0%| F|  |TAMS 0x00000000a5400000, 0x00000000a5400000| Untracked 
|  15|0x00000000a5500000, 0x00000000a5500000, 0x00000000a5600000|  0%| F|  |TAMS 0x00000000a5500000, 0x00000000a5500000| Untracked 
|  16|0x00000000a5600000, 0x00000000a5600000, 0x00000000a5700000|  0%| F|  |TAMS 0x00000000a5600000, 0x00000000a5600000| Untracked 
|  17|0x00000000a5700000, 0x00000000a5700000, 0x00000000a5800000|  0%| F|  |TAMS 0x00000000a5700000, 0x00000000a5700000| Untracked 
|  18|0x00000000a5800000, 0x00000000a5800000, 0x00000000a5900000|  0%| F|  |TAMS 0x00000000a5800000, 0x00000000a5800000| Untracked 
|  19|0x00000000a5900000, 0x00000000a5900000, 0x00000000a5a00000|  0%| F|  |TAMS 0x00000000a5900000, 0x00000000a5900000| Untracked 
|  20|0x00000000a5a00000, 0x00000000a5a00000, 0x00000000a5b00000|  0%| F|  |TAMS 0x00000000a5a00000, 0x00000000a5a00000| Untracked 
|  21|0x00000000a5b00000, 0x00000000a5b00000, 0x00000000a5c00000|  0%| F|  |TAMS 0x00000000a5b00000, 0x00000000a5b00000| Untracked 
|  22|0x00000000a5c00000, 0x00000000a5c00000, 0x00000000a5d00000|  0%| F|  |TAMS 0x00000000a5c00000, 0x00000000a5c00000| Untracked 
|  23|0x00000000a5d00000, 0x00000000a5d00000, 0x00000000a5e00000|  0%| F|  |TAMS 0x00000000a5d00000, 0x00000000a5d00000| Untracked 
|  24|0x00000000a5e00000, 0x00000000a5e00000, 0x00000000a5f00000|  0%| F|  |TAMS 0x00000000a5e00000, 0x00000000a5e00000| Untracked 
|  25|0x00000000a5f00000, 0x00000000a5f00000, 0x00000000a6000000|  0%| F|  |TAMS 0x00000000a5f00000, 0x00000000a5f00000| Untracked 
|  26|0x00000000a6000000, 0x00000000a6000000, 0x00000000a6100000|  0%| F|  |TAMS 0x00000000a6000000, 0x00000000a6000000| Untracked 
|  27|0x00000000a6100000, 0x00000000a6100000, 0x00000000a6200000|  0%| F|  |TAMS 0x00000000a6100000, 0x00000000a6100000| Untracked 
|  28|0x00000000a6200000, 0x00000000a6200000, 0x00000000a6300000|  0%| F|  |TAMS 0x00000000a6200000, 0x00000000a6200000| Untracked 
|  29|0x00000000a6300000, 0x00000000a6300000, 0x00000000a6400000|  0%| F|  |TAMS 0x00000000a6300000, 0x00000000a6300000| Untracked 
|  30|0x00000000a6400000, 0x00000000a6400000, 0x00000000a6500000|  0%| F|  |TAMS 0x00000000a6400000, 0x00000000a6400000| Untracked 
|  31|0x00000000a6500000, 0x00000000a6500000, 0x00000000a6600000|  0%| F|  |TAMS 0x00000000a6500000, 0x00000000a6500000| Untracked 
|  32|0x00000000a6600000, 0x00000000a6600000, 0x00000000a6700000|  0%| F|  |TAMS 0x00000000a6600000, 0x00000000a6600000| Untracked 
|  33|0x00000000a6700000, 0x00000000a6700000, 0x00000000a6800000|  0%| F|  |TAMS 0x00000000a6700000, 0x00000000a6700000| Untracked 
|  34|0x00000000a6800000, 0x00000000a6800000, 0x00000000a6900000|  0%| F|  |TAMS 0x00000000a6800000, 0x00000000a6800000| Untracked 
|  35|0x00000000a6900000, 0x00000000a6900000, 0x00000000a6a00000|  0%| F|  |TAMS 0x00000000a6900000, 0x00000000a6900000| Untracked 
|  36|0x00000000a6a00000, 0x00000000a6a00000, 0x00000000a6b00000|  0%| F|  |TAMS 0x00000000a6a00000, 0x00000000a6a00000| Untracked 
|  37|0x00000000a6b00000, 0x00000000a6b00000, 0x00000000a6c00000|  0%| F|  |TAMS 0x00000000a6b00000, 0x00000000a6b00000| Untracked 
|  38|0x00000000a6c00000, 0x00000000a6c00000, 0x00000000a6d00000|  0%| F|  |TAMS 0x00000000a6c00000, 0x00000000a6c00000| Untracked 
|  39|0x00000000a6d00000, 0x00000000a6d00000, 0x00000000a6e00000|  0%| F|  |TAMS 0x00000000a6d00000, 0x00000000a6d00000| Untracked 
|  40|0x00000000a6e00000, 0x00000000a6e00000, 0x00000000a6f00000|  0%| F|  |TAMS 0x00000000a6e00000, 0x00000000a6e00000| Untracked 
|  41|0x00000000a6f00000, 0x00000000a6f00000, 0x00000000a7000000|  0%| F|  |TAMS 0x00000000a6f00000, 0x00000000a6f00000| Untracked 
|  42|0x00000000a7000000, 0x00000000a7000000, 0x00000000a7100000|  0%| F|  |TAMS 0x00000000a7000000, 0x00000000a7000000| Untracked 
|  43|0x00000000a7100000, 0x00000000a7180800, 0x00000000a7200000| 50%| E|  |TAMS 0x00000000a7100000, 0x00000000a7100000| Complete 
|  44|0x00000000a7200000, 0x00000000a7300000, 0x00000000a7300000|100%| E|CS|TAMS 0x00000000a7200000, 0x00000000a7200000| Complete 
|  45|0x00000000a7300000, 0x00000000a7400000, 0x00000000a7400000|100%| E|CS|TAMS 0x00000000a7300000, 0x00000000a7300000| Complete 
|  46|0x00000000a7400000, 0x00000000a7500000, 0x00000000a7500000|100%| E|CS|TAMS 0x00000000a7400000, 0x00000000a7400000| Complete 
|  47|0x00000000a7500000, 0x00000000a7600000, 0x00000000a7600000|100%| E|CS|TAMS 0x00000000a7500000, 0x00000000a7500000| Complete 
|  48|0x00000000a7600000, 0x00000000a7700000, 0x00000000a7700000|100%| E|CS|TAMS 0x00000000a7600000, 0x00000000a7600000| Complete 
|  49|0x00000000a7700000, 0x00000000a7800000, 0x00000000a7800000|100%| E|CS|TAMS 0x00000000a7700000, 0x00000000a7700000| Complete 
|  50|0x00000000a7800000, 0x00000000a7900000, 0x00000000a7900000|100%| E|CS|TAMS 0x00000000a7800000, 0x00000000a7800000| Complete 
|  51|0x00000000a7900000, 0x00000000a7a00000, 0x00000000a7a00000|100%| E|CS|TAMS 0x00000000a7900000, 0x00000000a7900000| Complete 
|  52|0x00000000a7a00000, 0x00000000a7b00000, 0x00000000a7b00000|100%| E|CS|TAMS 0x00000000a7a00000, 0x00000000a7a00000| Complete 
|  53|0x00000000a7b00000, 0x00000000a7c00000, 0x00000000a7c00000|100%| E|CS|TAMS 0x00000000a7b00000, 0x00000000a7b00000| Complete 
|  54|0x00000000a7c00000, 0x00000000a7d00000, 0x00000000a7d00000|100%| E|CS|TAMS 0x00000000a7c00000, 0x00000000a7c00000| Complete 
|  55|0x00000000a7d00000, 0x00000000a7e00000, 0x00000000a7e00000|100%| E|CS|TAMS 0x00000000a7d00000, 0x00000000a7d00000| Complete 
|  56|0x00000000a7e00000, 0x00000000a7f00000, 0x00000000a7f00000|100%| E|CS|TAMS 0x00000000a7e00000, 0x00000000a7e00000| Complete 
|  57|0x00000000a7f00000, 0x00000000a8000000, 0x00000000a8000000|100%| E|CS|TAMS 0x00000000a7f00000, 0x00000000a7f00000| Complete 
|  58|0x00000000a8000000, 0x00000000a8100000, 0x00000000a8100000|100%| E|CS|TAMS 0x00000000a8000000, 0x00000000a8000000| Complete 
|  59|0x00000000a8100000, 0x00000000a8200000, 0x00000000a8200000|100%| E|CS|TAMS 0x00000000a8100000, 0x00000000a8100000| Complete 
|  60|0x00000000a8200000, 0x00000000a8300000, 0x00000000a8300000|100%| E|CS|TAMS 0x00000000a8200000, 0x00000000a8200000| Complete 
|  61|0x00000000a8300000, 0x00000000a8400000, 0x00000000a8400000|100%| E|CS|TAMS 0x00000000a8300000, 0x00000000a8300000| Complete 
|  62|0x00000000a8400000, 0x00000000a8500000, 0x00000000a8500000|100%| E|CS|TAMS 0x00000000a8400000, 0x00000000a8400000| Complete 
|  63|0x00000000a8500000, 0x00000000a8600000, 0x00000000a8600000|100%| E|CS|TAMS 0x00000000a8500000, 0x00000000a8500000| Complete 
|  64|0x00000000a8600000, 0x00000000a8700000, 0x00000000a8700000|100%| E|CS|TAMS 0x00000000a8600000, 0x00000000a8600000| Complete 
|  65|0x00000000a8700000, 0x00000000a8800000, 0x00000000a8800000|100%| E|CS|TAMS 0x00000000a8700000, 0x00000000a8700000| Complete 
|  66|0x00000000a8800000, 0x00000000a8900000, 0x00000000a8900000|100%| E|CS|TAMS 0x00000000a8800000, 0x00000000a8800000| Complete 
|  67|0x00000000a8900000, 0x00000000a8a00000, 0x00000000a8a00000|100%| E|CS|TAMS 0x00000000a8900000, 0x00000000a8900000| Complete 
|  68|0x00000000a8a00000, 0x00000000a8b00000, 0x00000000a8b00000|100%| E|CS|TAMS 0x00000000a8a00000, 0x00000000a8a00000| Complete 
|  69|0x00000000a8b00000, 0x00000000a8c00000, 0x00000000a8c00000|100%| E|CS|TAMS 0x00000000a8b00000, 0x00000000a8b00000| Complete 
|  70|0x00000000a8c00000, 0x00000000a8d00000, 0x00000000a8d00000|100%| E|CS|TAMS 0x00000000a8c00000, 0x00000000a8c00000| Complete 
|  71|0x00000000a8d00000, 0x00000000a8e00000, 0x00000000a8e00000|100%| E|CS|TAMS 0x00000000a8d00000, 0x00000000a8d00000| Complete 
|  72|0x00000000a8e00000, 0x00000000a8f00000, 0x00000000a8f00000|100%| E|CS|TAMS 0x00000000a8e00000, 0x00000000a8e00000| Complete 
|  73|0x00000000a8f00000, 0x00000000a9000000, 0x00000000a9000000|100%| E|CS|TAMS 0x00000000a8f00000, 0x00000000a8f00000| Complete 
|  74|0x00000000a9000000, 0x00000000a9100000, 0x00000000a9100000|100%| E|CS|TAMS 0x00000000a9000000, 0x00000000a9000000| Complete 
|  75|0x00000000a9100000, 0x00000000a9200000, 0x00000000a9200000|100%| E|CS|TAMS 0x00000000a9100000, 0x00000000a9100000| Complete 
|  76|0x00000000a9200000, 0x00000000a9300000, 0x00000000a9300000|100%| E|CS|TAMS 0x00000000a9200000, 0x00000000a9200000| Complete 
|  77|0x00000000a9300000, 0x00000000a9400000, 0x00000000a9400000|100%| E|CS|TAMS 0x00000000a9300000, 0x00000000a9300000| Complete 
|  78|0x00000000a9400000, 0x00000000a9500000, 0x00000000a9500000|100%| E|CS|TAMS 0x00000000a9400000, 0x00000000a9400000| Complete 
|  79|0x00000000a9500000, 0x00000000a9600000, 0x00000000a9600000|100%| E|CS|TAMS 0x00000000a9500000, 0x00000000a9500000| Complete 
|  80|0x00000000a9600000, 0x00000000a9700000, 0x00000000a9700000|100%| E|CS|TAMS 0x00000000a9600000, 0x00000000a9600000| Complete 
|  81|0x00000000a9700000, 0x00000000a9800000, 0x00000000a9800000|100%| E|CS|TAMS 0x00000000a9700000, 0x00000000a9700000| Complete 
|  82|0x00000000a9800000, 0x00000000a9900000, 0x00000000a9900000|100%| E|CS|TAMS 0x00000000a9800000, 0x00000000a9800000| Complete 
|  83|0x00000000a9900000, 0x00000000a9a00000, 0x00000000a9a00000|100%| E|CS|TAMS 0x00000000a9900000, 0x00000000a9900000| Complete 
|  84|0x00000000a9a00000, 0x00000000a9b00000, 0x00000000a9b00000|100%| S|CS|TAMS 0x00000000a9a00000, 0x00000000a9a00000| Complete 
|  85|0x00000000a9b00000, 0x00000000a9c00000, 0x00000000a9c00000|100%| E|CS|TAMS 0x00000000a9b00000, 0x00000000a9b00000| Complete 
|  86|0x00000000a9c00000, 0x00000000a9d00000, 0x00000000a9d00000|100%| E|CS|TAMS 0x00000000a9c00000, 0x00000000a9c00000| Complete 
|  87|0x00000000a9d00000, 0x00000000a9e00000, 0x00000000a9e00000|100%| E|CS|TAMS 0x00000000a9d00000, 0x00000000a9d00000| Complete 
|  88|0x00000000a9e00000, 0x00000000a9f00000, 0x00000000a9f00000|100%| E|CS|TAMS 0x00000000a9e00000, 0x00000000a9e00000| Complete 
|  89|0x00000000a9f00000, 0x00000000aa000000, 0x00000000aa000000|100%| E|CS|TAMS 0x00000000a9f00000, 0x00000000a9f00000| Complete 
|  90|0x00000000aa000000, 0x00000000aa100000, 0x00000000aa100000|100%| E|  |TAMS 0x00000000aa000000, 0x00000000aa000000| Complete 
|  91|0x00000000aa100000, 0x00000000aa200000, 0x00000000aa200000|100%| E|CS|TAMS 0x00000000aa100000, 0x00000000aa100000| Complete 
|1464|0x00000000ffe00000, 0x00000000ffe48000, 0x00000000fff00000| 28%|OA|  |TAMS 0x00000000ffe00000, 0x00000000ffe00000| Untracked 
|1465|0x00000000fff00000, 0x00000000fff6c000, 0x0000000100000000| 42%|CA|  |TAMS 0x00000000fff00000, 0x00000000fff00000| Untracked 

Card table byte_map: [0x00007f8c8b490000,0x00007f8c8b76d000] _byte_map_base: 0x00007f8c8af6d000

Marking Bits (Prev, Next): (CMBitMap*) 0x00007f8c8404eaf8, (CMBitMap*) 0x00007f8c8404eb30
 Prev Bits: [0x00007f8c89acb000, 0x00007f8c8b1b3000)
 Next Bits: [0x00007f8c883e3000, 0x00007f8c89acb000)

Polling page: 0x00007f8c8bf5f000

Metaspace:

Usage:
  Non-class:     13.32 MB capacity,    12.65 MB ( 95%) used,   667.11 KB (  5%) free+waste,    27.19 KB ( <1%) overhead. 
      Class:      1.80 MB capacity,     1.66 MB ( 92%) used,   126.66 KB (  7%) free+waste,    13.50 KB ( <1%) overhead. 
       Both:     15.12 MB capacity,    14.31 MB ( 95%) used,   793.77 KB (  5%) free+waste,    40.69 KB ( <1%) overhead. 

Virtual space:
  Non-class space:       14.00 MB reserved,      13.50 MB ( 96%) committed 
      Class space:        1.00 GB reserved,       1.88 MB ( <1%) committed 
             Both:        1.01 GB reserved,      15.38 MB (  1%) committed 

Chunk freelists:
   Non-Class:  28.00 KB
       Class:  13.00 KB
        Both:  41.00 KB

MaxMetaspaceSize: unlimited
CompressedClassSpaceSize: 1.00 GB
Initial GC threshold: 20.80 MB
Current GC threshold: 20.80 MB
CDS: on

CodeHeap 'non-profiled nmethods': size=120036Kb used=650Kb max_used=650Kb free=119386Kb
 bounds [0x00007f8c742b8000, 0x00007f8c74528000, 0x00007f8c7b7f1000]
CodeHeap 'profiled nmethods': size=120032Kb used=3150Kb max_used=3150Kb free=116881Kb
 bounds [0x00007f8c6cd80000, 0x00007f8c6d0a0000, 0x00007f8c742b8000]
CodeHeap 'non-nmethods': size=5692Kb used=1202Kb max_used=1214Kb free=4489Kb
 bounds [0x00007f8c6c7f1000, 0x00007f8c6ca61000, 0x00007f8c6cd80000]
 total_blobs=2224 nmethods=1760 adapters=377
 compilation: enabled
              stopped_count=0, restarted_count=0
 full_count=0

Compilation events (20 events):
Event: 12.572 Thread 0x00007f8c840ed000 nmethod 1758 0x00007f8c6d08e710 code [0x00007f8c6d08e900, 0x00007f8c6d08ed40]
Event: 12.572 Thread 0x00007f8c840ed000 1753       3       org.apache.jena.enhanced.EnhNode::isURIResource (8 bytes)
Event: 12.572 Thread 0x00007f8c840ed000 nmethod 1753 0x00007f8c6d08ee90 code [0x00007f8c6d08f040, 0x00007f8c6d08f220]
Event: 12.572 Thread 0x00007f8c840eb000 1760       4       org.apache.jena.ext.com.google.common.base.Preconditions::checkNotNull (14 bytes)
Event: 12.573 Thread 0x00007f8c840eb000 nmethod 1760 0x00007f8c74356f10 code [0x00007f8c743570a0, 0x00007f8c743570f8]
Event: 12.573 Thread 0x00007f8c840ed000 1754       3       org.apache.jena.rdf.model.impl.ResourceImpl::getModel (8 bytes)
Event: 12.573 Thread 0x00007f8c840ed000 nmethod 1754 0x00007f8c6d08f310 code [0x00007f8c6d08f4c0, 0x00007f8c6d08f790]
Event: 12.573 Thread 0x00007f8c840ed000 1757       3       kotlin.jvm.internal.Intrinsics::checkNotNull (8 bytes)
Event: 12.574 Thread 0x00007f8c840ed000 nmethod 1757 0x00007f8c6d08f890 code [0x00007f8c6d08faa0, 0x00007f8c6d08ff60]
Event: 12.574 Thread 0x00007f8c840ed000 1761       3       org.apache.jena.mem.ArrayBunch::contains (29 bytes)
Event: 12.576 Thread 0x00007f8c840ed000 nmethod 1761 0x00007f8c6d090110 code [0x00007f8c6d090300, 0x00007f8c6d0907c0]
Event: 12.576 Thread 0x00007f8c840ed000 1759       3       org.apache.jena.mem.HashedTripleBunch::add (47 bytes)
Event: 12.579 Thread 0x00007f8c840ed000 nmethod 1759 0x00007f8c6d090990 code [0x00007f8c6d090b80, 0x00007f8c6d091030]
Event: 12.579 Thread 0x00007f8c840ed000 1696       1       org.apache.jena.mem.HashedTripleBunch::size (5 bytes)
Event: 12.579 Thread 0x00007f8c840ed000 nmethod 1696 0x00007f8c74357210 code [0x00007f8c743573c0, 0x00007f8c74357490]
Event: 12.579 Thread 0x00007f8c840ed000 1681       1       org.apache.jena.graph.Triple::access$200 (5 bytes)
Event: 12.579 Thread 0x00007f8c840ed000 nmethod 1681 0x00007f8c74357510 code [0x00007f8c743576c0, 0x00007f8c74357750]
Event: 12.579 Thread 0x00007f8c840ed000 1682       1       org.apache.jena.graph.Triple::access$100 (5 bytes)
Event: 12.579 Thread 0x00007f8c840ed000 nmethod 1682 0x00007f8c74357810 code [0x00007f8c743579c0, 0x00007f8c74357a50]
Event: 12.579 Thread 0x00007f8c840eb000 1764       4       org.apache.jena.mem.HashCommon::findSlot (48 bytes)

GC Heap History (2 events):
Event: 0.882 GC heap before
{Heap before GC invocations=0 (full 0):
 garbage-first heap   total 96256K, used 6864K [0x00000000a4600000, 0x0000000100000000)
  region size 1024K, 7 young (7168K), 0 survivors (0K)
 Metaspace       used 1371K, capacity 5432K, committed 5632K, reserved 1056768K
  class space    used 124K, capacity 488K, committed 512K, reserved 1048576K
}
Event: 0.907 GC heap after
{Heap after GC invocations=1 (full 0):
 garbage-first heap   total 96256K, used 2986K [0x00000000a4600000, 0x0000000100000000)
  region size 1024K, 1 young (1024K), 1 survivors (1024K)
 Metaspace       used 1371K, capacity 5432K, committed 5632K, reserved 1056768K
  class space    used 124K, capacity 488K, committed 512K, reserved 1048576K
}

Deoptimization events (20 events):
Event: 4.146 Thread 0x00007f8c84018000 Uncommon trap: trap_request=0xffffff4d fr.pc=0x00007f8c742f8d1c relative=0x00000000000000fc
Event: 4.146 Thread 0x00007f8c84018000 Uncommon trap: reason=unstable_if action=reinterpret pc=0x00007f8c742f8d1c method=java.lang.Integer.getChars(II[B)I @ 25 c2
Event: 4.146 Thread 0x00007f8c84018000 DEOPT PACKING pc=0x00007f8c742f8d1c sp=0x00007f8c8c097120
Event: 4.146 Thread 0x00007f8c84018000 DEOPT UNPACKING pc=0x00007f8c6c7f92a5 sp=0x00007f8c8c0970b0 mode 2
Event: 12.458 Thread 0x00007f8c84018000 Uncommon trap: trap_request=0xffffffde fr.pc=0x00007f8c742e8ae8 relative=0x00000000000001c8
Event: 12.458 Thread 0x00007f8c84018000 Uncommon trap: reason=class_check action=maybe_recompile pc=0x00007f8c742e8ae8 method=java.lang.String.equals(Ljava/lang/Object;)Z @ 8 c2
Event: 12.458 Thread 0x00007f8c84018000 DEOPT PACKING pc=0x00007f8c742e8ae8 sp=0x00007f8c8c0981f0
Event: 12.458 Thread 0x00007f8c84018000 DEOPT UNPACKING pc=0x00007f8c6c7f92a5 sp=0x00007f8c8c0981a8 mode 2
Event: 12.458 Thread 0x00007f8c84018000 Uncommon trap: trap_request=0xffffffde fr.pc=0x00007f8c742e8ae8 relative=0x00000000000001c8
Event: 12.458 Thread 0x00007f8c84018000 Uncommon trap: reason=class_check action=maybe_recompile pc=0x00007f8c742e8ae8 method=java.lang.String.equals(Ljava/lang/Object;)Z @ 8 c2
Event: 12.458 Thread 0x00007f8c84018000 DEOPT PACKING pc=0x00007f8c742e8ae8 sp=0x00007f8c8c0981e0
Event: 12.458 Thread 0x00007f8c84018000 DEOPT UNPACKING pc=0x00007f8c6c7f92a5 sp=0x00007f8c8c098198 mode 2
Event: 12.460 Thread 0x00007f8c84018000 Uncommon trap: trap_request=0xffffffde fr.pc=0x00007f8c742e8ae8 relative=0x00000000000001c8
Event: 12.460 Thread 0x00007f8c84018000 Uncommon trap: reason=class_check action=maybe_recompile pc=0x00007f8c742e8ae8 method=java.lang.String.equals(Ljava/lang/Object;)Z @ 8 c2
Event: 12.460 Thread 0x00007f8c84018000 DEOPT PACKING pc=0x00007f8c742e8ae8 sp=0x00007f8c8c098280
Event: 12.460 Thread 0x00007f8c84018000 DEOPT UNPACKING pc=0x00007f8c6c7f92a5 sp=0x00007f8c8c098238 mode 2
Event: 12.460 Thread 0x00007f8c84018000 Uncommon trap: trap_request=0xffffffde fr.pc=0x00007f8c742e8ae8 relative=0x00000000000001c8
Event: 12.460 Thread 0x00007f8c84018000 Uncommon trap: reason=class_check action=maybe_recompile pc=0x00007f8c742e8ae8 method=java.lang.String.equals(Ljava/lang/Object;)Z @ 8 c2
Event: 12.460 Thread 0x00007f8c84018000 DEOPT PACKING pc=0x00007f8c742e8ae8 sp=0x00007f8c8c098280
Event: 12.460 Thread 0x00007f8c84018000 DEOPT UNPACKING pc=0x00007f8c6c7f92a5 sp=0x00007f8c8c098238 mode 2

Classes redefined (0 events):
No events

Internal exceptions (20 events):
Event: 0.249 Thread 0x00007f8c84018000 Exception <a 'java/security/PrivilegedActionException'{0x00000000aa1afef0}> (0x00000000aa1afef0) thrown at [src/hotspot/share/prims/jvm.cpp, line 1304]
Event: 0.249 Thread 0x00007f8c84018000 Exception <a 'java/security/PrivilegedActionException'{0x00000000aa1b01c0}> (0x00000000aa1b01c0) thrown at [src/hotspot/share/prims/jvm.cpp, line 1304]
Event: 1.301 Thread 0x00007f8c84018000 Exception <a 'java/lang/NoSuchMethodError'{0x00000000a9dcb538}: 'java.lang.Object java.lang.invoke.Invokers$Holder.linkToTargetMethod(java.lang.Object, int, java.lang.Object)'> (0x00000000a9dcb538) thrown at [src/hotspot/share/interpreter/linkResolver.cpp, line 772]
Event: 1.373 Thread 0x00007f8c84018000 Exception <a 'java/lang/NoSuchMethodError'{0x00000000a9cef898}: 'int java.lang.invoke.DirectMethodHandle$Holder.invokeStaticInit(java.lang.Object, java.lang.Object, java.lang.Object)'> (0x00000000a9cef898) thrown at [src/hotspot/share/interpreter/linkResolver.cpp, line 772]
Event: 1.548 Thread 0x00007f8c84018000 Exception <a 'java/lang/NoClassDefFoundError'{0x00000000a9bd69f0}: org/slf4j/impl/StaticLoggerBinder> (0x00000000a9bd69f0) thrown at [src/hotspot/share/classfile/systemDictionary.cpp, line 219]
Event: 1.977 Thread 0x00007f8c84018000 Exception <a 'java/lang/NoSuchMethodError'{0x00000000a95be898}: 'int java.lang.invoke.DirectMethodHandle$Holder.invokeStaticInit(java.lang.Object, java.lang.Object)'> (0x00000000a95be898) thrown at [src/hotspot/share/interpreter/linkResolver.cpp, line 772]
Event: 2.498 Thread 0x00007f8c84018000 Exception <a 'java/lang/NoSuchMethodError'{0x00000000a8e48ac8}: 'int java.lang.invoke.DirectMethodHandle$Holder.invokeSpecialIFC(java.lang.Object, java.lang.Object, int)'> (0x00000000a8e48ac8) thrown at [src/hotspot/share/interpreter/linkResolver.cpp, line 772]
Event: 2.854 Thread 0x00007f8c84018000 Exception <a 'java/lang/NoSuchMethodError'{0x00000000a84e5ad0}: 'java.lang.Object java.lang.invoke.DirectMethodHandle$Holder.invokeStaticInit(java.lang.Object, java.lang.Object, java.lang.Object, java.lang.Object)'> (0x00000000a84e5ad0) thrown at [src/hotspot/share/interpreter/linkResolver.cpp, line 772]
Event: 2.859 Thread 0x00007f8c84018000 Exception <a 'java/lang/NoSuchMethodError'{0x00000000a8313030}: 'java.lang.Object java.lang.invoke.DirectMethodHandle$Holder.invokeStaticInit(java.lang.Object, java.lang.Object, int, java.lang.Object, java.lang.Object)'> (0x00000000a8313030) thrown at [src/hotspot/share/interpreter/linkResolver.cpp, line 772]
Event: 3.600 Thread 0x00007f8c84018000 Exception <a 'java/lang/NoSuchMethodError'{0x00000000a81f7480}: 'java.lang.Object java.lang.invoke.DirectMethodHandle$Holder.invokeStatic(java.lang.Object, java.lang.Object, java.lang.Object, java.lang.Object, java.lang.Object, java.lang.Object, java.lang.Object, java.lang.Object, java.lang.Object, java.lang.Object, java.lang.Object, java.lang.Object, java.lang.Object, java.lang.Object, java.lang.Object)'> (0x00000000a81f7480) thrown at [src/hotspot/share/interpreter/linkResolver.cpp, line 772]
Event: 3.604 Thread 0x00007f8c84018000 Exception <a 'java/lang/NoSuchMethodError'{0x00000000a8005710}: 'java.lang.Object java.lang.invoke.DirectMethodHandle$Holder.invokeStatic(java.lang.Object, java.lang.Object, java.lang.Object, java.lang.Object, java.lang.Object, java.lang.Object, java.lang.Object, java.lang.Object, java.lang.Object, java.lang.Object, java.lang.Object, java.lang.Object, java.lang.Object, java.lang.Object, java.lang.Object, java.lang.Object)'> (0x00000000a8005710) thrown at [src/hotspot/share/interpreter/linkResolver.cpp, lin
Event: 3.606 Thread 0x00007f8c84018000 Exception <a 'java/lang/NoSuchMethodError'{0x00000000a8013380}: 'java.lang.Object java.lang.invoke.DirectMethodHandle$Holder.invokeSpecial(java.lang.Object, java.lang.Object, int, int, java.lang.Object, java.lang.Object, java.lang.Object)'> (0x00000000a8013380) thrown at [src/hotspot/share/interpreter/linkResolver.cpp, line 772]
Event: 3.607 Thread 0x00007f8c84018000 Exception <a 'java/lang/NoSuchMethodError'{0x00000000a8016910}: 'java.lang.Object java.lang.invoke.DelegatingMethodHandle$Holder.reinvoke_L(java.lang.Object, int, int, java.lang.Object, java.lang.Object, java.lang.Object)'> (0x00000000a8016910) thrown at [src/hotspot/share/interpreter/linkResolver.cpp, line 772]
Event: 3.614 Thread 0x00007f8c84018000 Exception <a 'java/lang/NoSuchMethodError'{0x00000000a801ab98}: 'java.lang.Object java.lang.invoke.DirectMethodHandle$Holder.invokeStatic(java.lang.Object, java.lang.Object, java.lang.Object, java.lang.Object, int)'> (0x00000000a801ab98) thrown at [src/hotspot/share/interpreter/linkResolver.cpp, line 772]
Event: 4.137 Thread 0x00007f8c84018000 Exception <a 'java/lang/NoSuchMethodError'{0x00000000a7a5fdd0}: 'void java.lang.invoke.DirectMethodHandle$Holder.invokeStaticInit(java.lang.Object)'> (0x00000000a7a5fdd0) thrown at [src/hotspot/share/interpreter/linkResolver.cpp, line 772]
Event: 4.203 Thread 0x00007f8c84018000 Exception <a 'java/lang/NoSuchMethodError'{0x00000000a799d808}: 'java.lang.Object java.lang.invoke.DirectMethodHandle$Holder.invokeVirtual(java.lang.Object, java.lang.Object, int, int)'> (0x00000000a799d808) thrown at [src/hotspot/share/interpreter/linkResolver.cpp, line 772]
Event: 12.275 Thread 0x00007f8c84018000 Exception <a 'java/lang/NoSuchMethodError'{0x00000000a7523148}: 'java.lang.Object java.lang.invoke.DirectMethodHandle$Holder.invokeStatic(java.lang.Object, java.lang.Object, java.lang.Object, java.lang.Object, java.lang.Object, java.lang.Object, java.lang.Object, java.lang.Object, java.lang.Object, java.lang.Object, java.lang.Object, int)'> (0x00000000a7523148) thrown at [src/hotspot/share/interpreter/linkResolver.cpp, line 772]
Event: 12.279 Thread 0x00007f8c84018000 Exception <a 'java/lang/NoSuchMethodError'{0x00000000a75412c8}: 'java.lang.Object java.lang.invoke.DirectMethodHandle$Holder.invokeStatic(java.lang.Object, java.lang.Object, java.lang.Object, java.lang.Object, java.lang.Object, java.lang.Object, java.lang.Object, java.lang.Object, java.lang.Object, java.lang.Object, java.lang.Object, int, int)'> (0x00000000a75412c8) thrown at [src/hotspot/share/interpreter/linkResolver.cpp, line 772]
Event: 12.283 Thread 0x00007f8c84018000 Exception <a 'java/lang/NoSuchMethodError'{0x00000000a7560238}: 'java.lang.Object java.lang.invoke.DirectMethodHandle$Holder.invokeStatic(java.lang.Object, java.lang.Object, java.lang.Object, java.lang.Object, java.lang.Object, java.lang.Object, java.lang.Object, java.lang.Object, java.lang.Object, java.lang.Object, java.lang.Object, int, int, java.lang.Object)'> (0x00000000a7560238) thrown at [src/hotspot/share/interpreter/linkResolver.cpp, line 772]
Event: 12.290 Thread 0x00007f8c84018000 Exception <a 'java/lang/NoSuchMethodError'{0x00000000a7580950}: 'java.lang.Object java.lang.invoke.DirectMethodHandle$Holder.invokeStatic(java.lang.Object, java.lang.Object, java.lang.Object, java.lang.Object, java.lang.Object, java.lang.Object, java.lang.Object, java.lang.Object, java.lang.Object, java.lang.Object, java.lang.Object, int, int, java.lang.Object, java.lang.Object)'> (0x00000000a7580950) thrown at [src/hotspot/share/interpreter/linkResolver.cpp, line 772]

Events (20 events):
Event: 12.410 loading class org/apache/jena/riot/tokens/Token$1
Event: 12.410 loading class org/apache/jena/riot/tokens/Token$1 done
Event: 12.411 loading class org/apache/jena/riot/tokens/StringType
Event: 12.411 loading class org/apache/jena/riot/tokens/StringType done
Event: 12.411 loading class org/apache/jena/riot/system/ParserProfileStd$1
Event: 12.411 loading class org/apache/jena/riot/system/ParserProfileStd$1 done
Event: 12.412 loading class org/apache/jena/graph/Node
Event: 12.412 loading class org/apache/jena/graph/Node done
Event: 12.412 loading class org/apache/jena/graph/Node
Event: 12.412 loading class org/apache/jena/graph/Node done
Event: 12.435 loading class org/apache/commons/codec/digest/MurmurHash3
Event: 12.435 loading class org/apache/commons/codec/digest/MurmurHash3 done
Event: 12.438 loading class org/apache/jena/graph/BlankNodeId
Event: 12.438 loading class org/apache/jena/graph/BlankNodeId done
Event: 12.453 loading class org/apache/jena/rdf/model/impl/StatementImpl
Event: 12.453 loading class org/apache/jena/rdf/model/impl/StatementImpl done
Event: 12.453 loading class org/apache/jena/rdf/model/impl/StatementBase
Event: 12.453 loading class org/apache/jena/rdf/model/impl/StatementBase done
Event: 12.471 loading class org/javafmi/wrapper/variables/SingleRead
Event: 12.471 loading class org/javafmi/wrapper/variables/SingleRead done


Dynamic libraries:
a4600000-aa200000 rw-p 00000000 00:00 0 
aa200000-ffe00000 ---p 00000000 00:00 0 
ffe00000-ffe48000 rw-p 00b13000 08:05 3014664                            /usr/lib/jvm/java-11-openjdk-amd64/lib/server/classes.jsa
ffe48000-fff00000 rw-p 00000000 00:00 0 
fff00000-fff6c000 rw-p 00aa7000 08:05 3014664                            /usr/lib/jvm/java-11-openjdk-amd64/lib/server/classes.jsa
fff6c000-100000000 rw-p 00000000 00:00 0 
800000000-800002000 rwxp 00001000 08:05 3014664                          /usr/lib/jvm/java-11-openjdk-amd64/lib/server/classes.jsa
800002000-8003ce000 rw-p 00003000 08:05 3014664                          /usr/lib/jvm/java-11-openjdk-amd64/lib/server/classes.jsa
8003ce000-800aa5000 r--p 003cf000 08:05 3014664                          /usr/lib/jvm/java-11-openjdk-amd64/lib/server/classes.jsa
800aa5000-800aa6000 rw-p 00aa6000 08:05 3014664                          /usr/lib/jvm/java-11-openjdk-amd64/lib/server/classes.jsa
840000000-8401e0000 rw-p 00000000 00:00 0 
8401e0000-880000000 ---p 00000000 00:00 0 
55d389f7a000-55d389f7b000 r--p 00000000 08:05 2752833                    /usr/lib/jvm/java-11-openjdk-amd64/bin/java
55d389f7b000-55d389f7c000 r-xp 00001000 08:05 2752833                    /usr/lib/jvm/java-11-openjdk-amd64/bin/java
55d389f7c000-55d389f7d000 r--p 00002000 08:05 2752833                    /usr/lib/jvm/java-11-openjdk-amd64/bin/java
55d389f7d000-55d389f7e000 r--p 00002000 08:05 2752833                    /usr/lib/jvm/java-11-openjdk-amd64/bin/java
55d389f7e000-55d389f7f000 rw-p 00003000 08:05 2752833                    /usr/lib/jvm/java-11-openjdk-amd64/bin/java
55d38b51f000-55d38b540000 rw-p 00000000 00:00 0                          [heap]
7f8c2f7b8000-7f8c2f9d6000 r--p 00000000 08:05 4627651                    /tmp/fmu_24a08ab5_70bb_47b0_9c19_a4eb4bec6e60rabbit2_1_5-16_SG/binaries/linux64/rabbitmq.so
7f8c2f9d6000-7f8c2fdf1000 r-xp 0021e000 08:05 4627651                    /tmp/fmu_24a08ab5_70bb_47b0_9c19_a4eb4bec6e60rabbit2_1_5-16_SG/binaries/linux64/rabbitmq.so
7f8c2fdf1000-7f8c2ff7b000 r--p 00639000 08:05 4627651                    /tmp/fmu_24a08ab5_70bb_47b0_9c19_a4eb4bec6e60rabbit2_1_5-16_SG/binaries/linux64/rabbitmq.so
7f8c2ff7b000-7f8c2ff7c000 ---p 007c3000 08:05 4627651                    /tmp/fmu_24a08ab5_70bb_47b0_9c19_a4eb4bec6e60rabbit2_1_5-16_SG/binaries/linux64/rabbitmq.so
7f8c2ff7c000-7f8c2ffc2000 r--p 007c3000 08:05 4627651                    /tmp/fmu_24a08ab5_70bb_47b0_9c19_a4eb4bec6e60rabbit2_1_5-16_SG/binaries/linux64/rabbitmq.so
7f8c2ffc2000-7f8c2fffb000 rw-p 00809000 08:05 4627651                    /tmp/fmu_24a08ab5_70bb_47b0_9c19_a4eb4bec6e60rabbit2_1_5-16_SG/binaries/linux64/rabbitmq.so
7f8c2fffb000-7f8c30000000 rw-p 00000000 00:00 0 
7f8c30000000-7f8c30021000 rw-p 00000000 00:00 0 
7f8c30021000-7f8c34000000 ---p 00000000 00:00 0 
7f8c34000000-7f8c34021000 rw-p 00000000 00:00 0 
7f8c34021000-7f8c38000000 ---p 00000000 00:00 0 
7f8c38000000-7f8c384e3000 rw-p 00000000 00:00 0 
7f8c384e3000-7f8c3c000000 ---p 00000000 00:00 0 
7f8c3c000000-7f8c3c3e9000 rw-p 00000000 00:00 0 
7f8c3c3e9000-7f8c40000000 ---p 00000000 00:00 0 
7f8c40000000-7f8c40021000 rw-p 00000000 00:00 0 
7f8c40021000-7f8c44000000 ---p 00000000 00:00 0 
7f8c44000000-7f8c44021000 rw-p 00000000 00:00 0 
7f8c44021000-7f8c48000000 ---p 00000000 00:00 0 
7f8c48000000-7f8c48021000 rw-p 00000000 00:00 0 
7f8c48021000-7f8c4c000000 ---p 00000000 00:00 0 
7f8c4c000000-7f8c4c021000 rw-p 00000000 00:00 0 
7f8c4c021000-7f8c50000000 ---p 00000000 00:00 0 
7f8c50000000-7f8c50021000 rw-p 00000000 00:00 0 
7f8c50021000-7f8c54000000 ---p 00000000 00:00 0 
7f8c54000000-7f8c54021000 rw-p 00000000 00:00 0 
7f8c54021000-7f8c58000000 ---p 00000000 00:00 0 
7f8c58000000-7f8c58021000 rw-p 00000000 00:00 0 
7f8c58021000-7f8c5c000000 ---p 00000000 00:00 0 
7f8c5c170000-7f8c5c1c9000 r--p 00000000 08:05 4627594                    /tmp/fmu_9f814854_2d31_4c4f_9991_24c48127f217kukalbriiwa_model/binaries/linux64/unifmu.so
7f8c5c1c9000-7f8c5c335000 r-xp 00059000 08:05 4627594                    /tmp/fmu_9f814854_2d31_4c4f_9991_24c48127f217kukalbriiwa_model/binaries/linux64/unifmu.so
7f8c5c335000-7f8c5c3f1000 r--p 001c5000 08:05 4627594                    /tmp/fmu_9f814854_2d31_4c4f_9991_24c48127f217kukalbriiwa_model/binaries/linux64/unifmu.so
7f8c5c3f1000-7f8c5c3f2000 ---p 00281000 08:05 4627594                    /tmp/fmu_9f814854_2d31_4c4f_9991_24c48127f217kukalbriiwa_model/binaries/linux64/unifmu.so
7f8c5c3f2000-7f8c5c43d000 r--p 00281000 08:05 4627594                    /tmp/fmu_9f814854_2d31_4c4f_9991_24c48127f217kukalbriiwa_model/binaries/linux64/unifmu.so
7f8c5c43d000-7f8c5c43e000 rw-p 002cc000 08:05 4627594                    /tmp/fmu_9f814854_2d31_4c4f_9991_24c48127f217kukalbriiwa_model/binaries/linux64/unifmu.so
7f8c5c43e000-7f8c5c455000 r-xp 00000000 08:05 4627613                    /tmp/jna-2007796372/jna13663862310999930235.tmp (deleted)
7f8c5c455000-7f8c5c554000 ---p 00017000 08:05 4627613                    /tmp/jna-2007796372/jna13663862310999930235.tmp (deleted)
7f8c5c554000-7f8c5c556000 rw-p 00016000 08:05 4627613                    /tmp/jna-2007796372/jna13663862310999930235.tmp (deleted)
7f8c5c556000-7f8c5c6d6000 rw-p 00000000 00:00 0 
7f8c5c6d6000-7f8c5c756000 ---p 00000000 00:00 0 
7f8c5c756000-7f8c5c956000 rw-p 00000000 00:00 0 
7f8c5c956000-7f8c5cb56000 rw-p 00000000 00:00 0 
7f8c5cb56000-7f8c5cb57000 ---p 00000000 00:00 0 
7f8c5cb57000-7f8c5cc89000 rw-p 00000000 00:00 0 
7f8c5cc89000-7f8c5cc8d000 ---p 00000000 00:00 0 
7f8c5cc8d000-7f8c5cd8a000 rw-p 00000000 00:00 0 
7f8c5cd8a000-7f8c5cd8b000 ---p 00000000 00:00 0 
7f8c5cd8b000-7f8c5ce8c000 rw-p 00000000 00:00 0 
7f8c5ce8c000-7f8c5ce90000 ---p 00000000 00:00 0 
7f8c5ce90000-7f8c5cf8d000 rw-p 00000000 00:00 0 
7f8c5cf8d000-7f8c5cf91000 ---p 00000000 00:00 0 
7f8c5cf91000-7f8c5d08e000 rw-p 00000000 00:00 0 
7f8c5d08e000-7f8c5d092000 ---p 00000000 00:00 0 
7f8c5d092000-7f8c5d18f000 rw-p 00000000 00:00 0 
7f8c5d18f000-7f8c5d193000 ---p 00000000 00:00 0 
7f8c5d193000-7f8c5d290000 rw-p 00000000 00:00 0 
7f8c5d290000-7f8c5d800000 r--p 00000000 08:05 2629154                    /usr/lib/locale/locale-archive
7f8c5d800000-7f8c60000000 rw-p 00000000 00:00 0 
7f8c60000000-7f8c60021000 rw-p 00000000 00:00 0 
7f8c60021000-7f8c64000000 ---p 00000000 00:00 0 
7f8c64000000-7f8c64021000 rw-p 00000000 00:00 0 
7f8c64021000-7f8c68000000 ---p 00000000 00:00 0 
7f8c68000000-7f8c68021000 rw-p 00000000 00:00 0 
7f8c68021000-7f8c6c000000 ---p 00000000 00:00 0 
7f8c6c00b000-7f8c6c00f000 ---p 00000000 00:00 0 
7f8c6c00f000-7f8c6c10c000 rw-p 00000000 00:00 0 
7f8c6c10c000-7f8c6c110000 ---p 00000000 00:00 0 
7f8c6c110000-7f8c6c20d000 rw-p 00000000 00:00 0 
7f8c6c20d000-7f8c6c211000 ---p 00000000 00:00 0 
7f8c6c211000-7f8c6c30e000 rw-p 00000000 00:00 0 
7f8c6c30e000-7f8c6c30f000 ---p 00000000 00:00 0 
7f8c6c30f000-7f8c6c4ec000 rw-p 00000000 00:00 0 
7f8c6c4ec000-7f8c6c4ed000 ---p 00000000 00:00 0 
7f8c6c4ed000-7f8c6c5ee000 rw-p 00000000 00:00 0 
7f8c6c5ee000-7f8c6c5ef000 ---p 00000000 00:00 0 
7f8c6c5ef000-7f8c6c7f1000 rw-p 00000000 00:00 0 
7f8c6c7f1000-7f8c6ca61000 rwxp 00000000 00:00 0 
7f8c6ca61000-7f8c6cd80000 ---p 00000000 00:00 0 
7f8c6cd80000-7f8c6d0a0000 rwxp 00000000 00:00 0 
7f8c6d0a0000-7f8c742b8000 ---p 00000000 00:00 0 
7f8c742b8000-7f8c74528000 rwxp 00000000 00:00 0 
7f8c74528000-7f8c7b7f1000 ---p 00000000 00:00 0 
7f8c7b7f1000-7f8c84000000 r--s 00000000 08:05 2753624                    /usr/lib/jvm/java-11-openjdk-amd64/lib/modules
7f8c84000000-7f8c84942000 rw-p 00000000 00:00 0 
7f8c84942000-7f8c88000000 ---p 00000000 00:00 0 
7f8c88011000-7f8c88012000 r--p 00000000 08:05 3183385                    /usr/lib/x86_64-linux-gnu/gconv/UTF-16.so
7f8c88012000-7f8c88014000 r-xp 00001000 08:05 3183385                    /usr/lib/x86_64-linux-gnu/gconv/UTF-16.so
7f8c88014000-7f8c88015000 r--p 00003000 08:05 3183385                    /usr/lib/x86_64-linux-gnu/gconv/UTF-16.so
7f8c88015000-7f8c88016000 r--p 00003000 08:05 3183385                    /usr/lib/x86_64-linux-gnu/gconv/UTF-16.so
7f8c88016000-7f8c88017000 rw-p 00004000 08:05 3183385                    /usr/lib/x86_64-linux-gnu/gconv/UTF-16.so
7f8c88017000-7f8c8801b000 r--p 00000000 08:05 2753614                    /usr/lib/jvm/java-11-openjdk-amd64/lib/libnet.so
7f8c8801b000-7f8c88029000 r-xp 00004000 08:05 2753614                    /usr/lib/jvm/java-11-openjdk-amd64/lib/libnet.so
7f8c88029000-7f8c8802d000 r--p 00012000 08:05 2753614                    /usr/lib/jvm/java-11-openjdk-amd64/lib/libnet.so
7f8c8802d000-7f8c8802e000 r--p 00015000 08:05 2753614                    /usr/lib/jvm/java-11-openjdk-amd64/lib/libnet.so
7f8c8802e000-7f8c8802f000 rw-p 00016000 08:05 2753614                    /usr/lib/jvm/java-11-openjdk-amd64/lib/libnet.so
7f8c8802f000-7f8c88036000 r--p 00000000 08:05 2753615                    /usr/lib/jvm/java-11-openjdk-amd64/lib/libnio.so
7f8c88036000-7f8c8803e000 r-xp 00007000 08:05 2753615                    /usr/lib/jvm/java-11-openjdk-amd64/lib/libnio.so
7f8c8803e000-7f8c88041000 r--p 0000f000 08:05 2753615                    /usr/lib/jvm/java-11-openjdk-amd64/lib/libnio.so
7f8c88041000-7f8c88042000 r--p 00011000 08:05 2753615                    /usr/lib/jvm/java-11-openjdk-amd64/lib/libnio.so
7f8c88042000-7f8c88043000 rw-p 00012000 08:05 2753615                    /usr/lib/jvm/java-11-openjdk-amd64/lib/libnio.so
7f8c88043000-7f8c881ae000 rw-p 00000000 00:00 0 
7f8c881ae000-7f8c881af000 ---p 00000000 00:00 0 
7f8c881af000-7f8c882b0000 rw-p 00000000 00:00 0 
7f8c882b0000-7f8c882b1000 ---p 00000000 00:00 0 
7f8c882b1000-7f8c88553000 rw-p 00000000 00:00 0 
7f8c88553000-7f8c89ac3000 ---p 00000000 00:00 0 
7f8c89ac3000-7f8c89c3b000 rw-p 00000000 00:00 0 
7f8c89c3b000-7f8c8b1ab000 ---p 00000000 00:00 0 
7f8c8b1ab000-7f8c8b1e1000 rw-p 00000000 00:00 0 
7f8c8b1e1000-7f8c8b48f000 ---p 00000000 00:00 0 
7f8c8b48f000-7f8c8b4be000 rw-p 00000000 00:00 0 
7f8c8b4be000-7f8c8b76c000 ---p 00000000 00:00 0 
7f8c8b76c000-7f8c8b79b000 rw-p 00000000 00:00 0 
7f8c8b79b000-7f8c8ba49000 ---p 00000000 00:00 0 
7f8c8ba49000-7f8c8bc4c000 rw-p 00000000 00:00 0 
7f8c8bc4c000-7f8c8bc4d000 ---p 00000000 00:00 0 
7f8c8bc4d000-7f8c8bd53000 rw-p 00000000 00:00 0 
7f8c8bd53000-7f8c8be39000 ---p 00000000 00:00 0 
7f8c8be39000-7f8c8be40000 rw-p 00000000 00:00 0 
7f8c8be40000-7f8c8bf24000 ---p 00000000 00:00 0 
7f8c8bf24000-7f8c8bf29000 rw-p 00000000 00:00 0 
7f8c8bf29000-7f8c8bf30000 ---p 00000000 00:00 0 
7f8c8bf30000-7f8c8bf33000 r--p 00000000 08:05 2632028                    /usr/lib/x86_64-linux-gnu/libnss_files-2.31.so
7f8c8bf33000-7f8c8bf3a000 r-xp 00003000 08:05 2632028                    /usr/lib/x86_64-linux-gnu/libnss_files-2.31.so
7f8c8bf3a000-7f8c8bf3c000 r--p 0000a000 08:05 2632028                    /usr/lib/x86_64-linux-gnu/libnss_files-2.31.so
7f8c8bf3c000-7f8c8bf3d000 r--p 0000b000 08:05 2632028                    /usr/lib/x86_64-linux-gnu/libnss_files-2.31.so
7f8c8bf3d000-7f8c8bf3e000 rw-p 0000c000 08:05 2632028                    /usr/lib/x86_64-linux-gnu/libnss_files-2.31.so
7f8c8bf3e000-7f8c8bf44000 rw-p 00000000 00:00 0 
7f8c8bf45000-7f8c8bf4c000 r--s 00000000 08:05 3183390                    /usr/lib/x86_64-linux-gnu/gconv/gconv-modules.cache
7f8c8bf4c000-7f8c8bf4e000 r--p 00000000 08:05 2753623                    /usr/lib/jvm/java-11-openjdk-amd64/lib/libzip.so
7f8c8bf4e000-7f8c8bf53000 r-xp 00002000 08:05 2753623                    /usr/lib/jvm/java-11-openjdk-amd64/lib/libzip.so
7f8c8bf53000-7f8c8bf55000 r--p 00007000 08:05 2753623                    /usr/lib/jvm/java-11-openjdk-amd64/lib/libzip.so
7f8c8bf55000-7f8c8bf56000 r--p 00008000 08:05 2753623                    /usr/lib/jvm/java-11-openjdk-amd64/lib/libzip.so
7f8c8bf56000-7f8c8bf57000 rw-p 00009000 08:05 2753623                    /usr/lib/jvm/java-11-openjdk-amd64/lib/libzip.so
7f8c8bf57000-7f8c8bf5f000 rw-s 00000000 08:05 4627459                    /tmp/hsperfdata_santiago/82598
7f8c8bf5f000-7f8c8bf60000 ---p 00000000 00:00 0 
7f8c8bf60000-7f8c8bf61000 r--p 00000000 00:00 0 
7f8c8bf61000-7f8c8bf6f000 r--p 00000000 08:05 2753377                    /usr/lib/jvm/java-11-openjdk-amd64/lib/libjava.so
7f8c8bf6f000-7f8c8bf85000 r-xp 0000e000 08:05 2753377                    /usr/lib/jvm/java-11-openjdk-amd64/lib/libjava.so
7f8c8bf85000-7f8c8bf8c000 r--p 00024000 08:05 2753377                    /usr/lib/jvm/java-11-openjdk-amd64/lib/libjava.so
7f8c8bf8c000-7f8c8bf8d000 r--p 0002a000 08:05 2753377                    /usr/lib/jvm/java-11-openjdk-amd64/lib/libjava.so
7f8c8bf8d000-7f8c8bf8e000 rw-p 0002b000 08:05 2753377                    /usr/lib/jvm/java-11-openjdk-amd64/lib/libjava.so
7f8c8bf8e000-7f8c8bf8f000 rw-p 00000000 00:00 0 
7f8c8bf8f000-7f8c8bf91000 r--p 00000000 08:05 2632038                    /usr/lib/x86_64-linux-gnu/librt-2.31.so
7f8c8bf91000-7f8c8bf95000 r-xp 00002000 08:05 2632038                    /usr/lib/x86_64-linux-gnu/librt-2.31.so
7f8c8bf95000-7f8c8bf97000 r--p 00006000 08:05 2632038                    /usr/lib/x86_64-linux-gnu/librt-2.31.so
7f8c8bf97000-7f8c8bf98000 r--p 00007000 08:05 2632038                    /usr/lib/x86_64-linux-gnu/librt-2.31.so
7f8c8bf98000-7f8c8bf99000 rw-p 00008000 08:05 2632038                    /usr/lib/x86_64-linux-gnu/librt-2.31.so
7f8c8bf99000-7f8c8bf9d000 ---p 00000000 00:00 0 
7f8c8bf9d000-7f8c8c09a000 rw-p 00000000 00:00 0 
7f8c8c09a000-7f8c8c09d000 r--p 00000000 08:05 2622393                    /usr/lib/x86_64-linux-gnu/libgcc_s.so.1
7f8c8c09d000-7f8c8c0af000 r-xp 00003000 08:05 2622393                    /usr/lib/x86_64-linux-gnu/libgcc_s.so.1
7f8c8c0af000-7f8c8c0b3000 r--p 00015000 08:05 2622393                    /usr/lib/x86_64-linux-gnu/libgcc_s.so.1
7f8c8c0b3000-7f8c8c0b4000 r--p 00018000 08:05 2622393                    /usr/lib/x86_64-linux-gnu/libgcc_s.so.1
7f8c8c0b4000-7f8c8c0b5000 rw-p 00019000 08:05 2622393                    /usr/lib/x86_64-linux-gnu/libgcc_s.so.1
7f8c8c0b5000-7f8c8c0c2000 r--p 00000000 08:05 2631998                    /usr/lib/x86_64-linux-gnu/libm-2.31.so
7f8c8c0c2000-7f8c8c169000 r-xp 0000d000 08:05 2631998                    /usr/lib/x86_64-linux-gnu/libm-2.31.so
7f8c8c169000-7f8c8c202000 r--p 000b4000 08:05 2631998                    /usr/lib/x86_64-linux-gnu/libm-2.31.so
7f8c8c202000-7f8c8c203000 r--p 0014c000 08:05 2631998                    /usr/lib/x86_64-linux-gnu/libm-2.31.so
7f8c8c203000-7f8c8c204000 rw-p 0014d000 08:05 2631998                    /usr/lib/x86_64-linux-gnu/libm-2.31.so
7f8c8c204000-7f8c8c29a000 r--p 00000000 08:05 2626859                    /usr/lib/x86_64-linux-gnu/libstdc++.so.6.0.28
7f8c8c29a000-7f8c8c38b000 r-xp 00096000 08:05 2626859                    /usr/lib/x86_64-linux-gnu/libstdc++.so.6.0.28
7f8c8c38b000-7f8c8c3d4000 r--p 00187000 08:05 2626859                    /usr/lib/x86_64-linux-gnu/libstdc++.so.6.0.28
7f8c8c3d4000-7f8c8c3d5000 ---p 001d0000 08:05 2626859                    /usr/lib/x86_64-linux-gnu/libstdc++.so.6.0.28
7f8c8c3d5000-7f8c8c3e0000 r--p 001d0000 08:05 2626859                    /usr/lib/x86_64-linux-gnu/libstdc++.so.6.0.28
7f8c8c3e0000-7f8c8c3e3000 rw-p 001db000 08:05 2626859                    /usr/lib/x86_64-linux-gnu/libstdc++.so.6.0.28
7f8c8c3e3000-7f8c8c3e6000 rw-p 00000000 00:00 0 
7f8c8c3e6000-7f8c8c668000 r--p 00000000 08:05 3017460                    /usr/lib/jvm/java-11-openjdk-amd64/lib/server/libjvm.so
7f8c8c668000-7f8c8d2f9000 r-xp 00282000 08:05 3017460                    /usr/lib/jvm/java-11-openjdk-amd64/lib/server/libjvm.so
7f8c8d2f9000-7f8c8d558000 r--p 00f13000 08:05 3017460                    /usr/lib/jvm/java-11-openjdk-amd64/lib/server/libjvm.so
7f8c8d558000-7f8c8d61c000 r--p 01171000 08:05 3017460                    /usr/lib/jvm/java-11-openjdk-amd64/lib/server/libjvm.so
7f8c8d61c000-7f8c8d657000 rw-p 01235000 08:05 3017460                    /usr/lib/jvm/java-11-openjdk-amd64/lib/server/libjvm.so
7f8c8d657000-7f8c8d6b0000 rw-p 00000000 00:00 0 
7f8c8d6b0000-7f8c8d6d2000 r--p 00000000 08:05 2631994                    /usr/lib/x86_64-linux-gnu/libc-2.31.so
7f8c8d6d2000-7f8c8d84a000 r-xp 00022000 08:05 2631994                    /usr/lib/x86_64-linux-gnu/libc-2.31.so
7f8c8d84a000-7f8c8d898000 r--p 0019a000 08:05 2631994                    /usr/lib/x86_64-linux-gnu/libc-2.31.so
7f8c8d898000-7f8c8d89c000 r--p 001e7000 08:05 2631994                    /usr/lib/x86_64-linux-gnu/libc-2.31.so
7f8c8d89c000-7f8c8d89e000 rw-p 001eb000 08:05 2631994                    /usr/lib/x86_64-linux-gnu/libc-2.31.so
7f8c8d89e000-7f8c8d8a2000 rw-p 00000000 00:00 0 
7f8c8d8a2000-7f8c8d8a3000 r--p 00000000 08:05 2631996                    /usr/lib/x86_64-linux-gnu/libdl-2.31.so
7f8c8d8a3000-7f8c8d8a5000 r-xp 00001000 08:05 2631996                    /usr/lib/x86_64-linux-gnu/libdl-2.31.so
7f8c8d8a5000-7f8c8d8a6000 r--p 00003000 08:05 2631996                    /usr/lib/x86_64-linux-gnu/libdl-2.31.so
7f8c8d8a6000-7f8c8d8a7000 r--p 00003000 08:05 2631996                    /usr/lib/x86_64-linux-gnu/libdl-2.31.so
7f8c8d8a7000-7f8c8d8a8000 rw-p 00004000 08:05 2631996                    /usr/lib/x86_64-linux-gnu/libdl-2.31.so
7f8c8d8a8000-7f8c8d8ab000 r--p 00000000 08:05 3017457                    /usr/lib/jvm/java-11-openjdk-amd64/lib/jli/libjli.so
7f8c8d8ab000-7f8c8d8b5000 r-xp 00003000 08:05 3017457                    /usr/lib/jvm/java-11-openjdk-amd64/lib/jli/libjli.so
7f8c8d8b5000-7f8c8d8b8000 r--p 0000d000 08:05 3017457                    /usr/lib/jvm/java-11-openjdk-amd64/lib/jli/libjli.so
7f8c8d8b8000-7f8c8d8b9000 ---p 00010000 08:05 3017457                    /usr/lib/jvm/java-11-openjdk-amd64/lib/jli/libjli.so
7f8c8d8b9000-7f8c8d8ba000 r--p 00010000 08:05 3017457                    /usr/lib/jvm/java-11-openjdk-amd64/lib/jli/libjli.so
7f8c8d8ba000-7f8c8d8bb000 rw-p 00011000 08:05 3017457                    /usr/lib/jvm/java-11-openjdk-amd64/lib/jli/libjli.so
7f8c8d8bb000-7f8c8d8c1000 r--p 00000000 08:05 2632036                    /usr/lib/x86_64-linux-gnu/libpthread-2.31.so
7f8c8d8c1000-7f8c8d8d2000 r-xp 00006000 08:05 2632036                    /usr/lib/x86_64-linux-gnu/libpthread-2.31.so
7f8c8d8d2000-7f8c8d8d8000 r--p 00017000 08:05 2632036                    /usr/lib/x86_64-linux-gnu/libpthread-2.31.so
7f8c8d8d8000-7f8c8d8d9000 r--p 0001c000 08:05 2632036                    /usr/lib/x86_64-linux-gnu/libpthread-2.31.so
7f8c8d8d9000-7f8c8d8da000 rw-p 0001d000 08:05 2632036                    /usr/lib/x86_64-linux-gnu/libpthread-2.31.so
7f8c8d8da000-7f8c8d8de000 rw-p 00000000 00:00 0 
7f8c8d8de000-7f8c8d8e0000 r--p 00000000 08:05 2627188                    /usr/lib/x86_64-linux-gnu/libz.so.1.2.11
7f8c8d8e0000-7f8c8d8f1000 r-xp 00002000 08:05 2627188                    /usr/lib/x86_64-linux-gnu/libz.so.1.2.11
7f8c8d8f1000-7f8c8d8f7000 r--p 00013000 08:05 2627188                    /usr/lib/x86_64-linux-gnu/libz.so.1.2.11
7f8c8d8f7000-7f8c8d8f8000 ---p 00019000 08:05 2627188                    /usr/lib/x86_64-linux-gnu/libz.so.1.2.11
7f8c8d8f8000-7f8c8d8f9000 r--p 00019000 08:05 2627188                    /usr/lib/x86_64-linux-gnu/libz.so.1.2.11
7f8c8d8f9000-7f8c8d8fa000 rw-p 0001a000 08:05 2627188                    /usr/lib/x86_64-linux-gnu/libz.so.1.2.11
7f8c8d8fa000-7f8c8d8fc000 r--p 00000000 08:05 2753588                    /usr/lib/jvm/java-11-openjdk-amd64/lib/libjimage.so
7f8c8d8fc000-7f8c8d8ff000 r-xp 00002000 08:05 2753588                    /usr/lib/jvm/java-11-openjdk-amd64/lib/libjimage.so
7f8c8d8ff000-7f8c8d900000 r--p 00005000 08:05 2753588                    /usr/lib/jvm/java-11-openjdk-amd64/lib/libjimage.so
7f8c8d900000-7f8c8d901000 ---p 00006000 08:05 2753588                    /usr/lib/jvm/java-11-openjdk-amd64/lib/libjimage.so
7f8c8d901000-7f8c8d902000 r--p 00006000 08:05 2753588                    /usr/lib/jvm/java-11-openjdk-amd64/lib/libjimage.so
7f8c8d902000-7f8c8d903000 rw-p 00007000 08:05 2753588                    /usr/lib/jvm/java-11-openjdk-amd64/lib/libjimage.so
7f8c8d903000-7f8c8d908000 r--p 00000000 08:05 2753622                    /usr/lib/jvm/java-11-openjdk-amd64/lib/libverify.so
7f8c8d908000-7f8c8d90f000 r-xp 00005000 08:05 2753622                    /usr/lib/jvm/java-11-openjdk-amd64/lib/libverify.so
7f8c8d90f000-7f8c8d911000 r--p 0000c000 08:05 2753622                    /usr/lib/jvm/java-11-openjdk-amd64/lib/libverify.so
7f8c8d911000-7f8c8d912000 ---p 0000e000 08:05 2753622                    /usr/lib/jvm/java-11-openjdk-amd64/lib/libverify.so
7f8c8d912000-7f8c8d914000 r--p 0000e000 08:05 2753622                    /usr/lib/jvm/java-11-openjdk-amd64/lib/libverify.so
7f8c8d914000-7f8c8d915000 rw-p 00010000 08:05 2753622                    /usr/lib/jvm/java-11-openjdk-amd64/lib/libverify.so
7f8c8d915000-7f8c8d917000 rw-p 00000000 00:00 0 
7f8c8d917000-7f8c8d918000 r--p 00000000 08:05 2623639                    /usr/lib/x86_64-linux-gnu/ld-2.31.so
7f8c8d918000-7f8c8d93b000 r-xp 00001000 08:05 2623639                    /usr/lib/x86_64-linux-gnu/ld-2.31.so
7f8c8d93b000-7f8c8d943000 r--p 00024000 08:05 2623639                    /usr/lib/x86_64-linux-gnu/ld-2.31.so
7f8c8d943000-7f8c8d944000 rwxp 00000000 00:00 0 
7f8c8d944000-7f8c8d945000 r--p 0002c000 08:05 2623639                    /usr/lib/x86_64-linux-gnu/ld-2.31.so
7f8c8d945000-7f8c8d946000 rw-p 0002d000 08:05 2623639                    /usr/lib/x86_64-linux-gnu/ld-2.31.so
7f8c8d946000-7f8c8d947000 rw-p 00000000 00:00 0 
7ffc1b5b7000-7ffc1b5da000 rw-p 00000000 00:00 0                          [stack]
7ffc1b5db000-7ffc1b5df000 r--p 00000000 00:00 0                          [vvar]
7ffc1b5df000-7ffc1b5e1000 r-xp 00000000 00:00 0                          [vdso]
ffffffffff600000-ffffffffff601000 --xp 00000000 00:00 0                  [vsyscall]


VM Arguments:
jvm_args: -Dfile.encoding=UTF-8 -Duser.country=US -Duser.language=en -Duser.variant 
java_command: MainKt
java_class_path (initial): /home/santiago/Aarhus/ConfLiftingaaS/build/classes/java/main:/home/santiago/Aarhus/ConfLiftingaaS/build/classes/kotlin/main:/home/santiago/Aarhus/ConfLiftingaaS/build/resources/main:/home/santiago/.gradle/caches/modules-2/files-2.1/org.jetbrains.kotlinx/kotlinx-serialization-json-jvm/1.5.0/f2355f60f5c027da0326c8af2d9c724d39aa0ce9/kotlinx-serialization-json-jvm-1.5.0.jar:/home/santiago/.gradle/caches/modules-2/files-2.1/org.jetbrains.kotlinx/kotlinx-serialization-core-jvm/1.5.0/d701e8cccd443a7cc1a0bcac53432f2745dcdbda/kotlinx-serialization-core-jvm-1.5.0.jar:/home/santiago/.gradle/caches/modules-2/files-2.1/org.siani.javafmi/fmu-wrapper/2.26.3/56f94b5c0935c234802450545083855994612c41/fmu-wrapper-2.26.3.jar:/home/santiago/.gradle/caches/modules-2/files-2.1/org.jetbrains.kotlin/kotlin-stdlib-jdk8/1.8.10/7c002ac41f547a82e81dfebd2a20577a738dbf3f/kotlin-stdlib-jdk8-1.8.10.jar:/home/santiago/.gradle/caches/modules-2/files-2.1/org.apache.jena/jena-shacl/3.16.0/73224ac7a31181149fce1a85c4ad86a9e5d76c0d/jena-shacl-3.16.0.jar:/home/santiago/.gradle/caches/modules-2/files-2.1/org.apache.jena/jena-tdb/3.16.0/9cbf4b9d9ce058403f4977be0ceff0c6a6b755d/jena-tdb-3.16.0.jar:/home/santiago/.gradle/caches/modules-2/files-2.1/org.apache.jena/jena-rdfconnection/3.16.0/68e2a3f2c450ae4ce2652a3713dea95066bff25a/jena-rdfconnection-3.16.0.jar:/home/santiago/.gradle/caches/modules-2/files-2.1/org.apache.jena/jena-tdb2/3.16.0/1f014a32d88e4bb5ac4c5291703fafd5bd060a8c/jena-tdb2-3.16.0.jar:/home/santiago/.gradle/caches/modules-2/files-2.1/org.apache.jena/jena-dboe-storage/3.16.0/86876be46c78ee68172614c4bf3cd211b3815d33/jena-dboe-storage-3.16.0.jar:/home/santiago/.gradle/caches/modules-2/files-2.1/org.apache.jena/jena-dboe-trans-data/3.16.0/2df0c144ef7f420d45a984c753a7078b70618a94/jena-dboe-trans-data-3.16.0.jar:/home/santiago/.gradle/caches/modules-2/files-2.1/org.apache.jena/jena-dboe-transaction/3.16.0/668a904ec5532ff837e8a9b67460797f2654f077/jena-dboe-transaction-3.16.
Launcher Type: SUN_STANDARD

[Global flags]
     intx CICompilerCount                          = 2                                         {product} {ergonomic}
     uint ConcGCThreads                            = 1                                         {product} {ergonomic}
     uint G1ConcRefinementThreads                  = 2                                         {product} {ergonomic}
   size_t G1HeapRegionSize                         = 1048576                                   {product} {ergonomic}
    uintx GCDrainStackTargetSize                   = 64                                        {product} {ergonomic}
   size_t InitialHeapSize                          = 96468992                                  {product} {ergonomic}
   size_t MarkStackSize                            = 4194304                                   {product} {ergonomic}
   size_t MaxHeapSize                              = 1537212416                                {product} {ergonomic}
   size_t MaxNewSize                               = 921698304                                 {product} {ergonomic}
   size_t MinHeapDeltaBytes                        = 1048576                                   {product} {ergonomic}
    uintx NonNMethodCodeHeapSize                   = 5825164                                {pd product} {ergonomic}
    uintx NonProfiledCodeHeapSize                  = 122916538                              {pd product} {ergonomic}
    uintx ProfiledCodeHeapSize                     = 122916538                              {pd product} {ergonomic}
    uintx ReservedCodeCacheSize                    = 251658240                              {pd product} {ergonomic}
     bool SegmentedCodeCache                       = true                                      {product} {ergonomic}
     bool UseCompressedClassPointers               = true                                 {lp64_product} {ergonomic}
     bool UseCompressedOops                        = true                                 {lp64_product} {ergonomic}
     bool UseG1GC                                  = true                                      {product} {ergonomic}

Logging:
Log output configuration:
 #0: stdout all=warning uptime,level,tags
 #1: stderr all=off uptime,level,tags

Environment Variables:
JAVA_HOME=/usr/lib/jvm/java-11-openjdk-amd64
PATH=/home/santiago/.sdkman/candidates/kotlin/current/bin:/home/santiago/.sdkman/candidates/gradle/current/bin:/home/santiago/apache-maven-3.9.4/bin:/usr/lib/jvm/java-11-openjdk-amd64:/usr/lib/jvm/java-11-openjdk-amd64/bin:/home/santiago/node-js/bin:/home/santiago/node-js:/home/santiago/uppaal64-4.1.25-5:/home/santiago/uppaal64-4.1.25-5/bin-Linux:/home/santiago/.local/bin:/usr/local/sbin:/usr/local/bin:/usr/sbin:/usr/bin:/sbin:/bin:/usr/games:/usr/local/games:/snap/bin
USERNAME=santiago
SHELL=/bin/bash
DISPLAY=:0
LANG=en_US.UTF-8
TERM=xterm-256color

Signal Handlers:
SIGSEGV: [libjvm.so+0xea02e0], sa_mask[0]=11111111011111111101111111111110, sa_flags=SA_RESTART|SA_SIGINFO
SIGBUS: [libjvm.so+0xea02e0], sa_mask[0]=11111111011111111101111111111110, sa_flags=SA_RESTART|SA_SIGINFO
SIGFPE: [libjvm.so+0xea02e0], sa_mask[0]=11111111011111111101111111111110, sa_flags=SA_RESTART|SA_SIGINFO
SIGPIPE: [libjvm.so+0xbe5be0], sa_mask[0]=11111111011111111101111111111110, sa_flags=SA_RESTART|SA_SIGINFO
SIGXFSZ: [libjvm.so+0xbe5be0], sa_mask[0]=11111111011111111101111111111110, sa_flags=SA_RESTART|SA_SIGINFO
SIGILL: [libjvm.so+0xea02e0], sa_mask[0]=11111111011111111101111111111110, sa_flags=SA_RESTART|SA_SIGINFO
SIGUSR2: [libjvm.so+0xbe5a80], sa_mask[0]=00100000000000000000000000000000, sa_flags=SA_RESTART|SA_SIGINFO
SIGHUP: [libjvm.so+0xbe6130], sa_mask[0]=11111111011111111101111111111110, sa_flags=SA_RESTART|SA_SIGINFO
SIGINT: [libjvm.so+0xbe6130], sa_mask[0]=11111111011111111101111111111110, sa_flags=SA_RESTART|SA_SIGINFO
SIGTERM: [libjvm.so+0xbe6130], sa_mask[0]=11111111011111111101111111111110, sa_flags=SA_RESTART|SA_SIGINFO
SIGQUIT: [libjvm.so+0xbe6130], sa_mask[0]=11111111011111111101111111111110, sa_flags=SA_RESTART|SA_SIGINFO


---------------  S Y S T E M  ---------------

OS:DISTRIB_ID=Ubuntu
DISTRIB_RELEASE=20.04
DISTRIB_CODENAME=focal
DISTRIB_DESCRIPTION="Ubuntu 20.04.6 LTS"
uname:Linux 5.15.0-78-generic #85~20.04.1-Ubuntu SMP Mon Jul 17 09:42:39 UTC 2023 x86_64
OS uptime: 0 days 3:34 hours
libc:glibc 2.31 NPTL 2.31 
rlimit (soft/hard): STACK 8192k/infinity , CORE 0k/infinity , NPROC 23121/23121 , NOFILE 1048576/1048576 , AS infinity/infinity , CPU infinity/infinity , DATA infinity/infinity , FSIZE infinity/infinity , MEMLOCK 65536k/65536k
load average:2.90 1.47 1.11

/proc/meminfo:
MemTotal:        6004560 kB
MemFree:          124620 kB
MemAvailable:    1728472 kB
Buffers:           67520 kB
Cached:          1710344 kB
SwapCached:        18608 kB
Active:          1378512 kB
Inactive:        3642792 kB
Active(anon):      70184 kB
Inactive(anon):  3199364 kB
Active(file):    1308328 kB
Inactive(file):   443428 kB
Unevictable:       13484 kB
Mlocked:           13484 kB
SwapTotal:       2097148 kB
SwapFree:        1828352 kB
Dirty:              1148 kB
Writeback:             0 kB
AnonPages:       3243336 kB
Mapped:           430900 kB
Shmem:             16020 kB
KReclaimable:     133368 kB
Slab:             301312 kB
SReclaimable:     133368 kB
SUnreclaim:       167944 kB
KernelStack:       19408 kB
PageTables:        28644 kB
NFS_Unstable:          0 kB
Bounce:                0 kB
WritebackTmp:          0 kB
CommitLimit:     5099428 kB
Committed_AS:    9742988 kB
VmallocTotal:   34359738367 kB
VmallocUsed:       86128 kB
VmallocChunk:          0 kB
Percpu:           181248 kB
HardwareCorrupted:     0 kB
AnonHugePages:      2048 kB
ShmemHugePages:        0 kB
ShmemPmdMapped:        0 kB
FileHugePages:         0 kB
FilePmdMapped:         0 kB
HugePages_Total:       0
HugePages_Free:        0
HugePages_Rsvd:        0
HugePages_Surp:        0
Hugepagesize:       2048 kB
Hugetlb:               0 kB
DirectMap4k:      599872 kB
DirectMap2M:     5666816 kB
DirectMap1G:           0 kB

/sys/kernel/mm/transparent_hugepage/enabled:
always [madvise] never
/sys/kernel/mm/transparent_hugepage/defrag (defrag/compaction efforts parameter):
always defer defer+madvise [madvise] never

Process Memory:
Virtual Size: 4101084K (peak: 12903016K)
Resident Set Size: 128876K (peak: 128876K) (anon: 93572K, file: 35304K, shmem: 0K)
Swapped out: 0K
C-Heap outstanding allocations: 18702K, retained: 6021K
glibc malloc tunables: (default)

/proc/sys/kernel/threads-max (system-wide limit on the number of threads):
46242
/proc/sys/vm/max_map_count (maximum number of memory map areas a process may have):
65530
/proc/sys/kernel/pid_max (system-wide limit on number of process identifiers):
4194304

container (cgroup) information:
container_type: cgroupv1
cpu_cpuset_cpus: 0-1
cpu_memory_nodes: 0
active_processor_count: 2
cpu_quota: no quota
cpu_period: 100000
cpu_shares: no shares
memory_limit_in_bytes: unlimited
memory_and_swap_limit_in_bytes: unlimited
memory_soft_limit_in_bytes: unlimited
memory_usage_in_bytes: 4236388 k
memory_max_usage_in_bytes: 4801900 k
kernel_memory_usage_in_bytes: 94060 k
kernel_memory_max_usage_in_bytes: unlimited
kernel_memory_limit_in_bytes: 100276 k
maximum number of tasks: unlimited
current number of tasks: 482

VMWare virtualization detected
Steal ticks since vm start: 0
Steal ticks percentage since vm start:  0.000

CPU:total 2 (initial active 2) (1 cores per cpu, 1 threads per core) family 6 model 140 stepping 1 microcode 0x8a, cmov, cx8, fxsr, mmx, sse, sse2, sse3, ssse3, sse4.1, sse4.2, popcnt, avx, avx2, aes, clmul, erms, 3dnowpref, lzcnt, tsc, tscinvbit, bmi1, bmi2, adx, evex, sha, fma
CPU Model and flags from /proc/cpuinfo:
model name	: 11th Gen Intel(R) Core(TM) i5-1135G7 @ 2.40GHz
flags		: fpu vme de pse tsc msr pae mce cx8 apic sep mtrr pge mca cmov pat pse36 clflush mmx fxsr sse sse2 ss syscall nx pdpe1gb rdtscp lm constant_tsc arch_perfmon rep_good nopl xtopology tsc_reliable nonstop_tsc cpuid tsc_known_freq pni pclmulqdq ssse3 fma cx16 pcid sse4_1 sse4_2 x2apic movbe popcnt tsc_deadline_timer aes xsave avx f16c rdrand hypervisor lahf_lm abm 3dnowprefetch cpuid_fault invpcid_single ssbd ibrs ibpb stibp ibrs_enhanced fsgsbase tsc_adjust bmi1 avx2 smep bmi2 erms invpcid avx512f avx512dq rdseed adx smap avx512ifma clflushopt clwb avx512cd sha_ni avx512bw avx512vl xsaveopt xsavec xgetbv1 xsaves arat avx512vbmi umip pku ospke avx512_vbmi2 gfni vaes vpclmulqdq avx512_vnni avx512_bitalg avx512_vpopcntdq rdpid movdiri movdir64b fsrm avx512_vp2intersect md_clear flush_l1d arch_capabilities
Online cpus:
0-1
Offline cpus:
2-127
BIOS frequency limitation:
<Not Available>
Frequency switch latency (ns):
<Not Available>
Available cpu frequencies:
<Not Available>
Current governor:
<Not Available>
Core performance/turbo boost:
<Not Available>

Memory: 4k page, physical 6004560k(124620k free), swap 2097148k(1828352k free)

vm_info: OpenJDK 64-Bit Server VM (11.0.20+8-post-Ubuntu-1ubuntu120.04) for linux-amd64 JRE (11.0.20+8-post-Ubuntu-1ubuntu120.04), built on Jul 20 2023 03:22:26 by "unknown" with gcc 9.4.0

END.
