#
# A fatal error has been detected by the Java Runtime Environment:
#
#  SIGSEGV (0xb) at pc=0x00007fc26975bc3d, pid=32698, tid=32700
#
# JRE version: OpenJDK Runtime Environment (11.0.20+8) (build 11.0.20+8-post-Ubuntu-1ubuntu120.04)
# Java VM: OpenJDK 64-Bit Server VM (11.0.20+8-post-Ubuntu-1ubuntu120.04, mixed mode, sharing, tiered, compressed oops, g1 gc, linux-amd64)
# Problematic frame:
# C  [rabbitmq.so+0x271c3d]  FmuContainerCore::getData()+0x2d
#
# Core dump will be written. Default location: Core dumps may be processed with "/usr/share/apport/apport -p%p -s%s -c%c -d%d -P%P -u%u -g%g -- %E" (or dumping to /home/santiago/Aarhus/ConfLiftingaaS/core.32698)
#
# If you would like to submit a bug report, please visit:
#   https://bugs.launchpad.net/ubuntu/+source/openjdk-lts
# The crash happened outside the Java Virtual Machine in native code.
# See problematic frame for where to report the bug.
#

---------------  S U M M A R Y ------------

Command Line: -Dfile.encoding=UTF-8 -Duser.country=US -Duser.language=en -Duser.variant MainKt

Host: 11th Gen Intel(R) Core(TM) i5-1135G7 @ 2.40GHz, 2 cores, 5G, Ubuntu 20.04.6 LTS
Time: Tue Aug 22 09:42:14 2023 CEST elapsed time: 7.746555 seconds (0d 0h 0m 7s)

---------------  T H R E A D  ---------------

Current thread (0x00007fc290018000):  JavaThread "main" [_thread_in_native, id=32700, stack(0x00007fc295cef000,0x00007fc295df0000)]

Stack: [0x00007fc295cef000,0x00007fc295df0000],  sp=0x00007fc295ded660,  free space=1017k
Native frames: (J=compiled Java code, A=aot compiled Java code, j=interpreted, Vv=VM code, C=native code)
C  [rabbitmq.so+0x271c3d]  FmuContainerCore::getData()+0x2d

Java frames: (J=compiled Java code, j=interpreted, Vv=VM code)
j  com.sun.jna.Native.invokeInt(JI[Ljava/lang/Object;)I+0
j  com.sun.jna.Function.invoke([Ljava/lang/Object;Ljava/lang/Class;Z)Ljava/lang/Object;+225
j  com.sun.jna.Function.invoke(Ljava/lang/Class;[Ljava/lang/Object;Ljava/util/Map;)Ljava/lang/Object;+262
j  com.sun.jna.Function.invoke(Ljava/lang/Class;[Ljava/lang/Object;)Ljava/lang/Object;+7
j  com.sun.jna.Function.invokeInt([Ljava/lang/Object;)I+5
j  org.javafmi.proxy.v2.Fmu$1.asInt()I+15
j  org.javafmi.proxy.v2.Fmu.getInteger([I)[I+43
j  org.javafmi.proxy.v2.FmuProxy.getInteger([I)[I+5
j  org.javafmi.wrapper.variables.SingleRead.asInteger()I+14
j  dtstructure.DTFMUConf.liftInto(Lorg/apache/jena/rdf/model/Model;)V+516
j  dtstructure.DTComponent.liftInto(Lorg/apache/jena/rdf/model/Model;)V+145
j  dtstructure.DTComponent.liftInto(Lorg/apache/jena/rdf/model/Model;)V+145
j  DTLiftingService.getModel()Lorg/apache/jena/rdf/model/Model;+66
j  MainKt.setupFlex(LDTManager;)V+30
j  MainKt.main([Ljava/lang/String;)V+85
v  ~StubRoutines::call_stub

siginfo: si_signo: 11 (SIGSEGV), si_code: 128 (SI_KERNEL), si_addr: 0x0000000000000000

Register to memory mapping:

RAX=0x00007fc290894501 points into unknown readable memory: 00 00 00 00 00 00 00
RBX=0x00007fc295ded688 is pointing into the stack for thread: 0x00007fc290018000
RCX=0x00007fc290937410 points into unknown readable memory: 0x00007fc200000000 | 00 00 00 00 c2 7f 00 00
RDX=0x00007fc295ded690 is pointing into the stack for thread: 0x00007fc290018000
RSP=0x00007fc295ded660 is pointing into the stack for thread: 0x00007fc290018000
RBP=0x0000000000000001 is an unknown value
RSI=0x656c626154726562 is an unknown value
RDI=0x00007fc295ded688 is pointing into the stack for thread: 0x00007fc290018000
R8 =0x0 is NULL
R9 =0x00007fc290018000 is a thread
R10=0x00007fc295ded670 is pointing into the stack for thread: 0x00007fc290018000
R11=0x00007fc2697418e0: fmi2GetInteger+0x0000000000000000 in /tmp/fmu_e364201e_db3f_4e8a_b488_085bde586a04rabbit2_1_5-16_SG/binaries/linux64/rabbitmq.so at 0x00007fc2694ea000
R12=0x00007fc2909373f0 points into unknown readable memory: 0x00007fc200000015 | 15 00 00 00 c2 7f 00 00
R13=0x00007fc2904149a0 points into unknown readable memory: 0x00007fc269cd2f88 | 88 2f cd 69 c2 7f 00 00
R14=0x656c626154726562 is an unknown value
R15=0x0 is NULL


Registers:
RAX=0x00007fc290894501, RBX=0x00007fc295ded688, RCX=0x00007fc290937410, RDX=0x00007fc295ded690
RSP=0x00007fc295ded660, RBP=0x0000000000000001, RSI=0x656c626154726562, RDI=0x00007fc295ded688
R8 =0x0000000000000000, R9 =0x00007fc290018000, R10=0x00007fc295ded670, R11=0x00007fc2697418e0
R12=0x00007fc2909373f0, R13=0x00007fc2904149a0, R14=0x656c626154726562, R15=0x0000000000000000
RIP=0x00007fc26975bc3d, EFLAGS=0x0000000000010246, CSGSFS=0x002b000000000033, ERR=0x0000000000000000
  TRAPNO=0x000000000000000d

Top of Stack: (sp=0x00007fc295ded660)
0x00007fc295ded660:   00007fc290894501 00007fc295ded688
0x00007fc295ded670:   00007fc295ded690 00007fc269735a8c
0x00007fc295ded680:   00007fc290937410 00007fc290937410
0x00007fc295ded690:   0000000000000000 0000000000000000 

Instructions: (pc=0x00007fc26975bc3d)
0x00007fc26975bb3d:   ff 49 89 c7 48 89 ef 4c 89 f6 e8 84 63 fb ff 49
0x00007fc26975bb4d:   89 c6 48 8b 68 28 48 89 c3 48 83 c3 28 eb 0c 0f
0x00007fc26975bb5d:   1f 40 00 4c 89 e7 e8 a8 c8 fb ff 48 39 dd 0f 84
0x00007fc26975bb6d:   ef fc ff ff 49 89 ec 48 8b 6d 00 41 83 7c 24 18
0x00007fc26975bb7d:   00 75 e0 49 8b 7c 24 20 49 8d 44 24 30 48 39 c7
0x00007fc26975bb8d:   74 d1 e8 7c c8 fb ff eb ca 48 8b 7c 24 10 f2 0f
0x00007fc26975bb9d:   10 44 24 40 e8 4a eb fb ff 48 81 c4 b8 00 00 00
0x00007fc26975bbad:   5b 41 5c 41 5d 41 5e 41 5f 5d c3 e8 c3 24 fc ff
0x00007fc26975bbbd:   48 89 c3 83 bc 24 90 00 00 00 00 75 1f 48 8b bc
0x00007fc26975bbcd:   24 98 00 00 00 48 8d 84 24 a8 00 00 00 48 39 c7
0x00007fc26975bbdd:   74 0a e8 2c c8 fb ff eb 03 48 89 c3 83 7c 24 50
0x00007fc26975bbed:   00 75 14 48 8b 7c 24 58 48 8d 44 24 68 48 39 c7
0x00007fc26975bbfd:   74 05 e8 0c c8 fb ff 48 89 df e8 64 ba fc ff 0f
0x00007fc26975bc0d:   1f 40 00 41 56 53 50 49 89 f6 48 89 fb 48 8d 57
0x00007fc26975bc1d:   08 c7 47 08 00 00 00 00 48 c7 47 10 00 00 00 00
0x00007fc26975bc2d:   48 89 57 18 48 89 57 20 48 c7 47 28 00 00 00 00
0x00007fc26975bc3d:   48 8b b6 00 01 00 00 48 85 f6 74 56 48 89 1c 24
0x00007fc26975bc4d:   48 89 e1 48 89 df e8 98 55 fb ff 48 89 c2 0f 1f
0x00007fc26975bc5d:   44 00 00 48 89 d1 48 8b 52 10 48 85 d2 75 f4 48
0x00007fc26975bc6d:   89 4b 18 48 89 c2 66 2e 0f 1f 84 00 00 00 00 00
0x00007fc26975bc7d:   0f 1f 00 48 89 d1 48 8b 52 18 48 85 d2 75 f4 48
0x00007fc26975bc8d:   89 4b 20 49 8b 8e 18 01 00 00 48 89 4b 28 48 89
0x00007fc26975bc9d:   43 10 48 89 d8 48 83 c4 08 5b 41 5e c3 66 0f 1f
0x00007fc26975bcad:   44 00 00 48 8b 87 20 01 00 00 c3 0f 1f 84 00 00
0x00007fc26975bcbd:   00 00 00 40 88 b7 80 01 00 00 c3 0f 1f 84 00 00
0x00007fc26975bccd:   00 00 00 41 57 41 56 41 54 53 50 49 89 cf 49 89
0x00007fc26975bcdd:   d6 49 89 fc 48 85 f6 74 1b 48 89 f3 48 89 f7 e8
0x00007fc26975bced:   4f 2b fb ff 4c 89 e7 48 89 de 48 89 c2 e8 81 ff
0x00007fc26975bcfd:   fb ff eb 19 49 8b 04 24 48 8b 40 e8 49 8d 3c 04
0x00007fc26975bd0d:   41 8b 74 04 20 83 ce 01 e8 e6 a7 fc ff 48 8d 35
0x00007fc26975bd1d:   9c 1c 47 00 ba 06 00 00 00 4c 89 e7 e8 52 ff fb
0x00007fc26975bd2d:   ff 49 8b 37 4c 89 e7 e8 f7 c7 fb ff 48 89 c3 48 


Stack slot to memory mapping:
stack at sp + 0 slots: 0x00007fc290894501 points into unknown readable memory: 00 00 00 00 00 00 00
stack at sp + 1 slots: 0x00007fc295ded688 is pointing into the stack for thread: 0x00007fc290018000
stack at sp + 2 slots: 0x00007fc295ded690 is pointing into the stack for thread: 0x00007fc290018000
stack at sp + 3 slots: 0x00007fc269735a8c: _ZN12FmuContainer10getIntegerEPKjmPi+0x000000000000003c in /tmp/fmu_e364201e_db3f_4e8a_b488_085bde586a04rabbit2_1_5-16_SG/binaries/linux64/rabbitmq.so at 0x00007fc2694ea000
stack at sp + 4 slots: 0x00007fc290937410 points into unknown readable memory: 0x00007fc200000000 | 00 00 00 00 c2 7f 00 00
stack at sp + 5 slots: 0x00007fc290937410 points into unknown readable memory: 0x00007fc200000000 | 00 00 00 00 c2 7f 00 00
stack at sp + 6 slots: 0x0 is NULL
stack at sp + 7 slots: 0x0 is NULL


---------------  P R O C E S S  ---------------

Threads class SMR info:
_java_thread_list=0x00007fc2901241b0, length=9, elements={
0x00007fc290018000, 0x00007fc2900df000, 0x00007fc2900e1000, 0x00007fc2900e6800,
0x00007fc2900e9000, 0x00007fc2900eb000, 0x00007fc2900ed000, 0x00007fc2900ef000,
0x00007fc290122800
}

Java Threads: ( => current thread )
=>0x00007fc290018000 JavaThread "main" [_thread_in_native, id=32700, stack(0x00007fc295cef000,0x00007fc295df0000)]
  0x00007fc2900df000 JavaThread "Reference Handler" daemon [_thread_blocked, id=32709, stack(0x00007fc27856d000,0x00007fc27866e000)]
  0x00007fc2900e1000 JavaThread "Finalizer" daemon [_thread_blocked, id=32710, stack(0x00007fc27846c000,0x00007fc27856d000)]
  0x00007fc2900e6800 JavaThread "Signal Dispatcher" daemon [_thread_blocked, id=32711, stack(0x00007fc27836b000,0x00007fc27846c000)]
  0x00007fc2900e9000 JavaThread "Service Thread" daemon [_thread_blocked, id=32712, stack(0x00007fc27826a000,0x00007fc27836b000)]
  0x00007fc2900eb000 JavaThread "C2 CompilerThread0" daemon [_thread_in_native, id=32713, stack(0x00007fc278169000,0x00007fc27826a000)]
  0x00007fc2900ed000 JavaThread "C1 CompilerThread0" daemon [_thread_blocked, id=32714, stack(0x00007fc278068000,0x00007fc278169000)]
  0x00007fc2900ef000 JavaThread "Sweeper thread" daemon [_thread_blocked, id=32715, stack(0x00007fc270bbf000,0x00007fc270cc0000)]
  0x00007fc290122800 JavaThread "Common-Cleaner" daemon [_thread_blocked, id=32717, stack(0x00007fc2709bc000,0x00007fc270abd000)]

Other Threads:
  0x00007fc2900dc000 VMThread "VM Thread" [stack: 0x00007fc278670000,0x00007fc278770000] [id=32708]
  0x00007fc290120000 WatcherThread [stack: 0x00007fc270abf000,0x00007fc270bbf000] [id=32716]
  0x00007fc29002f800 GCTaskThread "GC Thread#0" [stack: 0x00007fc2959a4000,0x00007fc295aa4000] [id=32702]
  0x00007fc25c001000 GCTaskThread "GC Thread#1" [stack: 0x00007fc2708bc000,0x00007fc2709bc000] [id=32718]
  0x00007fc290055800 ConcurrentGCThread "G1 Main Marker" [stack: 0x00007fc294dd8000,0x00007fc294ed8000] [id=32703]
  0x00007fc290057000 ConcurrentGCThread "G1 Conc#0" [stack: 0x00007fc294cd6000,0x00007fc294dd6000] [id=32704]
  0x00007fc2900ab800 ConcurrentGCThread "G1 Refine#0" [stack: 0x00007fc2949d2000,0x00007fc294ad2000] [id=32706]
  0x00007fc2900ad000 ConcurrentGCThread "G1 Young RemSet Sampling" [stack: 0x00007fc2948d0000,0x00007fc2949d0000] [id=32707]

Threads with active compile tasks:
C2 CompilerThread0     7817 1542       4       jdk.internal.org.objectweb.asm.Frame::execute (2264 bytes)

VM state:not at safepoint (normal execution)

VM Mutex/Monitor currently owned by a thread: None

Heap address: 0x00000000a4600000, size: 1466 MB, Compressed Oops mode: 32-bit
Narrow klass base: 0x0000000800000000, Narrow klass shift: 3
Compressed class space size: 1073741824 Address: 0x0000000840000000

Heap:
 garbage-first heap   total 96256K, used 11938K [0x00000000a4600000, 0x0000000100000000)
  region size 1024K, 9 young (9216K), 3 survivors (3072K)
 Metaspace       used 14686K, capacity 15487K, committed 15744K, reserved 1062912K
  class space    used 1704K, capacity 1843K, committed 1920K, reserved 1048576K
Heap Regions: E=young(eden), S=young(survivor), O=old, HS=humongous(starts), HC=humongous(continues), CS=collection set, F=free, A=archive, TAMS=top-at-mark-start (previous, next)
|   0|0x00000000a4600000, 0x00000000a4700000, 0x00000000a4700000|100%| O|  |TAMS 0x00000000a4600000, 0x00000000a4600000| Untracked 
|   1|0x00000000a4700000, 0x00000000a4800000, 0x00000000a4800000|100%| O|  |TAMS 0x00000000a4700000, 0x00000000a4700000| Untracked 
|   2|0x00000000a4800000, 0x00000000a48f4a00, 0x00000000a4900000| 95%| O|  |TAMS 0x00000000a4800000, 0x00000000a4800000| Untracked 
|   3|0x00000000a4900000, 0x00000000a4900000, 0x00000000a4a00000|  0%| F|  |TAMS 0x00000000a4900000, 0x00000000a4900000| Untracked 
|   4|0x00000000a4a00000, 0x00000000a4a00000, 0x00000000a4b00000|  0%| F|  |TAMS 0x00000000a4a00000, 0x00000000a4a00000| Untracked 
|   5|0x00000000a4b00000, 0x00000000a4b00000, 0x00000000a4c00000|  0%| F|  |TAMS 0x00000000a4b00000, 0x00000000a4b00000| Untracked 
|   6|0x00000000a4c00000, 0x00000000a4c00000, 0x00000000a4d00000|  0%| F|  |TAMS 0x00000000a4c00000, 0x00000000a4c00000| Untracked 
|   7|0x00000000a4d00000, 0x00000000a4d00000, 0x00000000a4e00000|  0%| F|  |TAMS 0x00000000a4d00000, 0x00000000a4d00000| Untracked 
|   8|0x00000000a4e00000, 0x00000000a4e00000, 0x00000000a4f00000|  0%| F|  |TAMS 0x00000000a4e00000, 0x00000000a4e00000| Untracked 
|   9|0x00000000a4f00000, 0x00000000a4f00000, 0x00000000a5000000|  0%| F|  |TAMS 0x00000000a4f00000, 0x00000000a4f00000| Untracked 
|  10|0x00000000a5000000, 0x00000000a5000000, 0x00000000a5100000|  0%| F|  |TAMS 0x00000000a5000000, 0x00000000a5000000| Untracked 
|  11|0x00000000a5100000, 0x00000000a5100000, 0x00000000a5200000|  0%| F|  |TAMS 0x00000000a5100000, 0x00000000a5100000| Untracked 
|  12|0x00000000a5200000, 0x00000000a5200000, 0x00000000a5300000|  0%| F|  |TAMS 0x00000000a5200000, 0x00000000a5200000| Untracked 
|  13|0x00000000a5300000, 0x00000000a5300000, 0x00000000a5400000|  0%| F|  |TAMS 0x00000000a5300000, 0x00000000a5300000| Untracked 
|  14|0x00000000a5400000, 0x00000000a5400000, 0x00000000a5500000|  0%| F|  |TAMS 0x00000000a5400000, 0x00000000a5400000| Untracked 
|  15|0x00000000a5500000, 0x00000000a5500000, 0x00000000a5600000|  0%| F|  |TAMS 0x00000000a5500000, 0x00000000a5500000| Untracked 
|  16|0x00000000a5600000, 0x00000000a5600000, 0x00000000a5700000|  0%| F|  |TAMS 0x00000000a5600000, 0x00000000a5600000| Untracked 
|  17|0x00000000a5700000, 0x00000000a5700000, 0x00000000a5800000|  0%| F|  |TAMS 0x00000000a5700000, 0x00000000a5700000| Untracked 
|  18|0x00000000a5800000, 0x00000000a5800000, 0x00000000a5900000|  0%| F|  |TAMS 0x00000000a5800000, 0x00000000a5800000| Untracked 
|  19|0x00000000a5900000, 0x00000000a5900000, 0x00000000a5a00000|  0%| F|  |TAMS 0x00000000a5900000, 0x00000000a5900000| Untracked 
|  20|0x00000000a5a00000, 0x00000000a5a00000, 0x00000000a5b00000|  0%| F|  |TAMS 0x00000000a5a00000, 0x00000000a5a00000| Untracked 
|  21|0x00000000a5b00000, 0x00000000a5b00000, 0x00000000a5c00000|  0%| F|  |TAMS 0x00000000a5b00000, 0x00000000a5b00000| Untracked 
|  22|0x00000000a5c00000, 0x00000000a5c00000, 0x00000000a5d00000|  0%| F|  |TAMS 0x00000000a5c00000, 0x00000000a5c00000| Untracked 
|  23|0x00000000a5d00000, 0x00000000a5d00000, 0x00000000a5e00000|  0%| F|  |TAMS 0x00000000a5d00000, 0x00000000a5d00000| Untracked 
|  24|0x00000000a5e00000, 0x00000000a5e00000, 0x00000000a5f00000|  0%| F|  |TAMS 0x00000000a5e00000, 0x00000000a5e00000| Untracked 
|  25|0x00000000a5f00000, 0x00000000a5f00000, 0x00000000a6000000|  0%| F|  |TAMS 0x00000000a5f00000, 0x00000000a5f00000| Untracked 
|  26|0x00000000a6000000, 0x00000000a6000000, 0x00000000a6100000|  0%| F|  |TAMS 0x00000000a6000000, 0x00000000a6000000| Untracked 
|  27|0x00000000a6100000, 0x00000000a6100000, 0x00000000a6200000|  0%| F|  |TAMS 0x00000000a6100000, 0x00000000a6100000| Untracked 
|  28|0x00000000a6200000, 0x00000000a6200000, 0x00000000a6300000|  0%| F|  |TAMS 0x00000000a6200000, 0x00000000a6200000| Untracked 
|  29|0x00000000a6300000, 0x00000000a6300000, 0x00000000a6400000|  0%| F|  |TAMS 0x00000000a6300000, 0x00000000a6300000| Untracked 
|  30|0x00000000a6400000, 0x00000000a6400000, 0x00000000a6500000|  0%| F|  |TAMS 0x00000000a6400000, 0x00000000a6400000| Untracked 
|  31|0x00000000a6500000, 0x00000000a6500000, 0x00000000a6600000|  0%| F|  |TAMS 0x00000000a6500000, 0x00000000a6500000| Untracked 
|  32|0x00000000a6600000, 0x00000000a6600000, 0x00000000a6700000|  0%| F|  |TAMS 0x00000000a6600000, 0x00000000a6600000| Untracked 
|  33|0x00000000a6700000, 0x00000000a6700000, 0x00000000a6800000|  0%| F|  |TAMS 0x00000000a6700000, 0x00000000a6700000| Untracked 
|  34|0x00000000a6800000, 0x00000000a6800000, 0x00000000a6900000|  0%| F|  |TAMS 0x00000000a6800000, 0x00000000a6800000| Untracked 
|  35|0x00000000a6900000, 0x00000000a6900000, 0x00000000a6a00000|  0%| F|  |TAMS 0x00000000a6900000, 0x00000000a6900000| Untracked 
|  36|0x00000000a6a00000, 0x00000000a6a00000, 0x00000000a6b00000|  0%| F|  |TAMS 0x00000000a6a00000, 0x00000000a6a00000| Untracked 
|  37|0x00000000a6b00000, 0x00000000a6b00000, 0x00000000a6c00000|  0%| F|  |TAMS 0x00000000a6b00000, 0x00000000a6b00000| Untracked 
|  38|0x00000000a6c00000, 0x00000000a6c00000, 0x00000000a6d00000|  0%| F|  |TAMS 0x00000000a6c00000, 0x00000000a6c00000| Untracked 
|  39|0x00000000a6d00000, 0x00000000a6d00000, 0x00000000a6e00000|  0%| F|  |TAMS 0x00000000a6d00000, 0x00000000a6d00000| Untracked 
|  40|0x00000000a6e00000, 0x00000000a6e00000, 0x00000000a6f00000|  0%| F|  |TAMS 0x00000000a6e00000, 0x00000000a6e00000| Untracked 
|  41|0x00000000a6f00000, 0x00000000a6f00000, 0x00000000a7000000|  0%| F|  |TAMS 0x00000000a6f00000, 0x00000000a6f00000| Untracked 
|  42|0x00000000a7000000, 0x00000000a7000000, 0x00000000a7100000|  0%| F|  |TAMS 0x00000000a7000000, 0x00000000a7000000| Untracked 
|  43|0x00000000a7100000, 0x00000000a7100000, 0x00000000a7200000|  0%| F|  |TAMS 0x00000000a7100000, 0x00000000a7100000| Untracked 
|  44|0x00000000a7200000, 0x00000000a7200000, 0x00000000a7300000|  0%| F|  |TAMS 0x00000000a7200000, 0x00000000a7200000| Untracked 
|  45|0x00000000a7300000, 0x00000000a7300000, 0x00000000a7400000|  0%| F|  |TAMS 0x00000000a7300000, 0x00000000a7300000| Untracked 
|  46|0x00000000a7400000, 0x00000000a7400000, 0x00000000a7500000|  0%| F|  |TAMS 0x00000000a7400000, 0x00000000a7400000| Untracked 
|  47|0x00000000a7500000, 0x00000000a7500000, 0x00000000a7600000|  0%| F|  |TAMS 0x00000000a7500000, 0x00000000a7500000| Untracked 
|  48|0x00000000a7600000, 0x00000000a7600000, 0x00000000a7700000|  0%| F|  |TAMS 0x00000000a7600000, 0x00000000a7600000| Untracked 
|  49|0x00000000a7700000, 0x00000000a7700000, 0x00000000a7800000|  0%| F|  |TAMS 0x00000000a7700000, 0x00000000a7700000| Untracked 
|  50|0x00000000a7800000, 0x00000000a7800000, 0x00000000a7900000|  0%| F|  |TAMS 0x00000000a7800000, 0x00000000a7800000| Untracked 
|  51|0x00000000a7900000, 0x00000000a7900000, 0x00000000a7a00000|  0%| F|  |TAMS 0x00000000a7900000, 0x00000000a7900000| Untracked 
|  52|0x00000000a7a00000, 0x00000000a7a00000, 0x00000000a7b00000|  0%| F|  |TAMS 0x00000000a7a00000, 0x00000000a7a00000| Untracked 
|  53|0x00000000a7b00000, 0x00000000a7b00000, 0x00000000a7c00000|  0%| F|  |TAMS 0x00000000a7b00000, 0x00000000a7b00000| Untracked 
|  54|0x00000000a7c00000, 0x00000000a7c00000, 0x00000000a7d00000|  0%| F|  |TAMS 0x00000000a7c00000, 0x00000000a7c00000| Untracked 
|  55|0x00000000a7d00000, 0x00000000a7d00000, 0x00000000a7e00000|  0%| F|  |TAMS 0x00000000a7d00000, 0x00000000a7d00000| Untracked 
|  56|0x00000000a7e00000, 0x00000000a7e00000, 0x00000000a7f00000|  0%| F|  |TAMS 0x00000000a7e00000, 0x00000000a7e00000| Untracked 
|  57|0x00000000a7f00000, 0x00000000a7f00000, 0x00000000a8000000|  0%| F|  |TAMS 0x00000000a7f00000, 0x00000000a7f00000| Untracked 
|  58|0x00000000a8000000, 0x00000000a8000000, 0x00000000a8100000|  0%| F|  |TAMS 0x00000000a8000000, 0x00000000a8000000| Untracked 
|  59|0x00000000a8100000, 0x00000000a8100000, 0x00000000a8200000|  0%| F|  |TAMS 0x00000000a8100000, 0x00000000a8100000| Untracked 
|  60|0x00000000a8200000, 0x00000000a8200000, 0x00000000a8300000|  0%| F|  |TAMS 0x00000000a8200000, 0x00000000a8200000| Untracked 
|  61|0x00000000a8300000, 0x00000000a8300000, 0x00000000a8400000|  0%| F|  |TAMS 0x00000000a8300000, 0x00000000a8300000| Untracked 
|  62|0x00000000a8400000, 0x00000000a8400000, 0x00000000a8500000|  0%| F|  |TAMS 0x00000000a8400000, 0x00000000a8400000| Untracked 
|  63|0x00000000a8500000, 0x00000000a8500000, 0x00000000a8600000|  0%| F|  |TAMS 0x00000000a8500000, 0x00000000a8500000| Untracked 
|  64|0x00000000a8600000, 0x00000000a8600000, 0x00000000a8700000|  0%| F|  |TAMS 0x00000000a8600000, 0x00000000a8600000| Untracked 
|  65|0x00000000a8700000, 0x00000000a8800000, 0x00000000a8800000|100%| S|CS|TAMS 0x00000000a8700000, 0x00000000a8700000| Complete 
|  66|0x00000000a8800000, 0x00000000a8900000, 0x00000000a8900000|100%| S|CS|TAMS 0x00000000a8800000, 0x00000000a8800000| Complete 
|  67|0x00000000a8900000, 0x00000000a8900000, 0x00000000a8a00000|  0%| F|  |TAMS 0x00000000a8900000, 0x00000000a8900000| Untracked 
|  68|0x00000000a8a00000, 0x00000000a8a00000, 0x00000000a8b00000|  0%| F|  |TAMS 0x00000000a8a00000, 0x00000000a8a00000| Untracked 
|  69|0x00000000a8b00000, 0x00000000a8b00000, 0x00000000a8c00000|  0%| F|  |TAMS 0x00000000a8b00000, 0x00000000a8b00000| Untracked 
|  70|0x00000000a8c00000, 0x00000000a8d00000, 0x00000000a8d00000|100%| S|CS|TAMS 0x00000000a8c00000, 0x00000000a8c00000| Complete 
|  71|0x00000000a8d00000, 0x00000000a8d00000, 0x00000000a8e00000|  0%| F|  |TAMS 0x00000000a8d00000, 0x00000000a8d00000| Untracked 
|  72|0x00000000a8e00000, 0x00000000a8e00000, 0x00000000a8f00000|  0%| F|  |TAMS 0x00000000a8e00000, 0x00000000a8e00000| Untracked 
|  73|0x00000000a8f00000, 0x00000000a8f00000, 0x00000000a9000000|  0%| F|  |TAMS 0x00000000a8f00000, 0x00000000a8f00000| Untracked 
|  74|0x00000000a9000000, 0x00000000a9000000, 0x00000000a9100000|  0%| F|  |TAMS 0x00000000a9000000, 0x00000000a9000000| Untracked 
|  75|0x00000000a9100000, 0x00000000a9100000, 0x00000000a9200000|  0%| F|  |TAMS 0x00000000a9100000, 0x00000000a9100000| Untracked 
|  76|0x00000000a9200000, 0x00000000a9200000, 0x00000000a9300000|  0%| F|  |TAMS 0x00000000a9200000, 0x00000000a9200000| Untracked 
|  77|0x00000000a9300000, 0x00000000a9300000, 0x00000000a9400000|  0%| F|  |TAMS 0x00000000a9300000, 0x00000000a9300000| Untracked 
|  78|0x00000000a9400000, 0x00000000a9400000, 0x00000000a9500000|  0%| F|  |TAMS 0x00000000a9400000, 0x00000000a9400000| Untracked 
|  79|0x00000000a9500000, 0x00000000a9500000, 0x00000000a9600000|  0%| F|  |TAMS 0x00000000a9500000, 0x00000000a9500000| Untracked 
|  80|0x00000000a9600000, 0x00000000a9600000, 0x00000000a9700000|  0%| F|  |TAMS 0x00000000a9600000, 0x00000000a9600000| Untracked 
|  81|0x00000000a9700000, 0x00000000a9700000, 0x00000000a9800000|  0%| F|  |TAMS 0x00000000a9700000, 0x00000000a9700000| Untracked 
|  82|0x00000000a9800000, 0x00000000a9800000, 0x00000000a9900000|  0%| F|  |TAMS 0x00000000a9800000, 0x00000000a9800000| Untracked 
|  83|0x00000000a9900000, 0x00000000a9900000, 0x00000000a9a00000|  0%| F|  |TAMS 0x00000000a9900000, 0x00000000a9900000| Untracked 
|  84|0x00000000a9a00000, 0x00000000a9a00000, 0x00000000a9b00000|  0%| F|  |TAMS 0x00000000a9a00000, 0x00000000a9a00000| Untracked 
|  85|0x00000000a9b00000, 0x00000000a9b00000, 0x00000000a9c00000|  0%| F|  |TAMS 0x00000000a9b00000, 0x00000000a9b00000| Untracked 
|  86|0x00000000a9c00000, 0x00000000a9c7a3f8, 0x00000000a9d00000| 47%| E|  |TAMS 0x00000000a9c00000, 0x00000000a9c00000| Complete 
|  87|0x00000000a9d00000, 0x00000000a9e00000, 0x00000000a9e00000|100%| E|CS|TAMS 0x00000000a9d00000, 0x00000000a9d00000| Complete 
|  88|0x00000000a9e00000, 0x00000000a9f00000, 0x00000000a9f00000|100%| E|CS|TAMS 0x00000000a9e00000, 0x00000000a9e00000| Complete 
|  89|0x00000000a9f00000, 0x00000000aa000000, 0x00000000aa000000|100%| E|CS|TAMS 0x00000000a9f00000, 0x00000000a9f00000| Complete 
|  90|0x00000000aa000000, 0x00000000aa100000, 0x00000000aa100000|100%| E|CS|TAMS 0x00000000aa000000, 0x00000000aa000000| Complete 
|  91|0x00000000aa100000, 0x00000000aa200000, 0x00000000aa200000|100%| E|CS|TAMS 0x00000000aa100000, 0x00000000aa100000| Complete 
|1464|0x00000000ffe00000, 0x00000000ffe48000, 0x00000000fff00000| 28%|OA|  |TAMS 0x00000000ffe00000, 0x00000000ffe00000| Untracked 
|1465|0x00000000fff00000, 0x00000000fff6c000, 0x0000000100000000| 42%|CA|  |TAMS 0x00000000fff00000, 0x00000000fff00000| Untracked 

Card table byte_map: [0x00007fc2951e6000,0x00007fc2954c3000] _byte_map_base: 0x00007fc294cc3000

Marking Bits (Prev, Next): (CMBitMap*) 0x00007fc29004eaf8, (CMBitMap*) 0x00007fc29004eb30
 Prev Bits: [0x00007fc272918000, 0x00007fc274000000)
 Next Bits: [0x00007fc271230000, 0x00007fc272918000)

Polling page: 0x00007fc295cb5000

Metaspace:

Usage:
  Non-class:     13.32 MB capacity,    12.68 MB ( 95%) used,   634.36 KB (  5%) free+waste,    27.19 KB ( <1%) overhead. 
      Class:      1.80 MB capacity,     1.66 MB ( 92%) used,   125.18 KB (  7%) free+waste,    13.50 KB ( <1%) overhead. 
       Both:     15.12 MB capacity,    14.34 MB ( 95%) used,   759.54 KB (  5%) free+waste,    40.69 KB ( <1%) overhead. 

Virtual space:
  Non-class space:       14.00 MB reserved,      13.50 MB ( 96%) committed 
      Class space:        1.00 GB reserved,       1.88 MB ( <1%) committed 
             Both:        1.01 GB reserved,      15.38 MB (  1%) committed 

Chunk freelists:
   Non-Class:  12.00 KB
       Class:  13.00 KB
        Both:  25.00 KB

MaxMetaspaceSize: unlimited
CompressedClassSpaceSize: 1.00 GB
Initial GC threshold: 20.80 MB
Current GC threshold: 20.80 MB
CDS: on

CodeHeap 'non-profiled nmethods': size=120036Kb used=615Kb max_used=615Kb free=119420Kb
 bounds [0x00007fc2802b8000, 0x00007fc280528000, 0x00007fc2877f1000]
CodeHeap 'profiled nmethods': size=120032Kb used=3181Kb max_used=3181Kb free=116850Kb
 bounds [0x00007fc278d80000, 0x00007fc2790a0000, 0x00007fc2802b8000]
CodeHeap 'non-nmethods': size=5692Kb used=1207Kb max_used=1219Kb free=4484Kb
 bounds [0x00007fc2787f1000, 0x00007fc278a61000, 0x00007fc278d80000]
 total_blobs=2253 nmethods=1789 adapters=377
 compilation: enabled
              stopped_count=0, restarted_count=0
 full_count=0

Compilation events (20 events):
Event: 7.727 Thread 0x00007fc2900ed000 nmethod 1793 0x00007fc279092190 code [0x00007fc279092340, 0x00007fc2790924b0]
Event: 7.727 Thread 0x00007fc2900ed000 1794       2       org.apache.jena.graph.impl.GraphBase::add (15 bytes)
Event: 7.728 Thread 0x00007fc2900ed000 nmethod 1794 0x00007fc279092510 code [0x00007fc279092720, 0x00007fc279092d40]
Event: 7.728 Thread 0x00007fc2900ed000 1797       2       org.apache.jena.graph.Triple::<init> (62 bytes)
Event: 7.729 Thread 0x00007fc2900ed000 nmethod 1797 0x00007fc279092f90 code [0x00007fc279093180, 0x00007fc279093640]
Event: 7.729 Thread 0x00007fc2900ed000 1791       2       org.apache.jena.rdf.model.impl.ModelCom::add (25 bytes)
Event: 7.729 Thread 0x00007fc2900ed000 nmethod 1791 0x00007fc279093810 code [0x00007fc2790939e0, 0x00007fc279093c00]
Event: 7.729 Thread 0x00007fc2900ed000 1790       2       org.apache.jena.rdf.model.impl.PropertyImpl::inModel (23 bytes)
Event: 7.730 Thread 0x00007fc2900ed000 nmethod 1790 0x00007fc279093d90 code [0x00007fc279093f60, 0x00007fc2790941a0]
Event: 7.730 Thread 0x00007fc2900ed000 1789       2       org.apache.jena.rdf.model.impl.StatementBase::<init> (24 bytes)
Event: 7.730 Thread 0x00007fc2900ed000 nmethod 1789 0x00007fc279094310 code [0x00007fc2790944e0, 0x00007fc279094740]
Event: 7.730 Thread 0x00007fc2900ed000 1785   !   2       org.apache.jena.ext.com.google.common.cache.LocalCache::processPendingNotifications (48 bytes)
Event: 7.731 Thread 0x00007fc2900ed000 nmethod 1785 0x00007fc279094890 code [0x00007fc279094aa0, 0x00007fc279094ee0]
Event: 7.731 Thread 0x00007fc2900ed000 1798       2       org.apache.jena.datatypes.BaseDatatype::getHashCode (7 bytes)
Event: 7.732 Thread 0x00007fc2900ed000 nmethod 1798 0x00007fc279095190 code [0x00007fc279095360, 0x00007fc279095510]
Event: 7.732 Thread 0x00007fc2900ed000 1799       2       org.apache.jena.rdf.model.impl.ResourceImpl::<init> (7 bytes)
Event: 7.733 Thread 0x00007fc2900ed000 nmethod 1799 0x00007fc279095610 code [0x00007fc2790957c0, 0x00007fc2790959f0]
Event: 7.733 Thread 0x00007fc2900ed000 1800       2       java.lang.invoke.LambdaForm$MH/0x0000000840066c40::invoke (31 bytes)
Event: 7.733 Thread 0x00007fc2900ed000 nmethod 1800 0x00007fc279095a90 code [0x00007fc279095c60, 0x00007fc279095e10]
Event: 7.733 Thread 0x00007fc2900ed000 1801       2       com.sun.jna.Function::convertArgument (895 bytes)

GC Heap History (6 events):
Event: 0.451 GC heap before
{Heap before GC invocations=0 (full 0):
 garbage-first heap   total 96256K, used 6864K [0x00000000a4600000, 0x0000000100000000)
  region size 1024K, 7 young (7168K), 0 survivors (0K)
 Metaspace       used 1376K, capacity 5432K, committed 5632K, reserved 1056768K
  class space    used 124K, capacity 488K, committed 512K, reserved 1048576K
}
Event: 0.464 GC heap after
{Heap after GC invocations=1 (full 0):
 garbage-first heap   total 96256K, used 2888K [0x00000000a4600000, 0x0000000100000000)
  region size 1024K, 1 young (1024K), 1 survivors (1024K)
 Metaspace       used 1376K, capacity 5432K, committed 5632K, reserved 1056768K
  class space    used 124K, capacity 488K, committed 512K, reserved 1048576K
}
Event: 1.115 GC heap before
{Heap before GC invocations=1 (full 0):
 garbage-first heap   total 96256K, used 24392K [0x00000000a4600000, 0x0000000100000000)
  region size 1024K, 22 young (22528K), 1 survivors (1024K)
 Metaspace       used 8615K, capacity 11596K, committed 11904K, reserved 1060864K
  class space    used 984K, capacity 1293K, committed 1408K, reserved 1048576K
}
Event: 1.128 GC heap after
{Heap after GC invocations=2 (full 0):
 garbage-first heap   total 96256K, used 3941K [0x00000000a4600000, 0x0000000100000000)
  region size 1024K, 3 young (3072K), 3 survivors (3072K)
 Metaspace       used 8615K, capacity 11596K, committed 11904K, reserved 1060864K
  class space    used 984K, capacity 1293K, committed 1408K, reserved 1048576K
}
Event: 7.390 GC heap before
{Heap before GC invocations=2 (full 0):
 garbage-first heap   total 96256K, used 25445K [0x00000000a4600000, 0x0000000100000000)
  region size 1024K, 24 young (24576K), 3 survivors (3072K)
 Metaspace       used 13713K, capacity 14674K, committed 14848K, reserved 1062912K
  class space    used 1624K, capacity 1786K, committed 1792K, reserved 1048576K
}
Event: 7.422 GC heap after
{Heap after GC invocations=3 (full 0):
 garbage-first heap   total 96256K, used 6818K [0x00000000a4600000, 0x0000000100000000)
  region size 1024K, 3 young (3072K), 3 survivors (3072K)
 Metaspace       used 13713K, capacity 14674K, committed 14848K, reserved 1062912K
  class space    used 1624K, capacity 1786K, committed 1792K, reserved 1048576K
}

Deoptimization events (20 events):
Event: 1.986 Thread 0x00007fc290018000 DEOPT PACKING pc=0x00007fc2802fa81c sp=0x00007fc295ded120
Event: 1.986 Thread 0x00007fc290018000 DEOPT UNPACKING pc=0x00007fc2787f92a5 sp=0x00007fc295ded0b0 mode 2
Event: 6.949 Thread 0x00007fc290018000 DEOPT PACKING pc=0x00007fc278f23130 sp=0x00007fc295dee0b0
Event: 6.949 Thread 0x00007fc290018000 DEOPT UNPACKING pc=0x00007fc27883a9fa sp=0x00007fc295ded5e8 mode 0
Event: 7.652 Thread 0x00007fc290018000 Uncommon trap: trap_request=0xffffffde fr.pc=0x00007fc2802e5be8 relative=0x00000000000001c8
Event: 7.652 Thread 0x00007fc290018000 Uncommon trap: reason=class_check action=maybe_recompile pc=0x00007fc2802e5be8 method=java.lang.String.equals(Ljava/lang/Object;)Z @ 8 c2
Event: 7.652 Thread 0x00007fc290018000 DEOPT PACKING pc=0x00007fc2802e5be8 sp=0x00007fc295dee1f0
Event: 7.652 Thread 0x00007fc290018000 DEOPT UNPACKING pc=0x00007fc2787f92a5 sp=0x00007fc295dee1a8 mode 2
Event: 7.652 Thread 0x00007fc290018000 Uncommon trap: trap_request=0xffffffde fr.pc=0x00007fc2802e5be8 relative=0x00000000000001c8
Event: 7.652 Thread 0x00007fc290018000 Uncommon trap: reason=class_check action=maybe_recompile pc=0x00007fc2802e5be8 method=java.lang.String.equals(Ljava/lang/Object;)Z @ 8 c2
Event: 7.652 Thread 0x00007fc290018000 DEOPT PACKING pc=0x00007fc2802e5be8 sp=0x00007fc295dee1f0
Event: 7.652 Thread 0x00007fc290018000 DEOPT UNPACKING pc=0x00007fc2787f92a5 sp=0x00007fc295dee1a8 mode 2
Event: 7.652 Thread 0x00007fc290018000 Uncommon trap: trap_request=0xffffffde fr.pc=0x00007fc2802e5be8 relative=0x00000000000001c8
Event: 7.652 Thread 0x00007fc290018000 Uncommon trap: reason=class_check action=maybe_recompile pc=0x00007fc2802e5be8 method=java.lang.String.equals(Ljava/lang/Object;)Z @ 8 c2
Event: 7.652 Thread 0x00007fc290018000 DEOPT PACKING pc=0x00007fc2802e5be8 sp=0x00007fc295dee290
Event: 7.653 Thread 0x00007fc290018000 DEOPT UNPACKING pc=0x00007fc2787f92a5 sp=0x00007fc295dee248 mode 2
Event: 7.653 Thread 0x00007fc290018000 Uncommon trap: trap_request=0xffffffde fr.pc=0x00007fc2802e5be8 relative=0x00000000000001c8
Event: 7.653 Thread 0x00007fc290018000 Uncommon trap: reason=class_check action=maybe_recompile pc=0x00007fc2802e5be8 method=java.lang.String.equals(Ljava/lang/Object;)Z @ 8 c2
Event: 7.653 Thread 0x00007fc290018000 DEOPT PACKING pc=0x00007fc2802e5be8 sp=0x00007fc295dee280
Event: 7.653 Thread 0x00007fc290018000 DEOPT UNPACKING pc=0x00007fc2787f92a5 sp=0x00007fc295dee238 mode 2

Classes redefined (0 events):
No events

Internal exceptions (20 events):
Event: 0.103 Thread 0x00007fc290018000 Exception <a 'java/security/PrivilegedActionException'{0x00000000aa1afed8}> (0x00000000aa1afed8) thrown at [src/hotspot/share/prims/jvm.cpp, line 1304]
Event: 0.103 Thread 0x00007fc290018000 Exception <a 'java/security/PrivilegedActionException'{0x00000000aa1b01a8}> (0x00000000aa1b01a8) thrown at [src/hotspot/share/prims/jvm.cpp, line 1304]
Event: 0.647 Thread 0x00007fc290018000 Exception <a 'java/lang/NoSuchMethodError'{0x00000000a9dcb538}: 'java.lang.Object java.lang.invoke.Invokers$Holder.linkToTargetMethod(java.lang.Object, int, java.lang.Object)'> (0x00000000a9dcb538) thrown at [src/hotspot/share/interpreter/linkResolver.cpp, line 772]
Event: 0.662 Thread 0x00007fc290018000 Exception <a 'java/lang/NoSuchMethodError'{0x00000000a9cef898}: 'int java.lang.invoke.DirectMethodHandle$Holder.invokeStaticInit(java.lang.Object, java.lang.Object, java.lang.Object)'> (0x00000000a9cef898) thrown at [src/hotspot/share/interpreter/linkResolver.cpp, line 772]
Event: 0.706 Thread 0x00007fc290018000 Exception <a 'java/lang/NoClassDefFoundError'{0x00000000a9bd69f0}: org/slf4j/impl/StaticLoggerBinder> (0x00000000a9bd69f0) thrown at [src/hotspot/share/classfile/systemDictionary.cpp, line 219]
Event: 0.860 Thread 0x00007fc290018000 Exception <a 'java/lang/NoSuchMethodError'{0x00000000a95be898}: 'int java.lang.invoke.DirectMethodHandle$Holder.invokeStaticInit(java.lang.Object, java.lang.Object)'> (0x00000000a95be898) thrown at [src/hotspot/share/interpreter/linkResolver.cpp, line 772]
Event: 1.062 Thread 0x00007fc290018000 Exception <a 'java/lang/NoSuchMethodError'{0x00000000a8e3ccd0}: 'int java.lang.invoke.DirectMethodHandle$Holder.invokeSpecialIFC(java.lang.Object, java.lang.Object, int)'> (0x00000000a8e3ccd0) thrown at [src/hotspot/share/interpreter/linkResolver.cpp, line 772]
Event: 1.324 Thread 0x00007fc290018000 Exception <a 'java/lang/NoSuchMethodError'{0x00000000a9ae3a40}: 'java.lang.Object java.lang.invoke.DirectMethodHandle$Holder.invokeStaticInit(java.lang.Object, java.lang.Object, java.lang.Object, java.lang.Object)'> (0x00000000a9ae3a40) thrown at [src/hotspot/share/interpreter/linkResolver.cpp, line 772]
Event: 1.330 Thread 0x00007fc290018000 Exception <a 'java/lang/NoSuchMethodError'{0x00000000a9910fa8}: 'java.lang.Object java.lang.invoke.DirectMethodHandle$Holder.invokeStaticInit(java.lang.Object, java.lang.Object, int, java.lang.Object, java.lang.Object)'> (0x00000000a9910fa8) thrown at [src/hotspot/share/interpreter/linkResolver.cpp, line 772]
Event: 1.688 Thread 0x00007fc290018000 Exception <a 'java/lang/NoSuchMethodError'{0x00000000a97f6ad0}: 'java.lang.Object java.lang.invoke.DirectMethodHandle$Holder.invokeStatic(java.lang.Object, java.lang.Object, java.lang.Object, java.lang.Object, java.lang.Object, java.lang.Object, java.lang.Object, java.lang.Object, java.lang.Object, java.lang.Object, java.lang.Object, java.lang.Object, java.lang.Object, java.lang.Object, java.lang.Object)'> (0x00000000a97f6ad0) thrown at [src/hotspot/share/interpreter/linkResolver.cpp, line 772]
Event: 1.691 Thread 0x00007fc290018000 Exception <a 'java/lang/NoSuchMethodError'{0x00000000a9604e80}: 'java.lang.Object java.lang.invoke.DirectMethodHandle$Holder.invokeStatic(java.lang.Object, java.lang.Object, java.lang.Object, java.lang.Object, java.lang.Object, java.lang.Object, java.lang.Object, java.lang.Object, java.lang.Object, java.lang.Object, java.lang.Object, java.lang.Object, java.lang.Object, java.lang.Object, java.lang.Object, java.lang.Object)'> (0x00000000a9604e80) thrown at [src/hotspot/share/interpreter/linkResolver.cpp, lin
Event: 1.693 Thread 0x00007fc290018000 Exception <a 'java/lang/NoSuchMethodError'{0x00000000a9612af0}: 'java.lang.Object java.lang.invoke.DirectMethodHandle$Holder.invokeSpecial(java.lang.Object, java.lang.Object, int, int, java.lang.Object, java.lang.Object, java.lang.Object)'> (0x00000000a9612af0) thrown at [src/hotspot/share/interpreter/linkResolver.cpp, line 772]
Event: 1.693 Thread 0x00007fc290018000 Exception <a 'java/lang/NoSuchMethodError'{0x00000000a9616080}: 'java.lang.Object java.lang.invoke.DelegatingMethodHandle$Holder.reinvoke_L(java.lang.Object, int, int, java.lang.Object, java.lang.Object, java.lang.Object)'> (0x00000000a9616080) thrown at [src/hotspot/share/interpreter/linkResolver.cpp, line 772]
Event: 1.694 Thread 0x00007fc290018000 Exception <a 'java/lang/NoSuchMethodError'{0x00000000a961a308}: 'java.lang.Object java.lang.invoke.DirectMethodHandle$Holder.invokeStatic(java.lang.Object, java.lang.Object, java.lang.Object, java.lang.Object, int)'> (0x00000000a961a308) thrown at [src/hotspot/share/interpreter/linkResolver.cpp, line 772]
Event: 1.976 Thread 0x00007fc290018000 Exception <a 'java/lang/NoSuchMethodError'{0x00000000a9000100}: 'void java.lang.invoke.DirectMethodHandle$Holder.invokeStaticInit(java.lang.Object)'> (0x00000000a9000100) thrown at [src/hotspot/share/interpreter/linkResolver.cpp, line 772]
Event: 2.044 Thread 0x00007fc290018000 Exception <a 'java/lang/NoSuchMethodError'{0x00000000a8f3ecf0}: 'java.lang.Object java.lang.invoke.DirectMethodHandle$Holder.invokeVirtual(java.lang.Object, java.lang.Object, int, int)'> (0x00000000a8f3ecf0) thrown at [src/hotspot/share/interpreter/linkResolver.cpp, line 772]
Event: 7.488 Thread 0x00007fc290018000 Exception <a 'java/lang/NoSuchMethodError'{0x00000000aa049568}: 'java.lang.Object java.lang.invoke.DirectMethodHandle$Holder.invokeStatic(java.lang.Object, java.lang.Object, java.lang.Object, java.lang.Object, java.lang.Object, java.lang.Object, java.lang.Object, java.lang.Object, java.lang.Object, java.lang.Object, java.lang.Object, int)'> (0x00000000aa049568) thrown at [src/hotspot/share/interpreter/linkResolver.cpp, line 772]
Event: 7.491 Thread 0x00007fc290018000 Exception <a 'java/lang/NoSuchMethodError'{0x00000000aa0676e8}: 'java.lang.Object java.lang.invoke.DirectMethodHandle$Holder.invokeStatic(java.lang.Object, java.lang.Object, java.lang.Object, java.lang.Object, java.lang.Object, java.lang.Object, java.lang.Object, java.lang.Object, java.lang.Object, java.lang.Object, java.lang.Object, int, int)'> (0x00000000aa0676e8) thrown at [src/hotspot/share/interpreter/linkResolver.cpp, line 772]
Event: 7.497 Thread 0x00007fc290018000 Exception <a 'java/lang/NoSuchMethodError'{0x00000000aa0868b8}: 'java.lang.Object java.lang.invoke.DirectMethodHandle$Holder.invokeStatic(java.lang.Object, java.lang.Object, java.lang.Object, java.lang.Object, java.lang.Object, java.lang.Object, java.lang.Object, java.lang.Object, java.lang.Object, java.lang.Object, java.lang.Object, int, int, java.lang.Object)'> (0x00000000aa0868b8) thrown at [src/hotspot/share/interpreter/linkResolver.cpp, line 772]
Event: 7.510 Thread 0x00007fc290018000 Exception <a 'java/lang/NoSuchMethodError'{0x00000000aa0a6d70}: 'java.lang.Object java.lang.invoke.DirectMethodHandle$Holder.invokeStatic(java.lang.Object, java.lang.Object, java.lang.Object, java.lang.Object, java.lang.Object, java.lang.Object, java.lang.Object, java.lang.Object, java.lang.Object, java.lang.Object, java.lang.Object, int, int, java.lang.Object, java.lang.Object)'> (0x00000000aa0a6d70) thrown at [src/hotspot/share/interpreter/linkResolver.cpp, line 772]

Events (20 events):
Event: 7.597 loading class org/apache/jena/riot/tokens/Token$1
Event: 7.597 loading class org/apache/jena/riot/tokens/Token$1 done
Event: 7.597 loading class org/apache/jena/riot/tokens/StringType
Event: 7.597 loading class org/apache/jena/riot/tokens/StringType done
Event: 7.599 loading class org/apache/jena/riot/system/ParserProfileStd$1
Event: 7.599 loading class org/apache/jena/riot/system/ParserProfileStd$1 done
Event: 7.599 loading class org/apache/jena/graph/Node
Event: 7.599 loading class org/apache/jena/graph/Node done
Event: 7.600 loading class org/apache/jena/graph/Node
Event: 7.600 loading class org/apache/jena/graph/Node done
Event: 7.612 loading class org/apache/commons/codec/digest/MurmurHash3
Event: 7.612 loading class org/apache/commons/codec/digest/MurmurHash3 done
Event: 7.623 loading class org/apache/jena/graph/BlankNodeId
Event: 7.623 loading class org/apache/jena/graph/BlankNodeId done
Event: 7.646 loading class org/apache/jena/rdf/model/impl/StatementImpl
Event: 7.646 loading class org/apache/jena/rdf/model/impl/StatementImpl done
Event: 7.647 loading class org/apache/jena/rdf/model/impl/StatementBase
Event: 7.647 loading class org/apache/jena/rdf/model/impl/StatementBase done
Event: 7.665 loading class org/javafmi/wrapper/variables/SingleRead
Event: 7.665 loading class org/javafmi/wrapper/variables/SingleRead done


Dynamic libraries:
a4600000-aa200000 rw-p 00000000 00:00 0 
aa200000-ffe00000 ---p 00000000 00:00 0 
ffe00000-ffe48000 rw-p 00b13000 08:05 3014664                            /usr/lib/jvm/java-11-openjdk-amd64/lib/server/classes.jsa
ffe48000-fff00000 rw-p 00000000 00:00 0 
fff00000-fff6c000 rw-p 00aa7000 08:05 3014664                            /usr/lib/jvm/java-11-openjdk-amd64/lib/server/classes.jsa
fff6c000-100000000 rw-p 00000000 00:00 0 
800000000-800002000 rwxp 00001000 08:05 3014664                          /usr/lib/jvm/java-11-openjdk-amd64/lib/server/classes.jsa
800002000-8003ce000 rw-p 00003000 08:05 3014664                          /usr/lib/jvm/java-11-openjdk-amd64/lib/server/classes.jsa
8003ce000-800aa5000 r--p 003cf000 08:05 3014664                          /usr/lib/jvm/java-11-openjdk-amd64/lib/server/classes.jsa
800aa5000-800aa6000 rw-p 00aa6000 08:05 3014664                          /usr/lib/jvm/java-11-openjdk-amd64/lib/server/classes.jsa
840000000-8401e0000 rw-p 00000000 00:00 0 
8401e0000-880000000 ---p 00000000 00:00 0 
55e508e14000-55e508e15000 r--p 00000000 08:05 2752833                    /usr/lib/jvm/java-11-openjdk-amd64/bin/java
55e508e15000-55e508e16000 r-xp 00001000 08:05 2752833                    /usr/lib/jvm/java-11-openjdk-amd64/bin/java
55e508e16000-55e508e17000 r--p 00002000 08:05 2752833                    /usr/lib/jvm/java-11-openjdk-amd64/bin/java
55e508e17000-55e508e18000 r--p 00002000 08:05 2752833                    /usr/lib/jvm/java-11-openjdk-amd64/bin/java
55e508e18000-55e508e19000 rw-p 00003000 08:05 2752833                    /usr/lib/jvm/java-11-openjdk-amd64/bin/java
55e50a354000-55e50a375000 rw-p 00000000 00:00 0                          [heap]
7fc238000000-7fc238021000 rw-p 00000000 00:00 0 
7fc238021000-7fc23c000000 ---p 00000000 00:00 0 
7fc23c000000-7fc23c021000 rw-p 00000000 00:00 0 
7fc23c021000-7fc240000000 ---p 00000000 00:00 0 
7fc240000000-7fc24066d000 rw-p 00000000 00:00 0 
7fc24066d000-7fc244000000 ---p 00000000 00:00 0 
7fc244000000-7fc2443e6000 rw-p 00000000 00:00 0 
7fc2443e6000-7fc248000000 ---p 00000000 00:00 0 
7fc248000000-7fc248021000 rw-p 00000000 00:00 0 
7fc248021000-7fc24c000000 ---p 00000000 00:00 0 
7fc24c000000-7fc24c021000 rw-p 00000000 00:00 0 
7fc24c021000-7fc250000000 ---p 00000000 00:00 0 
7fc250000000-7fc250021000 rw-p 00000000 00:00 0 
7fc250021000-7fc254000000 ---p 00000000 00:00 0 
7fc254000000-7fc254021000 rw-p 00000000 00:00 0 
7fc254021000-7fc258000000 ---p 00000000 00:00 0 
7fc258000000-7fc258021000 rw-p 00000000 00:00 0 
7fc258021000-7fc25c000000 ---p 00000000 00:00 0 
7fc25c000000-7fc25c021000 rw-p 00000000 00:00 0 
7fc25c021000-7fc260000000 ---p 00000000 00:00 0 
7fc260000000-7fc260021000 rw-p 00000000 00:00 0 
7fc260021000-7fc264000000 ---p 00000000 00:00 0 
7fc264000000-7fc264021000 rw-p 00000000 00:00 0 
7fc264021000-7fc268000000 ---p 00000000 00:00 0 
7fc2694ea000-7fc269708000 r--p 00000000 08:05 4625912                    /tmp/fmu_e364201e_db3f_4e8a_b488_085bde586a04rabbit2_1_5-16_SG/binaries/linux64/rabbitmq.so
7fc269708000-7fc269b23000 r-xp 0021e000 08:05 4625912                    /tmp/fmu_e364201e_db3f_4e8a_b488_085bde586a04rabbit2_1_5-16_SG/binaries/linux64/rabbitmq.so
7fc269b23000-7fc269cad000 r--p 00639000 08:05 4625912                    /tmp/fmu_e364201e_db3f_4e8a_b488_085bde586a04rabbit2_1_5-16_SG/binaries/linux64/rabbitmq.so
7fc269cad000-7fc269cae000 ---p 007c3000 08:05 4625912                    /tmp/fmu_e364201e_db3f_4e8a_b488_085bde586a04rabbit2_1_5-16_SG/binaries/linux64/rabbitmq.so
7fc269cae000-7fc269cf4000 r--p 007c3000 08:05 4625912                    /tmp/fmu_e364201e_db3f_4e8a_b488_085bde586a04rabbit2_1_5-16_SG/binaries/linux64/rabbitmq.so
7fc269cf4000-7fc269d2d000 rw-p 00809000 08:05 4625912                    /tmp/fmu_e364201e_db3f_4e8a_b488_085bde586a04rabbit2_1_5-16_SG/binaries/linux64/rabbitmq.so
7fc269d2d000-7fc269d32000 rw-p 00000000 00:00 0 
7fc269d32000-7fc269d8b000 r--p 00000000 08:05 4602038                    /tmp/fmu_c5d73170_a762_43d1_bc87_4cefc69f7fe8kukalbriiwa_model/binaries/linux64/unifmu.so
7fc269d8b000-7fc269ef7000 r-xp 00059000 08:05 4602038                    /tmp/fmu_c5d73170_a762_43d1_bc87_4cefc69f7fe8kukalbriiwa_model/binaries/linux64/unifmu.so
7fc269ef7000-7fc269fb3000 r--p 001c5000 08:05 4602038                    /tmp/fmu_c5d73170_a762_43d1_bc87_4cefc69f7fe8kukalbriiwa_model/binaries/linux64/unifmu.so
7fc269fb3000-7fc269fb4000 ---p 00281000 08:05 4602038                    /tmp/fmu_c5d73170_a762_43d1_bc87_4cefc69f7fe8kukalbriiwa_model/binaries/linux64/unifmu.so
7fc269fb4000-7fc269fff000 r--p 00281000 08:05 4602038                    /tmp/fmu_c5d73170_a762_43d1_bc87_4cefc69f7fe8kukalbriiwa_model/binaries/linux64/unifmu.so
7fc269fff000-7fc26a000000 rw-p 002cc000 08:05 4602038                    /tmp/fmu_c5d73170_a762_43d1_bc87_4cefc69f7fe8kukalbriiwa_model/binaries/linux64/unifmu.so
7fc26a000000-7fc26c000000 rw-p 00000000 00:00 0 
7fc26c000000-7fc26c021000 rw-p 00000000 00:00 0 
7fc26c021000-7fc270000000 ---p 00000000 00:00 0 
7fc2701a2000-7fc2701b9000 r-xp 00000000 08:05 4604976                    /tmp/jna-2007796372/jna13176670856747774547.tmp (deleted)
7fc2701b9000-7fc2702b8000 ---p 00017000 08:05 4604976                    /tmp/jna-2007796372/jna13176670856747774547.tmp (deleted)
7fc2702b8000-7fc2702ba000 rw-p 00016000 08:05 4604976                    /tmp/jna-2007796372/jna13176670856747774547.tmp (deleted)
7fc2702ba000-7fc27043a000 rw-p 00000000 00:00 0 
7fc27043a000-7fc2704ba000 ---p 00000000 00:00 0 
7fc2704ba000-7fc2706ba000 rw-p 00000000 00:00 0 
7fc2706ba000-7fc2708ba000 rw-p 00000000 00:00 0 
7fc2708ba000-7fc2708bb000 ---p 00000000 00:00 0 
7fc2708bb000-7fc2709bc000 rw-p 00000000 00:00 0 
7fc2709bc000-7fc2709c0000 ---p 00000000 00:00 0 
7fc2709c0000-7fc270abd000 rw-p 00000000 00:00 0 
7fc270abd000-7fc270abe000 ---p 00000000 00:00 0 
7fc270abe000-7fc270bbf000 rw-p 00000000 00:00 0 
7fc270bbf000-7fc270bc3000 ---p 00000000 00:00 0 
7fc270bc3000-7fc270cc0000 rw-p 00000000 00:00 0 
7fc270cc0000-7fc271230000 r--p 00000000 08:05 2629154                    /usr/lib/locale/locale-archive
7fc271230000-7fc2713a0000 rw-p 00000000 00:00 0 
7fc2713a0000-7fc272910000 ---p 00000000 00:00 0 
7fc272910000-7fc272a88000 rw-p 00000000 00:00 0 
7fc272a88000-7fc273ff8000 ---p 00000000 00:00 0 
7fc273ff8000-7fc274000000 rw-p 00000000 00:00 0 
7fc274000000-7fc274021000 rw-p 00000000 00:00 0 
7fc274021000-7fc278000000 ---p 00000000 00:00 0 
7fc27800b000-7fc27803c000 rw-p 00000000 00:00 0 
7fc27803c000-7fc278040000 r--p 00000000 08:05 2753614                    /usr/lib/jvm/java-11-openjdk-amd64/lib/libnet.so
7fc278040000-7fc27804e000 r-xp 00004000 08:05 2753614                    /usr/lib/jvm/java-11-openjdk-amd64/lib/libnet.so
7fc27804e000-7fc278052000 r--p 00012000 08:05 2753614                    /usr/lib/jvm/java-11-openjdk-amd64/lib/libnet.so
7fc278052000-7fc278053000 r--p 00015000 08:05 2753614                    /usr/lib/jvm/java-11-openjdk-amd64/lib/libnet.so
7fc278053000-7fc278054000 rw-p 00016000 08:05 2753614                    /usr/lib/jvm/java-11-openjdk-amd64/lib/libnet.so
7fc278054000-7fc27805b000 r--p 00000000 08:05 2753615                    /usr/lib/jvm/java-11-openjdk-amd64/lib/libnio.so
7fc27805b000-7fc278063000 r-xp 00007000 08:05 2753615                    /usr/lib/jvm/java-11-openjdk-amd64/lib/libnio.so
7fc278063000-7fc278066000 r--p 0000f000 08:05 2753615                    /usr/lib/jvm/java-11-openjdk-amd64/lib/libnio.so
7fc278066000-7fc278067000 r--p 00011000 08:05 2753615                    /usr/lib/jvm/java-11-openjdk-amd64/lib/libnio.so
7fc278067000-7fc278068000 rw-p 00012000 08:05 2753615                    /usr/lib/jvm/java-11-openjdk-amd64/lib/libnio.so
7fc278068000-7fc27806c000 ---p 00000000 00:00 0 
7fc27806c000-7fc278169000 rw-p 00000000 00:00 0 
7fc278169000-7fc27816d000 ---p 00000000 00:00 0 
7fc27816d000-7fc27826a000 rw-p 00000000 00:00 0 
7fc27826a000-7fc27826e000 ---p 00000000 00:00 0 
7fc27826e000-7fc27836b000 rw-p 00000000 00:00 0 
7fc27836b000-7fc27836f000 ---p 00000000 00:00 0 
7fc27836f000-7fc27846c000 rw-p 00000000 00:00 0 
7fc27846c000-7fc278470000 ---p 00000000 00:00 0 
7fc278470000-7fc27856d000 rw-p 00000000 00:00 0 
7fc27856d000-7fc278571000 ---p 00000000 00:00 0 
7fc278571000-7fc27866e000 rw-p 00000000 00:00 0 
7fc27866e000-7fc27866f000 ---p 00000000 00:00 0 
7fc27866f000-7fc2787f1000 rw-p 00000000 00:00 0 
7fc2787f1000-7fc278a61000 rwxp 00000000 00:00 0 
7fc278a61000-7fc278d80000 ---p 00000000 00:00 0 
7fc278d80000-7fc2790a0000 rwxp 00000000 00:00 0 
7fc2790a0000-7fc2802b8000 ---p 00000000 00:00 0 
7fc2802b8000-7fc280528000 rwxp 00000000 00:00 0 
7fc280528000-7fc2877f1000 ---p 00000000 00:00 0 
7fc2877f1000-7fc290000000 r--s 00000000 08:05 2753624                    /usr/lib/jvm/java-11-openjdk-amd64/lib/modules
7fc290000000-7fc29093b000 rw-p 00000000 00:00 0 
7fc29093b000-7fc294000000 ---p 00000000 00:00 0 
7fc294003000-7fc294004000 r--p 00000000 08:05 3183385                    /usr/lib/x86_64-linux-gnu/gconv/UTF-16.so
7fc294004000-7fc294006000 r-xp 00001000 08:05 3183385                    /usr/lib/x86_64-linux-gnu/gconv/UTF-16.so
7fc294006000-7fc294007000 r--p 00003000 08:05 3183385                    /usr/lib/x86_64-linux-gnu/gconv/UTF-16.so
7fc294007000-7fc294008000 r--p 00003000 08:05 3183385                    /usr/lib/x86_64-linux-gnu/gconv/UTF-16.so
7fc294008000-7fc294009000 rw-p 00004000 08:05 3183385                    /usr/lib/x86_64-linux-gnu/gconv/UTF-16.so
7fc294009000-7fc29488c000 rw-p 00000000 00:00 0 
7fc29488c000-7fc2948ce000 rw-p 00000000 00:00 0 
7fc2948ce000-7fc2948cf000 ---p 00000000 00:00 0 
7fc2948cf000-7fc2949d0000 rw-p 00000000 00:00 0 
7fc2949d0000-7fc2949d1000 ---p 00000000 00:00 0 
7fc2949d1000-7fc294cd4000 rw-p 00000000 00:00 0 
7fc294cd4000-7fc294cd5000 ---p 00000000 00:00 0 
7fc294cd5000-7fc294dd6000 rw-p 00000000 00:00 0 
7fc294dd6000-7fc294dd7000 ---p 00000000 00:00 0 
7fc294dd7000-7fc294f37000 rw-p 00000000 00:00 0 
7fc294f37000-7fc2951e5000 ---p 00000000 00:00 0 
7fc2951e5000-7fc295214000 rw-p 00000000 00:00 0 
7fc295214000-7fc2954c2000 ---p 00000000 00:00 0 
7fc2954c2000-7fc2954f1000 rw-p 00000000 00:00 0 
7fc2954f1000-7fc29579f000 ---p 00000000 00:00 0 
7fc29579f000-7fc2959a2000 rw-p 00000000 00:00 0 
7fc2959a2000-7fc2959a3000 ---p 00000000 00:00 0 
7fc2959a3000-7fc295aa9000 rw-p 00000000 00:00 0 
7fc295aa9000-7fc295b8f000 ---p 00000000 00:00 0 
7fc295b8f000-7fc295b96000 rw-p 00000000 00:00 0 
7fc295b96000-7fc295c7a000 ---p 00000000 00:00 0 
7fc295c7a000-7fc295c7f000 rw-p 00000000 00:00 0 
7fc295c7f000-7fc295c86000 ---p 00000000 00:00 0 
7fc295c86000-7fc295c89000 r--p 00000000 08:05 2632028                    /usr/lib/x86_64-linux-gnu/libnss_files-2.31.so
7fc295c89000-7fc295c90000 r-xp 00003000 08:05 2632028                    /usr/lib/x86_64-linux-gnu/libnss_files-2.31.so
7fc295c90000-7fc295c92000 r--p 0000a000 08:05 2632028                    /usr/lib/x86_64-linux-gnu/libnss_files-2.31.so
7fc295c92000-7fc295c93000 r--p 0000b000 08:05 2632028                    /usr/lib/x86_64-linux-gnu/libnss_files-2.31.so
7fc295c93000-7fc295c94000 rw-p 0000c000 08:05 2632028                    /usr/lib/x86_64-linux-gnu/libnss_files-2.31.so
7fc295c94000-7fc295c9a000 rw-p 00000000 00:00 0 
7fc295c9b000-7fc295ca2000 r--s 00000000 08:05 3183390                    /usr/lib/x86_64-linux-gnu/gconv/gconv-modules.cache
7fc295ca2000-7fc295ca4000 r--p 00000000 08:05 2753623                    /usr/lib/jvm/java-11-openjdk-amd64/lib/libzip.so
7fc295ca4000-7fc295ca9000 r-xp 00002000 08:05 2753623                    /usr/lib/jvm/java-11-openjdk-amd64/lib/libzip.so
7fc295ca9000-7fc295cab000 r--p 00007000 08:05 2753623                    /usr/lib/jvm/java-11-openjdk-amd64/lib/libzip.so
7fc295cab000-7fc295cac000 r--p 00008000 08:05 2753623                    /usr/lib/jvm/java-11-openjdk-amd64/lib/libzip.so
7fc295cac000-7fc295cad000 rw-p 00009000 08:05 2753623                    /usr/lib/jvm/java-11-openjdk-amd64/lib/libzip.so
7fc295cad000-7fc295cb5000 rw-s 00000000 08:05 4594488                    /tmp/hsperfdata_santiago/32698
7fc295cb5000-7fc295cb6000 ---p 00000000 00:00 0 
7fc295cb6000-7fc295cb7000 r--p 00000000 00:00 0 
7fc295cb7000-7fc295cc5000 r--p 00000000 08:05 2753377                    /usr/lib/jvm/java-11-openjdk-amd64/lib/libjava.so
7fc295cc5000-7fc295cdb000 r-xp 0000e000 08:05 2753377                    /usr/lib/jvm/java-11-openjdk-amd64/lib/libjava.so
7fc295cdb000-7fc295ce2000 r--p 00024000 08:05 2753377                    /usr/lib/jvm/java-11-openjdk-amd64/lib/libjava.so
7fc295ce2000-7fc295ce3000 r--p 0002a000 08:05 2753377                    /usr/lib/jvm/java-11-openjdk-amd64/lib/libjava.so
7fc295ce3000-7fc295ce4000 rw-p 0002b000 08:05 2753377                    /usr/lib/jvm/java-11-openjdk-amd64/lib/libjava.so
7fc295ce4000-7fc295ce5000 rw-p 00000000 00:00 0 
7fc295ce5000-7fc295ce7000 r--p 00000000 08:05 2632038                    /usr/lib/x86_64-linux-gnu/librt-2.31.so
7fc295ce7000-7fc295ceb000 r-xp 00002000 08:05 2632038                    /usr/lib/x86_64-linux-gnu/librt-2.31.so
7fc295ceb000-7fc295ced000 r--p 00006000 08:05 2632038                    /usr/lib/x86_64-linux-gnu/librt-2.31.so
7fc295ced000-7fc295cee000 r--p 00007000 08:05 2632038                    /usr/lib/x86_64-linux-gnu/librt-2.31.so
7fc295cee000-7fc295cef000 rw-p 00008000 08:05 2632038                    /usr/lib/x86_64-linux-gnu/librt-2.31.so
7fc295cef000-7fc295cf3000 ---p 00000000 00:00 0 
7fc295cf3000-7fc295df0000 rw-p 00000000 00:00 0 
7fc295df0000-7fc295df3000 r--p 00000000 08:05 2622393                    /usr/lib/x86_64-linux-gnu/libgcc_s.so.1
7fc295df3000-7fc295e05000 r-xp 00003000 08:05 2622393                    /usr/lib/x86_64-linux-gnu/libgcc_s.so.1
7fc295e05000-7fc295e09000 r--p 00015000 08:05 2622393                    /usr/lib/x86_64-linux-gnu/libgcc_s.so.1
7fc295e09000-7fc295e0a000 r--p 00018000 08:05 2622393                    /usr/lib/x86_64-linux-gnu/libgcc_s.so.1
7fc295e0a000-7fc295e0b000 rw-p 00019000 08:05 2622393                    /usr/lib/x86_64-linux-gnu/libgcc_s.so.1
7fc295e0b000-7fc295e18000 r--p 00000000 08:05 2631998                    /usr/lib/x86_64-linux-gnu/libm-2.31.so
7fc295e18000-7fc295ebf000 r-xp 0000d000 08:05 2631998                    /usr/lib/x86_64-linux-gnu/libm-2.31.so
7fc295ebf000-7fc295f58000 r--p 000b4000 08:05 2631998                    /usr/lib/x86_64-linux-gnu/libm-2.31.so
7fc295f58000-7fc295f59000 r--p 0014c000 08:05 2631998                    /usr/lib/x86_64-linux-gnu/libm-2.31.so
7fc295f59000-7fc295f5a000 rw-p 0014d000 08:05 2631998                    /usr/lib/x86_64-linux-gnu/libm-2.31.so
7fc295f5a000-7fc295ff0000 r--p 00000000 08:05 2626859                    /usr/lib/x86_64-linux-gnu/libstdc++.so.6.0.28
7fc295ff0000-7fc2960e1000 r-xp 00096000 08:05 2626859                    /usr/lib/x86_64-linux-gnu/libstdc++.so.6.0.28
7fc2960e1000-7fc29612a000 r--p 00187000 08:05 2626859                    /usr/lib/x86_64-linux-gnu/libstdc++.so.6.0.28
7fc29612a000-7fc29612b000 ---p 001d0000 08:05 2626859                    /usr/lib/x86_64-linux-gnu/libstdc++.so.6.0.28
7fc29612b000-7fc296136000 r--p 001d0000 08:05 2626859                    /usr/lib/x86_64-linux-gnu/libstdc++.so.6.0.28
7fc296136000-7fc296139000 rw-p 001db000 08:05 2626859                    /usr/lib/x86_64-linux-gnu/libstdc++.so.6.0.28
7fc296139000-7fc29613c000 rw-p 00000000 00:00 0 
7fc29613c000-7fc2963be000 r--p 00000000 08:05 3017460                    /usr/lib/jvm/java-11-openjdk-amd64/lib/server/libjvm.so
7fc2963be000-7fc29704f000 r-xp 00282000 08:05 3017460                    /usr/lib/jvm/java-11-openjdk-amd64/lib/server/libjvm.so
7fc29704f000-7fc2972ae000 r--p 00f13000 08:05 3017460                    /usr/lib/jvm/java-11-openjdk-amd64/lib/server/libjvm.so
7fc2972ae000-7fc297372000 r--p 01171000 08:05 3017460                    /usr/lib/jvm/java-11-openjdk-amd64/lib/server/libjvm.so
7fc297372000-7fc2973ad000 rw-p 01235000 08:05 3017460                    /usr/lib/jvm/java-11-openjdk-amd64/lib/server/libjvm.so
7fc2973ad000-7fc297406000 rw-p 00000000 00:00 0 
7fc297406000-7fc297428000 r--p 00000000 08:05 2631994                    /usr/lib/x86_64-linux-gnu/libc-2.31.so
7fc297428000-7fc2975a0000 r-xp 00022000 08:05 2631994                    /usr/lib/x86_64-linux-gnu/libc-2.31.so
7fc2975a0000-7fc2975ee000 r--p 0019a000 08:05 2631994                    /usr/lib/x86_64-linux-gnu/libc-2.31.so
7fc2975ee000-7fc2975f2000 r--p 001e7000 08:05 2631994                    /usr/lib/x86_64-linux-gnu/libc-2.31.so
7fc2975f2000-7fc2975f4000 rw-p 001eb000 08:05 2631994                    /usr/lib/x86_64-linux-gnu/libc-2.31.so
7fc2975f4000-7fc2975f8000 rw-p 00000000 00:00 0 
7fc2975f8000-7fc2975f9000 r--p 00000000 08:05 2631996                    /usr/lib/x86_64-linux-gnu/libdl-2.31.so
7fc2975f9000-7fc2975fb000 r-xp 00001000 08:05 2631996                    /usr/lib/x86_64-linux-gnu/libdl-2.31.so
7fc2975fb000-7fc2975fc000 r--p 00003000 08:05 2631996                    /usr/lib/x86_64-linux-gnu/libdl-2.31.so
7fc2975fc000-7fc2975fd000 r--p 00003000 08:05 2631996                    /usr/lib/x86_64-linux-gnu/libdl-2.31.so
7fc2975fd000-7fc2975fe000 rw-p 00004000 08:05 2631996                    /usr/lib/x86_64-linux-gnu/libdl-2.31.so
7fc2975fe000-7fc297601000 r--p 00000000 08:05 3017457                    /usr/lib/jvm/java-11-openjdk-amd64/lib/jli/libjli.so
7fc297601000-7fc29760b000 r-xp 00003000 08:05 3017457                    /usr/lib/jvm/java-11-openjdk-amd64/lib/jli/libjli.so
7fc29760b000-7fc29760e000 r--p 0000d000 08:05 3017457                    /usr/lib/jvm/java-11-openjdk-amd64/lib/jli/libjli.so
7fc29760e000-7fc29760f000 ---p 00010000 08:05 3017457                    /usr/lib/jvm/java-11-openjdk-amd64/lib/jli/libjli.so
7fc29760f000-7fc297610000 r--p 00010000 08:05 3017457                    /usr/lib/jvm/java-11-openjdk-amd64/lib/jli/libjli.so
7fc297610000-7fc297611000 rw-p 00011000 08:05 3017457                    /usr/lib/jvm/java-11-openjdk-amd64/lib/jli/libjli.so
7fc297611000-7fc297617000 r--p 00000000 08:05 2632036                    /usr/lib/x86_64-linux-gnu/libpthread-2.31.so
7fc297617000-7fc297628000 r-xp 00006000 08:05 2632036                    /usr/lib/x86_64-linux-gnu/libpthread-2.31.so
7fc297628000-7fc29762e000 r--p 00017000 08:05 2632036                    /usr/lib/x86_64-linux-gnu/libpthread-2.31.so
7fc29762e000-7fc29762f000 r--p 0001c000 08:05 2632036                    /usr/lib/x86_64-linux-gnu/libpthread-2.31.so
7fc29762f000-7fc297630000 rw-p 0001d000 08:05 2632036                    /usr/lib/x86_64-linux-gnu/libpthread-2.31.so
7fc297630000-7fc297634000 rw-p 00000000 00:00 0 
7fc297634000-7fc297636000 r--p 00000000 08:05 2627188                    /usr/lib/x86_64-linux-gnu/libz.so.1.2.11
7fc297636000-7fc297647000 r-xp 00002000 08:05 2627188                    /usr/lib/x86_64-linux-gnu/libz.so.1.2.11
7fc297647000-7fc29764d000 r--p 00013000 08:05 2627188                    /usr/lib/x86_64-linux-gnu/libz.so.1.2.11
7fc29764d000-7fc29764e000 ---p 00019000 08:05 2627188                    /usr/lib/x86_64-linux-gnu/libz.so.1.2.11
7fc29764e000-7fc29764f000 r--p 00019000 08:05 2627188                    /usr/lib/x86_64-linux-gnu/libz.so.1.2.11
7fc29764f000-7fc297650000 rw-p 0001a000 08:05 2627188                    /usr/lib/x86_64-linux-gnu/libz.so.1.2.11
7fc297650000-7fc297652000 r--p 00000000 08:05 2753588                    /usr/lib/jvm/java-11-openjdk-amd64/lib/libjimage.so
7fc297652000-7fc297655000 r-xp 00002000 08:05 2753588                    /usr/lib/jvm/java-11-openjdk-amd64/lib/libjimage.so
7fc297655000-7fc297656000 r--p 00005000 08:05 2753588                    /usr/lib/jvm/java-11-openjdk-amd64/lib/libjimage.so
7fc297656000-7fc297657000 ---p 00006000 08:05 2753588                    /usr/lib/jvm/java-11-openjdk-amd64/lib/libjimage.so
7fc297657000-7fc297658000 r--p 00006000 08:05 2753588                    /usr/lib/jvm/java-11-openjdk-amd64/lib/libjimage.so
7fc297658000-7fc297659000 rw-p 00007000 08:05 2753588                    /usr/lib/jvm/java-11-openjdk-amd64/lib/libjimage.so
7fc297659000-7fc29765e000 r--p 00000000 08:05 2753622                    /usr/lib/jvm/java-11-openjdk-amd64/lib/libverify.so
7fc29765e000-7fc297665000 r-xp 00005000 08:05 2753622                    /usr/lib/jvm/java-11-openjdk-amd64/lib/libverify.so
7fc297665000-7fc297667000 r--p 0000c000 08:05 2753622                    /usr/lib/jvm/java-11-openjdk-amd64/lib/libverify.so
7fc297667000-7fc297668000 ---p 0000e000 08:05 2753622                    /usr/lib/jvm/java-11-openjdk-amd64/lib/libverify.so
7fc297668000-7fc29766a000 r--p 0000e000 08:05 2753622                    /usr/lib/jvm/java-11-openjdk-amd64/lib/libverify.so
7fc29766a000-7fc29766b000 rw-p 00010000 08:05 2753622                    /usr/lib/jvm/java-11-openjdk-amd64/lib/libverify.so
7fc29766b000-7fc29766d000 rw-p 00000000 00:00 0 
7fc29766d000-7fc29766e000 r--p 00000000 08:05 2623639                    /usr/lib/x86_64-linux-gnu/ld-2.31.so
7fc29766e000-7fc297691000 r-xp 00001000 08:05 2623639                    /usr/lib/x86_64-linux-gnu/ld-2.31.so
7fc297691000-7fc297699000 r--p 00024000 08:05 2623639                    /usr/lib/x86_64-linux-gnu/ld-2.31.so
7fc297699000-7fc29769a000 rwxp 00000000 00:00 0 
7fc29769a000-7fc29769b000 r--p 0002c000 08:05 2623639                    /usr/lib/x86_64-linux-gnu/ld-2.31.so
7fc29769b000-7fc29769c000 rw-p 0002d000 08:05 2623639                    /usr/lib/x86_64-linux-gnu/ld-2.31.so
7fc29769c000-7fc29769d000 rw-p 00000000 00:00 0 
7fffa33a9000-7fffa33cc000 rw-p 00000000 00:00 0                          [stack]
7fffa33db000-7fffa33df000 r--p 00000000 00:00 0                          [vvar]
7fffa33df000-7fffa33e1000 r-xp 00000000 00:00 0                          [vdso]
ffffffffff600000-ffffffffff601000 --xp 00000000 00:00 0                  [vsyscall]


VM Arguments:
jvm_args: -Dfile.encoding=UTF-8 -Duser.country=US -Duser.language=en -Duser.variant 
java_command: MainKt
java_class_path (initial): /home/santiago/Aarhus/ConfLiftingaaS/build/classes/java/main:/home/santiago/Aarhus/ConfLiftingaaS/build/classes/kotlin/main:/home/santiago/Aarhus/ConfLiftingaaS/build/resources/main:/home/santiago/.gradle/caches/modules-2/files-2.1/org.jetbrains.kotlinx/kotlinx-serialization-json-jvm/1.5.0/f2355f60f5c027da0326c8af2d9c724d39aa0ce9/kotlinx-serialization-json-jvm-1.5.0.jar:/home/santiago/.gradle/caches/modules-2/files-2.1/org.jetbrains.kotlinx/kotlinx-serialization-core-jvm/1.5.0/d701e8cccd443a7cc1a0bcac53432f2745dcdbda/kotlinx-serialization-core-jvm-1.5.0.jar:/home/santiago/.gradle/caches/modules-2/files-2.1/org.siani.javafmi/fmu-wrapper/2.26.3/56f94b5c0935c234802450545083855994612c41/fmu-wrapper-2.26.3.jar:/home/santiago/.gradle/caches/modules-2/files-2.1/org.jetbrains.kotlin/kotlin-stdlib-jdk8/1.8.10/7c002ac41f547a82e81dfebd2a20577a738dbf3f/kotlin-stdlib-jdk8-1.8.10.jar:/home/santiago/.gradle/caches/modules-2/files-2.1/org.apache.jena/jena-shacl/3.16.0/73224ac7a31181149fce1a85c4ad86a9e5d76c0d/jena-shacl-3.16.0.jar:/home/santiago/.gradle/caches/modules-2/files-2.1/org.apache.jena/jena-tdb/3.16.0/9cbf4b9d9ce058403f4977be0ceff0c6a6b755d/jena-tdb-3.16.0.jar:/home/santiago/.gradle/caches/modules-2/files-2.1/org.apache.jena/jena-rdfconnection/3.16.0/68e2a3f2c450ae4ce2652a3713dea95066bff25a/jena-rdfconnection-3.16.0.jar:/home/santiago/.gradle/caches/modules-2/files-2.1/org.apache.jena/jena-tdb2/3.16.0/1f014a32d88e4bb5ac4c5291703fafd5bd060a8c/jena-tdb2-3.16.0.jar:/home/santiago/.gradle/caches/modules-2/files-2.1/org.apache.jena/jena-dboe-storage/3.16.0/86876be46c78ee68172614c4bf3cd211b3815d33/jena-dboe-storage-3.16.0.jar:/home/santiago/.gradle/caches/modules-2/files-2.1/org.apache.jena/jena-dboe-trans-data/3.16.0/2df0c144ef7f420d45a984c753a7078b70618a94/jena-dboe-trans-data-3.16.0.jar:/home/santiago/.gradle/caches/modules-2/files-2.1/org.apache.jena/jena-dboe-transaction/3.16.0/668a904ec5532ff837e8a9b67460797f2654f077/jena-dboe-transaction-3.16.
Launcher Type: SUN_STANDARD

[Global flags]
     intx CICompilerCount                          = 2                                         {product} {ergonomic}
     uint ConcGCThreads                            = 1                                         {product} {ergonomic}
     uint G1ConcRefinementThreads                  = 2                                         {product} {ergonomic}
   size_t G1HeapRegionSize                         = 1048576                                   {product} {ergonomic}
    uintx GCDrainStackTargetSize                   = 64                                        {product} {ergonomic}
   size_t InitialHeapSize                          = 96468992                                  {product} {ergonomic}
   size_t MarkStackSize                            = 4194304                                   {product} {ergonomic}
   size_t MaxHeapSize                              = 1537212416                                {product} {ergonomic}
   size_t MaxNewSize                               = 921698304                                 {product} {ergonomic}
   size_t MinHeapDeltaBytes                        = 1048576                                   {product} {ergonomic}
    uintx NonNMethodCodeHeapSize                   = 5825164                                {pd product} {ergonomic}
    uintx NonProfiledCodeHeapSize                  = 122916538                              {pd product} {ergonomic}
    uintx ProfiledCodeHeapSize                     = 122916538                              {pd product} {ergonomic}
    uintx ReservedCodeCacheSize                    = 251658240                              {pd product} {ergonomic}
     bool SegmentedCodeCache                       = true                                      {product} {ergonomic}
     bool UseCompressedClassPointers               = true                                 {lp64_product} {ergonomic}
     bool UseCompressedOops                        = true                                 {lp64_product} {ergonomic}
     bool UseG1GC                                  = true                                      {product} {ergonomic}

Logging:
Log output configuration:
 #0: stdout all=warning uptime,level,tags
 #1: stderr all=off uptime,level,tags

Environment Variables:
JAVA_HOME=/usr/lib/jvm/java-11-openjdk-amd64
PATH=/home/santiago/apache-maven-3.9.4/bin:/usr/lib/jvm/java-11-openjdk-amd64:/usr/lib/jvm/java-11-openjdk-amd64/bin:/home/santiago/node-js/bin:/home/santiago/node-js:/home/santiago/uppaal64-4.1.25-5:/home/santiago/uppaal64-4.1.25-5/bin-Linux:/home/santiago/apache-maven-3.9.4/bin:/usr/lib/jvm/java-17-openjdk-amd64:/usr/lib/jvm/java-17-openjdk-amd64/bin:/home/santiago/node-js/bin:/home/santiago/node-js:/home/santiago/uppaal64-4.1.25-5:/home/santiago/uppaal64-4.1.25-5/bin-Linux:/home/santiago/.sdkman/candidates/kotlin/current/bin:/home/santiago/.sdkman/candidates/gradle/current/bin:/home/santiago/apache-maven-3.9.4/bin:/usr/lib/jvm/java-11-openjdk-amd64/bin:/home/santiago/node-js/bin:/home/santiago/node-js:/home/santiago/uppaal64-4.1.25-5:/home/santiago/uppaal64-4.1.25-5/bin-Linux:/home/santiago/.local/bin:/usr/local/sbin:/usr/local/bin:/usr/sbin:/usr/bin:/sbin:/bin:/usr/games:/usr/local/games:/snap/bin
USERNAME=santiago
SHELL=/bin/bash
DISPLAY=:0
LANG=en_US.UTF-8
TERM=xterm-256color

Signal Handlers:
SIGSEGV: [libjvm.so+0xea02e0], sa_mask[0]=11111111011111111101111111111110, sa_flags=SA_RESTART|SA_SIGINFO
SIGBUS: [libjvm.so+0xea02e0], sa_mask[0]=11111111011111111101111111111110, sa_flags=SA_RESTART|SA_SIGINFO
SIGFPE: [libjvm.so+0xea02e0], sa_mask[0]=11111111011111111101111111111110, sa_flags=SA_RESTART|SA_SIGINFO
SIGPIPE: [libjvm.so+0xbe5be0], sa_mask[0]=11111111011111111101111111111110, sa_flags=SA_RESTART|SA_SIGINFO
SIGXFSZ: [libjvm.so+0xbe5be0], sa_mask[0]=11111111011111111101111111111110, sa_flags=SA_RESTART|SA_SIGINFO
SIGILL: [libjvm.so+0xea02e0], sa_mask[0]=11111111011111111101111111111110, sa_flags=SA_RESTART|SA_SIGINFO
SIGUSR2: [libjvm.so+0xbe5a80], sa_mask[0]=00100000000000000000000000000000, sa_flags=SA_RESTART|SA_SIGINFO
SIGHUP: [libjvm.so+0xbe6130], sa_mask[0]=11111111011111111101111111111110, sa_flags=SA_RESTART|SA_SIGINFO
SIGINT: [libjvm.so+0xbe6130], sa_mask[0]=11111111011111111101111111111110, sa_flags=SA_RESTART|SA_SIGINFO
SIGTERM: [libjvm.so+0xbe6130], sa_mask[0]=11111111011111111101111111111110, sa_flags=SA_RESTART|SA_SIGINFO
SIGQUIT: [libjvm.so+0xbe6130], sa_mask[0]=11111111011111111101111111111110, sa_flags=SA_RESTART|SA_SIGINFO


---------------  S Y S T E M  ---------------

OS:DISTRIB_ID=Ubuntu
DISTRIB_RELEASE=20.04
DISTRIB_CODENAME=focal
DISTRIB_DESCRIPTION="Ubuntu 20.04.6 LTS"
uname:Linux 5.15.0-78-generic #85~20.04.1-Ubuntu SMP Mon Jul 17 09:42:39 UTC 2023 x86_64
OS uptime: 0 days 1:16 hours
libc:glibc 2.31 NPTL 2.31 
rlimit (soft/hard): STACK 8192k/infinity , CORE 0k/infinity , NPROC 23121/23121 , NOFILE 1048576/1048576 , AS infinity/infinity , CPU infinity/infinity , DATA infinity/infinity , FSIZE infinity/infinity , MEMLOCK 65536k/65536k
load average:4.38 1.87 0.80

/proc/meminfo:
MemTotal:        6004560 kB
MemFree:          129484 kB
MemAvailable:     911636 kB
Buffers:           51912 kB
Cached:           902364 kB
SwapCached:        13952 kB
Active:           616856 kB
Inactive:        4343316 kB
Active(anon):     223276 kB
Inactive(anon):  3820520 kB
Active(file):     393580 kB
Inactive(file):   522796 kB
Unevictable:       13484 kB
Mlocked:           13484 kB
SwapTotal:       2097148 kB
SwapFree:        1535308 kB
Dirty:               156 kB
Writeback:             0 kB
AnonPages:       4006880 kB
Mapped:           257708 kB
Shmem:             26272 kB
KReclaimable:     156632 kB
Slab:             322392 kB
SReclaimable:     156632 kB
SUnreclaim:       165760 kB
KernelStack:       18080 kB
PageTables:        31192 kB
NFS_Unstable:          0 kB
Bounce:                0 kB
WritebackTmp:          0 kB
CommitLimit:     5099428 kB
Committed_AS:   10423792 kB
VmallocTotal:   34359738367 kB
VmallocUsed:       84740 kB
VmallocChunk:          0 kB
Percpu:           181248 kB
HardwareCorrupted:     0 kB
AnonHugePages:      2048 kB
ShmemHugePages:        0 kB
ShmemPmdMapped:        0 kB
FileHugePages:         0 kB
FilePmdMapped:         0 kB
HugePages_Total:       0
HugePages_Free:        0
HugePages_Rsvd:        0
HugePages_Surp:        0
Hugepagesize:       2048 kB
Hugetlb:               0 kB
DirectMap4k:      538432 kB
DirectMap2M:     5728256 kB
DirectMap1G:           0 kB

/sys/kernel/mm/transparent_hugepage/enabled:
always [madvise] never
/sys/kernel/mm/transparent_hugepage/defrag (defrag/compaction efforts parameter):
always defer defer+madvise [madvise] never

Process Memory:
Virtual Size: 4101084K (peak: 12903016K)
Resident Set Size: 111144K (peak: 112152K) (anon: 75264K, file: 35880K, shmem: 0K)
Swapped out: 0K
C-Heap outstanding allocations: 25332K, retained: 2031K
glibc malloc tunables: (default)

/proc/sys/kernel/threads-max (system-wide limit on the number of threads):
46242
/proc/sys/vm/max_map_count (maximum number of memory map areas a process may have):
65530
/proc/sys/kernel/pid_max (system-wide limit on number of process identifiers):
4194304

container (cgroup) information:
container_type: cgroupv1
cpu_cpuset_cpus: 0-1
cpu_memory_nodes: 0
active_processor_count: 2
cpu_quota: no quota
cpu_period: 100000
cpu_shares: no shares
memory_limit_in_bytes: unlimited
memory_and_swap_limit_in_bytes: unlimited
memory_soft_limit_in_bytes: unlimited
memory_usage_in_bytes: 4293452 k
memory_max_usage_in_bytes: 4352220 k
kernel_memory_usage_in_bytes: 81532 k
kernel_memory_max_usage_in_bytes: unlimited
kernel_memory_limit_in_bytes: 81964 k
maximum number of tasks: unlimited
current number of tasks: 535

VMWare virtualization detected
Steal ticks since vm start: 0
Steal ticks percentage since vm start:  0.000

CPU:total 2 (initial active 2) (1 cores per cpu, 1 threads per core) family 6 model 140 stepping 1 microcode 0x8a, cmov, cx8, fxsr, mmx, sse, sse2, sse3, ssse3, sse4.1, sse4.2, popcnt, avx, avx2, aes, clmul, erms, 3dnowpref, lzcnt, tsc, tscinvbit, bmi1, bmi2, adx, evex, sha, fma
CPU Model and flags from /proc/cpuinfo:
model name	: 11th Gen Intel(R) Core(TM) i5-1135G7 @ 2.40GHz
flags		: fpu vme de pse tsc msr pae mce cx8 apic sep mtrr pge mca cmov pat pse36 clflush mmx fxsr sse sse2 ss syscall nx pdpe1gb rdtscp lm constant_tsc arch_perfmon rep_good nopl xtopology tsc_reliable nonstop_tsc cpuid tsc_known_freq pni pclmulqdq ssse3 fma cx16 pcid sse4_1 sse4_2 x2apic movbe popcnt tsc_deadline_timer aes xsave avx f16c rdrand hypervisor lahf_lm abm 3dnowprefetch cpuid_fault invpcid_single ssbd ibrs ibpb stibp ibrs_enhanced fsgsbase tsc_adjust bmi1 avx2 smep bmi2 erms invpcid avx512f avx512dq rdseed adx smap avx512ifma clflushopt clwb avx512cd sha_ni avx512bw avx512vl xsaveopt xsavec xgetbv1 xsaves arat avx512vbmi umip pku ospke avx512_vbmi2 gfni vaes vpclmulqdq avx512_vnni avx512_bitalg avx512_vpopcntdq rdpid movdiri movdir64b fsrm avx512_vp2intersect md_clear flush_l1d arch_capabilities
Online cpus:
0-1
Offline cpus:
2-127
BIOS frequency limitation:
<Not Available>
Frequency switch latency (ns):
<Not Available>
Available cpu frequencies:
<Not Available>
Current governor:
<Not Available>
Core performance/turbo boost:
<Not Available>

Memory: 4k page, physical 6004560k(129232k free), swap 2097148k(1535308k free)

vm_info: OpenJDK 64-Bit Server VM (11.0.20+8-post-Ubuntu-1ubuntu120.04) for linux-amd64 JRE (11.0.20+8-post-Ubuntu-1ubuntu120.04), built on Jul 20 2023 03:22:26 by "unknown" with gcc 9.4.0

END.
