#
# A fatal error has been detected by the Java Runtime Environment:
#
#  SIGSEGV (0xb) at pc=0x00007f450d75bc3d, pid=36191, tid=36192
#
# JRE version: OpenJDK Runtime Environment (11.0.20+8) (build 11.0.20+8-post-Ubuntu-1ubuntu120.04)
# Java VM: OpenJDK 64-Bit Server VM (11.0.20+8-post-Ubuntu-1ubuntu120.04, mixed mode, sharing, tiered, compressed oops, g1 gc, linux-amd64)
# Problematic frame:
# C  [rabbitmq.so+0x271c3d]  FmuContainerCore::getData()+0x2d
#
# Core dump will be written. Default location: Core dumps may be processed with "/usr/share/apport/apport -p%p -s%s -c%c -d%d -P%P -u%u -g%g -- %E" (or dumping to /home/santiago/Aarhus/ConfLiftingaaS/core.36191)
#
# If you would like to submit a bug report, please visit:
#   https://bugs.launchpad.net/ubuntu/+source/openjdk-lts
# The crash happened outside the Java Virtual Machine in native code.
# See problematic frame for where to report the bug.
#

---------------  S U M M A R Y ------------

Command Line: -Dfile.encoding=UTF-8 -Duser.country=US -Duser.language=en -Duser.variant MainKt

Host: 11th Gen Intel(R) Core(TM) i5-1135G7 @ 2.40GHz, 2 cores, 5G, Ubuntu 20.04.6 LTS
Time: Tue Aug 22 10:13:53 2023 CEST elapsed time: 11.406306 seconds (0d 0h 0m 11s)

---------------  T H R E A D  ---------------

Current thread (0x00007f4534018000):  JavaThread "main" [_thread_in_native, id=36192, stack(0x00007f4539bcb000,0x00007f4539ccc000)]

Stack: [0x00007f4539bcb000,0x00007f4539ccc000],  sp=0x00007f4539cc9660,  free space=1017k
Native frames: (J=compiled Java code, A=aot compiled Java code, j=interpreted, Vv=VM code, C=native code)
C  [rabbitmq.so+0x271c3d]  FmuContainerCore::getData()+0x2d

Java frames: (J=compiled Java code, j=interpreted, Vv=VM code)
j  com.sun.jna.Native.invokeInt(JI[Ljava/lang/Object;)I+0
j  com.sun.jna.Function.invoke([Ljava/lang/Object;Ljava/lang/Class;Z)Ljava/lang/Object;+225
j  com.sun.jna.Function.invoke(Ljava/lang/Class;[Ljava/lang/Object;Ljava/util/Map;)Ljava/lang/Object;+262
j  com.sun.jna.Function.invoke(Ljava/lang/Class;[Ljava/lang/Object;)Ljava/lang/Object;+7
j  com.sun.jna.Function.invokeInt([Ljava/lang/Object;)I+5
j  org.javafmi.proxy.v2.Fmu$1.asInt()I+15
j  org.javafmi.proxy.v2.Fmu.getInteger([I)[I+43
j  org.javafmi.proxy.v2.FmuProxy.getInteger([I)[I+5
j  org.javafmi.wrapper.variables.SingleRead.asInteger()I+14
j  dtstructure.DTFMUConf.liftInto(Lorg/apache/jena/rdf/model/Model;)V+516
j  dtstructure.DTComponent.liftInto(Lorg/apache/jena/rdf/model/Model;)V+145
j  dtstructure.DTComponent.liftInto(Lorg/apache/jena/rdf/model/Model;)V+145
j  DTLiftingService.getModel()Lorg/apache/jena/rdf/model/Model;+66
j  MainKt.setupFlex(LDTManager;)V+30
j  MainKt.main([Ljava/lang/String;)V+85
v  ~StubRoutines::call_stub

siginfo: si_signo: 11 (SIGSEGV), si_code: 128 (SI_KERNEL), si_addr: 0x0000000000000000

Register to memory mapping:

RAX=0x00007f4534890c01 points into unknown readable memory: 00 00 00 00 00 00 00
RBX=0x00007f4539cc9688 is pointing into the stack for thread: 0x00007f4534018000
RCX=0x00007f453492ffc0 points into unknown readable memory: 0x00007f4500000000 | 00 00 00 00 45 7f 00 00
RDX=0x00007f4539cc9690 is pointing into the stack for thread: 0x00007f4534018000
RSP=0x00007f4539cc9660 is pointing into the stack for thread: 0x00007f4534018000
RBP=0x0000000000000001 is an unknown value
RSI=0x656c626154726562 is an unknown value
RDI=0x00007f4539cc9688 is pointing into the stack for thread: 0x00007f4534018000
R8 =0x80deb1fe14ea4540 is an unknown value
R9 =0x00007f4534018000 is a thread
R10=0x00007f4539cc9670 is pointing into the stack for thread: 0x00007f4534018000
R11=0x00007f450d7418e0: fmi2GetInteger+0x0000000000000000 in /tmp/fmu_8e8eee02_7c34_4e23_b9e4_5fb8ee1cccderabbit2_1_5-16_SG/binaries/linux64/rabbitmq.so at 0x00007f450d4ea000
R12=0x00007f453492ffe0 points into unknown readable memory: 0x00007f4500000015 | 15 00 00 00 45 7f 00 00
R13=0x00007f453444cd90 points into unknown readable memory: 0x00007f450dcd2f88 | 88 2f cd 0d 45 7f 00 00
R14=0x656c626154726562 is an unknown value
R15=0x0 is NULL


Registers:
RAX=0x00007f4534890c01, RBX=0x00007f4539cc9688, RCX=0x00007f453492ffc0, RDX=0x00007f4539cc9690
RSP=0x00007f4539cc9660, RBP=0x0000000000000001, RSI=0x656c626154726562, RDI=0x00007f4539cc9688
R8 =0x80deb1fe14ea4540, R9 =0x00007f4534018000, R10=0x00007f4539cc9670, R11=0x00007f450d7418e0
R12=0x00007f453492ffe0, R13=0x00007f453444cd90, R14=0x656c626154726562, R15=0x0000000000000000
RIP=0x00007f450d75bc3d, EFLAGS=0x0000000000010246, CSGSFS=0x002b000000000033, ERR=0x0000000000000000
  TRAPNO=0x000000000000000d

Top of Stack: (sp=0x00007f4539cc9660)
0x00007f4539cc9660:   00007f4534890c01 00007f4539cc9688
0x00007f4539cc9670:   00007f4539cc9690 00007f450d735a8c
0x00007f4539cc9680:   00007f453492ffc0 00007f453492ffc0
0x00007f4539cc9690:   80deb1fe00000000 0000000000000000 

Instructions: (pc=0x00007f450d75bc3d)
0x00007f450d75bb3d:   ff 49 89 c7 48 89 ef 4c 89 f6 e8 84 63 fb ff 49
0x00007f450d75bb4d:   89 c6 48 8b 68 28 48 89 c3 48 83 c3 28 eb 0c 0f
0x00007f450d75bb5d:   1f 40 00 4c 89 e7 e8 a8 c8 fb ff 48 39 dd 0f 84
0x00007f450d75bb6d:   ef fc ff ff 49 89 ec 48 8b 6d 00 41 83 7c 24 18
0x00007f450d75bb7d:   00 75 e0 49 8b 7c 24 20 49 8d 44 24 30 48 39 c7
0x00007f450d75bb8d:   74 d1 e8 7c c8 fb ff eb ca 48 8b 7c 24 10 f2 0f
0x00007f450d75bb9d:   10 44 24 40 e8 4a eb fb ff 48 81 c4 b8 00 00 00
0x00007f450d75bbad:   5b 41 5c 41 5d 41 5e 41 5f 5d c3 e8 c3 24 fc ff
0x00007f450d75bbbd:   48 89 c3 83 bc 24 90 00 00 00 00 75 1f 48 8b bc
0x00007f450d75bbcd:   24 98 00 00 00 48 8d 84 24 a8 00 00 00 48 39 c7
0x00007f450d75bbdd:   74 0a e8 2c c8 fb ff eb 03 48 89 c3 83 7c 24 50
0x00007f450d75bbed:   00 75 14 48 8b 7c 24 58 48 8d 44 24 68 48 39 c7
0x00007f450d75bbfd:   74 05 e8 0c c8 fb ff 48 89 df e8 64 ba fc ff 0f
0x00007f450d75bc0d:   1f 40 00 41 56 53 50 49 89 f6 48 89 fb 48 8d 57
0x00007f450d75bc1d:   08 c7 47 08 00 00 00 00 48 c7 47 10 00 00 00 00
0x00007f450d75bc2d:   48 89 57 18 48 89 57 20 48 c7 47 28 00 00 00 00
0x00007f450d75bc3d:   48 8b b6 00 01 00 00 48 85 f6 74 56 48 89 1c 24
0x00007f450d75bc4d:   48 89 e1 48 89 df e8 98 55 fb ff 48 89 c2 0f 1f
0x00007f450d75bc5d:   44 00 00 48 89 d1 48 8b 52 10 48 85 d2 75 f4 48
0x00007f450d75bc6d:   89 4b 18 48 89 c2 66 2e 0f 1f 84 00 00 00 00 00
0x00007f450d75bc7d:   0f 1f 00 48 89 d1 48 8b 52 18 48 85 d2 75 f4 48
0x00007f450d75bc8d:   89 4b 20 49 8b 8e 18 01 00 00 48 89 4b 28 48 89
0x00007f450d75bc9d:   43 10 48 89 d8 48 83 c4 08 5b 41 5e c3 66 0f 1f
0x00007f450d75bcad:   44 00 00 48 8b 87 20 01 00 00 c3 0f 1f 84 00 00
0x00007f450d75bcbd:   00 00 00 40 88 b7 80 01 00 00 c3 0f 1f 84 00 00
0x00007f450d75bccd:   00 00 00 41 57 41 56 41 54 53 50 49 89 cf 49 89
0x00007f450d75bcdd:   d6 49 89 fc 48 85 f6 74 1b 48 89 f3 48 89 f7 e8
0x00007f450d75bced:   4f 2b fb ff 4c 89 e7 48 89 de 48 89 c2 e8 81 ff
0x00007f450d75bcfd:   fb ff eb 19 49 8b 04 24 48 8b 40 e8 49 8d 3c 04
0x00007f450d75bd0d:   41 8b 74 04 20 83 ce 01 e8 e6 a7 fc ff 48 8d 35
0x00007f450d75bd1d:   9c 1c 47 00 ba 06 00 00 00 4c 89 e7 e8 52 ff fb
0x00007f450d75bd2d:   ff 49 8b 37 4c 89 e7 e8 f7 c7 fb ff 48 89 c3 48 


Stack slot to memory mapping:
stack at sp + 0 slots: 0x00007f4534890c01 points into unknown readable memory: 00 00 00 00 00 00 00
stack at sp + 1 slots: 0x00007f4539cc9688 is pointing into the stack for thread: 0x00007f4534018000
stack at sp + 2 slots: 0x00007f4539cc9690 is pointing into the stack for thread: 0x00007f4534018000
stack at sp + 3 slots: 0x00007f450d735a8c: _ZN12FmuContainer10getIntegerEPKjmPi+0x000000000000003c in /tmp/fmu_8e8eee02_7c34_4e23_b9e4_5fb8ee1cccderabbit2_1_5-16_SG/binaries/linux64/rabbitmq.so at 0x00007f450d4ea000
stack at sp + 4 slots: 0x00007f453492ffc0 points into unknown readable memory: 0x00007f4500000000 | 00 00 00 00 45 7f 00 00
stack at sp + 5 slots: 0x00007f453492ffc0 points into unknown readable memory: 0x00007f4500000000 | 00 00 00 00 45 7f 00 00
stack at sp + 6 slots: 0x80deb1fe00000000 is an unknown value
stack at sp + 7 slots: 0x0 is NULL


---------------  P R O C E S S  ---------------

Threads class SMR info:
_java_thread_list=0x00007f453412c620, length=9, elements={
0x00007f4534018000, 0x00007f45340df000, 0x00007f45340e1000, 0x00007f45340e6800,
0x00007f45340e9000, 0x00007f45340eb000, 0x00007f45340ed000, 0x00007f45340ef000,
0x00007f453412b000
}

Java Threads: ( => current thread )
=>0x00007f4534018000 JavaThread "main" [_thread_in_native, id=36192, stack(0x00007f4539bcb000,0x00007f4539ccc000)]
  0x00007f45340df000 JavaThread "Reference Handler" daemon [_thread_blocked, id=36199, stack(0x00007f4538461000,0x00007f4538562000)]
  0x00007f45340e1000 JavaThread "Finalizer" daemon [_thread_blocked, id=36200, stack(0x00007f4538360000,0x00007f4538461000)]
  0x00007f45340e6800 JavaThread "Signal Dispatcher" daemon [_thread_blocked, id=36201, stack(0x00007f453825f000,0x00007f4538360000)]
  0x00007f45340e9000 JavaThread "Service Thread" daemon [_thread_blocked, id=36202, stack(0x00007f453815e000,0x00007f453825f000)]
  0x00007f45340eb000 JavaThread "C2 CompilerThread0" daemon [_thread_blocked, id=36203, stack(0x00007f453805d000,0x00007f453815e000)]
  0x00007f45340ed000 JavaThread "C1 CompilerThread0" daemon [_thread_blocked, id=36204, stack(0x00007f451c180000,0x00007f451c281000)]
  0x00007f45340ef000 JavaThread "Sweeper thread" daemon [_thread_blocked, id=36205, stack(0x00007f451c07f000,0x00007f451c180000)]
  0x00007f453412b000 JavaThread "Common-Cleaner" daemon [_thread_blocked, id=36207, stack(0x00007f451482d000,0x00007f451492e000)]

Other Threads:
  0x00007f45340dc000 VMThread "VM Thread" [stack: 0x00007f4538564000,0x00007f4538664000] [id=36198]
  0x00007f4534128800 WatcherThread [stack: 0x00007f4514930000,0x00007f4514a30000] [id=36206]
  0x00007f453402f800 GCTaskThread "GC Thread#0" [stack: 0x00007f4539880000,0x00007f4539980000] [id=36193]
  0x00007f4500001000 GCTaskThread "GC Thread#1" [stack: 0x00007f451472d000,0x00007f451482d000] [id=36208]
  0x00007f4534055800 ConcurrentGCThread "G1 Main Marker" [stack: 0x00007f4538cb4000,0x00007f4538db4000] [id=36194]
  0x00007f4534057000 ConcurrentGCThread "G1 Conc#0" [stack: 0x00007f4538bb2000,0x00007f4538cb2000] [id=36195]
  0x00007f45340ab800 ConcurrentGCThread "G1 Refine#0" [stack: 0x00007f45388ae000,0x00007f45389ae000] [id=36196]
  0x00007f45340ad000 ConcurrentGCThread "G1 Young RemSet Sampling" [stack: 0x00007f45387ac000,0x00007f45388ac000] [id=36197]

Threads with active compile tasks:

VM state:not at safepoint (normal execution)

VM Mutex/Monitor currently owned by a thread: None

Heap address: 0x00000000a4600000, size: 1466 MB, Compressed Oops mode: 32-bit
Narrow klass base: 0x0000000800000000, Narrow klass shift: 3
Compressed class space size: 1073741824 Address: 0x0000000840000000

Heap:
 garbage-first heap   total 96256K, used 14685K [0x00000000a4600000, 0x0000000100000000)
  region size 1024K, 15 young (15360K), 5 survivors (5120K)
 Metaspace       used 14666K, capacity 15486K, committed 15744K, reserved 1062912K
  class space    used 1702K, capacity 1843K, committed 1920K, reserved 1048576K
Heap Regions: E=young(eden), S=young(survivor), O=old, HS=humongous(starts), HC=humongous(continues), CS=collection set, F=free, A=archive, TAMS=top-at-mark-start (previous, next)
|   0|0x00000000a4600000, 0x00000000a4700000, 0x00000000a4700000|100%| O|  |TAMS 0x00000000a4600000, 0x00000000a4600000| Untracked 
|   1|0x00000000a4700000, 0x00000000a471d400, 0x00000000a4800000| 11%| O|  |TAMS 0x00000000a4700000, 0x00000000a4700000| Untracked 
|   2|0x00000000a4800000, 0x00000000a4800000, 0x00000000a4900000|  0%| F|  |TAMS 0x00000000a4800000, 0x00000000a4800000| Untracked 
|   3|0x00000000a4900000, 0x00000000a4900000, 0x00000000a4a00000|  0%| F|  |TAMS 0x00000000a4900000, 0x00000000a4900000| Untracked 
|   4|0x00000000a4a00000, 0x00000000a4a00000, 0x00000000a4b00000|  0%| F|  |TAMS 0x00000000a4a00000, 0x00000000a4a00000| Untracked 
|   5|0x00000000a4b00000, 0x00000000a4b00000, 0x00000000a4c00000|  0%| F|  |TAMS 0x00000000a4b00000, 0x00000000a4b00000| Untracked 
|   6|0x00000000a4c00000, 0x00000000a4c00000, 0x00000000a4d00000|  0%| F|  |TAMS 0x00000000a4c00000, 0x00000000a4c00000| Untracked 
|   7|0x00000000a4d00000, 0x00000000a4d00000, 0x00000000a4e00000|  0%| F|  |TAMS 0x00000000a4d00000, 0x00000000a4d00000| Untracked 
|   8|0x00000000a4e00000, 0x00000000a4e00000, 0x00000000a4f00000|  0%| F|  |TAMS 0x00000000a4e00000, 0x00000000a4e00000| Untracked 
|   9|0x00000000a4f00000, 0x00000000a4f00000, 0x00000000a5000000|  0%| F|  |TAMS 0x00000000a4f00000, 0x00000000a4f00000| Untracked 
|  10|0x00000000a5000000, 0x00000000a5000000, 0x00000000a5100000|  0%| F|  |TAMS 0x00000000a5000000, 0x00000000a5000000| Untracked 
|  11|0x00000000a5100000, 0x00000000a5100000, 0x00000000a5200000|  0%| F|  |TAMS 0x00000000a5100000, 0x00000000a5100000| Untracked 
|  12|0x00000000a5200000, 0x00000000a5200000, 0x00000000a5300000|  0%| F|  |TAMS 0x00000000a5200000, 0x00000000a5200000| Untracked 
|  13|0x00000000a5300000, 0x00000000a5300000, 0x00000000a5400000|  0%| F|  |TAMS 0x00000000a5300000, 0x00000000a5300000| Untracked 
|  14|0x00000000a5400000, 0x00000000a5400000, 0x00000000a5500000|  0%| F|  |TAMS 0x00000000a5400000, 0x00000000a5400000| Untracked 
|  15|0x00000000a5500000, 0x00000000a5500000, 0x00000000a5600000|  0%| F|  |TAMS 0x00000000a5500000, 0x00000000a5500000| Untracked 
|  16|0x00000000a5600000, 0x00000000a5600000, 0x00000000a5700000|  0%| F|  |TAMS 0x00000000a5600000, 0x00000000a5600000| Untracked 
|  17|0x00000000a5700000, 0x00000000a5700000, 0x00000000a5800000|  0%| F|  |TAMS 0x00000000a5700000, 0x00000000a5700000| Untracked 
|  18|0x00000000a5800000, 0x00000000a5800000, 0x00000000a5900000|  0%| F|  |TAMS 0x00000000a5800000, 0x00000000a5800000| Untracked 
|  19|0x00000000a5900000, 0x00000000a5900000, 0x00000000a5a00000|  0%| F|  |TAMS 0x00000000a5900000, 0x00000000a5900000| Untracked 
|  20|0x00000000a5a00000, 0x00000000a5a00000, 0x00000000a5b00000|  0%| F|  |TAMS 0x00000000a5a00000, 0x00000000a5a00000| Untracked 
|  21|0x00000000a5b00000, 0x00000000a5b00000, 0x00000000a5c00000|  0%| F|  |TAMS 0x00000000a5b00000, 0x00000000a5b00000| Untracked 
|  22|0x00000000a5c00000, 0x00000000a5c00000, 0x00000000a5d00000|  0%| F|  |TAMS 0x00000000a5c00000, 0x00000000a5c00000| Untracked 
|  23|0x00000000a5d00000, 0x00000000a5d00000, 0x00000000a5e00000|  0%| F|  |TAMS 0x00000000a5d00000, 0x00000000a5d00000| Untracked 
|  24|0x00000000a5e00000, 0x00000000a5e00000, 0x00000000a5f00000|  0%| F|  |TAMS 0x00000000a5e00000, 0x00000000a5e00000| Untracked 
|  25|0x00000000a5f00000, 0x00000000a5f00000, 0x00000000a6000000|  0%| F|  |TAMS 0x00000000a5f00000, 0x00000000a5f00000| Untracked 
|  26|0x00000000a6000000, 0x00000000a6000000, 0x00000000a6100000|  0%| F|  |TAMS 0x00000000a6000000, 0x00000000a6000000| Untracked 
|  27|0x00000000a6100000, 0x00000000a6100000, 0x00000000a6200000|  0%| F|  |TAMS 0x00000000a6100000, 0x00000000a6100000| Untracked 
|  28|0x00000000a6200000, 0x00000000a6200000, 0x00000000a6300000|  0%| F|  |TAMS 0x00000000a6200000, 0x00000000a6200000| Untracked 
|  29|0x00000000a6300000, 0x00000000a6300000, 0x00000000a6400000|  0%| F|  |TAMS 0x00000000a6300000, 0x00000000a6300000| Untracked 
|  30|0x00000000a6400000, 0x00000000a6400000, 0x00000000a6500000|  0%| F|  |TAMS 0x00000000a6400000, 0x00000000a6400000| Untracked 
|  31|0x00000000a6500000, 0x00000000a6500000, 0x00000000a6600000|  0%| F|  |TAMS 0x00000000a6500000, 0x00000000a6500000| Untracked 
|  32|0x00000000a6600000, 0x00000000a6600000, 0x00000000a6700000|  0%| F|  |TAMS 0x00000000a6600000, 0x00000000a6600000| Untracked 
|  33|0x00000000a6700000, 0x00000000a6700000, 0x00000000a6800000|  0%| F|  |TAMS 0x00000000a6700000, 0x00000000a6700000| Untracked 
|  34|0x00000000a6800000, 0x00000000a6800000, 0x00000000a6900000|  0%| F|  |TAMS 0x00000000a6800000, 0x00000000a6800000| Untracked 
|  35|0x00000000a6900000, 0x00000000a6900000, 0x00000000a6a00000|  0%| F|  |TAMS 0x00000000a6900000, 0x00000000a6900000| Untracked 
|  36|0x00000000a6a00000, 0x00000000a6a00000, 0x00000000a6b00000|  0%| F|  |TAMS 0x00000000a6a00000, 0x00000000a6a00000| Untracked 
|  37|0x00000000a6b00000, 0x00000000a6b00000, 0x00000000a6c00000|  0%| F|  |TAMS 0x00000000a6b00000, 0x00000000a6b00000| Untracked 
|  38|0x00000000a6c00000, 0x00000000a6c00000, 0x00000000a6d00000|  0%| F|  |TAMS 0x00000000a6c00000, 0x00000000a6c00000| Untracked 
|  39|0x00000000a6d00000, 0x00000000a6d00000, 0x00000000a6e00000|  0%| F|  |TAMS 0x00000000a6d00000, 0x00000000a6d00000| Untracked 
|  40|0x00000000a6e00000, 0x00000000a6e00000, 0x00000000a6f00000|  0%| F|  |TAMS 0x00000000a6e00000, 0x00000000a6e00000| Untracked 
|  41|0x00000000a6f00000, 0x00000000a6f00000, 0x00000000a7000000|  0%| F|  |TAMS 0x00000000a6f00000, 0x00000000a6f00000| Untracked 
|  42|0x00000000a7000000, 0x00000000a7000000, 0x00000000a7100000|  0%| F|  |TAMS 0x00000000a7000000, 0x00000000a7000000| Untracked 
|  43|0x00000000a7100000, 0x00000000a7100000, 0x00000000a7200000|  0%| F|  |TAMS 0x00000000a7100000, 0x00000000a7100000| Untracked 
|  44|0x00000000a7200000, 0x00000000a7200000, 0x00000000a7300000|  0%| F|  |TAMS 0x00000000a7200000, 0x00000000a7200000| Untracked 
|  45|0x00000000a7300000, 0x00000000a7300000, 0x00000000a7400000|  0%| F|  |TAMS 0x00000000a7300000, 0x00000000a7300000| Untracked 
|  46|0x00000000a7400000, 0x00000000a7400000, 0x00000000a7500000|  0%| F|  |TAMS 0x00000000a7400000, 0x00000000a7400000| Untracked 
|  47|0x00000000a7500000, 0x00000000a7500000, 0x00000000a7600000|  0%| F|  |TAMS 0x00000000a7500000, 0x00000000a7500000| Untracked 
|  48|0x00000000a7600000, 0x00000000a7686060, 0x00000000a7700000| 52%| S|CS|TAMS 0x00000000a7600000, 0x00000000a7600000| Complete 
|  49|0x00000000a7700000, 0x00000000a7800000, 0x00000000a7800000|100%| S|CS|TAMS 0x00000000a7700000, 0x00000000a7700000| Complete 
|  50|0x00000000a7800000, 0x00000000a7900000, 0x00000000a7900000|100%| S|CS|TAMS 0x00000000a7800000, 0x00000000a7800000| Complete 
|  51|0x00000000a7900000, 0x00000000a7a00000, 0x00000000a7a00000|100%| S|CS|TAMS 0x00000000a7900000, 0x00000000a7900000| Complete 
|  52|0x00000000a7a00000, 0x00000000a7b00000, 0x00000000a7b00000|100%| S|CS|TAMS 0x00000000a7a00000, 0x00000000a7a00000| Complete 
|  53|0x00000000a7b00000, 0x00000000a7b00000, 0x00000000a7c00000|  0%| F|  |TAMS 0x00000000a7b00000, 0x00000000a7b00000| Untracked 
|  54|0x00000000a7c00000, 0x00000000a7c00000, 0x00000000a7d00000|  0%| F|  |TAMS 0x00000000a7c00000, 0x00000000a7c00000| Untracked 
|  55|0x00000000a7d00000, 0x00000000a7d00000, 0x00000000a7e00000|  0%| F|  |TAMS 0x00000000a7d00000, 0x00000000a7d00000| Untracked 
|  56|0x00000000a7e00000, 0x00000000a7e00000, 0x00000000a7f00000|  0%| F|  |TAMS 0x00000000a7e00000, 0x00000000a7e00000| Untracked 
|  57|0x00000000a7f00000, 0x00000000a7f00000, 0x00000000a8000000|  0%| F|  |TAMS 0x00000000a7f00000, 0x00000000a7f00000| Untracked 
|  58|0x00000000a8000000, 0x00000000a8000000, 0x00000000a8100000|  0%| F|  |TAMS 0x00000000a8000000, 0x00000000a8000000| Untracked 
|  59|0x00000000a8100000, 0x00000000a8100000, 0x00000000a8200000|  0%| F|  |TAMS 0x00000000a8100000, 0x00000000a8100000| Untracked 
|  60|0x00000000a8200000, 0x00000000a8200000, 0x00000000a8300000|  0%| F|  |TAMS 0x00000000a8200000, 0x00000000a8200000| Untracked 
|  61|0x00000000a8300000, 0x00000000a8300000, 0x00000000a8400000|  0%| F|  |TAMS 0x00000000a8300000, 0x00000000a8300000| Untracked 
|  62|0x00000000a8400000, 0x00000000a8400000, 0x00000000a8500000|  0%| F|  |TAMS 0x00000000a8400000, 0x00000000a8400000| Untracked 
|  63|0x00000000a8500000, 0x00000000a8500000, 0x00000000a8600000|  0%| F|  |TAMS 0x00000000a8500000, 0x00000000a8500000| Untracked 
|  64|0x00000000a8600000, 0x00000000a8600000, 0x00000000a8700000|  0%| F|  |TAMS 0x00000000a8600000, 0x00000000a8600000| Untracked 
|  65|0x00000000a8700000, 0x00000000a8700000, 0x00000000a8800000|  0%| F|  |TAMS 0x00000000a8700000, 0x00000000a8700000| Untracked 
|  66|0x00000000a8800000, 0x00000000a8800000, 0x00000000a8900000|  0%| F|  |TAMS 0x00000000a8800000, 0x00000000a8800000| Untracked 
|  67|0x00000000a8900000, 0x00000000a8900000, 0x00000000a8a00000|  0%| F|  |TAMS 0x00000000a8900000, 0x00000000a8900000| Untracked 
|  68|0x00000000a8a00000, 0x00000000a8a00000, 0x00000000a8b00000|  0%| F|  |TAMS 0x00000000a8a00000, 0x00000000a8a00000| Untracked 
|  69|0x00000000a8b00000, 0x00000000a8b00000, 0x00000000a8c00000|  0%| F|  |TAMS 0x00000000a8b00000, 0x00000000a8b00000| Untracked 
|  70|0x00000000a8c00000, 0x00000000a8c00000, 0x00000000a8d00000|  0%| F|  |TAMS 0x00000000a8c00000, 0x00000000a8c00000| Untracked 
|  71|0x00000000a8d00000, 0x00000000a8d00000, 0x00000000a8e00000|  0%| F|  |TAMS 0x00000000a8d00000, 0x00000000a8d00000| Untracked 
|  72|0x00000000a8e00000, 0x00000000a8e00000, 0x00000000a8f00000|  0%| F|  |TAMS 0x00000000a8e00000, 0x00000000a8e00000| Untracked 
|  73|0x00000000a8f00000, 0x00000000a8f00000, 0x00000000a9000000|  0%| F|  |TAMS 0x00000000a8f00000, 0x00000000a8f00000| Untracked 
|  74|0x00000000a9000000, 0x00000000a9000000, 0x00000000a9100000|  0%| F|  |TAMS 0x00000000a9000000, 0x00000000a9000000| Untracked 
|  75|0x00000000a9100000, 0x00000000a9100000, 0x00000000a9200000|  0%| F|  |TAMS 0x00000000a9100000, 0x00000000a9100000| Untracked 
|  76|0x00000000a9200000, 0x00000000a9200000, 0x00000000a9300000|  0%| F|  |TAMS 0x00000000a9200000, 0x00000000a9200000| Untracked 
|  77|0x00000000a9300000, 0x00000000a9300000, 0x00000000a9400000|  0%| F|  |TAMS 0x00000000a9300000, 0x00000000a9300000| Untracked 
|  78|0x00000000a9400000, 0x00000000a9400000, 0x00000000a9500000|  0%| F|  |TAMS 0x00000000a9400000, 0x00000000a9400000| Untracked 
|  79|0x00000000a9500000, 0x00000000a9500000, 0x00000000a9600000|  0%| F|  |TAMS 0x00000000a9500000, 0x00000000a9500000| Untracked 
|  80|0x00000000a9600000, 0x00000000a9600000, 0x00000000a9700000|  0%| F|  |TAMS 0x00000000a9600000, 0x00000000a9600000| Untracked 
|  81|0x00000000a9700000, 0x00000000a9700000, 0x00000000a9800000|  0%| F|  |TAMS 0x00000000a9700000, 0x00000000a9700000| Untracked 
|  82|0x00000000a9800000, 0x00000000a9898d20, 0x00000000a9900000| 59%| E|  |TAMS 0x00000000a9800000, 0x00000000a9800000| Complete 
|  83|0x00000000a9900000, 0x00000000a9a00000, 0x00000000a9a00000|100%| E|CS|TAMS 0x00000000a9900000, 0x00000000a9900000| Complete 
|  84|0x00000000a9a00000, 0x00000000a9b00000, 0x00000000a9b00000|100%| E|  |TAMS 0x00000000a9a00000, 0x00000000a9a00000| Complete 
|  85|0x00000000a9b00000, 0x00000000a9c00000, 0x00000000a9c00000|100%| E|CS|TAMS 0x00000000a9b00000, 0x00000000a9b00000| Complete 
|  86|0x00000000a9c00000, 0x00000000a9d00000, 0x00000000a9d00000|100%| E|CS|TAMS 0x00000000a9c00000, 0x00000000a9c00000| Complete 
|  87|0x00000000a9d00000, 0x00000000a9e00000, 0x00000000a9e00000|100%| E|CS|TAMS 0x00000000a9d00000, 0x00000000a9d00000| Complete 
|  88|0x00000000a9e00000, 0x00000000a9f00000, 0x00000000a9f00000|100%| E|CS|TAMS 0x00000000a9e00000, 0x00000000a9e00000| Complete 
|  89|0x00000000a9f00000, 0x00000000aa000000, 0x00000000aa000000|100%| E|CS|TAMS 0x00000000a9f00000, 0x00000000a9f00000| Complete 
|  90|0x00000000aa000000, 0x00000000aa100000, 0x00000000aa100000|100%| E|CS|TAMS 0x00000000aa000000, 0x00000000aa000000| Complete 
|  91|0x00000000aa100000, 0x00000000aa200000, 0x00000000aa200000|100%| E|CS|TAMS 0x00000000aa100000, 0x00000000aa100000| Complete 
|1464|0x00000000ffe00000, 0x00000000ffe48000, 0x00000000fff00000| 28%|OA|  |TAMS 0x00000000ffe00000, 0x00000000ffe00000| Untracked 
|1465|0x00000000fff00000, 0x00000000fff6c000, 0x0000000100000000| 42%|CA|  |TAMS 0x00000000fff00000, 0x00000000fff00000| Untracked 

Card table byte_map: [0x00007f45390c2000,0x00007f453939f000] _byte_map_base: 0x00007f4538b9f000

Marking Bits (Prev, Next): (CMBitMap*) 0x00007f453404eaf8, (CMBitMap*) 0x00007f453404eb30
 Prev Bits: [0x00007f4516918000, 0x00007f4518000000)
 Next Bits: [0x00007f4515230000, 0x00007f4516918000)

Polling page: 0x00007f4539b91000

Metaspace:

Usage:
  Non-class:     13.32 MB capacity,    12.66 MB ( 95%) used,   652.38 KB (  5%) free+waste,    27.12 KB ( <1%) overhead. 
      Class:      1.80 MB capacity,     1.66 MB ( 92%) used,   126.66 KB (  7%) free+waste,    13.50 KB ( <1%) overhead. 
       Both:     15.12 MB capacity,    14.32 MB ( 95%) used,   779.03 KB (  5%) free+waste,    40.62 KB ( <1%) overhead. 

Virtual space:
  Non-class space:       14.00 MB reserved,      13.50 MB ( 96%) committed 
      Class space:        1.00 GB reserved,       1.88 MB ( <1%) committed 
             Both:        1.01 GB reserved,      15.38 MB (  1%) committed 

Chunk freelists:
   Non-Class:  9.00 KB
       Class:  13.00 KB
        Both:  22.00 KB

MaxMetaspaceSize: unlimited
CompressedClassSpaceSize: 1.00 GB
Initial GC threshold: 20.80 MB
Current GC threshold: 20.80 MB
CDS: on

CodeHeap 'non-profiled nmethods': size=120036Kb used=667Kb max_used=667Kb free=119369Kb
 bounds [0x00007f45242b8000, 0x00007f4524528000, 0x00007f452b7f1000]
CodeHeap 'profiled nmethods': size=120032Kb used=3177Kb max_used=3177Kb free=116854Kb
 bounds [0x00007f451cd80000, 0x00007f451d0a0000, 0x00007f45242b8000]
CodeHeap 'non-nmethods': size=5692Kb used=1206Kb max_used=1219Kb free=4485Kb
 bounds [0x00007f451c7f1000, 0x00007f451ca61000, 0x00007f451cd80000]
 total_blobs=2240 nmethods=1776 adapters=377
 compilation: enabled
              stopped_count=0, restarted_count=0
 full_count=0

Compilation events (20 events):
Event: 11.324 Thread 0x00007f45340eb000 nmethod 1773 0x00007f452435b910 code [0x00007f452435baa0, 0x00007f452435baf8]
Event: 11.324 Thread 0x00007f45340eb000 1774       4       org.apache.jena.graph.Node::getIndexingValue (2 bytes)
Event: 11.325 Thread 0x00007f45340eb000 nmethod 1774 0x00007f452435bc10 code [0x00007f452435bda0, 0x00007f452435be18]
Event: 11.327 Thread 0x00007f45340ed000 nmethod 1757 0x00007f451d08e690 code [0x00007f451d08eb80, 0x00007f451d091360]
Event: 11.327 Thread 0x00007f45340ed000 1775       3       org.apache.jena.enhanced.EnhNode::isURIResource (8 bytes)
Event: 11.327 Thread 0x00007f45340ed000 nmethod 1775 0x00007f451d092410 code [0x00007f451d0925c0, 0x00007f451d0927a0]
Event: 11.327 Thread 0x00007f45340ed000 1764       3       java.lang.invoke.VarHandleObjects$FieldInstanceReadWrite::set (30 bytes)
Event: 11.329 Thread 0x00007f45340ed000 nmethod 1764 0x00007f451d092890 code [0x00007f451d092ac0, 0x00007f451d093200]
Event: 11.329 Thread 0x00007f45340ed000 1765       3       org.apache.jena.ext.com.google.common.cache.LocalCache$Segment::scheduleRefresh (66 bytes)
Event: 11.329 Thread 0x00007f45340eb000 1777       4       org.apache.jena.mem.HashCommon::findSlot (48 bytes)
Event: 11.335 Thread 0x00007f45340ed000 nmethod 1765 0x00007f451d093510 code [0x00007f451d093720, 0x00007f451d093d30]
Event: 11.336 Thread 0x00007f45340ed000 1769       3       org.apache.jena.ext.com.google.common.base.Equivalence$Equals::doEquivalent (6 bytes)
Event: 11.337 Thread 0x00007f45340ed000 nmethod 1769 0x00007f451d093f90 code [0x00007f451d094140, 0x00007f451d094340]
Event: 11.337 Thread 0x00007f45340ed000 1770       3       org.apache.jena.ext.com.google.common.cache.AbstractCache$SimpleStatsCounter::recordHits (12 bytes)
Event: 11.337 Thread 0x00007f45340ed000 nmethod 1770 0x00007f451d094410 code [0x00007f451d0945c0, 0x00007f451d094760]
Event: 11.337 Thread 0x00007f45340ed000 1754       3       org.apache.jena.rdf.model.impl.ModelCom::makeURI (15 bytes)
Event: 11.340 Thread 0x00007f45340ed000 nmethod 1754 0x00007f451d094890 code [0x00007f451d094ae0, 0x00007f451d095490]
Event: 11.340 Thread 0x00007f45340ed000 1755       3       org.apache.jena.rdf.model.impl.IteratorFactory::asResource (10 bytes)
Event: 11.340 Thread 0x00007f45340ed000 nmethod 1755 0x00007f451d095810 code [0x00007f451d0959e0, 0x00007f451d095ca0]
Event: 11.340 Thread 0x00007f45340ed000 1712       3       org.apache.jena.graph.Node_URI::getURI (8 bytes)

GC Heap History (4 events):
Event: 0.542 GC heap before
{Heap before GC invocations=0 (full 0):
 garbage-first heap   total 96256K, used 6864K [0x00000000a4600000, 0x0000000100000000)
  region size 1024K, 7 young (7168K), 0 survivors (0K)
 Metaspace       used 1377K, capacity 5432K, committed 5632K, reserved 1056768K
  class space    used 124K, capacity 488K, committed 512K, reserved 1048576K
}
Event: 0.560 GC heap after
{Heap after GC invocations=1 (full 0):
 garbage-first heap   total 96256K, used 2885K [0x00000000a4600000, 0x0000000100000000)
  region size 1024K, 1 young (1024K), 1 survivors (1024K)
 Metaspace       used 1377K, capacity 5432K, committed 5632K, reserved 1056768K
  class space    used 124K, capacity 488K, committed 512K, reserved 1048576K
}
Event: 2.307 GC heap before
{Heap before GC invocations=1 (full 0):
 garbage-first heap   total 96256K, used 41797K [0x00000000a4600000, 0x0000000100000000)
  region size 1024K, 39 young (39936K), 1 survivors (1024K)
 Metaspace       used 12884K, capacity 14071K, committed 14336K, reserved 1062912K
  class space    used 1559K, capacity 1714K, committed 1792K, reserved 1048576K
}
Event: 2.321 GC heap after
{Heap after GC invocations=2 (full 0):
 garbage-first heap   total 96256K, used 6493K [0x00000000a4600000, 0x0000000100000000)
  region size 1024K, 5 young (5120K), 5 survivors (5120K)
 Metaspace       used 12884K, capacity 14071K, committed 14336K, reserved 1062912K
  class space    used 1559K, capacity 1714K, committed 1792K, reserved 1048576K
}

Deoptimization events (20 events):
Event: 2.433 Thread 0x00007f4534018000 DEOPT PACKING pc=0x00007f45242faf48 sp=0x00007f4539cc90a0
Event: 2.433 Thread 0x00007f4534018000 DEOPT UNPACKING pc=0x00007f451c7f92a5 sp=0x00007f4539cc9008 mode 2
Event: 10.443 Thread 0x00007f4534018000 DEOPT PACKING pc=0x00007f451cf2de30 sp=0x00007f4539cca0d0
Event: 10.443 Thread 0x00007f4534018000 DEOPT UNPACKING pc=0x00007f451c83a9fa sp=0x00007f4539cc9608 mode 0
Event: 11.247 Thread 0x00007f4534018000 Uncommon trap: trap_request=0xffffffde fr.pc=0x00007f45242e7968 relative=0x00000000000001c8
Event: 11.247 Thread 0x00007f4534018000 Uncommon trap: reason=class_check action=maybe_recompile pc=0x00007f45242e7968 method=java.lang.String.equals(Ljava/lang/Object;)Z @ 8 c2
Event: 11.247 Thread 0x00007f4534018000 DEOPT PACKING pc=0x00007f45242e7968 sp=0x00007f4539cca1f0
Event: 11.247 Thread 0x00007f4534018000 DEOPT UNPACKING pc=0x00007f451c7f92a5 sp=0x00007f4539cca1a8 mode 2
Event: 11.247 Thread 0x00007f4534018000 Uncommon trap: trap_request=0xffffffde fr.pc=0x00007f45242e7968 relative=0x00000000000001c8
Event: 11.247 Thread 0x00007f4534018000 Uncommon trap: reason=class_check action=maybe_recompile pc=0x00007f45242e7968 method=java.lang.String.equals(Ljava/lang/Object;)Z @ 8 c2
Event: 11.247 Thread 0x00007f4534018000 DEOPT PACKING pc=0x00007f45242e7968 sp=0x00007f4539cca1f0
Event: 11.247 Thread 0x00007f4534018000 DEOPT UNPACKING pc=0x00007f451c7f92a5 sp=0x00007f4539cca1a8 mode 2
Event: 11.248 Thread 0x00007f4534018000 Uncommon trap: trap_request=0xffffffde fr.pc=0x00007f45242e7968 relative=0x00000000000001c8
Event: 11.248 Thread 0x00007f4534018000 Uncommon trap: reason=class_check action=maybe_recompile pc=0x00007f45242e7968 method=java.lang.String.equals(Ljava/lang/Object;)Z @ 8 c2
Event: 11.248 Thread 0x00007f4534018000 DEOPT PACKING pc=0x00007f45242e7968 sp=0x00007f4539cca290
Event: 11.248 Thread 0x00007f4534018000 DEOPT UNPACKING pc=0x00007f451c7f92a5 sp=0x00007f4539cca248 mode 2
Event: 11.248 Thread 0x00007f4534018000 Uncommon trap: trap_request=0xffffffde fr.pc=0x00007f45242e7968 relative=0x00000000000001c8
Event: 11.248 Thread 0x00007f4534018000 Uncommon trap: reason=class_check action=maybe_recompile pc=0x00007f45242e7968 method=java.lang.String.equals(Ljava/lang/Object;)Z @ 8 c2
Event: 11.248 Thread 0x00007f4534018000 DEOPT PACKING pc=0x00007f45242e7968 sp=0x00007f4539cca280
Event: 11.248 Thread 0x00007f4534018000 DEOPT UNPACKING pc=0x00007f451c7f92a5 sp=0x00007f4539cca238 mode 2

Classes redefined (0 events):
No events

Internal exceptions (20 events):
Event: 0.138 Thread 0x00007f4534018000 Exception <a 'java/security/PrivilegedActionException'{0x00000000aa1afef0}> (0x00000000aa1afef0) thrown at [src/hotspot/share/prims/jvm.cpp, line 1304]
Event: 0.138 Thread 0x00007f4534018000 Exception <a 'java/security/PrivilegedActionException'{0x00000000aa1b01c0}> (0x00000000aa1b01c0) thrown at [src/hotspot/share/prims/jvm.cpp, line 1304]
Event: 0.771 Thread 0x00007f4534018000 Exception <a 'java/lang/NoSuchMethodError'{0x00000000a9dcb538}: 'java.lang.Object java.lang.invoke.Invokers$Holder.linkToTargetMethod(java.lang.Object, int, java.lang.Object)'> (0x00000000a9dcb538) thrown at [src/hotspot/share/interpreter/linkResolver.cpp, line 772]
Event: 0.817 Thread 0x00007f4534018000 Exception <a 'java/lang/NoSuchMethodError'{0x00000000a9cef898}: 'int java.lang.invoke.DirectMethodHandle$Holder.invokeStaticInit(java.lang.Object, java.lang.Object, java.lang.Object)'> (0x00000000a9cef898) thrown at [src/hotspot/share/interpreter/linkResolver.cpp, line 772]
Event: 0.874 Thread 0x00007f4534018000 Exception <a 'java/lang/NoClassDefFoundError'{0x00000000a9bd69f0}: org/slf4j/impl/StaticLoggerBinder> (0x00000000a9bd69f0) thrown at [src/hotspot/share/classfile/systemDictionary.cpp, line 219]
Event: 1.060 Thread 0x00007f4534018000 Exception <a 'java/lang/NoSuchMethodError'{0x00000000a95be898}: 'int java.lang.invoke.DirectMethodHandle$Holder.invokeStaticInit(java.lang.Object, java.lang.Object)'> (0x00000000a95be898) thrown at [src/hotspot/share/interpreter/linkResolver.cpp, line 772]
Event: 1.299 Thread 0x00007f4534018000 Exception <a 'java/lang/NoSuchMethodError'{0x00000000a8e63d18}: 'int java.lang.invoke.DirectMethodHandle$Holder.invokeSpecialIFC(java.lang.Object, java.lang.Object, int)'> (0x00000000a8e63d18) thrown at [src/hotspot/share/interpreter/linkResolver.cpp, line 772]
Event: 1.640 Thread 0x00007f4534018000 Exception <a 'java/lang/NoSuchMethodError'{0x00000000a833d7b0}: 'java.lang.Object java.lang.invoke.DirectMethodHandle$Holder.invokeStaticInit(java.lang.Object, java.lang.Object, java.lang.Object, java.lang.Object)'> (0x00000000a833d7b0) thrown at [src/hotspot/share/interpreter/linkResolver.cpp, line 772]
Event: 1.646 Thread 0x00007f4534018000 Exception <a 'java/lang/NoSuchMethodError'{0x00000000a836a840}: 'java.lang.Object java.lang.invoke.DirectMethodHandle$Holder.invokeStaticInit(java.lang.Object, java.lang.Object, int, java.lang.Object, java.lang.Object)'> (0x00000000a836a840) thrown at [src/hotspot/share/interpreter/linkResolver.cpp, line 772]
Event: 2.034 Thread 0x00007f4534018000 Exception <a 'java/lang/NoSuchMethodError'{0x00000000a8050e48}: 'java.lang.Object java.lang.invoke.DirectMethodHandle$Holder.invokeStatic(java.lang.Object, java.lang.Object, java.lang.Object, java.lang.Object, java.lang.Object, java.lang.Object, java.lang.Object, java.lang.Object, java.lang.Object, java.lang.Object, java.lang.Object, java.lang.Object, java.lang.Object, java.lang.Object, java.lang.Object)'> (0x00000000a8050e48) thrown at [src/hotspot/share/interpreter/linkResolver.cpp, line 772]
Event: 2.037 Thread 0x00007f4534018000 Exception <a 'java/lang/NoSuchMethodError'{0x00000000a805eba8}: 'java.lang.Object java.lang.invoke.DirectMethodHandle$Holder.invokeStatic(java.lang.Object, java.lang.Object, java.lang.Object, java.lang.Object, java.lang.Object, java.lang.Object, java.lang.Object, java.lang.Object, java.lang.Object, java.lang.Object, java.lang.Object, java.lang.Object, java.lang.Object, java.lang.Object, java.lang.Object, java.lang.Object)'> (0x00000000a805eba8) thrown at [src/hotspot/share/interpreter/linkResolver.cpp, lin
Event: 2.041 Thread 0x00007f4534018000 Exception <a 'java/lang/NoSuchMethodError'{0x00000000a806c818}: 'java.lang.Object java.lang.invoke.DirectMethodHandle$Holder.invokeSpecial(java.lang.Object, java.lang.Object, int, int, java.lang.Object, java.lang.Object, java.lang.Object)'> (0x00000000a806c818) thrown at [src/hotspot/share/interpreter/linkResolver.cpp, line 772]
Event: 2.041 Thread 0x00007f4534018000 Exception <a 'java/lang/NoSuchMethodError'{0x00000000a806fda8}: 'java.lang.Object java.lang.invoke.DelegatingMethodHandle$Holder.reinvoke_L(java.lang.Object, int, int, java.lang.Object, java.lang.Object, java.lang.Object)'> (0x00000000a806fda8) thrown at [src/hotspot/share/interpreter/linkResolver.cpp, line 772]
Event: 2.042 Thread 0x00007f4534018000 Exception <a 'java/lang/NoSuchMethodError'{0x00000000a8074030}: 'java.lang.Object java.lang.invoke.DirectMethodHandle$Holder.invokeStatic(java.lang.Object, java.lang.Object, java.lang.Object, java.lang.Object, int)'> (0x00000000a8074030) thrown at [src/hotspot/share/interpreter/linkResolver.cpp, line 772]
Event: 2.419 Thread 0x00007f4534018000 Exception <a 'java/lang/NoSuchMethodError'{0x00000000aa1d1f20}: 'void java.lang.invoke.DirectMethodHandle$Holder.invokeStaticInit(java.lang.Object)'> (0x00000000aa1d1f20) thrown at [src/hotspot/share/interpreter/linkResolver.cpp, line 772]
Event: 2.472 Thread 0x00007f4534018000 Exception <a 'java/lang/NoSuchMethodError'{0x00000000a9f0f300}: 'java.lang.Object java.lang.invoke.DirectMethodHandle$Holder.invokeVirtual(java.lang.Object, java.lang.Object, int, int)'> (0x00000000a9f0f300) thrown at [src/hotspot/share/interpreter/linkResolver.cpp, line 772]
Event: 10.949 Thread 0x00007f4534018000 Exception <a 'java/lang/NoSuchMethodError'{0x00000000a9c956c0}: 'java.lang.Object java.lang.invoke.DirectMethodHandle$Holder.invokeStatic(java.lang.Object, java.lang.Object, java.lang.Object, java.lang.Object, java.lang.Object, java.lang.Object, java.lang.Object, java.lang.Object, java.lang.Object, java.lang.Object, java.lang.Object, int)'> (0x00000000a9c956c0) thrown at [src/hotspot/share/interpreter/linkResolver.cpp, line 772]
Event: 10.956 Thread 0x00007f4534018000 Exception <a 'java/lang/NoSuchMethodError'{0x00000000a9cb3a90}: 'java.lang.Object java.lang.invoke.DirectMethodHandle$Holder.invokeStatic(java.lang.Object, java.lang.Object, java.lang.Object, java.lang.Object, java.lang.Object, java.lang.Object, java.lang.Object, java.lang.Object, java.lang.Object, java.lang.Object, java.lang.Object, int, int)'> (0x00000000a9cb3a90) thrown at [src/hotspot/share/interpreter/linkResolver.cpp, line 772]
Event: 10.968 Thread 0x00007f4534018000 Exception <a 'java/lang/NoSuchMethodError'{0x00000000a9cd2a00}: 'java.lang.Object java.lang.invoke.DirectMethodHandle$Holder.invokeStatic(java.lang.Object, java.lang.Object, java.lang.Object, java.lang.Object, java.lang.Object, java.lang.Object, java.lang.Object, java.lang.Object, java.lang.Object, java.lang.Object, java.lang.Object, int, int, java.lang.Object)'> (0x00000000a9cd2a00) thrown at [src/hotspot/share/interpreter/linkResolver.cpp, line 772]
Event: 10.971 Thread 0x00007f4534018000 Exception <a 'java/lang/NoSuchMethodError'{0x00000000a9cf32a8}: 'java.lang.Object java.lang.invoke.DirectMethodHandle$Holder.invokeStatic(java.lang.Object, java.lang.Object, java.lang.Object, java.lang.Object, java.lang.Object, java.lang.Object, java.lang.Object, java.lang.Object, java.lang.Object, java.lang.Object, java.lang.Object, int, int, java.lang.Object, java.lang.Object)'> (0x00000000a9cf32a8) thrown at [src/hotspot/share/interpreter/linkResolver.cpp, line 772]

Events (20 events):
Event: 11.206 loading class org/apache/jena/riot/tokens/Token$1
Event: 11.206 loading class org/apache/jena/riot/tokens/Token$1 done
Event: 11.206 loading class org/apache/jena/riot/tokens/StringType
Event: 11.206 loading class org/apache/jena/riot/tokens/StringType done
Event: 11.207 loading class org/apache/jena/riot/system/ParserProfileStd$1
Event: 11.207 loading class org/apache/jena/riot/system/ParserProfileStd$1 done
Event: 11.208 loading class org/apache/jena/graph/Node
Event: 11.208 loading class org/apache/jena/graph/Node done
Event: 11.208 loading class org/apache/jena/graph/Node
Event: 11.208 loading class org/apache/jena/graph/Node done
Event: 11.230 loading class org/apache/commons/codec/digest/MurmurHash3
Event: 11.230 loading class org/apache/commons/codec/digest/MurmurHash3 done
Event: 11.233 loading class org/apache/jena/graph/BlankNodeId
Event: 11.233 loading class org/apache/jena/graph/BlankNodeId done
Event: 11.243 loading class org/apache/jena/rdf/model/impl/StatementImpl
Event: 11.243 loading class org/apache/jena/rdf/model/impl/StatementImpl done
Event: 11.244 loading class org/apache/jena/rdf/model/impl/StatementBase
Event: 11.244 loading class org/apache/jena/rdf/model/impl/StatementBase done
Event: 11.254 loading class org/javafmi/wrapper/variables/SingleRead
Event: 11.254 loading class org/javafmi/wrapper/variables/SingleRead done


Dynamic libraries:
a4600000-aa200000 rw-p 00000000 00:00 0 
aa200000-ffe00000 ---p 00000000 00:00 0 
ffe00000-ffe48000 rw-p 00b13000 08:05 3014664                            /usr/lib/jvm/java-11-openjdk-amd64/lib/server/classes.jsa
ffe48000-fff00000 rw-p 00000000 00:00 0 
fff00000-fff6c000 rw-p 00aa7000 08:05 3014664                            /usr/lib/jvm/java-11-openjdk-amd64/lib/server/classes.jsa
fff6c000-100000000 rw-p 00000000 00:00 0 
800000000-800002000 rwxp 00001000 08:05 3014664                          /usr/lib/jvm/java-11-openjdk-amd64/lib/server/classes.jsa
800002000-8003ce000 rw-p 00003000 08:05 3014664                          /usr/lib/jvm/java-11-openjdk-amd64/lib/server/classes.jsa
8003ce000-800aa5000 r--p 003cf000 08:05 3014664                          /usr/lib/jvm/java-11-openjdk-amd64/lib/server/classes.jsa
800aa5000-800aa6000 rw-p 00aa6000 08:05 3014664                          /usr/lib/jvm/java-11-openjdk-amd64/lib/server/classes.jsa
840000000-8401e0000 rw-p 00000000 00:00 0 
8401e0000-880000000 ---p 00000000 00:00 0 
55cb85995000-55cb85996000 r--p 00000000 08:05 2752833                    /usr/lib/jvm/java-11-openjdk-amd64/bin/java
55cb85996000-55cb85997000 r-xp 00001000 08:05 2752833                    /usr/lib/jvm/java-11-openjdk-amd64/bin/java
55cb85997000-55cb85998000 r--p 00002000 08:05 2752833                    /usr/lib/jvm/java-11-openjdk-amd64/bin/java
55cb85998000-55cb85999000 r--p 00002000 08:05 2752833                    /usr/lib/jvm/java-11-openjdk-amd64/bin/java
55cb85999000-55cb8599a000 rw-p 00003000 08:05 2752833                    /usr/lib/jvm/java-11-openjdk-amd64/bin/java
55cb873a1000-55cb873c2000 rw-p 00000000 00:00 0                          [heap]
7f44dc000000-7f44dc021000 rw-p 00000000 00:00 0 
7f44dc021000-7f44e0000000 ---p 00000000 00:00 0 
7f44e0000000-7f44e0021000 rw-p 00000000 00:00 0 
7f44e0021000-7f44e4000000 ---p 00000000 00:00 0 
7f44e4000000-7f44e431f000 rw-p 00000000 00:00 0 
7f44e431f000-7f44e8000000 ---p 00000000 00:00 0 
7f44e8000000-7f44e8443000 rw-p 00000000 00:00 0 
7f44e8443000-7f44ec000000 ---p 00000000 00:00 0 
7f44ec000000-7f44ec021000 rw-p 00000000 00:00 0 
7f44ec021000-7f44f0000000 ---p 00000000 00:00 0 
7f44f0000000-7f44f0021000 rw-p 00000000 00:00 0 
7f44f0021000-7f44f4000000 ---p 00000000 00:00 0 
7f44f4000000-7f44f4021000 rw-p 00000000 00:00 0 
7f44f4021000-7f44f8000000 ---p 00000000 00:00 0 
7f44f8000000-7f44f8021000 rw-p 00000000 00:00 0 
7f44f8021000-7f44fc000000 ---p 00000000 00:00 0 
7f44fc000000-7f44fc021000 rw-p 00000000 00:00 0 
7f44fc021000-7f4500000000 ---p 00000000 00:00 0 
7f4500000000-7f4500021000 rw-p 00000000 00:00 0 
7f4500021000-7f4504000000 ---p 00000000 00:00 0 
7f4504000000-7f4504021000 rw-p 00000000 00:00 0 
7f4504021000-7f4508000000 ---p 00000000 00:00 0 
7f4508000000-7f4508021000 rw-p 00000000 00:00 0 
7f4508021000-7f450c000000 ---p 00000000 00:00 0 
7f450d4ea000-7f450d708000 r--p 00000000 08:05 4626831                    /tmp/fmu_8e8eee02_7c34_4e23_b9e4_5fb8ee1cccderabbit2_1_5-16_SG/binaries/linux64/rabbitmq.so
7f450d708000-7f450db23000 r-xp 0021e000 08:05 4626831                    /tmp/fmu_8e8eee02_7c34_4e23_b9e4_5fb8ee1cccderabbit2_1_5-16_SG/binaries/linux64/rabbitmq.so
7f450db23000-7f450dcad000 r--p 00639000 08:05 4626831                    /tmp/fmu_8e8eee02_7c34_4e23_b9e4_5fb8ee1cccderabbit2_1_5-16_SG/binaries/linux64/rabbitmq.so
7f450dcad000-7f450dcae000 ---p 007c3000 08:05 4626831                    /tmp/fmu_8e8eee02_7c34_4e23_b9e4_5fb8ee1cccderabbit2_1_5-16_SG/binaries/linux64/rabbitmq.so
7f450dcae000-7f450dcf4000 r--p 007c3000 08:05 4626831                    /tmp/fmu_8e8eee02_7c34_4e23_b9e4_5fb8ee1cccderabbit2_1_5-16_SG/binaries/linux64/rabbitmq.so
7f450dcf4000-7f450dd2d000 rw-p 00809000 08:05 4626831                    /tmp/fmu_8e8eee02_7c34_4e23_b9e4_5fb8ee1cccderabbit2_1_5-16_SG/binaries/linux64/rabbitmq.so
7f450dd2d000-7f450dd32000 rw-p 00000000 00:00 0 
7f450dd32000-7f450dd8b000 r--p 00000000 08:05 4626774                    /tmp/fmu_9c5caf25_590a_4cb8_bfb0_69c1c7bb5cdfkukalbriiwa_model/binaries/linux64/unifmu.so
7f450dd8b000-7f450def7000 r-xp 00059000 08:05 4626774                    /tmp/fmu_9c5caf25_590a_4cb8_bfb0_69c1c7bb5cdfkukalbriiwa_model/binaries/linux64/unifmu.so
7f450def7000-7f450dfb3000 r--p 001c5000 08:05 4626774                    /tmp/fmu_9c5caf25_590a_4cb8_bfb0_69c1c7bb5cdfkukalbriiwa_model/binaries/linux64/unifmu.so
7f450dfb3000-7f450dfb4000 ---p 00281000 08:05 4626774                    /tmp/fmu_9c5caf25_590a_4cb8_bfb0_69c1c7bb5cdfkukalbriiwa_model/binaries/linux64/unifmu.so
7f450dfb4000-7f450dfff000 r--p 00281000 08:05 4626774                    /tmp/fmu_9c5caf25_590a_4cb8_bfb0_69c1c7bb5cdfkukalbriiwa_model/binaries/linux64/unifmu.so
7f450dfff000-7f450e000000 rw-p 002cc000 08:05 4626774                    /tmp/fmu_9c5caf25_590a_4cb8_bfb0_69c1c7bb5cdfkukalbriiwa_model/binaries/linux64/unifmu.so
7f450e000000-7f4510000000 rw-p 00000000 00:00 0 
7f4510000000-7f4510021000 rw-p 00000000 00:00 0 
7f4510021000-7f4514000000 ---p 00000000 00:00 0 
7f4514013000-7f451402a000 r-xp 00000000 08:05 4626793                    /tmp/jna-2007796372/jna8143756948843180317.tmp (deleted)
7f451402a000-7f4514129000 ---p 00017000 08:05 4626793                    /tmp/jna-2007796372/jna8143756948843180317.tmp (deleted)
7f4514129000-7f451412b000 rw-p 00016000 08:05 4626793                    /tmp/jna-2007796372/jna8143756948843180317.tmp (deleted)
7f451412b000-7f45142ab000 rw-p 00000000 00:00 0 
7f45142ab000-7f451432b000 ---p 00000000 00:00 0 
7f451432b000-7f451452b000 rw-p 00000000 00:00 0 
7f451452b000-7f451472b000 rw-p 00000000 00:00 0 
7f451472b000-7f451472c000 ---p 00000000 00:00 0 
7f451472c000-7f451482d000 rw-p 00000000 00:00 0 
7f451482d000-7f4514831000 ---p 00000000 00:00 0 
7f4514831000-7f451492e000 rw-p 00000000 00:00 0 
7f451492e000-7f451492f000 ---p 00000000 00:00 0 
7f451492f000-7f45153a0000 rw-p 00000000 00:00 0 
7f45153a0000-7f4516910000 ---p 00000000 00:00 0 
7f4516910000-7f4516a88000 rw-p 00000000 00:00 0 
7f4516a88000-7f4517ff8000 ---p 00000000 00:00 0 
7f4517ff8000-7f4518000000 rw-p 00000000 00:00 0 
7f4518000000-7f4518021000 rw-p 00000000 00:00 0 
7f4518021000-7f451c000000 ---p 00000000 00:00 0 
7f451c079000-7f451c07a000 r--p 00000000 08:05 3183385                    /usr/lib/x86_64-linux-gnu/gconv/UTF-16.so
7f451c07a000-7f451c07c000 r-xp 00001000 08:05 3183385                    /usr/lib/x86_64-linux-gnu/gconv/UTF-16.so
7f451c07c000-7f451c07d000 r--p 00003000 08:05 3183385                    /usr/lib/x86_64-linux-gnu/gconv/UTF-16.so
7f451c07d000-7f451c07e000 r--p 00003000 08:05 3183385                    /usr/lib/x86_64-linux-gnu/gconv/UTF-16.so
7f451c07e000-7f451c07f000 rw-p 00004000 08:05 3183385                    /usr/lib/x86_64-linux-gnu/gconv/UTF-16.so
7f451c07f000-7f451c083000 ---p 00000000 00:00 0 
7f451c083000-7f451c180000 rw-p 00000000 00:00 0 
7f451c180000-7f451c184000 ---p 00000000 00:00 0 
7f451c184000-7f451c281000 rw-p 00000000 00:00 0 
7f451c281000-7f451c7f1000 r--p 00000000 08:05 2629154                    /usr/lib/locale/locale-archive
7f451c7f1000-7f451ca61000 rwxp 00000000 00:00 0 
7f451ca61000-7f451cd80000 ---p 00000000 00:00 0 
7f451cd80000-7f451d0a0000 rwxp 00000000 00:00 0 
7f451d0a0000-7f45242b8000 ---p 00000000 00:00 0 
7f45242b8000-7f4524528000 rwxp 00000000 00:00 0 
7f4524528000-7f452b7f1000 ---p 00000000 00:00 0 
7f452b7f1000-7f4534000000 r--s 00000000 08:05 2753624                    /usr/lib/jvm/java-11-openjdk-amd64/lib/modules
7f4534000000-7f4534934000 rw-p 00000000 00:00 0 
7f4534934000-7f4538000000 ---p 00000000 00:00 0 
7f4538000000-7f4538031000 rw-p 00000000 00:00 0 
7f4538031000-7f4538035000 r--p 00000000 08:05 2753614                    /usr/lib/jvm/java-11-openjdk-amd64/lib/libnet.so
7f4538035000-7f4538043000 r-xp 00004000 08:05 2753614                    /usr/lib/jvm/java-11-openjdk-amd64/lib/libnet.so
7f4538043000-7f4538047000 r--p 00012000 08:05 2753614                    /usr/lib/jvm/java-11-openjdk-amd64/lib/libnet.so
7f4538047000-7f4538048000 r--p 00015000 08:05 2753614                    /usr/lib/jvm/java-11-openjdk-amd64/lib/libnet.so
7f4538048000-7f4538049000 rw-p 00016000 08:05 2753614                    /usr/lib/jvm/java-11-openjdk-amd64/lib/libnet.so
7f4538049000-7f4538050000 r--p 00000000 08:05 2753615                    /usr/lib/jvm/java-11-openjdk-amd64/lib/libnio.so
7f4538050000-7f4538058000 r-xp 00007000 08:05 2753615                    /usr/lib/jvm/java-11-openjdk-amd64/lib/libnio.so
7f4538058000-7f453805b000 r--p 0000f000 08:05 2753615                    /usr/lib/jvm/java-11-openjdk-amd64/lib/libnio.so
7f453805b000-7f453805c000 r--p 00011000 08:05 2753615                    /usr/lib/jvm/java-11-openjdk-amd64/lib/libnio.so
7f453805c000-7f453805d000 rw-p 00012000 08:05 2753615                    /usr/lib/jvm/java-11-openjdk-amd64/lib/libnio.so
7f453805d000-7f4538061000 ---p 00000000 00:00 0 
7f4538061000-7f453815e000 rw-p 00000000 00:00 0 
7f453815e000-7f4538162000 ---p 00000000 00:00 0 
7f4538162000-7f453825f000 rw-p 00000000 00:00 0 
7f453825f000-7f4538263000 ---p 00000000 00:00 0 
7f4538263000-7f4538360000 rw-p 00000000 00:00 0 
7f4538360000-7f4538364000 ---p 00000000 00:00 0 
7f4538364000-7f4538461000 rw-p 00000000 00:00 0 
7f4538461000-7f4538465000 ---p 00000000 00:00 0 
7f4538465000-7f4538562000 rw-p 00000000 00:00 0 
7f4538562000-7f4538563000 ---p 00000000 00:00 0 
7f4538563000-7f45387aa000 rw-p 00000000 00:00 0 
7f45387aa000-7f45387ab000 ---p 00000000 00:00 0 
7f45387ab000-7f45388ac000 rw-p 00000000 00:00 0 
7f45388ac000-7f45388ad000 ---p 00000000 00:00 0 
7f45388ad000-7f4538bb0000 rw-p 00000000 00:00 0 
7f4538bb0000-7f4538bb1000 ---p 00000000 00:00 0 
7f4538bb1000-7f4538cb2000 rw-p 00000000 00:00 0 
7f4538cb2000-7f4538cb3000 ---p 00000000 00:00 0 
7f4538cb3000-7f4538e13000 rw-p 00000000 00:00 0 
7f4538e13000-7f45390c1000 ---p 00000000 00:00 0 
7f45390c1000-7f45390f0000 rw-p 00000000 00:00 0 
7f45390f0000-7f453939e000 ---p 00000000 00:00 0 
7f453939e000-7f45393cd000 rw-p 00000000 00:00 0 
7f45393cd000-7f453967b000 ---p 00000000 00:00 0 
7f453967b000-7f453987e000 rw-p 00000000 00:00 0 
7f453987e000-7f453987f000 ---p 00000000 00:00 0 
7f453987f000-7f4539985000 rw-p 00000000 00:00 0 
7f4539985000-7f4539a6b000 ---p 00000000 00:00 0 
7f4539a6b000-7f4539a72000 rw-p 00000000 00:00 0 
7f4539a72000-7f4539b56000 ---p 00000000 00:00 0 
7f4539b56000-7f4539b5b000 rw-p 00000000 00:00 0 
7f4539b5b000-7f4539b62000 ---p 00000000 00:00 0 
7f4539b62000-7f4539b65000 r--p 00000000 08:05 2632028                    /usr/lib/x86_64-linux-gnu/libnss_files-2.31.so
7f4539b65000-7f4539b6c000 r-xp 00003000 08:05 2632028                    /usr/lib/x86_64-linux-gnu/libnss_files-2.31.so
7f4539b6c000-7f4539b6e000 r--p 0000a000 08:05 2632028                    /usr/lib/x86_64-linux-gnu/libnss_files-2.31.so
7f4539b6e000-7f4539b6f000 r--p 0000b000 08:05 2632028                    /usr/lib/x86_64-linux-gnu/libnss_files-2.31.so
7f4539b6f000-7f4539b70000 rw-p 0000c000 08:05 2632028                    /usr/lib/x86_64-linux-gnu/libnss_files-2.31.so
7f4539b70000-7f4539b76000 rw-p 00000000 00:00 0 
7f4539b77000-7f4539b7e000 r--s 00000000 08:05 3183390                    /usr/lib/x86_64-linux-gnu/gconv/gconv-modules.cache
7f4539b7e000-7f4539b80000 r--p 00000000 08:05 2753623                    /usr/lib/jvm/java-11-openjdk-amd64/lib/libzip.so
7f4539b80000-7f4539b85000 r-xp 00002000 08:05 2753623                    /usr/lib/jvm/java-11-openjdk-amd64/lib/libzip.so
7f4539b85000-7f4539b87000 r--p 00007000 08:05 2753623                    /usr/lib/jvm/java-11-openjdk-amd64/lib/libzip.so
7f4539b87000-7f4539b88000 r--p 00008000 08:05 2753623                    /usr/lib/jvm/java-11-openjdk-amd64/lib/libzip.so
7f4539b88000-7f4539b89000 rw-p 00009000 08:05 2753623                    /usr/lib/jvm/java-11-openjdk-amd64/lib/libzip.so
7f4539b89000-7f4539b91000 rw-s 00000000 08:05 4626722                    /tmp/hsperfdata_santiago/36191
7f4539b91000-7f4539b92000 ---p 00000000 00:00 0 
7f4539b92000-7f4539b93000 r--p 00000000 00:00 0 
7f4539b93000-7f4539ba1000 r--p 00000000 08:05 2753377                    /usr/lib/jvm/java-11-openjdk-amd64/lib/libjava.so
7f4539ba1000-7f4539bb7000 r-xp 0000e000 08:05 2753377                    /usr/lib/jvm/java-11-openjdk-amd64/lib/libjava.so
7f4539bb7000-7f4539bbe000 r--p 00024000 08:05 2753377                    /usr/lib/jvm/java-11-openjdk-amd64/lib/libjava.so
7f4539bbe000-7f4539bbf000 r--p 0002a000 08:05 2753377                    /usr/lib/jvm/java-11-openjdk-amd64/lib/libjava.so
7f4539bbf000-7f4539bc0000 rw-p 0002b000 08:05 2753377                    /usr/lib/jvm/java-11-openjdk-amd64/lib/libjava.so
7f4539bc0000-7f4539bc1000 rw-p 00000000 00:00 0 
7f4539bc1000-7f4539bc3000 r--p 00000000 08:05 2632038                    /usr/lib/x86_64-linux-gnu/librt-2.31.so
7f4539bc3000-7f4539bc7000 r-xp 00002000 08:05 2632038                    /usr/lib/x86_64-linux-gnu/librt-2.31.so
7f4539bc7000-7f4539bc9000 r--p 00006000 08:05 2632038                    /usr/lib/x86_64-linux-gnu/librt-2.31.so
7f4539bc9000-7f4539bca000 r--p 00007000 08:05 2632038                    /usr/lib/x86_64-linux-gnu/librt-2.31.so
7f4539bca000-7f4539bcb000 rw-p 00008000 08:05 2632038                    /usr/lib/x86_64-linux-gnu/librt-2.31.so
7f4539bcb000-7f4539bcf000 ---p 00000000 00:00 0 
7f4539bcf000-7f4539ccc000 rw-p 00000000 00:00 0 
7f4539ccc000-7f4539ccf000 r--p 00000000 08:05 2622393                    /usr/lib/x86_64-linux-gnu/libgcc_s.so.1
7f4539ccf000-7f4539ce1000 r-xp 00003000 08:05 2622393                    /usr/lib/x86_64-linux-gnu/libgcc_s.so.1
7f4539ce1000-7f4539ce5000 r--p 00015000 08:05 2622393                    /usr/lib/x86_64-linux-gnu/libgcc_s.so.1
7f4539ce5000-7f4539ce6000 r--p 00018000 08:05 2622393                    /usr/lib/x86_64-linux-gnu/libgcc_s.so.1
7f4539ce6000-7f4539ce7000 rw-p 00019000 08:05 2622393                    /usr/lib/x86_64-linux-gnu/libgcc_s.so.1
7f4539ce7000-7f4539cf4000 r--p 00000000 08:05 2631998                    /usr/lib/x86_64-linux-gnu/libm-2.31.so
7f4539cf4000-7f4539d9b000 r-xp 0000d000 08:05 2631998                    /usr/lib/x86_64-linux-gnu/libm-2.31.so
7f4539d9b000-7f4539e34000 r--p 000b4000 08:05 2631998                    /usr/lib/x86_64-linux-gnu/libm-2.31.so
7f4539e34000-7f4539e35000 r--p 0014c000 08:05 2631998                    /usr/lib/x86_64-linux-gnu/libm-2.31.so
7f4539e35000-7f4539e36000 rw-p 0014d000 08:05 2631998                    /usr/lib/x86_64-linux-gnu/libm-2.31.so
7f4539e36000-7f4539ecc000 r--p 00000000 08:05 2626859                    /usr/lib/x86_64-linux-gnu/libstdc++.so.6.0.28
7f4539ecc000-7f4539fbd000 r-xp 00096000 08:05 2626859                    /usr/lib/x86_64-linux-gnu/libstdc++.so.6.0.28
7f4539fbd000-7f453a006000 r--p 00187000 08:05 2626859                    /usr/lib/x86_64-linux-gnu/libstdc++.so.6.0.28
7f453a006000-7f453a007000 ---p 001d0000 08:05 2626859                    /usr/lib/x86_64-linux-gnu/libstdc++.so.6.0.28
7f453a007000-7f453a012000 r--p 001d0000 08:05 2626859                    /usr/lib/x86_64-linux-gnu/libstdc++.so.6.0.28
7f453a012000-7f453a015000 rw-p 001db000 08:05 2626859                    /usr/lib/x86_64-linux-gnu/libstdc++.so.6.0.28
7f453a015000-7f453a018000 rw-p 00000000 00:00 0 
7f453a018000-7f453a29a000 r--p 00000000 08:05 3017460                    /usr/lib/jvm/java-11-openjdk-amd64/lib/server/libjvm.so
7f453a29a000-7f453af2b000 r-xp 00282000 08:05 3017460                    /usr/lib/jvm/java-11-openjdk-amd64/lib/server/libjvm.so
7f453af2b000-7f453b18a000 r--p 00f13000 08:05 3017460                    /usr/lib/jvm/java-11-openjdk-amd64/lib/server/libjvm.so
7f453b18a000-7f453b24e000 r--p 01171000 08:05 3017460                    /usr/lib/jvm/java-11-openjdk-amd64/lib/server/libjvm.so
7f453b24e000-7f453b289000 rw-p 01235000 08:05 3017460                    /usr/lib/jvm/java-11-openjdk-amd64/lib/server/libjvm.so
7f453b289000-7f453b2e2000 rw-p 00000000 00:00 0 
7f453b2e2000-7f453b304000 r--p 00000000 08:05 2631994                    /usr/lib/x86_64-linux-gnu/libc-2.31.so
7f453b304000-7f453b47c000 r-xp 00022000 08:05 2631994                    /usr/lib/x86_64-linux-gnu/libc-2.31.so
7f453b47c000-7f453b4ca000 r--p 0019a000 08:05 2631994                    /usr/lib/x86_64-linux-gnu/libc-2.31.so
7f453b4ca000-7f453b4ce000 r--p 001e7000 08:05 2631994                    /usr/lib/x86_64-linux-gnu/libc-2.31.so
7f453b4ce000-7f453b4d0000 rw-p 001eb000 08:05 2631994                    /usr/lib/x86_64-linux-gnu/libc-2.31.so
7f453b4d0000-7f453b4d4000 rw-p 00000000 00:00 0 
7f453b4d4000-7f453b4d5000 r--p 00000000 08:05 2631996                    /usr/lib/x86_64-linux-gnu/libdl-2.31.so
7f453b4d5000-7f453b4d7000 r-xp 00001000 08:05 2631996                    /usr/lib/x86_64-linux-gnu/libdl-2.31.so
7f453b4d7000-7f453b4d8000 r--p 00003000 08:05 2631996                    /usr/lib/x86_64-linux-gnu/libdl-2.31.so
7f453b4d8000-7f453b4d9000 r--p 00003000 08:05 2631996                    /usr/lib/x86_64-linux-gnu/libdl-2.31.so
7f453b4d9000-7f453b4da000 rw-p 00004000 08:05 2631996                    /usr/lib/x86_64-linux-gnu/libdl-2.31.so
7f453b4da000-7f453b4dd000 r--p 00000000 08:05 3017457                    /usr/lib/jvm/java-11-openjdk-amd64/lib/jli/libjli.so
7f453b4dd000-7f453b4e7000 r-xp 00003000 08:05 3017457                    /usr/lib/jvm/java-11-openjdk-amd64/lib/jli/libjli.so
7f453b4e7000-7f453b4ea000 r--p 0000d000 08:05 3017457                    /usr/lib/jvm/java-11-openjdk-amd64/lib/jli/libjli.so
7f453b4ea000-7f453b4eb000 ---p 00010000 08:05 3017457                    /usr/lib/jvm/java-11-openjdk-amd64/lib/jli/libjli.so
7f453b4eb000-7f453b4ec000 r--p 00010000 08:05 3017457                    /usr/lib/jvm/java-11-openjdk-amd64/lib/jli/libjli.so
7f453b4ec000-7f453b4ed000 rw-p 00011000 08:05 3017457                    /usr/lib/jvm/java-11-openjdk-amd64/lib/jli/libjli.so
7f453b4ed000-7f453b4f3000 r--p 00000000 08:05 2632036                    /usr/lib/x86_64-linux-gnu/libpthread-2.31.so
7f453b4f3000-7f453b504000 r-xp 00006000 08:05 2632036                    /usr/lib/x86_64-linux-gnu/libpthread-2.31.so
7f453b504000-7f453b50a000 r--p 00017000 08:05 2632036                    /usr/lib/x86_64-linux-gnu/libpthread-2.31.so
7f453b50a000-7f453b50b000 r--p 0001c000 08:05 2632036                    /usr/lib/x86_64-linux-gnu/libpthread-2.31.so
7f453b50b000-7f453b50c000 rw-p 0001d000 08:05 2632036                    /usr/lib/x86_64-linux-gnu/libpthread-2.31.so
7f453b50c000-7f453b510000 rw-p 00000000 00:00 0 
7f453b510000-7f453b512000 r--p 00000000 08:05 2627188                    /usr/lib/x86_64-linux-gnu/libz.so.1.2.11
7f453b512000-7f453b523000 r-xp 00002000 08:05 2627188                    /usr/lib/x86_64-linux-gnu/libz.so.1.2.11
7f453b523000-7f453b529000 r--p 00013000 08:05 2627188                    /usr/lib/x86_64-linux-gnu/libz.so.1.2.11
7f453b529000-7f453b52a000 ---p 00019000 08:05 2627188                    /usr/lib/x86_64-linux-gnu/libz.so.1.2.11
7f453b52a000-7f453b52b000 r--p 00019000 08:05 2627188                    /usr/lib/x86_64-linux-gnu/libz.so.1.2.11
7f453b52b000-7f453b52c000 rw-p 0001a000 08:05 2627188                    /usr/lib/x86_64-linux-gnu/libz.so.1.2.11
7f453b52c000-7f453b52e000 r--p 00000000 08:05 2753588                    /usr/lib/jvm/java-11-openjdk-amd64/lib/libjimage.so
7f453b52e000-7f453b531000 r-xp 00002000 08:05 2753588                    /usr/lib/jvm/java-11-openjdk-amd64/lib/libjimage.so
7f453b531000-7f453b532000 r--p 00005000 08:05 2753588                    /usr/lib/jvm/java-11-openjdk-amd64/lib/libjimage.so
7f453b532000-7f453b533000 ---p 00006000 08:05 2753588                    /usr/lib/jvm/java-11-openjdk-amd64/lib/libjimage.so
7f453b533000-7f453b534000 r--p 00006000 08:05 2753588                    /usr/lib/jvm/java-11-openjdk-amd64/lib/libjimage.so
7f453b534000-7f453b535000 rw-p 00007000 08:05 2753588                    /usr/lib/jvm/java-11-openjdk-amd64/lib/libjimage.so
7f453b535000-7f453b53a000 r--p 00000000 08:05 2753622                    /usr/lib/jvm/java-11-openjdk-amd64/lib/libverify.so
7f453b53a000-7f453b541000 r-xp 00005000 08:05 2753622                    /usr/lib/jvm/java-11-openjdk-amd64/lib/libverify.so
7f453b541000-7f453b543000 r--p 0000c000 08:05 2753622                    /usr/lib/jvm/java-11-openjdk-amd64/lib/libverify.so
7f453b543000-7f453b544000 ---p 0000e000 08:05 2753622                    /usr/lib/jvm/java-11-openjdk-amd64/lib/libverify.so
7f453b544000-7f453b546000 r--p 0000e000 08:05 2753622                    /usr/lib/jvm/java-11-openjdk-amd64/lib/libverify.so
7f453b546000-7f453b547000 rw-p 00010000 08:05 2753622                    /usr/lib/jvm/java-11-openjdk-amd64/lib/libverify.so
7f453b547000-7f453b549000 rw-p 00000000 00:00 0 
7f453b549000-7f453b54a000 r--p 00000000 08:05 2623639                    /usr/lib/x86_64-linux-gnu/ld-2.31.so
7f453b54a000-7f453b56d000 r-xp 00001000 08:05 2623639                    /usr/lib/x86_64-linux-gnu/ld-2.31.so
7f453b56d000-7f453b575000 r--p 00024000 08:05 2623639                    /usr/lib/x86_64-linux-gnu/ld-2.31.so
7f453b575000-7f453b576000 rwxp 00000000 00:00 0 
7f453b576000-7f453b577000 r--p 0002c000 08:05 2623639                    /usr/lib/x86_64-linux-gnu/ld-2.31.so
7f453b577000-7f453b578000 rw-p 0002d000 08:05 2623639                    /usr/lib/x86_64-linux-gnu/ld-2.31.so
7f453b578000-7f453b579000 rw-p 00000000 00:00 0 
7ffd5b542000-7ffd5b565000 rw-p 00000000 00:00 0                          [stack]
7ffd5b5bf000-7ffd5b5c3000 r--p 00000000 00:00 0                          [vvar]
7ffd5b5c3000-7ffd5b5c5000 r-xp 00000000 00:00 0                          [vdso]
ffffffffff600000-ffffffffff601000 --xp 00000000 00:00 0                  [vsyscall]


VM Arguments:
jvm_args: -Dfile.encoding=UTF-8 -Duser.country=US -Duser.language=en -Duser.variant 
java_command: MainKt
java_class_path (initial): /home/santiago/Aarhus/ConfLiftingaaS/build/classes/java/main:/home/santiago/Aarhus/ConfLiftingaaS/build/classes/kotlin/main:/home/santiago/Aarhus/ConfLiftingaaS/build/resources/main:/home/santiago/.gradle/caches/modules-2/files-2.1/org.jetbrains.kotlinx/kotlinx-serialization-json-jvm/1.5.0/f2355f60f5c027da0326c8af2d9c724d39aa0ce9/kotlinx-serialization-json-jvm-1.5.0.jar:/home/santiago/.gradle/caches/modules-2/files-2.1/org.jetbrains.kotlinx/kotlinx-serialization-core-jvm/1.5.0/d701e8cccd443a7cc1a0bcac53432f2745dcdbda/kotlinx-serialization-core-jvm-1.5.0.jar:/home/santiago/.gradle/caches/modules-2/files-2.1/org.siani.javafmi/fmu-wrapper/2.26.3/56f94b5c0935c234802450545083855994612c41/fmu-wrapper-2.26.3.jar:/home/santiago/.gradle/caches/modules-2/files-2.1/org.jetbrains.kotlin/kotlin-stdlib-jdk8/1.8.10/7c002ac41f547a82e81dfebd2a20577a738dbf3f/kotlin-stdlib-jdk8-1.8.10.jar:/home/santiago/.gradle/caches/modules-2/files-2.1/org.apache.jena/jena-shacl/3.16.0/73224ac7a31181149fce1a85c4ad86a9e5d76c0d/jena-shacl-3.16.0.jar:/home/santiago/.gradle/caches/modules-2/files-2.1/org.apache.jena/jena-tdb/3.16.0/9cbf4b9d9ce058403f4977be0ceff0c6a6b755d/jena-tdb-3.16.0.jar:/home/santiago/.gradle/caches/modules-2/files-2.1/org.apache.jena/jena-rdfconnection/3.16.0/68e2a3f2c450ae4ce2652a3713dea95066bff25a/jena-rdfconnection-3.16.0.jar:/home/santiago/.gradle/caches/modules-2/files-2.1/org.apache.jena/jena-tdb2/3.16.0/1f014a32d88e4bb5ac4c5291703fafd5bd060a8c/jena-tdb2-3.16.0.jar:/home/santiago/.gradle/caches/modules-2/files-2.1/org.apache.jena/jena-dboe-storage/3.16.0/86876be46c78ee68172614c4bf3cd211b3815d33/jena-dboe-storage-3.16.0.jar:/home/santiago/.gradle/caches/modules-2/files-2.1/org.apache.jena/jena-dboe-trans-data/3.16.0/2df0c144ef7f420d45a984c753a7078b70618a94/jena-dboe-trans-data-3.16.0.jar:/home/santiago/.gradle/caches/modules-2/files-2.1/org.apache.jena/jena-dboe-transaction/3.16.0/668a904ec5532ff837e8a9b67460797f2654f077/jena-dboe-transaction-3.16.
Launcher Type: SUN_STANDARD

[Global flags]
     intx CICompilerCount                          = 2                                         {product} {ergonomic}
     uint ConcGCThreads                            = 1                                         {product} {ergonomic}
     uint G1ConcRefinementThreads                  = 2                                         {product} {ergonomic}
   size_t G1HeapRegionSize                         = 1048576                                   {product} {ergonomic}
    uintx GCDrainStackTargetSize                   = 64                                        {product} {ergonomic}
   size_t InitialHeapSize                          = 96468992                                  {product} {ergonomic}
   size_t MarkStackSize                            = 4194304                                   {product} {ergonomic}
   size_t MaxHeapSize                              = 1537212416                                {product} {ergonomic}
   size_t MaxNewSize                               = 921698304                                 {product} {ergonomic}
   size_t MinHeapDeltaBytes                        = 1048576                                   {product} {ergonomic}
    uintx NonNMethodCodeHeapSize                   = 5825164                                {pd product} {ergonomic}
    uintx NonProfiledCodeHeapSize                  = 122916538                              {pd product} {ergonomic}
    uintx ProfiledCodeHeapSize                     = 122916538                              {pd product} {ergonomic}
    uintx ReservedCodeCacheSize                    = 251658240                              {pd product} {ergonomic}
     bool SegmentedCodeCache                       = true                                      {product} {ergonomic}
     bool UseCompressedClassPointers               = true                                 {lp64_product} {ergonomic}
     bool UseCompressedOops                        = true                                 {lp64_product} {ergonomic}
     bool UseG1GC                                  = true                                      {product} {ergonomic}

Logging:
Log output configuration:
 #0: stdout all=warning uptime,level,tags
 #1: stderr all=off uptime,level,tags

Environment Variables:
JAVA_HOME=/usr/lib/jvm/java-11-openjdk-amd64
PATH=/home/santiago/apache-maven-3.9.4/bin:/usr/lib/jvm/java-11-openjdk-amd64:/usr/lib/jvm/java-11-openjdk-amd64/bin:/home/santiago/node-js/bin:/home/santiago/node-js:/home/santiago/uppaal64-4.1.25-5:/home/santiago/uppaal64-4.1.25-5/bin-Linux:/home/santiago/apache-maven-3.9.4/bin:/usr/lib/jvm/java-17-openjdk-amd64:/usr/lib/jvm/java-17-openjdk-amd64/bin:/home/santiago/node-js/bin:/home/santiago/node-js:/home/santiago/uppaal64-4.1.25-5:/home/santiago/uppaal64-4.1.25-5/bin-Linux:/home/santiago/.sdkman/candidates/kotlin/current/bin:/home/santiago/.sdkman/candidates/gradle/current/bin:/home/santiago/apache-maven-3.9.4/bin:/usr/lib/jvm/java-11-openjdk-amd64/bin:/home/santiago/node-js/bin:/home/santiago/node-js:/home/santiago/uppaal64-4.1.25-5:/home/santiago/uppaal64-4.1.25-5/bin-Linux:/home/santiago/.local/bin:/usr/local/sbin:/usr/local/bin:/usr/sbin:/usr/bin:/sbin:/bin:/usr/games:/usr/local/games:/snap/bin
USERNAME=santiago
SHELL=/bin/bash
DISPLAY=:0
LANG=en_US.UTF-8
TERM=xterm-256color

Signal Handlers:
SIGSEGV: [libjvm.so+0xea02e0], sa_mask[0]=11111111011111111101111111111110, sa_flags=SA_RESTART|SA_SIGINFO
SIGBUS: [libjvm.so+0xea02e0], sa_mask[0]=11111111011111111101111111111110, sa_flags=SA_RESTART|SA_SIGINFO
SIGFPE: [libjvm.so+0xea02e0], sa_mask[0]=11111111011111111101111111111110, sa_flags=SA_RESTART|SA_SIGINFO
SIGPIPE: [libjvm.so+0xbe5be0], sa_mask[0]=11111111011111111101111111111110, sa_flags=SA_RESTART|SA_SIGINFO
SIGXFSZ: [libjvm.so+0xbe5be0], sa_mask[0]=11111111011111111101111111111110, sa_flags=SA_RESTART|SA_SIGINFO
SIGILL: [libjvm.so+0xea02e0], sa_mask[0]=11111111011111111101111111111110, sa_flags=SA_RESTART|SA_SIGINFO
SIGUSR2: [libjvm.so+0xbe5a80], sa_mask[0]=00100000000000000000000000000000, sa_flags=SA_RESTART|SA_SIGINFO
SIGHUP: [libjvm.so+0xbe6130], sa_mask[0]=11111111011111111101111111111110, sa_flags=SA_RESTART|SA_SIGINFO
SIGINT: [libjvm.so+0xbe6130], sa_mask[0]=11111111011111111101111111111110, sa_flags=SA_RESTART|SA_SIGINFO
SIGTERM: [libjvm.so+0xbe6130], sa_mask[0]=11111111011111111101111111111110, sa_flags=SA_RESTART|SA_SIGINFO
SIGQUIT: [libjvm.so+0xbe6130], sa_mask[0]=11111111011111111101111111111110, sa_flags=SA_RESTART|SA_SIGINFO


---------------  S Y S T E M  ---------------

OS:DISTRIB_ID=Ubuntu
DISTRIB_RELEASE=20.04
DISTRIB_CODENAME=focal
DISTRIB_DESCRIPTION="Ubuntu 20.04.6 LTS"
uname:Linux 5.15.0-78-generic #85~20.04.1-Ubuntu SMP Mon Jul 17 09:42:39 UTC 2023 x86_64
OS uptime: 0 days 1:47 hours
libc:glibc 2.31 NPTL 2.31 
rlimit (soft/hard): STACK 8192k/infinity , CORE 0k/infinity , NPROC 23121/23121 , NOFILE 1048576/1048576 , AS infinity/infinity , CPU infinity/infinity , DATA infinity/infinity , FSIZE infinity/infinity , MEMLOCK 65536k/65536k
load average:1.17 0.63 0.63

/proc/meminfo:
MemTotal:        6004560 kB
MemFree:          126248 kB
MemAvailable:     106528 kB
Buffers:            4560 kB
Cached:           127172 kB
SwapCached:       119472 kB
Active:          1021912 kB
Inactive:        3894792 kB
Active(anon):     975256 kB
Inactive(anon):  3839444 kB
Active(file):      46656 kB
Inactive(file):    55348 kB
Unevictable:       13500 kB
Mlocked:           13500 kB
SwapTotal:       2097148 kB
SwapFree:            840 kB
Dirty:                 4 kB
Writeback:           100 kB
AnonPages:       4678868 kB
Mapped:            94236 kB
Shmem:             18124 kB
KReclaimable:     114700 kB
Slab:             288852 kB
SReclaimable:     114700 kB
SUnreclaim:       174152 kB
KernelStack:       23520 kB
PageTables:        42420 kB
NFS_Unstable:          0 kB
Bounce:                0 kB
WritebackTmp:          0 kB
CommitLimit:     5099428 kB
Committed_AS:   14495096 kB
VmallocTotal:   34359738367 kB
VmallocUsed:       90472 kB
VmallocChunk:          0 kB
Percpu:           181248 kB
HardwareCorrupted:     0 kB
AnonHugePages:      2048 kB
ShmemHugePages:        0 kB
ShmemPmdMapped:        0 kB
FileHugePages:         0 kB
FilePmdMapped:         0 kB
HugePages_Total:       0
HugePages_Free:        0
HugePages_Rsvd:        0
HugePages_Surp:        0
Hugepagesize:       2048 kB
Hugetlb:               0 kB
DirectMap4k:      548672 kB
DirectMap2M:     5718016 kB
DirectMap1G:           0 kB

/sys/kernel/mm/transparent_hugepage/enabled:
always [madvise] never
/sys/kernel/mm/transparent_hugepage/defrag (defrag/compaction efforts parameter):
always defer defer+madvise [madvise] never

Process Memory:
Virtual Size: 4101084K (peak: 12903016K)
Resident Set Size: 114408K (peak: 114456K) (anon: 88148K, file: 26260K, shmem: 0K)
Swapped out: 0K
C-Heap outstanding allocations: 18837K, retained: 5222K
glibc malloc tunables: (default)

/proc/sys/kernel/threads-max (system-wide limit on the number of threads):
46242
/proc/sys/vm/max_map_count (maximum number of memory map areas a process may have):
65530
/proc/sys/kernel/pid_max (system-wide limit on number of process identifiers):
4194304

container (cgroup) information:
container_type: cgroupv1
cpu_cpuset_cpus: 0-1
cpu_memory_nodes: 0
active_processor_count: 2
cpu_quota: no quota
cpu_period: 100000
cpu_shares: no shares
memory_limit_in_bytes: unlimited
memory_and_swap_limit_in_bytes: unlimited
memory_soft_limit_in_bytes: unlimited
memory_usage_in_bytes: 4675228 k
memory_max_usage_in_bytes: 4688652 k
kernel_memory_usage_in_bytes: 81684 k
kernel_memory_max_usage_in_bytes: unlimited
kernel_memory_limit_in_bytes: 100276 k
maximum number of tasks: unlimited
current number of tasks: 737

VMWare virtualization detected
Steal ticks since vm start: 0
Steal ticks percentage since vm start:  0.000

CPU:total 2 (initial active 2) (1 cores per cpu, 1 threads per core) family 6 model 140 stepping 1 microcode 0x8a, cmov, cx8, fxsr, mmx, sse, sse2, sse3, ssse3, sse4.1, sse4.2, popcnt, avx, avx2, aes, clmul, erms, 3dnowpref, lzcnt, tsc, tscinvbit, bmi1, bmi2, adx, evex, sha, fma
CPU Model and flags from /proc/cpuinfo:
model name	: 11th Gen Intel(R) Core(TM) i5-1135G7 @ 2.40GHz
flags		: fpu vme de pse tsc msr pae mce cx8 apic sep mtrr pge mca cmov pat pse36 clflush mmx fxsr sse sse2 ss syscall nx pdpe1gb rdtscp lm constant_tsc arch_perfmon rep_good nopl xtopology tsc_reliable nonstop_tsc cpuid tsc_known_freq pni pclmulqdq ssse3 fma cx16 pcid sse4_1 sse4_2 x2apic movbe popcnt tsc_deadline_timer aes xsave avx f16c rdrand hypervisor lahf_lm abm 3dnowprefetch cpuid_fault invpcid_single ssbd ibrs ibpb stibp ibrs_enhanced fsgsbase tsc_adjust bmi1 avx2 smep bmi2 erms invpcid avx512f avx512dq rdseed adx smap avx512ifma clflushopt clwb avx512cd sha_ni avx512bw avx512vl xsaveopt xsavec xgetbv1 xsaves arat avx512vbmi umip pku ospke avx512_vbmi2 gfni vaes vpclmulqdq avx512_vnni avx512_bitalg avx512_vpopcntdq rdpid movdiri movdir64b fsrm avx512_vp2intersect md_clear flush_l1d arch_capabilities
Online cpus:
0-1
Offline cpus:
2-127
BIOS frequency limitation:
<Not Available>
Frequency switch latency (ns):
<Not Available>
Available cpu frequencies:
<Not Available>
Current governor:
<Not Available>
Core performance/turbo boost:
<Not Available>

Memory: 4k page, physical 6004560k(126248k free), swap 2097148k(920k free)

vm_info: OpenJDK 64-Bit Server VM (11.0.20+8-post-Ubuntu-1ubuntu120.04) for linux-amd64 JRE (11.0.20+8-post-Ubuntu-1ubuntu120.04), built on Jul 20 2023 03:22:26 by "unknown" with gcc 9.4.0

END.
