#
# A fatal error has been detected by the Java Runtime Environment:
#
#  SIGSEGV (0xb) at pc=0x00007fad2d20fc3d, pid=52301, tid=52302
#
# JRE version: OpenJDK Runtime Environment (11.0.20+8) (build 11.0.20+8-post-Ubuntu-1ubuntu120.04)
# Java VM: OpenJDK 64-Bit Server VM (11.0.20+8-post-Ubuntu-1ubuntu120.04, mixed mode, sharing, tiered, compressed oops, g1 gc, linux-amd64)
# Problematic frame:
# C  [rabbitmq.so+0x271c3d]  FmuContainerCore::getData()+0x2d
#
# Core dump will be written. Default location: Core dumps may be processed with "/usr/share/apport/apport -p%p -s%s -c%c -d%d -P%P -u%u -g%g -- %E" (or dumping to /home/santiago/Aarhus/ConfLiftingaaS/core.52301)
#
# If you would like to submit a bug report, please visit:
#   https://bugs.launchpad.net/ubuntu/+source/openjdk-lts
# The crash happened outside the Java Virtual Machine in native code.
# See problematic frame for where to report the bug.
#

---------------  S U M M A R Y ------------

Command Line: -Dfile.encoding=UTF-8 -Duser.country=US -Duser.language=en -Duser.variant MainKt

Host: 11th Gen Intel(R) Core(TM) i5-1135G7 @ 2.40GHz, 2 cores, 5G, Ubuntu 20.04.6 LTS
Time: Tue Aug 22 10:28:57 2023 CEST elapsed time: 8.969699 seconds (0d 0h 0m 8s)

---------------  T H R E A D  ---------------

Current thread (0x00007fad54018000):  JavaThread "main" [_thread_in_native, id=52302, stack(0x00007fad5942d000,0x00007fad5952e000)]

Stack: [0x00007fad5942d000,0x00007fad5952e000],  sp=0x00007fad5952b660,  free space=1017k
Native frames: (J=compiled Java code, A=aot compiled Java code, j=interpreted, Vv=VM code, C=native code)
C  [rabbitmq.so+0x271c3d]  FmuContainerCore::getData()+0x2d

Java frames: (J=compiled Java code, j=interpreted, Vv=VM code)
j  com.sun.jna.Native.invokeInt(JI[Ljava/lang/Object;)I+0
j  com.sun.jna.Function.invoke([Ljava/lang/Object;Ljava/lang/Class;Z)Ljava/lang/Object;+225
j  com.sun.jna.Function.invoke(Ljava/lang/Class;[Ljava/lang/Object;Ljava/util/Map;)Ljava/lang/Object;+262
j  com.sun.jna.Function.invoke(Ljava/lang/Class;[Ljava/lang/Object;)Ljava/lang/Object;+7
j  com.sun.jna.Function.invokeInt([Ljava/lang/Object;)I+5
j  org.javafmi.proxy.v2.Fmu$1.asInt()I+15
j  org.javafmi.proxy.v2.Fmu.getInteger([I)[I+43
j  org.javafmi.proxy.v2.FmuProxy.getInteger([I)[I+5
j  org.javafmi.wrapper.variables.SingleRead.asInteger()I+14
j  dtstructure.DTFMUConf.liftInto(Lorg/apache/jena/rdf/model/Model;)V+543
j  dtstructure.DTComponent.liftInto(Lorg/apache/jena/rdf/model/Model;)V+145
j  dtstructure.DTComponent.liftInto(Lorg/apache/jena/rdf/model/Model;)V+145
j  DTLiftingService.getModel()Lorg/apache/jena/rdf/model/Model;+66
j  MainKt.setupFlex(LDTManager;)V+30
j  MainKt.main([Ljava/lang/String;)V+85
v  ~StubRoutines::call_stub

siginfo: si_signo: 11 (SIGSEGV), si_code: 128 (SI_KERNEL), si_addr: 0x0000000000000000

Register to memory mapping:

RAX=0x00007fad54883f01 points into unknown readable memory: 00 00 00 00 00 00 00
RBX=0x00007fad5952b688 is pointing into the stack for thread: 0x00007fad54018000
RCX=0x00007fad5494ea30 points into unknown readable memory: 0x00007fad00000000 | 00 00 00 00 ad 7f 00 00
RDX=0x00007fad5952b690 is pointing into the stack for thread: 0x00007fad54018000
RSP=0x00007fad5952b660 is pointing into the stack for thread: 0x00007fad54018000
RBP=0x0000000000000001 is an unknown value
RSI=0x656c626154726562 is an unknown value
RDI=0x00007fad5952b688 is pointing into the stack for thread: 0x00007fad54018000
R8 =0x0000000000000007 is an unknown value
R9 =0x00007fad540008d0 points into unknown readable memory: 0x0000000000010000 | 00 00 01 00 00 00 00 00
R10=0x00007fad5952b670 is pointing into the stack for thread: 0x00007fad54018000
R11=0x00007fad2d1f58e0: fmi2GetInteger+0x0000000000000000 in /tmp/fmu_2e48aafe_2dbc_4edc_bf2c_bece14dfa1ccrabbit2_1_5-16_SG/binaries/linux64/rabbitmq.so at 0x00007fad2cf9e000
R12=0x00007fad5494ea10 points into unknown readable memory: 0x00007fad00000015 | 15 00 00 00 ad 7f 00 00
R13=0x00007fad54299bb0 points into unknown readable memory: 0x00007fad2d786f88 | 88 6f 78 2d ad 7f 00 00
R14=0x656c626154726562 is an unknown value
R15=0x0 is NULL


Registers:
RAX=0x00007fad54883f01, RBX=0x00007fad5952b688, RCX=0x00007fad5494ea30, RDX=0x00007fad5952b690
RSP=0x00007fad5952b660, RBP=0x0000000000000001, RSI=0x656c626154726562, RDI=0x00007fad5952b688
R8 =0x0000000000000007, R9 =0x00007fad540008d0, R10=0x00007fad5952b670, R11=0x00007fad2d1f58e0
R12=0x00007fad5494ea10, R13=0x00007fad54299bb0, R14=0x656c626154726562, R15=0x0000000000000000
RIP=0x00007fad2d20fc3d, EFLAGS=0x0000000000010246, CSGSFS=0x002b000000000033, ERR=0x0000000000000000
  TRAPNO=0x000000000000000d

Top of Stack: (sp=0x00007fad5952b660)
0x00007fad5952b660:   00007fad54883f01 00007fad5952b688
0x00007fad5952b670:   00007fad5952b690 00007fad2d1e9a8c
0x00007fad5952b680:   00007fad5494ea30 00007fad5494ea30
0x00007fad5952b690:   0000000000000000 0000000000000000 

Instructions: (pc=0x00007fad2d20fc3d)
0x00007fad2d20fb3d:   ff 49 89 c7 48 89 ef 4c 89 f6 e8 84 63 fb ff 49
0x00007fad2d20fb4d:   89 c6 48 8b 68 28 48 89 c3 48 83 c3 28 eb 0c 0f
0x00007fad2d20fb5d:   1f 40 00 4c 89 e7 e8 a8 c8 fb ff 48 39 dd 0f 84
0x00007fad2d20fb6d:   ef fc ff ff 49 89 ec 48 8b 6d 00 41 83 7c 24 18
0x00007fad2d20fb7d:   00 75 e0 49 8b 7c 24 20 49 8d 44 24 30 48 39 c7
0x00007fad2d20fb8d:   74 d1 e8 7c c8 fb ff eb ca 48 8b 7c 24 10 f2 0f
0x00007fad2d20fb9d:   10 44 24 40 e8 4a eb fb ff 48 81 c4 b8 00 00 00
0x00007fad2d20fbad:   5b 41 5c 41 5d 41 5e 41 5f 5d c3 e8 c3 24 fc ff
0x00007fad2d20fbbd:   48 89 c3 83 bc 24 90 00 00 00 00 75 1f 48 8b bc
0x00007fad2d20fbcd:   24 98 00 00 00 48 8d 84 24 a8 00 00 00 48 39 c7
0x00007fad2d20fbdd:   74 0a e8 2c c8 fb ff eb 03 48 89 c3 83 7c 24 50
0x00007fad2d20fbed:   00 75 14 48 8b 7c 24 58 48 8d 44 24 68 48 39 c7
0x00007fad2d20fbfd:   74 05 e8 0c c8 fb ff 48 89 df e8 64 ba fc ff 0f
0x00007fad2d20fc0d:   1f 40 00 41 56 53 50 49 89 f6 48 89 fb 48 8d 57
0x00007fad2d20fc1d:   08 c7 47 08 00 00 00 00 48 c7 47 10 00 00 00 00
0x00007fad2d20fc2d:   48 89 57 18 48 89 57 20 48 c7 47 28 00 00 00 00
0x00007fad2d20fc3d:   48 8b b6 00 01 00 00 48 85 f6 74 56 48 89 1c 24
0x00007fad2d20fc4d:   48 89 e1 48 89 df e8 98 55 fb ff 48 89 c2 0f 1f
0x00007fad2d20fc5d:   44 00 00 48 89 d1 48 8b 52 10 48 85 d2 75 f4 48
0x00007fad2d20fc6d:   89 4b 18 48 89 c2 66 2e 0f 1f 84 00 00 00 00 00
0x00007fad2d20fc7d:   0f 1f 00 48 89 d1 48 8b 52 18 48 85 d2 75 f4 48
0x00007fad2d20fc8d:   89 4b 20 49 8b 8e 18 01 00 00 48 89 4b 28 48 89
0x00007fad2d20fc9d:   43 10 48 89 d8 48 83 c4 08 5b 41 5e c3 66 0f 1f
0x00007fad2d20fcad:   44 00 00 48 8b 87 20 01 00 00 c3 0f 1f 84 00 00
0x00007fad2d20fcbd:   00 00 00 40 88 b7 80 01 00 00 c3 0f 1f 84 00 00
0x00007fad2d20fccd:   00 00 00 41 57 41 56 41 54 53 50 49 89 cf 49 89
0x00007fad2d20fcdd:   d6 49 89 fc 48 85 f6 74 1b 48 89 f3 48 89 f7 e8
0x00007fad2d20fced:   4f 2b fb ff 4c 89 e7 48 89 de 48 89 c2 e8 81 ff
0x00007fad2d20fcfd:   fb ff eb 19 49 8b 04 24 48 8b 40 e8 49 8d 3c 04
0x00007fad2d20fd0d:   41 8b 74 04 20 83 ce 01 e8 e6 a7 fc ff 48 8d 35
0x00007fad2d20fd1d:   9c 1c 47 00 ba 06 00 00 00 4c 89 e7 e8 52 ff fb
0x00007fad2d20fd2d:   ff 49 8b 37 4c 89 e7 e8 f7 c7 fb ff 48 89 c3 48 


Stack slot to memory mapping:
stack at sp + 0 slots: 0x00007fad54883f01 points into unknown readable memory: 00 00 00 00 00 00 00
stack at sp + 1 slots: 0x00007fad5952b688 is pointing into the stack for thread: 0x00007fad54018000
stack at sp + 2 slots: 0x00007fad5952b690 is pointing into the stack for thread: 0x00007fad54018000
stack at sp + 3 slots: 0x00007fad2d1e9a8c: _ZN12FmuContainer10getIntegerEPKjmPi+0x000000000000003c in /tmp/fmu_2e48aafe_2dbc_4edc_bf2c_bece14dfa1ccrabbit2_1_5-16_SG/binaries/linux64/rabbitmq.so at 0x00007fad2cf9e000
stack at sp + 4 slots: 0x00007fad5494ea30 points into unknown readable memory: 0x00007fad00000000 | 00 00 00 00 ad 7f 00 00
stack at sp + 5 slots: 0x00007fad5494ea30 points into unknown readable memory: 0x00007fad00000000 | 00 00 00 00 ad 7f 00 00
stack at sp + 6 slots: 0x0 is NULL
stack at sp + 7 slots: 0x0 is NULL


---------------  P R O C E S S  ---------------

Threads class SMR info:
_java_thread_list=0x00007fad541236b0, length=9, elements={
0x00007fad54018000, 0x00007fad540df000, 0x00007fad540e1000, 0x00007fad540e6800,
0x00007fad540e9000, 0x00007fad540eb000, 0x00007fad540ed000, 0x00007fad540ef000,
0x00007fad54122000
}

Java Threads: ( => current thread )
=>0x00007fad54018000 JavaThread "main" [_thread_in_native, id=52302, stack(0x00007fad5942d000,0x00007fad5952e000)]
  0x00007fad540df000 JavaThread "Reference Handler" daemon [_thread_blocked, id=52309, stack(0x00007fad3c4a8000,0x00007fad3c5a9000)]
  0x00007fad540e1000 JavaThread "Finalizer" daemon [_thread_blocked, id=52310, stack(0x00007fad3c3a7000,0x00007fad3c4a8000)]
  0x00007fad540e6800 JavaThread "Signal Dispatcher" daemon [_thread_blocked, id=52311, stack(0x00007fad3c2a6000,0x00007fad3c3a7000)]
  0x00007fad540e9000 JavaThread "Service Thread" daemon [_thread_blocked, id=52312, stack(0x00007fad3c1a5000,0x00007fad3c2a6000)]
  0x00007fad540eb000 JavaThread "C2 CompilerThread0" daemon [_thread_blocked, id=52313, stack(0x00007fad3c0a4000,0x00007fad3c1a5000)]
  0x00007fad540ed000 JavaThread "C1 CompilerThread0" daemon [_thread_blocked, id=52314, stack(0x00007fad343bf000,0x00007fad344c0000)]
  0x00007fad540ef000 JavaThread "Sweeper thread" daemon [_thread_blocked, id=52315, stack(0x00007fad342be000,0x00007fad343bf000)]
  0x00007fad54122000 JavaThread "Common-Cleaner" daemon [_thread_blocked, id=52317, stack(0x00007fad340bb000,0x00007fad341bc000)]

Other Threads:
  0x00007fad540dc000 VMThread "VM Thread" [stack: 0x00007fad3c5ab000,0x00007fad3c6ab000] [id=52308]
  0x00007fad5411f800 WatcherThread [stack: 0x00007fad341be000,0x00007fad342be000] [id=52316]
  0x00007fad5402f800 GCTaskThread "GC Thread#0" [stack: 0x00007fad590e2000,0x00007fad591e2000] [id=52303]
  0x00007fad20001000 GCTaskThread "GC Thread#1" [stack: 0x00007fad2df00000,0x00007fad2e000000] [id=52318]
  0x00007fad54055800 ConcurrentGCThread "G1 Main Marker" [stack: 0x00007fad58516000,0x00007fad58616000] [id=52304]
  0x00007fad54057000 ConcurrentGCThread "G1 Conc#0" [stack: 0x00007fad58414000,0x00007fad58514000] [id=52305]
  0x00007fad540ab800 ConcurrentGCThread "G1 Refine#0" [stack: 0x00007fad58110000,0x00007fad58210000] [id=52306]
  0x00007fad540ad000 ConcurrentGCThread "G1 Young RemSet Sampling" [stack: 0x00007fad5800e000,0x00007fad5810e000] [id=52307]

Threads with active compile tasks:

VM state:not at safepoint (normal execution)

VM Mutex/Monitor currently owned by a thread: None

Heap address: 0x00000000a4600000, size: 1466 MB, Compressed Oops mode: 32-bit
Narrow klass base: 0x0000000800000000, Narrow klass shift: 3
Compressed class space size: 1073741824 Address: 0x0000000840000000

Heap:
 garbage-first heap   total 96256K, used 50002K [0x00000000a4600000, 0x0000000100000000)
  region size 1024K, 48 young (49152K), 1 survivors (1024K)
 Metaspace       used 14601K, capacity 15417K, committed 15744K, reserved 1062912K
  class space    used 1702K, capacity 1843K, committed 1920K, reserved 1048576K
Heap Regions: E=young(eden), S=young(survivor), O=old, HS=humongous(starts), HC=humongous(continues), CS=collection set, F=free, A=archive, TAMS=top-at-mark-start (previous, next)
|   0|0x00000000a4600000, 0x00000000a4700000, 0x00000000a4700000|100%| O|  |TAMS 0x00000000a4600000, 0x00000000a4600000| Untracked 
|   1|0x00000000a4700000, 0x00000000a4720800, 0x00000000a4800000| 12%| O|  |TAMS 0x00000000a4700000, 0x00000000a4700000| Untracked 
|   2|0x00000000a4800000, 0x00000000a4900000, 0x00000000a4900000|100%|HS|  |TAMS 0x00000000a4800000, 0x00000000a4800000| Complete 
|   3|0x00000000a4900000, 0x00000000a4900000, 0x00000000a4a00000|  0%| F|  |TAMS 0x00000000a4900000, 0x00000000a4900000| Untracked 
|   4|0x00000000a4a00000, 0x00000000a4a00000, 0x00000000a4b00000|  0%| F|  |TAMS 0x00000000a4a00000, 0x00000000a4a00000| Untracked 
|   5|0x00000000a4b00000, 0x00000000a4b00000, 0x00000000a4c00000|  0%| F|  |TAMS 0x00000000a4b00000, 0x00000000a4b00000| Untracked 
|   6|0x00000000a4c00000, 0x00000000a4c00000, 0x00000000a4d00000|  0%| F|  |TAMS 0x00000000a4c00000, 0x00000000a4c00000| Untracked 
|   7|0x00000000a4d00000, 0x00000000a4d00000, 0x00000000a4e00000|  0%| F|  |TAMS 0x00000000a4d00000, 0x00000000a4d00000| Untracked 
|   8|0x00000000a4e00000, 0x00000000a4e00000, 0x00000000a4f00000|  0%| F|  |TAMS 0x00000000a4e00000, 0x00000000a4e00000| Untracked 
|   9|0x00000000a4f00000, 0x00000000a4f00000, 0x00000000a5000000|  0%| F|  |TAMS 0x00000000a4f00000, 0x00000000a4f00000| Untracked 
|  10|0x00000000a5000000, 0x00000000a5000000, 0x00000000a5100000|  0%| F|  |TAMS 0x00000000a5000000, 0x00000000a5000000| Untracked 
|  11|0x00000000a5100000, 0x00000000a5100000, 0x00000000a5200000|  0%| F|  |TAMS 0x00000000a5100000, 0x00000000a5100000| Untracked 
|  12|0x00000000a5200000, 0x00000000a5200000, 0x00000000a5300000|  0%| F|  |TAMS 0x00000000a5200000, 0x00000000a5200000| Untracked 
|  13|0x00000000a5300000, 0x00000000a5300000, 0x00000000a5400000|  0%| F|  |TAMS 0x00000000a5300000, 0x00000000a5300000| Untracked 
|  14|0x00000000a5400000, 0x00000000a5400000, 0x00000000a5500000|  0%| F|  |TAMS 0x00000000a5400000, 0x00000000a5400000| Untracked 
|  15|0x00000000a5500000, 0x00000000a5500000, 0x00000000a5600000|  0%| F|  |TAMS 0x00000000a5500000, 0x00000000a5500000| Untracked 
|  16|0x00000000a5600000, 0x00000000a5600000, 0x00000000a5700000|  0%| F|  |TAMS 0x00000000a5600000, 0x00000000a5600000| Untracked 
|  17|0x00000000a5700000, 0x00000000a5700000, 0x00000000a5800000|  0%| F|  |TAMS 0x00000000a5700000, 0x00000000a5700000| Untracked 
|  18|0x00000000a5800000, 0x00000000a5800000, 0x00000000a5900000|  0%| F|  |TAMS 0x00000000a5800000, 0x00000000a5800000| Untracked 
|  19|0x00000000a5900000, 0x00000000a5900000, 0x00000000a5a00000|  0%| F|  |TAMS 0x00000000a5900000, 0x00000000a5900000| Untracked 
|  20|0x00000000a5a00000, 0x00000000a5a00000, 0x00000000a5b00000|  0%| F|  |TAMS 0x00000000a5a00000, 0x00000000a5a00000| Untracked 
|  21|0x00000000a5b00000, 0x00000000a5b00000, 0x00000000a5c00000|  0%| F|  |TAMS 0x00000000a5b00000, 0x00000000a5b00000| Untracked 
|  22|0x00000000a5c00000, 0x00000000a5c00000, 0x00000000a5d00000|  0%| F|  |TAMS 0x00000000a5c00000, 0x00000000a5c00000| Untracked 
|  23|0x00000000a5d00000, 0x00000000a5d00000, 0x00000000a5e00000|  0%| F|  |TAMS 0x00000000a5d00000, 0x00000000a5d00000| Untracked 
|  24|0x00000000a5e00000, 0x00000000a5e00000, 0x00000000a5f00000|  0%| F|  |TAMS 0x00000000a5e00000, 0x00000000a5e00000| Untracked 
|  25|0x00000000a5f00000, 0x00000000a5f00000, 0x00000000a6000000|  0%| F|  |TAMS 0x00000000a5f00000, 0x00000000a5f00000| Untracked 
|  26|0x00000000a6000000, 0x00000000a6000000, 0x00000000a6100000|  0%| F|  |TAMS 0x00000000a6000000, 0x00000000a6000000| Untracked 
|  27|0x00000000a6100000, 0x00000000a6100000, 0x00000000a6200000|  0%| F|  |TAMS 0x00000000a6100000, 0x00000000a6100000| Untracked 
|  28|0x00000000a6200000, 0x00000000a6200000, 0x00000000a6300000|  0%| F|  |TAMS 0x00000000a6200000, 0x00000000a6200000| Untracked 
|  29|0x00000000a6300000, 0x00000000a6300000, 0x00000000a6400000|  0%| F|  |TAMS 0x00000000a6300000, 0x00000000a6300000| Untracked 
|  30|0x00000000a6400000, 0x00000000a6400000, 0x00000000a6500000|  0%| F|  |TAMS 0x00000000a6400000, 0x00000000a6400000| Untracked 
|  31|0x00000000a6500000, 0x00000000a6500000, 0x00000000a6600000|  0%| F|  |TAMS 0x00000000a6500000, 0x00000000a6500000| Untracked 
|  32|0x00000000a6600000, 0x00000000a6600000, 0x00000000a6700000|  0%| F|  |TAMS 0x00000000a6600000, 0x00000000a6600000| Untracked 
|  33|0x00000000a6700000, 0x00000000a6700000, 0x00000000a6800000|  0%| F|  |TAMS 0x00000000a6700000, 0x00000000a6700000| Untracked 
|  34|0x00000000a6800000, 0x00000000a6800000, 0x00000000a6900000|  0%| F|  |TAMS 0x00000000a6800000, 0x00000000a6800000| Untracked 
|  35|0x00000000a6900000, 0x00000000a6900000, 0x00000000a6a00000|  0%| F|  |TAMS 0x00000000a6900000, 0x00000000a6900000| Untracked 
|  36|0x00000000a6a00000, 0x00000000a6a00000, 0x00000000a6b00000|  0%| F|  |TAMS 0x00000000a6a00000, 0x00000000a6a00000| Untracked 
|  37|0x00000000a6b00000, 0x00000000a6b00000, 0x00000000a6c00000|  0%| F|  |TAMS 0x00000000a6b00000, 0x00000000a6b00000| Untracked 
|  38|0x00000000a6c00000, 0x00000000a6c00000, 0x00000000a6d00000|  0%| F|  |TAMS 0x00000000a6c00000, 0x00000000a6c00000| Untracked 
|  39|0x00000000a6d00000, 0x00000000a6d00000, 0x00000000a6e00000|  0%| F|  |TAMS 0x00000000a6d00000, 0x00000000a6d00000| Untracked 
|  40|0x00000000a6e00000, 0x00000000a6e00000, 0x00000000a6f00000|  0%| F|  |TAMS 0x00000000a6e00000, 0x00000000a6e00000| Untracked 
|  41|0x00000000a6f00000, 0x00000000a6f00000, 0x00000000a7000000|  0%| F|  |TAMS 0x00000000a6f00000, 0x00000000a6f00000| Untracked 
|  42|0x00000000a7000000, 0x00000000a7000000, 0x00000000a7100000|  0%| F|  |TAMS 0x00000000a7000000, 0x00000000a7000000| Untracked 
|  43|0x00000000a7100000, 0x00000000a7100000, 0x00000000a7200000|  0%| F|  |TAMS 0x00000000a7100000, 0x00000000a7100000| Untracked 
|  44|0x00000000a7200000, 0x00000000a7300000, 0x00000000a7300000|100%| E|  |TAMS 0x00000000a7200000, 0x00000000a7200000| Complete 
|  45|0x00000000a7300000, 0x00000000a7400000, 0x00000000a7400000|100%| E|CS|TAMS 0x00000000a7300000, 0x00000000a7300000| Complete 
|  46|0x00000000a7400000, 0x00000000a7500000, 0x00000000a7500000|100%| E|CS|TAMS 0x00000000a7400000, 0x00000000a7400000| Complete 
|  47|0x00000000a7500000, 0x00000000a7600000, 0x00000000a7600000|100%| E|CS|TAMS 0x00000000a7500000, 0x00000000a7500000| Complete 
|  48|0x00000000a7600000, 0x00000000a7700000, 0x00000000a7700000|100%| E|CS|TAMS 0x00000000a7600000, 0x00000000a7600000| Complete 
|  49|0x00000000a7700000, 0x00000000a7800000, 0x00000000a7800000|100%| E|CS|TAMS 0x00000000a7700000, 0x00000000a7700000| Complete 
|  50|0x00000000a7800000, 0x00000000a7900000, 0x00000000a7900000|100%| E|CS|TAMS 0x00000000a7800000, 0x00000000a7800000| Complete 
|  51|0x00000000a7900000, 0x00000000a7a00000, 0x00000000a7a00000|100%| E|CS|TAMS 0x00000000a7900000, 0x00000000a7900000| Complete 
|  52|0x00000000a7a00000, 0x00000000a7b00000, 0x00000000a7b00000|100%| E|CS|TAMS 0x00000000a7a00000, 0x00000000a7a00000| Complete 
|  53|0x00000000a7b00000, 0x00000000a7c00000, 0x00000000a7c00000|100%| E|CS|TAMS 0x00000000a7b00000, 0x00000000a7b00000| Complete 
|  54|0x00000000a7c00000, 0x00000000a7d00000, 0x00000000a7d00000|100%| E|CS|TAMS 0x00000000a7c00000, 0x00000000a7c00000| Complete 
|  55|0x00000000a7d00000, 0x00000000a7e00000, 0x00000000a7e00000|100%| E|CS|TAMS 0x00000000a7d00000, 0x00000000a7d00000| Complete 
|  56|0x00000000a7e00000, 0x00000000a7f00000, 0x00000000a7f00000|100%| E|CS|TAMS 0x00000000a7e00000, 0x00000000a7e00000| Complete 
|  57|0x00000000a7f00000, 0x00000000a8000000, 0x00000000a8000000|100%| E|CS|TAMS 0x00000000a7f00000, 0x00000000a7f00000| Complete 
|  58|0x00000000a8000000, 0x00000000a8100000, 0x00000000a8100000|100%| E|CS|TAMS 0x00000000a8000000, 0x00000000a8000000| Complete 
|  59|0x00000000a8100000, 0x00000000a8200000, 0x00000000a8200000|100%| E|CS|TAMS 0x00000000a8100000, 0x00000000a8100000| Complete 
|  60|0x00000000a8200000, 0x00000000a8300000, 0x00000000a8300000|100%| E|CS|TAMS 0x00000000a8200000, 0x00000000a8200000| Complete 
|  61|0x00000000a8300000, 0x00000000a8400000, 0x00000000a8400000|100%| E|CS|TAMS 0x00000000a8300000, 0x00000000a8300000| Complete 
|  62|0x00000000a8400000, 0x00000000a8500000, 0x00000000a8500000|100%| E|CS|TAMS 0x00000000a8400000, 0x00000000a8400000| Complete 
|  63|0x00000000a8500000, 0x00000000a8600000, 0x00000000a8600000|100%| E|CS|TAMS 0x00000000a8500000, 0x00000000a8500000| Complete 
|  64|0x00000000a8600000, 0x00000000a8700000, 0x00000000a8700000|100%| E|CS|TAMS 0x00000000a8600000, 0x00000000a8600000| Complete 
|  65|0x00000000a8700000, 0x00000000a8800000, 0x00000000a8800000|100%| E|CS|TAMS 0x00000000a8700000, 0x00000000a8700000| Complete 
|  66|0x00000000a8800000, 0x00000000a8900000, 0x00000000a8900000|100%| E|CS|TAMS 0x00000000a8800000, 0x00000000a8800000| Complete 
|  67|0x00000000a8900000, 0x00000000a8a00000, 0x00000000a8a00000|100%| E|CS|TAMS 0x00000000a8900000, 0x00000000a8900000| Complete 
|  68|0x00000000a8a00000, 0x00000000a8b00000, 0x00000000a8b00000|100%| E|CS|TAMS 0x00000000a8a00000, 0x00000000a8a00000| Complete 
|  69|0x00000000a8b00000, 0x00000000a8c00000, 0x00000000a8c00000|100%| E|CS|TAMS 0x00000000a8b00000, 0x00000000a8b00000| Complete 
|  70|0x00000000a8c00000, 0x00000000a8d00000, 0x00000000a8d00000|100%| E|CS|TAMS 0x00000000a8c00000, 0x00000000a8c00000| Complete 
|  71|0x00000000a8d00000, 0x00000000a8e00000, 0x00000000a8e00000|100%| E|CS|TAMS 0x00000000a8d00000, 0x00000000a8d00000| Complete 
|  72|0x00000000a8e00000, 0x00000000a8f00000, 0x00000000a8f00000|100%| E|CS|TAMS 0x00000000a8e00000, 0x00000000a8e00000| Complete 
|  73|0x00000000a8f00000, 0x00000000a9000000, 0x00000000a9000000|100%| E|CS|TAMS 0x00000000a8f00000, 0x00000000a8f00000| Complete 
|  74|0x00000000a9000000, 0x00000000a9100000, 0x00000000a9100000|100%| E|CS|TAMS 0x00000000a9000000, 0x00000000a9000000| Complete 
|  75|0x00000000a9100000, 0x00000000a9200000, 0x00000000a9200000|100%| E|CS|TAMS 0x00000000a9100000, 0x00000000a9100000| Complete 
|  76|0x00000000a9200000, 0x00000000a9300000, 0x00000000a9300000|100%| E|CS|TAMS 0x00000000a9200000, 0x00000000a9200000| Complete 
|  77|0x00000000a9300000, 0x00000000a9400000, 0x00000000a9400000|100%| E|CS|TAMS 0x00000000a9300000, 0x00000000a9300000| Complete 
|  78|0x00000000a9400000, 0x00000000a9500000, 0x00000000a9500000|100%| E|CS|TAMS 0x00000000a9400000, 0x00000000a9400000| Complete 
|  79|0x00000000a9500000, 0x00000000a9600000, 0x00000000a9600000|100%| E|CS|TAMS 0x00000000a9500000, 0x00000000a9500000| Complete 
|  80|0x00000000a9600000, 0x00000000a9700000, 0x00000000a9700000|100%| E|CS|TAMS 0x00000000a9600000, 0x00000000a9600000| Complete 
|  81|0x00000000a9700000, 0x00000000a9800000, 0x00000000a9800000|100%| E|CS|TAMS 0x00000000a9700000, 0x00000000a9700000| Complete 
|  82|0x00000000a9800000, 0x00000000a9900000, 0x00000000a9900000|100%| E|CS|TAMS 0x00000000a9800000, 0x00000000a9800000| Complete 
|  83|0x00000000a9900000, 0x00000000a9a00000, 0x00000000a9a00000|100%| E|CS|TAMS 0x00000000a9900000, 0x00000000a9900000| Complete 
|  84|0x00000000a9a00000, 0x00000000a9b00000, 0x00000000a9b00000|100%| S|CS|TAMS 0x00000000a9a00000, 0x00000000a9a00000| Complete 
|  85|0x00000000a9b00000, 0x00000000a9c00000, 0x00000000a9c00000|100%| E|CS|TAMS 0x00000000a9b00000, 0x00000000a9b00000| Complete 
|  86|0x00000000a9c00000, 0x00000000a9d00000, 0x00000000a9d00000|100%| E|CS|TAMS 0x00000000a9c00000, 0x00000000a9c00000| Complete 
|  87|0x00000000a9d00000, 0x00000000a9e00000, 0x00000000a9e00000|100%| E|CS|TAMS 0x00000000a9d00000, 0x00000000a9d00000| Complete 
|  88|0x00000000a9e00000, 0x00000000a9f00000, 0x00000000a9f00000|100%| E|CS|TAMS 0x00000000a9e00000, 0x00000000a9e00000| Complete 
|  89|0x00000000a9f00000, 0x00000000aa000000, 0x00000000aa000000|100%| E|CS|TAMS 0x00000000a9f00000, 0x00000000a9f00000| Complete 
|  90|0x00000000aa000000, 0x00000000aa100000, 0x00000000aa100000|100%| E|  |TAMS 0x00000000aa000000, 0x00000000aa000000| Complete 
|  91|0x00000000aa100000, 0x00000000aa200000, 0x00000000aa200000|100%| E|CS|TAMS 0x00000000aa100000, 0x00000000aa100000| Complete 
|1464|0x00000000ffe00000, 0x00000000ffe48000, 0x00000000fff00000| 28%|OA|  |TAMS 0x00000000ffe00000, 0x00000000ffe00000| Untracked 
|1465|0x00000000fff00000, 0x00000000fff6c000, 0x0000000100000000| 42%|CA|  |TAMS 0x00000000fff00000, 0x00000000fff00000| Untracked 

Card table byte_map: [0x00007fad58924000,0x00007fad58c01000] _byte_map_base: 0x00007fad58401000

Marking Bits (Prev, Next): (CMBitMap*) 0x00007fad5404eaf8, (CMBitMap*) 0x00007fad5404eb30
 Prev Bits: [0x00007fad36918000, 0x00007fad38000000)
 Next Bits: [0x00007fad35230000, 0x00007fad36918000)

Polling page: 0x00007fad593f3000

Metaspace:

Usage:
  Non-class:     13.26 MB capacity,    12.60 MB ( 95%) used,   648.48 KB (  5%) free+waste,    26.94 KB ( <1%) overhead. 
      Class:      1.80 MB capacity,     1.66 MB ( 92%) used,   126.66 KB (  7%) free+waste,    13.50 KB ( <1%) overhead. 
       Both:     15.06 MB capacity,    14.26 MB ( 95%) used,   775.14 KB (  5%) free+waste,    40.44 KB ( <1%) overhead. 

Virtual space:
  Non-class space:       14.00 MB reserved,      13.50 MB ( 96%) committed 
      Class space:        1.00 GB reserved,       1.88 MB ( <1%) committed 
             Both:        1.01 GB reserved,      15.38 MB (  1%) committed 

Chunk freelists:
   Non-Class:  2.00 KB
       Class:  13.00 KB
        Both:  15.00 KB

MaxMetaspaceSize: unlimited
CompressedClassSpaceSize: 1.00 GB
Initial GC threshold: 20.80 MB
Current GC threshold: 20.80 MB
CDS: on

CodeHeap 'non-profiled nmethods': size=120036Kb used=616Kb max_used=616Kb free=119419Kb
 bounds [0x00007fad442b8000, 0x00007fad44528000, 0x00007fad4b7f1000]
CodeHeap 'profiled nmethods': size=120032Kb used=2898Kb max_used=2898Kb free=117133Kb
 bounds [0x00007fad3cd80000, 0x00007fad3d060000, 0x00007fad442b8000]
CodeHeap 'non-nmethods': size=5692Kb used=1206Kb max_used=1223Kb free=4485Kb
 bounds [0x00007fad3c7f1000, 0x00007fad3ca61000, 0x00007fad3cd80000]
 total_blobs=2087 nmethods=1623 adapters=377
 compilation: enabled
              stopped_count=0, restarted_count=0
 full_count=0

Compilation events (20 events):
Event: 8.928 Thread 0x00007fad540ed000 nmethod 1619 0x00007fad3d04f210 code [0x00007fad3d04f3e0, 0x00007fad3d04f7d0]
Event: 8.928 Thread 0x00007fad540ed000 1620       3       org.apache.jena.ext.com.google.common.cache.LocalCache$Segment::postReadCleanup (18 bytes)
Event: 8.929 Thread 0x00007fad540ed000 nmethod 1620 0x00007fad3d04f910 code [0x00007fad3d04fb20, 0x00007fad3d050180]
Event: 8.930 Thread 0x00007fad540ed000 1621       3       java.util.Arrays$ArrayItr::next (36 bytes)
Event: 8.930 Thread 0x00007fad540ed000 nmethod 1621 0x00007fad3d050410 code [0x00007fad3d0505e0, 0x00007fad3d050840]
Event: 8.930 Thread 0x00007fad540ed000 1623       3       java.lang.invoke.LambdaFormEditor$Transform::equals (32 bytes)
Event: 8.930 Thread 0x00007fad540eb000 1622       4       java.util.AbstractList::<init> (10 bytes)
Event: 8.930 Thread 0x00007fad540ed000 nmethod 1623 0x00007fad3d050990 code [0x00007fad3d050b60, 0x00007fad3d050d40]
Event: 8.930 Thread 0x00007fad540eb000 nmethod 1622 0x00007fad44351c10 code [0x00007fad44351da0, 0x00007fad44351e18]
Event: 8.931 Thread 0x00007fad540ed000 1624       3       java.lang.invoke.MethodTypeForm::cachedLambdaForm (44 bytes)
Event: 8.931 Thread 0x00007fad540ed000 nmethod 1624 0x00007fad3d050e10 code [0x00007fad3d050fe0, 0x00007fad3d051360]
Event: 8.931 Thread 0x00007fad540ed000 1625       3       java.lang.invoke.BoundMethodHandle::rebind (14 bytes)
Event: 8.932 Thread 0x00007fad540ed000 nmethod 1625 0x00007fad3d051490 code [0x00007fad3d0516e0, 0x00007fad3d0520a0]
Event: 8.932 Thread 0x00007fad540ed000 1626       3       java.lang.invoke.BoundMethodHandle::tooComplex (27 bytes)
Event: 8.933 Thread 0x00007fad540ed000 nmethod 1626 0x00007fad3d052410 code [0x00007fad3d052600, 0x00007fad3d052a90]
Event: 8.934 Thread 0x00007fad540eb000 1627       4       java.lang.String::equals (65 bytes)
Event: 8.936 Thread 0x00007fad540eb000 nmethod 1627 0x00007fad44351f10 code [0x00007fad443520a0, 0x00007fad44352278]
Event: 8.936 Thread 0x00007fad540ed000 1628       3       java.util.AbstractQueue::add (20 bytes)
Event: 8.937 Thread 0x00007fad540ed000 nmethod 1628 0x00007fad3d052c10 code [0x00007fad3d052de0, 0x00007fad3d0530d0]
Event: 8.937 Thread 0x00007fad540ed000 1629       3       java.util.Arrays::copyOfRange (89 bytes)

GC Heap History (2 events):
Event: 0.279 GC heap before
{Heap before GC invocations=0 (full 0):
 garbage-first heap   total 96256K, used 6864K [0x00000000a4600000, 0x0000000100000000)
  region size 1024K, 7 young (7168K), 0 survivors (0K)
 Metaspace       used 1340K, capacity 5432K, committed 5632K, reserved 1056768K
  class space    used 124K, capacity 488K, committed 512K, reserved 1048576K
}
Event: 0.289 GC heap after
{Heap after GC invocations=1 (full 0):
 garbage-first heap   total 96256K, used 2898K [0x00000000a4600000, 0x0000000100000000)
  region size 1024K, 1 young (1024K), 1 survivors (1024K)
 Metaspace       used 1340K, capacity 5432K, committed 5632K, reserved 1056768K
  class space    used 124K, capacity 488K, committed 512K, reserved 1048576K
}

Deoptimization events (20 events):
Event: 1.610 Thread 0x00007fad54018000 Uncommon trap: trap_request=0xffffff4d fr.pc=0x00007fad443049c0 relative=0x0000000000000260
Event: 1.610 Thread 0x00007fad54018000 Uncommon trap: reason=unstable_if action=reinterpret pc=0x00007fad443049c0 method=java.util.HashMap.getNode(ILjava/lang/Object;)Ljava/util/HashMap$Node; @ 62 c2
Event: 1.610 Thread 0x00007fad54018000 DEOPT PACKING pc=0x00007fad443049c0 sp=0x00007fad59529480
Event: 1.610 Thread 0x00007fad54018000 DEOPT UNPACKING pc=0x00007fad3c7f92a5 sp=0x00007fad59529420 mode 2
Event: 8.934 Thread 0x00007fad54018000 Uncommon trap: trap_request=0xffffffde fr.pc=0x00007fad442eb468 relative=0x00000000000001c8
Event: 8.934 Thread 0x00007fad54018000 Uncommon trap: reason=class_check action=maybe_recompile pc=0x00007fad442eb468 method=java.lang.String.equals(Ljava/lang/Object;)Z @ 8 c2
Event: 8.934 Thread 0x00007fad54018000 DEOPT PACKING pc=0x00007fad442eb468 sp=0x00007fad5952c220
Event: 8.934 Thread 0x00007fad54018000 DEOPT UNPACKING pc=0x00007fad3c7f92a5 sp=0x00007fad5952c1d8 mode 2
Event: 8.934 Thread 0x00007fad54018000 Uncommon trap: trap_request=0xffffffde fr.pc=0x00007fad442eb468 relative=0x00000000000001c8
Event: 8.934 Thread 0x00007fad54018000 Uncommon trap: reason=class_check action=maybe_recompile pc=0x00007fad442eb468 method=java.lang.String.equals(Ljava/lang/Object;)Z @ 8 c2
Event: 8.934 Thread 0x00007fad54018000 DEOPT PACKING pc=0x00007fad442eb468 sp=0x00007fad5952c220
Event: 8.934 Thread 0x00007fad54018000 DEOPT UNPACKING pc=0x00007fad3c7f92a5 sp=0x00007fad5952c1d8 mode 2
Event: 8.934 Thread 0x00007fad54018000 Uncommon trap: trap_request=0xffffffde fr.pc=0x00007fad442eb468 relative=0x00000000000001c8
Event: 8.934 Thread 0x00007fad54018000 Uncommon trap: reason=class_check action=maybe_recompile pc=0x00007fad442eb468 method=java.lang.String.equals(Ljava/lang/Object;)Z @ 8 c2
Event: 8.934 Thread 0x00007fad54018000 DEOPT PACKING pc=0x00007fad442eb468 sp=0x00007fad5952c220
Event: 8.934 Thread 0x00007fad54018000 DEOPT UNPACKING pc=0x00007fad3c7f92a5 sp=0x00007fad5952c1d8 mode 2
Event: 8.934 Thread 0x00007fad54018000 Uncommon trap: trap_request=0xffffffde fr.pc=0x00007fad442eb468 relative=0x00000000000001c8
Event: 8.934 Thread 0x00007fad54018000 Uncommon trap: reason=class_check action=maybe_recompile pc=0x00007fad442eb468 method=java.lang.String.equals(Ljava/lang/Object;)Z @ 8 c2
Event: 8.934 Thread 0x00007fad54018000 DEOPT PACKING pc=0x00007fad442eb468 sp=0x00007fad5952c220
Event: 8.934 Thread 0x00007fad54018000 DEOPT UNPACKING pc=0x00007fad3c7f92a5 sp=0x00007fad5952c1d8 mode 2

Classes redefined (0 events):
No events

Internal exceptions (20 events):
Event: 0.100 Thread 0x00007fad54018000 Exception <a 'java/security/PrivilegedActionException'{0x00000000aa1afed8}> (0x00000000aa1afed8) thrown at [src/hotspot/share/prims/jvm.cpp, line 1304]
Event: 0.100 Thread 0x00007fad54018000 Exception <a 'java/security/PrivilegedActionException'{0x00000000aa1b01a8}> (0x00000000aa1b01a8) thrown at [src/hotspot/share/prims/jvm.cpp, line 1304]
Event: 0.427 Thread 0x00007fad54018000 Exception <a 'java/lang/NoSuchMethodError'{0x00000000a9dcb7c8}: 'java.lang.Object java.lang.invoke.Invokers$Holder.linkToTargetMethod(java.lang.Object, int, java.lang.Object)'> (0x00000000a9dcb7c8) thrown at [src/hotspot/share/interpreter/linkResolver.cpp, line 772]
Event: 0.444 Thread 0x00007fad54018000 Exception <a 'java/lang/NoSuchMethodError'{0x00000000a9cefa20}: 'int java.lang.invoke.DirectMethodHandle$Holder.invokeStaticInit(java.lang.Object, java.lang.Object, java.lang.Object)'> (0x00000000a9cefa20) thrown at [src/hotspot/share/interpreter/linkResolver.cpp, line 772]
Event: 0.479 Thread 0x00007fad54018000 Exception <a 'java/lang/NoClassDefFoundError'{0x00000000a9bd69f0}: org/slf4j/impl/StaticLoggerBinder> (0x00000000a9bd69f0) thrown at [src/hotspot/share/classfile/systemDictionary.cpp, line 219]
Event: 0.603 Thread 0x00007fad54018000 Exception <a 'java/lang/NoSuchMethodError'{0x00000000a95af890}: 'int java.lang.invoke.DirectMethodHandle$Holder.invokeStaticInit(java.lang.Object, java.lang.Object)'> (0x00000000a95af890) thrown at [src/hotspot/share/interpreter/linkResolver.cpp, line 772]
Event: 0.753 Thread 0x00007fad54018000 Exception <a 'java/lang/NoSuchMethodError'{0x00000000a8e154b8}: 'int java.lang.invoke.DirectMethodHandle$Holder.invokeSpecialIFC(java.lang.Object, java.lang.Object, int)'> (0x00000000a8e154b8) thrown at [src/hotspot/share/interpreter/linkResolver.cpp, line 772]
Event: 0.945 Thread 0x00007fad54018000 Exception <a 'java/lang/NoSuchMethodError'{0x00000000a84b1980}: 'java.lang.Object java.lang.invoke.DirectMethodHandle$Holder.invokeStaticInit(java.lang.Object, java.lang.Object, java.lang.Object, java.lang.Object)'> (0x00000000a84b1980) thrown at [src/hotspot/share/interpreter/linkResolver.cpp, line 772]
Event: 0.951 Thread 0x00007fad54018000 Exception <a 'java/lang/NoSuchMethodError'{0x00000000a84dea10}: 'java.lang.Object java.lang.invoke.DirectMethodHandle$Holder.invokeStaticInit(java.lang.Object, java.lang.Object, int, java.lang.Object, java.lang.Object)'> (0x00000000a84dea10) thrown at [src/hotspot/share/interpreter/linkResolver.cpp, line 772]
Event: 1.503 Thread 0x00007fad54018000 Exception <a 'java/lang/NoSuchMethodError'{0x00000000a8186f10}: 'java.lang.Object java.lang.invoke.DirectMethodHandle$Holder.invokeStatic(java.lang.Object, java.lang.Object, java.lang.Object, java.lang.Object, java.lang.Object, java.lang.Object, java.lang.Object, java.lang.Object, java.lang.Object, java.lang.Object, java.lang.Object, java.lang.Object, java.lang.Object, java.lang.Object, java.lang.Object)'> (0x00000000a8186f10) thrown at [src/hotspot/share/interpreter/linkResolver.cpp, line 772]
Event: 1.504 Thread 0x00007fad54018000 Exception <a 'java/lang/NoSuchMethodError'{0x00000000a8194c70}: 'java.lang.Object java.lang.invoke.DirectMethodHandle$Holder.invokeStatic(java.lang.Object, java.lang.Object, java.lang.Object, java.lang.Object, java.lang.Object, java.lang.Object, java.lang.Object, java.lang.Object, java.lang.Object, java.lang.Object, java.lang.Object, java.lang.Object, java.lang.Object, java.lang.Object, java.lang.Object, java.lang.Object)'> (0x00000000a8194c70) thrown at [src/hotspot/share/interpreter/linkResolver.cpp, lin
Event: 1.506 Thread 0x00007fad54018000 Exception <a 'java/lang/NoSuchMethodError'{0x00000000a81a28e0}: 'java.lang.Object java.lang.invoke.DirectMethodHandle$Holder.invokeSpecial(java.lang.Object, java.lang.Object, int, int, java.lang.Object, java.lang.Object, java.lang.Object)'> (0x00000000a81a28e0) thrown at [src/hotspot/share/interpreter/linkResolver.cpp, line 772]
Event: 1.506 Thread 0x00007fad54018000 Exception <a 'java/lang/NoSuchMethodError'{0x00000000a81a5e70}: 'java.lang.Object java.lang.invoke.DelegatingMethodHandle$Holder.reinvoke_L(java.lang.Object, int, int, java.lang.Object, java.lang.Object, java.lang.Object)'> (0x00000000a81a5e70) thrown at [src/hotspot/share/interpreter/linkResolver.cpp, line 772]
Event: 1.507 Thread 0x00007fad54018000 Exception <a 'java/lang/NoSuchMethodError'{0x00000000a81aa0f8}: 'java.lang.Object java.lang.invoke.DirectMethodHandle$Holder.invokeStatic(java.lang.Object, java.lang.Object, java.lang.Object, java.lang.Object, int)'> (0x00000000a81aa0f8) thrown at [src/hotspot/share/interpreter/linkResolver.cpp, line 772]
Event: 1.758 Thread 0x00007fad54018000 Exception <a 'java/lang/NoSuchMethodError'{0x00000000a7cfe390}: 'void java.lang.invoke.DirectMethodHandle$Holder.invokeStaticInit(java.lang.Object)'> (0x00000000a7cfe390) thrown at [src/hotspot/share/interpreter/linkResolver.cpp, line 772]
Event: 1.816 Thread 0x00007fad54018000 Exception <a 'java/lang/NoSuchMethodError'{0x00000000a7a3b350}: 'java.lang.Object java.lang.invoke.DirectMethodHandle$Holder.invokeVirtual(java.lang.Object, java.lang.Object, int, int)'> (0x00000000a7a3b350) thrown at [src/hotspot/share/interpreter/linkResolver.cpp, line 772]
Event: 8.747 Thread 0x00007fad54018000 Exception <a 'java/lang/NoSuchMethodError'{0x00000000a76f1848}: 'java.lang.Object java.lang.invoke.DirectMethodHandle$Holder.invokeStatic(java.lang.Object, java.lang.Object, java.lang.Object, java.lang.Object, java.lang.Object, java.lang.Object, java.lang.Object, java.lang.Object, java.lang.Object, java.lang.Object, java.lang.Object, int)'> (0x00000000a76f1848) thrown at [src/hotspot/share/interpreter/linkResolver.cpp, line 772]
Event: 8.750 Thread 0x00007fad54018000 Exception <a 'java/lang/NoSuchMethodError'{0x00000000a750fe48}: 'java.lang.Object java.lang.invoke.DirectMethodHandle$Holder.invokeStatic(java.lang.Object, java.lang.Object, java.lang.Object, java.lang.Object, java.lang.Object, java.lang.Object, java.lang.Object, java.lang.Object, java.lang.Object, java.lang.Object, java.lang.Object, int, int)'> (0x00000000a750fe48) thrown at [src/hotspot/share/interpreter/linkResolver.cpp, line 772]
Event: 8.764 Thread 0x00007fad54018000 Exception <a 'java/lang/NoSuchMethodError'{0x00000000a752edb8}: 'java.lang.Object java.lang.invoke.DirectMethodHandle$Holder.invokeStatic(java.lang.Object, java.lang.Object, java.lang.Object, java.lang.Object, java.lang.Object, java.lang.Object, java.lang.Object, java.lang.Object, java.lang.Object, java.lang.Object, java.lang.Object, int, int, java.lang.Object)'> (0x00000000a752edb8) thrown at [src/hotspot/share/interpreter/linkResolver.cpp, line 772]
Event: 8.766 Thread 0x00007fad54018000 Exception <a 'java/lang/NoSuchMethodError'{0x00000000a754f270}: 'java.lang.Object java.lang.invoke.DirectMethodHandle$Holder.invokeStatic(java.lang.Object, java.lang.Object, java.lang.Object, java.lang.Object, java.lang.Object, java.lang.Object, java.lang.Object, java.lang.Object, java.lang.Object, java.lang.Object, java.lang.Object, int, int, java.lang.Object, java.lang.Object)'> (0x00000000a754f270) thrown at [src/hotspot/share/interpreter/linkResolver.cpp, line 772]

Events (20 events):
Event: 8.838 loading class org/apache/jena/riot/tokens/Token$1 done
Event: 8.839 loading class org/apache/jena/riot/tokens/StringType
Event: 8.839 loading class org/apache/jena/riot/tokens/StringType done
Event: 8.839 loading class org/apache/jena/riot/system/ParserProfileStd$1
Event: 8.839 loading class org/apache/jena/riot/system/ParserProfileStd$1 done
Event: 8.840 loading class org/apache/jena/graph/Node
Event: 8.840 loading class org/apache/jena/graph/Node done
Event: 8.840 loading class org/apache/jena/graph/Node
Event: 8.840 loading class org/apache/jena/graph/Node done
Event: 8.864 Loaded shared library /usr/lib/jvm/java-11-openjdk-amd64/lib/server/libjvm.so
Event: 8.866 loading class org/apache/commons/codec/digest/MurmurHash3
Event: 8.866 loading class org/apache/commons/codec/digest/MurmurHash3 done
Event: 8.871 loading class org/apache/jena/graph/BlankNodeId
Event: 8.871 loading class org/apache/jena/graph/BlankNodeId done
Event: 8.919 loading class org/apache/jena/rdf/model/impl/StatementImpl
Event: 8.919 loading class org/apache/jena/rdf/model/impl/StatementImpl done
Event: 8.926 loading class org/apache/jena/rdf/model/impl/StatementBase
Event: 8.926 loading class org/apache/jena/rdf/model/impl/StatementBase done
Event: 8.935 loading class org/javafmi/wrapper/variables/SingleRead
Event: 8.935 loading class org/javafmi/wrapper/variables/SingleRead done


Dynamic libraries:
a4600000-aa200000 rw-p 00000000 00:00 0 
aa200000-ffe00000 ---p 00000000 00:00 0 
ffe00000-ffe48000 rw-p 00b13000 08:05 3014664                            /usr/lib/jvm/java-11-openjdk-amd64/lib/server/classes.jsa
ffe48000-fff00000 rw-p 00000000 00:00 0 
fff00000-fff6c000 rw-p 00aa7000 08:05 3014664                            /usr/lib/jvm/java-11-openjdk-amd64/lib/server/classes.jsa
fff6c000-100000000 rw-p 00000000 00:00 0 
800000000-800002000 rwxp 00001000 08:05 3014664                          /usr/lib/jvm/java-11-openjdk-amd64/lib/server/classes.jsa
800002000-8003ce000 rw-p 00003000 08:05 3014664                          /usr/lib/jvm/java-11-openjdk-amd64/lib/server/classes.jsa
8003ce000-800aa5000 r--p 003cf000 08:05 3014664                          /usr/lib/jvm/java-11-openjdk-amd64/lib/server/classes.jsa
800aa5000-800aa6000 rw-p 00aa6000 08:05 3014664                          /usr/lib/jvm/java-11-openjdk-amd64/lib/server/classes.jsa
840000000-8401e0000 rw-p 00000000 00:00 0 
8401e0000-880000000 ---p 00000000 00:00 0 
5561389af000-5561389b0000 r--p 00000000 08:05 2752833                    /usr/lib/jvm/java-11-openjdk-amd64/bin/java
5561389b0000-5561389b1000 r-xp 00001000 08:05 2752833                    /usr/lib/jvm/java-11-openjdk-amd64/bin/java
5561389b1000-5561389b2000 r--p 00002000 08:05 2752833                    /usr/lib/jvm/java-11-openjdk-amd64/bin/java
5561389b2000-5561389b3000 r--p 00002000 08:05 2752833                    /usr/lib/jvm/java-11-openjdk-amd64/bin/java
5561389b3000-5561389b4000 rw-p 00003000 08:05 2752833                    /usr/lib/jvm/java-11-openjdk-amd64/bin/java
556138a87000-556138aa8000 rw-p 00000000 00:00 0                          [heap]
7facfc000000-7facfc021000 rw-p 00000000 00:00 0 
7facfc021000-7fad00000000 ---p 00000000 00:00 0 
7fad00000000-7fad00021000 rw-p 00000000 00:00 0 
7fad00021000-7fad04000000 ---p 00000000 00:00 0 
7fad04000000-7fad043b4000 rw-p 00000000 00:00 0 
7fad043b4000-7fad08000000 ---p 00000000 00:00 0 
7fad08000000-7fad08500000 rw-p 00000000 00:00 0 
7fad08500000-7fad0c000000 ---p 00000000 00:00 0 
7fad0c000000-7fad0c021000 rw-p 00000000 00:00 0 
7fad0c021000-7fad10000000 ---p 00000000 00:00 0 
7fad10000000-7fad10021000 rw-p 00000000 00:00 0 
7fad10021000-7fad14000000 ---p 00000000 00:00 0 
7fad14000000-7fad14021000 rw-p 00000000 00:00 0 
7fad14021000-7fad18000000 ---p 00000000 00:00 0 
7fad18000000-7fad18021000 rw-p 00000000 00:00 0 
7fad18021000-7fad1c000000 ---p 00000000 00:00 0 
7fad1c000000-7fad1c021000 rw-p 00000000 00:00 0 
7fad1c021000-7fad20000000 ---p 00000000 00:00 0 
7fad20000000-7fad20021000 rw-p 00000000 00:00 0 
7fad20021000-7fad24000000 ---p 00000000 00:00 0 
7fad24000000-7fad24021000 rw-p 00000000 00:00 0 
7fad24021000-7fad28000000 ---p 00000000 00:00 0 
7fad28000000-7fad28021000 rw-p 00000000 00:00 0 
7fad28021000-7fad2c000000 ---p 00000000 00:00 0 
7fad2ccd0000-7fad2cd29000 r--p 00000000 08:05 4627311                    /tmp/fmu_b546ae8b_07a8_4645_9f0a_de9ca9302bf2kukalbriiwa_model/binaries/linux64/unifmu.so
7fad2cd29000-7fad2ce95000 r-xp 00059000 08:05 4627311                    /tmp/fmu_b546ae8b_07a8_4645_9f0a_de9ca9302bf2kukalbriiwa_model/binaries/linux64/unifmu.so
7fad2ce95000-7fad2cf51000 r--p 001c5000 08:05 4627311                    /tmp/fmu_b546ae8b_07a8_4645_9f0a_de9ca9302bf2kukalbriiwa_model/binaries/linux64/unifmu.so
7fad2cf51000-7fad2cf52000 ---p 00281000 08:05 4627311                    /tmp/fmu_b546ae8b_07a8_4645_9f0a_de9ca9302bf2kukalbriiwa_model/binaries/linux64/unifmu.so
7fad2cf52000-7fad2cf9d000 r--p 00281000 08:05 4627311                    /tmp/fmu_b546ae8b_07a8_4645_9f0a_de9ca9302bf2kukalbriiwa_model/binaries/linux64/unifmu.so
7fad2cf9d000-7fad2cf9e000 rw-p 002cc000 08:05 4627311                    /tmp/fmu_b546ae8b_07a8_4645_9f0a_de9ca9302bf2kukalbriiwa_model/binaries/linux64/unifmu.so
7fad2cf9e000-7fad2d1bc000 r--p 00000000 08:05 4627297                    /tmp/fmu_2e48aafe_2dbc_4edc_bf2c_bece14dfa1ccrabbit2_1_5-16_SG/binaries/linux64/rabbitmq.so
7fad2d1bc000-7fad2d5d7000 r-xp 0021e000 08:05 4627297                    /tmp/fmu_2e48aafe_2dbc_4edc_bf2c_bece14dfa1ccrabbit2_1_5-16_SG/binaries/linux64/rabbitmq.so
7fad2d5d7000-7fad2d761000 r--p 00639000 08:05 4627297                    /tmp/fmu_2e48aafe_2dbc_4edc_bf2c_bece14dfa1ccrabbit2_1_5-16_SG/binaries/linux64/rabbitmq.so
7fad2d761000-7fad2d762000 ---p 007c3000 08:05 4627297                    /tmp/fmu_2e48aafe_2dbc_4edc_bf2c_bece14dfa1ccrabbit2_1_5-16_SG/binaries/linux64/rabbitmq.so
7fad2d762000-7fad2d7a8000 r--p 007c3000 08:05 4627297                    /tmp/fmu_2e48aafe_2dbc_4edc_bf2c_bece14dfa1ccrabbit2_1_5-16_SG/binaries/linux64/rabbitmq.so
7fad2d7a8000-7fad2d7e1000 rw-p 00809000 08:05 4627297                    /tmp/fmu_2e48aafe_2dbc_4edc_bf2c_bece14dfa1ccrabbit2_1_5-16_SG/binaries/linux64/rabbitmq.so
7fad2d7e1000-7fad2d7e6000 rw-p 00000000 00:00 0 
7fad2d7e6000-7fad2d7fd000 r-xp 00000000 08:05 4627305                    /tmp/jna-2007796372/jna14874439252339006606.tmp (deleted)
7fad2d7fd000-7fad2d8fc000 ---p 00017000 08:05 4627305                    /tmp/jna-2007796372/jna14874439252339006606.tmp (deleted)
7fad2d8fc000-7fad2d8fe000 rw-p 00016000 08:05 4627305                    /tmp/jna-2007796372/jna14874439252339006606.tmp (deleted)
7fad2d8fe000-7fad2da7e000 rw-p 00000000 00:00 0 
7fad2da7e000-7fad2dafe000 ---p 00000000 00:00 0 
7fad2dafe000-7fad2dcfe000 rw-p 00000000 00:00 0 
7fad2dcfe000-7fad2defe000 rw-p 00000000 00:00 0 
7fad2defe000-7fad2deff000 ---p 00000000 00:00 0 
7fad2deff000-7fad30000000 rw-p 00000000 00:00 0 
7fad30000000-7fad30021000 rw-p 00000000 00:00 0 
7fad30021000-7fad34000000 ---p 00000000 00:00 0 
7fad340bb000-7fad340bf000 ---p 00000000 00:00 0 
7fad340bf000-7fad341bc000 rw-p 00000000 00:00 0 
7fad341bc000-7fad341bd000 ---p 00000000 00:00 0 
7fad341bd000-7fad342be000 rw-p 00000000 00:00 0 
7fad342be000-7fad342c2000 ---p 00000000 00:00 0 
7fad342c2000-7fad343bf000 rw-p 00000000 00:00 0 
7fad343bf000-7fad343c3000 ---p 00000000 00:00 0 
7fad343c3000-7fad344c0000 rw-p 00000000 00:00 0 
7fad344c0000-7fad34a30000 r--p 00000000 08:05 2629154                    /usr/lib/locale/locale-archive
7fad34a30000-7fad353a0000 rw-p 00000000 00:00 0 
7fad353a0000-7fad36910000 ---p 00000000 00:00 0 
7fad36910000-7fad36a88000 rw-p 00000000 00:00 0 
7fad36a88000-7fad37ff8000 ---p 00000000 00:00 0 
7fad37ff8000-7fad38000000 rw-p 00000000 00:00 0 
7fad38000000-7fad38021000 rw-p 00000000 00:00 0 
7fad38021000-7fad3c000000 ---p 00000000 00:00 0 
7fad3c047000-7fad3c078000 rw-p 00000000 00:00 0 
7fad3c078000-7fad3c07c000 r--p 00000000 08:05 2753614                    /usr/lib/jvm/java-11-openjdk-amd64/lib/libnet.so
7fad3c07c000-7fad3c08a000 r-xp 00004000 08:05 2753614                    /usr/lib/jvm/java-11-openjdk-amd64/lib/libnet.so
7fad3c08a000-7fad3c08e000 r--p 00012000 08:05 2753614                    /usr/lib/jvm/java-11-openjdk-amd64/lib/libnet.so
7fad3c08e000-7fad3c08f000 r--p 00015000 08:05 2753614                    /usr/lib/jvm/java-11-openjdk-amd64/lib/libnet.so
7fad3c08f000-7fad3c090000 rw-p 00016000 08:05 2753614                    /usr/lib/jvm/java-11-openjdk-amd64/lib/libnet.so
7fad3c090000-7fad3c097000 r--p 00000000 08:05 2753615                    /usr/lib/jvm/java-11-openjdk-amd64/lib/libnio.so
7fad3c097000-7fad3c09f000 r-xp 00007000 08:05 2753615                    /usr/lib/jvm/java-11-openjdk-amd64/lib/libnio.so
7fad3c09f000-7fad3c0a2000 r--p 0000f000 08:05 2753615                    /usr/lib/jvm/java-11-openjdk-amd64/lib/libnio.so
7fad3c0a2000-7fad3c0a3000 r--p 00011000 08:05 2753615                    /usr/lib/jvm/java-11-openjdk-amd64/lib/libnio.so
7fad3c0a3000-7fad3c0a4000 rw-p 00012000 08:05 2753615                    /usr/lib/jvm/java-11-openjdk-amd64/lib/libnio.so
7fad3c0a4000-7fad3c0a8000 ---p 00000000 00:00 0 
7fad3c0a8000-7fad3c1a5000 rw-p 00000000 00:00 0 
7fad3c1a5000-7fad3c1a9000 ---p 00000000 00:00 0 
7fad3c1a9000-7fad3c2a6000 rw-p 00000000 00:00 0 
7fad3c2a6000-7fad3c2aa000 ---p 00000000 00:00 0 
7fad3c2aa000-7fad3c3a7000 rw-p 00000000 00:00 0 
7fad3c3a7000-7fad3c3ab000 ---p 00000000 00:00 0 
7fad3c3ab000-7fad3c4a8000 rw-p 00000000 00:00 0 
7fad3c4a8000-7fad3c4ac000 ---p 00000000 00:00 0 
7fad3c4ac000-7fad3c5a9000 rw-p 00000000 00:00 0 
7fad3c5a9000-7fad3c5aa000 ---p 00000000 00:00 0 
7fad3c5aa000-7fad3c7f1000 rw-p 00000000 00:00 0 
7fad3c7f1000-7fad3ca61000 rwxp 00000000 00:00 0 
7fad3ca61000-7fad3cd80000 ---p 00000000 00:00 0 
7fad3cd80000-7fad3d060000 rwxp 00000000 00:00 0 
7fad3d060000-7fad442b8000 ---p 00000000 00:00 0 
7fad442b8000-7fad44528000 rwxp 00000000 00:00 0 
7fad44528000-7fad4b7f1000 ---p 00000000 00:00 0 
7fad4b7f1000-7fad54000000 r--s 00000000 08:05 2753624                    /usr/lib/jvm/java-11-openjdk-amd64/lib/modules
7fad54000000-7fad54954000 rw-p 00000000 00:00 0 
7fad54954000-7fad58000000 ---p 00000000 00:00 0 
7fad58006000-7fad58007000 r--p 00000000 08:05 3183385                    /usr/lib/x86_64-linux-gnu/gconv/UTF-16.so
7fad58007000-7fad58009000 r-xp 00001000 08:05 3183385                    /usr/lib/x86_64-linux-gnu/gconv/UTF-16.so
7fad58009000-7fad5800a000 r--p 00003000 08:05 3183385                    /usr/lib/x86_64-linux-gnu/gconv/UTF-16.so
7fad5800a000-7fad5800b000 r--p 00003000 08:05 3183385                    /usr/lib/x86_64-linux-gnu/gconv/UTF-16.so
7fad5800b000-7fad5800c000 rw-p 00004000 08:05 3183385                    /usr/lib/x86_64-linux-gnu/gconv/UTF-16.so
7fad5800c000-7fad5800d000 ---p 00000000 00:00 0 
7fad5800d000-7fad5810e000 rw-p 00000000 00:00 0 
7fad5810e000-7fad5810f000 ---p 00000000 00:00 0 
7fad5810f000-7fad58412000 rw-p 00000000 00:00 0 
7fad58412000-7fad58413000 ---p 00000000 00:00 0 
7fad58413000-7fad58514000 rw-p 00000000 00:00 0 
7fad58514000-7fad58515000 ---p 00000000 00:00 0 
7fad58515000-7fad58675000 rw-p 00000000 00:00 0 
7fad58675000-7fad58923000 ---p 00000000 00:00 0 
7fad58923000-7fad58952000 rw-p 00000000 00:00 0 
7fad58952000-7fad58c00000 ---p 00000000 00:00 0 
7fad58c00000-7fad58c2f000 rw-p 00000000 00:00 0 
7fad58c2f000-7fad58edd000 ---p 00000000 00:00 0 
7fad58edd000-7fad590e0000 rw-p 00000000 00:00 0 
7fad590e0000-7fad590e1000 ---p 00000000 00:00 0 
7fad590e1000-7fad591e7000 rw-p 00000000 00:00 0 
7fad591e7000-7fad592cd000 ---p 00000000 00:00 0 
7fad592cd000-7fad592d3000 rw-p 00000000 00:00 0 
7fad592d3000-7fad593b8000 ---p 00000000 00:00 0 
7fad593b8000-7fad593bd000 rw-p 00000000 00:00 0 
7fad593bd000-7fad593c4000 ---p 00000000 00:00 0 
7fad593c4000-7fad593c7000 r--p 00000000 08:05 2632028                    /usr/lib/x86_64-linux-gnu/libnss_files-2.31.so
7fad593c7000-7fad593ce000 r-xp 00003000 08:05 2632028                    /usr/lib/x86_64-linux-gnu/libnss_files-2.31.so
7fad593ce000-7fad593d0000 r--p 0000a000 08:05 2632028                    /usr/lib/x86_64-linux-gnu/libnss_files-2.31.so
7fad593d0000-7fad593d1000 r--p 0000b000 08:05 2632028                    /usr/lib/x86_64-linux-gnu/libnss_files-2.31.so
7fad593d1000-7fad593d2000 rw-p 0000c000 08:05 2632028                    /usr/lib/x86_64-linux-gnu/libnss_files-2.31.so
7fad593d2000-7fad593d8000 rw-p 00000000 00:00 0 
7fad593d9000-7fad593e0000 r--s 00000000 08:05 3183390                    /usr/lib/x86_64-linux-gnu/gconv/gconv-modules.cache
7fad593e0000-7fad593e2000 r--p 00000000 08:05 2753623                    /usr/lib/jvm/java-11-openjdk-amd64/lib/libzip.so
7fad593e2000-7fad593e7000 r-xp 00002000 08:05 2753623                    /usr/lib/jvm/java-11-openjdk-amd64/lib/libzip.so
7fad593e7000-7fad593e9000 r--p 00007000 08:05 2753623                    /usr/lib/jvm/java-11-openjdk-amd64/lib/libzip.so
7fad593e9000-7fad593ea000 r--p 00008000 08:05 2753623                    /usr/lib/jvm/java-11-openjdk-amd64/lib/libzip.so
7fad593ea000-7fad593eb000 rw-p 00009000 08:05 2753623                    /usr/lib/jvm/java-11-openjdk-amd64/lib/libzip.so
7fad593eb000-7fad593f3000 rw-s 00000000 08:05 4627282                    /tmp/hsperfdata_santiago/52301
7fad593f3000-7fad593f4000 ---p 00000000 00:00 0 
7fad593f4000-7fad593f5000 r--p 00000000 00:00 0 
7fad593f5000-7fad59403000 r--p 00000000 08:05 2753377                    /usr/lib/jvm/java-11-openjdk-amd64/lib/libjava.so
7fad59403000-7fad59419000 r-xp 0000e000 08:05 2753377                    /usr/lib/jvm/java-11-openjdk-amd64/lib/libjava.so
7fad59419000-7fad59420000 r--p 00024000 08:05 2753377                    /usr/lib/jvm/java-11-openjdk-amd64/lib/libjava.so
7fad59420000-7fad59421000 r--p 0002a000 08:05 2753377                    /usr/lib/jvm/java-11-openjdk-amd64/lib/libjava.so
7fad59421000-7fad59422000 rw-p 0002b000 08:05 2753377                    /usr/lib/jvm/java-11-openjdk-amd64/lib/libjava.so
7fad59422000-7fad59423000 rw-p 00000000 00:00 0 
7fad59423000-7fad59425000 r--p 00000000 08:05 2632038                    /usr/lib/x86_64-linux-gnu/librt-2.31.so
7fad59425000-7fad59429000 r-xp 00002000 08:05 2632038                    /usr/lib/x86_64-linux-gnu/librt-2.31.so
7fad59429000-7fad5942b000 r--p 00006000 08:05 2632038                    /usr/lib/x86_64-linux-gnu/librt-2.31.so
7fad5942b000-7fad5942c000 r--p 00007000 08:05 2632038                    /usr/lib/x86_64-linux-gnu/librt-2.31.so
7fad5942c000-7fad5942d000 rw-p 00008000 08:05 2632038                    /usr/lib/x86_64-linux-gnu/librt-2.31.so
7fad5942d000-7fad59431000 ---p 00000000 00:00 0 
7fad59431000-7fad5952e000 rw-p 00000000 00:00 0 
7fad5952e000-7fad59531000 r--p 00000000 08:05 2622393                    /usr/lib/x86_64-linux-gnu/libgcc_s.so.1
7fad59531000-7fad59543000 r-xp 00003000 08:05 2622393                    /usr/lib/x86_64-linux-gnu/libgcc_s.so.1
7fad59543000-7fad59547000 r--p 00015000 08:05 2622393                    /usr/lib/x86_64-linux-gnu/libgcc_s.so.1
7fad59547000-7fad59548000 r--p 00018000 08:05 2622393                    /usr/lib/x86_64-linux-gnu/libgcc_s.so.1
7fad59548000-7fad59549000 rw-p 00019000 08:05 2622393                    /usr/lib/x86_64-linux-gnu/libgcc_s.so.1
7fad59549000-7fad59556000 r--p 00000000 08:05 2631998                    /usr/lib/x86_64-linux-gnu/libm-2.31.so
7fad59556000-7fad595fd000 r-xp 0000d000 08:05 2631998                    /usr/lib/x86_64-linux-gnu/libm-2.31.so
7fad595fd000-7fad59696000 r--p 000b4000 08:05 2631998                    /usr/lib/x86_64-linux-gnu/libm-2.31.so
7fad59696000-7fad59697000 r--p 0014c000 08:05 2631998                    /usr/lib/x86_64-linux-gnu/libm-2.31.so
7fad59697000-7fad59698000 rw-p 0014d000 08:05 2631998                    /usr/lib/x86_64-linux-gnu/libm-2.31.so
7fad59698000-7fad5972e000 r--p 00000000 08:05 2626859                    /usr/lib/x86_64-linux-gnu/libstdc++.so.6.0.28
7fad5972e000-7fad5981f000 r-xp 00096000 08:05 2626859                    /usr/lib/x86_64-linux-gnu/libstdc++.so.6.0.28
7fad5981f000-7fad59868000 r--p 00187000 08:05 2626859                    /usr/lib/x86_64-linux-gnu/libstdc++.so.6.0.28
7fad59868000-7fad59869000 ---p 001d0000 08:05 2626859                    /usr/lib/x86_64-linux-gnu/libstdc++.so.6.0.28
7fad59869000-7fad59874000 r--p 001d0000 08:05 2626859                    /usr/lib/x86_64-linux-gnu/libstdc++.so.6.0.28
7fad59874000-7fad59877000 rw-p 001db000 08:05 2626859                    /usr/lib/x86_64-linux-gnu/libstdc++.so.6.0.28
7fad59877000-7fad5987a000 rw-p 00000000 00:00 0 
7fad5987a000-7fad59afc000 r--p 00000000 08:05 3017460                    /usr/lib/jvm/java-11-openjdk-amd64/lib/server/libjvm.so
7fad59afc000-7fad5a78d000 r-xp 00282000 08:05 3017460                    /usr/lib/jvm/java-11-openjdk-amd64/lib/server/libjvm.so
7fad5a78d000-7fad5a9ec000 r--p 00f13000 08:05 3017460                    /usr/lib/jvm/java-11-openjdk-amd64/lib/server/libjvm.so
7fad5a9ec000-7fad5aab0000 r--p 01171000 08:05 3017460                    /usr/lib/jvm/java-11-openjdk-amd64/lib/server/libjvm.so
7fad5aab0000-7fad5aaeb000 rw-p 01235000 08:05 3017460                    /usr/lib/jvm/java-11-openjdk-amd64/lib/server/libjvm.so
7fad5aaeb000-7fad5ab44000 rw-p 00000000 00:00 0 
7fad5ab44000-7fad5ab66000 r--p 00000000 08:05 2631994                    /usr/lib/x86_64-linux-gnu/libc-2.31.so
7fad5ab66000-7fad5acde000 r-xp 00022000 08:05 2631994                    /usr/lib/x86_64-linux-gnu/libc-2.31.so
7fad5acde000-7fad5ad2c000 r--p 0019a000 08:05 2631994                    /usr/lib/x86_64-linux-gnu/libc-2.31.so
7fad5ad2c000-7fad5ad30000 r--p 001e7000 08:05 2631994                    /usr/lib/x86_64-linux-gnu/libc-2.31.so
7fad5ad30000-7fad5ad32000 rw-p 001eb000 08:05 2631994                    /usr/lib/x86_64-linux-gnu/libc-2.31.so
7fad5ad32000-7fad5ad36000 rw-p 00000000 00:00 0 
7fad5ad36000-7fad5ad37000 r--p 00000000 08:05 2631996                    /usr/lib/x86_64-linux-gnu/libdl-2.31.so
7fad5ad37000-7fad5ad39000 r-xp 00001000 08:05 2631996                    /usr/lib/x86_64-linux-gnu/libdl-2.31.so
7fad5ad39000-7fad5ad3a000 r--p 00003000 08:05 2631996                    /usr/lib/x86_64-linux-gnu/libdl-2.31.so
7fad5ad3a000-7fad5ad3b000 r--p 00003000 08:05 2631996                    /usr/lib/x86_64-linux-gnu/libdl-2.31.so
7fad5ad3b000-7fad5ad3c000 rw-p 00004000 08:05 2631996                    /usr/lib/x86_64-linux-gnu/libdl-2.31.so
7fad5ad3c000-7fad5ad3f000 r--p 00000000 08:05 3017457                    /usr/lib/jvm/java-11-openjdk-amd64/lib/jli/libjli.so
7fad5ad3f000-7fad5ad49000 r-xp 00003000 08:05 3017457                    /usr/lib/jvm/java-11-openjdk-amd64/lib/jli/libjli.so
7fad5ad49000-7fad5ad4c000 r--p 0000d000 08:05 3017457                    /usr/lib/jvm/java-11-openjdk-amd64/lib/jli/libjli.so
7fad5ad4c000-7fad5ad4d000 ---p 00010000 08:05 3017457                    /usr/lib/jvm/java-11-openjdk-amd64/lib/jli/libjli.so
7fad5ad4d000-7fad5ad4e000 r--p 00010000 08:05 3017457                    /usr/lib/jvm/java-11-openjdk-amd64/lib/jli/libjli.so
7fad5ad4e000-7fad5ad4f000 rw-p 00011000 08:05 3017457                    /usr/lib/jvm/java-11-openjdk-amd64/lib/jli/libjli.so
7fad5ad4f000-7fad5ad55000 r--p 00000000 08:05 2632036                    /usr/lib/x86_64-linux-gnu/libpthread-2.31.so
7fad5ad55000-7fad5ad66000 r-xp 00006000 08:05 2632036                    /usr/lib/x86_64-linux-gnu/libpthread-2.31.so
7fad5ad66000-7fad5ad6c000 r--p 00017000 08:05 2632036                    /usr/lib/x86_64-linux-gnu/libpthread-2.31.so
7fad5ad6c000-7fad5ad6d000 r--p 0001c000 08:05 2632036                    /usr/lib/x86_64-linux-gnu/libpthread-2.31.so
7fad5ad6d000-7fad5ad6e000 rw-p 0001d000 08:05 2632036                    /usr/lib/x86_64-linux-gnu/libpthread-2.31.so
7fad5ad6e000-7fad5ad72000 rw-p 00000000 00:00 0 
7fad5ad72000-7fad5ad74000 r--p 00000000 08:05 2627188                    /usr/lib/x86_64-linux-gnu/libz.so.1.2.11
7fad5ad74000-7fad5ad85000 r-xp 00002000 08:05 2627188                    /usr/lib/x86_64-linux-gnu/libz.so.1.2.11
7fad5ad85000-7fad5ad8b000 r--p 00013000 08:05 2627188                    /usr/lib/x86_64-linux-gnu/libz.so.1.2.11
7fad5ad8b000-7fad5ad8c000 ---p 00019000 08:05 2627188                    /usr/lib/x86_64-linux-gnu/libz.so.1.2.11
7fad5ad8c000-7fad5ad8d000 r--p 00019000 08:05 2627188                    /usr/lib/x86_64-linux-gnu/libz.so.1.2.11
7fad5ad8d000-7fad5ad8e000 rw-p 0001a000 08:05 2627188                    /usr/lib/x86_64-linux-gnu/libz.so.1.2.11
7fad5ad8e000-7fad5ad90000 r--p 00000000 08:05 2753588                    /usr/lib/jvm/java-11-openjdk-amd64/lib/libjimage.so
7fad5ad90000-7fad5ad93000 r-xp 00002000 08:05 2753588                    /usr/lib/jvm/java-11-openjdk-amd64/lib/libjimage.so
7fad5ad93000-7fad5ad94000 r--p 00005000 08:05 2753588                    /usr/lib/jvm/java-11-openjdk-amd64/lib/libjimage.so
7fad5ad94000-7fad5ad95000 ---p 00006000 08:05 2753588                    /usr/lib/jvm/java-11-openjdk-amd64/lib/libjimage.so
7fad5ad95000-7fad5ad96000 r--p 00006000 08:05 2753588                    /usr/lib/jvm/java-11-openjdk-amd64/lib/libjimage.so
7fad5ad96000-7fad5ad97000 rw-p 00007000 08:05 2753588                    /usr/lib/jvm/java-11-openjdk-amd64/lib/libjimage.so
7fad5ad97000-7fad5ad9c000 r--p 00000000 08:05 2753622                    /usr/lib/jvm/java-11-openjdk-amd64/lib/libverify.so
7fad5ad9c000-7fad5ada3000 r-xp 00005000 08:05 2753622                    /usr/lib/jvm/java-11-openjdk-amd64/lib/libverify.so
7fad5ada3000-7fad5ada5000 r--p 0000c000 08:05 2753622                    /usr/lib/jvm/java-11-openjdk-amd64/lib/libverify.so
7fad5ada5000-7fad5ada6000 ---p 0000e000 08:05 2753622                    /usr/lib/jvm/java-11-openjdk-amd64/lib/libverify.so
7fad5ada6000-7fad5ada8000 r--p 0000e000 08:05 2753622                    /usr/lib/jvm/java-11-openjdk-amd64/lib/libverify.so
7fad5ada8000-7fad5ada9000 rw-p 00010000 08:05 2753622                    /usr/lib/jvm/java-11-openjdk-amd64/lib/libverify.so
7fad5ada9000-7fad5adab000 rw-p 00000000 00:00 0 
7fad5adab000-7fad5adac000 r--p 00000000 08:05 2623639                    /usr/lib/x86_64-linux-gnu/ld-2.31.so
7fad5adac000-7fad5adcf000 r-xp 00001000 08:05 2623639                    /usr/lib/x86_64-linux-gnu/ld-2.31.so
7fad5adcf000-7fad5add7000 r--p 00024000 08:05 2623639                    /usr/lib/x86_64-linux-gnu/ld-2.31.so
7fad5add7000-7fad5add8000 rwxp 00000000 00:00 0 
7fad5add8000-7fad5add9000 r--p 0002c000 08:05 2623639                    /usr/lib/x86_64-linux-gnu/ld-2.31.so
7fad5add9000-7fad5adda000 rw-p 0002d000 08:05 2623639                    /usr/lib/x86_64-linux-gnu/ld-2.31.so
7fad5adda000-7fad5addb000 rw-p 00000000 00:00 0 
7ffc1edae000-7ffc1edd1000 rw-p 00000000 00:00 0                          [stack]
7ffc1edd5000-7ffc1edd9000 r--p 00000000 00:00 0                          [vvar]
7ffc1edd9000-7ffc1eddb000 r-xp 00000000 00:00 0                          [vdso]
ffffffffff600000-ffffffffff601000 --xp 00000000 00:00 0                  [vsyscall]


VM Arguments:
jvm_args: -Dfile.encoding=UTF-8 -Duser.country=US -Duser.language=en -Duser.variant 
java_command: MainKt
java_class_path (initial): /home/santiago/Aarhus/ConfLiftingaaS/build/classes/java/main:/home/santiago/Aarhus/ConfLiftingaaS/build/classes/kotlin/main:/home/santiago/Aarhus/ConfLiftingaaS/build/resources/main:/home/santiago/.gradle/caches/modules-2/files-2.1/org.jetbrains.kotlinx/kotlinx-serialization-json-jvm/1.5.0/f2355f60f5c027da0326c8af2d9c724d39aa0ce9/kotlinx-serialization-json-jvm-1.5.0.jar:/home/santiago/.gradle/caches/modules-2/files-2.1/org.jetbrains.kotlinx/kotlinx-serialization-core-jvm/1.5.0/d701e8cccd443a7cc1a0bcac53432f2745dcdbda/kotlinx-serialization-core-jvm-1.5.0.jar:/home/santiago/.gradle/caches/modules-2/files-2.1/org.siani.javafmi/fmu-wrapper/2.26.3/56f94b5c0935c234802450545083855994612c41/fmu-wrapper-2.26.3.jar:/home/santiago/.gradle/caches/modules-2/files-2.1/org.jetbrains.kotlin/kotlin-stdlib-jdk8/1.8.10/7c002ac41f547a82e81dfebd2a20577a738dbf3f/kotlin-stdlib-jdk8-1.8.10.jar:/home/santiago/.gradle/caches/modules-2/files-2.1/org.apache.jena/jena-shacl/3.16.0/73224ac7a31181149fce1a85c4ad86a9e5d76c0d/jena-shacl-3.16.0.jar:/home/santiago/.gradle/caches/modules-2/files-2.1/org.apache.jena/jena-tdb/3.16.0/9cbf4b9d9ce058403f4977be0ceff0c6a6b755d/jena-tdb-3.16.0.jar:/home/santiago/.gradle/caches/modules-2/files-2.1/org.apache.jena/jena-rdfconnection/3.16.0/68e2a3f2c450ae4ce2652a3713dea95066bff25a/jena-rdfconnection-3.16.0.jar:/home/santiago/.gradle/caches/modules-2/files-2.1/org.apache.jena/jena-tdb2/3.16.0/1f014a32d88e4bb5ac4c5291703fafd5bd060a8c/jena-tdb2-3.16.0.jar:/home/santiago/.gradle/caches/modules-2/files-2.1/org.apache.jena/jena-dboe-storage/3.16.0/86876be46c78ee68172614c4bf3cd211b3815d33/jena-dboe-storage-3.16.0.jar:/home/santiago/.gradle/caches/modules-2/files-2.1/org.apache.jena/jena-dboe-trans-data/3.16.0/2df0c144ef7f420d45a984c753a7078b70618a94/jena-dboe-trans-data-3.16.0.jar:/home/santiago/.gradle/caches/modules-2/files-2.1/org.apache.jena/jena-dboe-transaction/3.16.0/668a904ec5532ff837e8a9b67460797f2654f077/jena-dboe-transaction-3.16.
Launcher Type: SUN_STANDARD

[Global flags]
     intx CICompilerCount                          = 2                                         {product} {ergonomic}
     uint ConcGCThreads                            = 1                                         {product} {ergonomic}
     uint G1ConcRefinementThreads                  = 2                                         {product} {ergonomic}
   size_t G1HeapRegionSize                         = 1048576                                   {product} {ergonomic}
    uintx GCDrainStackTargetSize                   = 64                                        {product} {ergonomic}
   size_t InitialHeapSize                          = 96468992                                  {product} {ergonomic}
   size_t MarkStackSize                            = 4194304                                   {product} {ergonomic}
   size_t MaxHeapSize                              = 1537212416                                {product} {ergonomic}
   size_t MaxNewSize                               = 921698304                                 {product} {ergonomic}
   size_t MinHeapDeltaBytes                        = 1048576                                   {product} {ergonomic}
    uintx NonNMethodCodeHeapSize                   = 5825164                                {pd product} {ergonomic}
    uintx NonProfiledCodeHeapSize                  = 122916538                              {pd product} {ergonomic}
    uintx ProfiledCodeHeapSize                     = 122916538                              {pd product} {ergonomic}
    uintx ReservedCodeCacheSize                    = 251658240                              {pd product} {ergonomic}
     bool SegmentedCodeCache                       = true                                      {product} {ergonomic}
     bool UseCompressedClassPointers               = true                                 {lp64_product} {ergonomic}
     bool UseCompressedOops                        = true                                 {lp64_product} {ergonomic}
     bool UseG1GC                                  = true                                      {product} {ergonomic}

Logging:
Log output configuration:
 #0: stdout all=warning uptime,level,tags
 #1: stderr all=off uptime,level,tags

Environment Variables:
JAVA_HOME=/usr/lib/jvm/java-11-openjdk-amd64
PATH=/home/santiago/apache-maven-3.9.4/bin:/usr/lib/jvm/java-11-openjdk-amd64:/usr/lib/jvm/java-11-openjdk-amd64/bin:/home/santiago/node-js/bin:/home/santiago/node-js:/home/santiago/uppaal64-4.1.25-5:/home/santiago/uppaal64-4.1.25-5/bin-Linux:/home/santiago/apache-maven-3.9.4/bin:/usr/lib/jvm/java-17-openjdk-amd64:/usr/lib/jvm/java-17-openjdk-amd64/bin:/home/santiago/node-js/bin:/home/santiago/node-js:/home/santiago/uppaal64-4.1.25-5:/home/santiago/uppaal64-4.1.25-5/bin-Linux:/home/santiago/.sdkman/candidates/kotlin/current/bin:/home/santiago/.sdkman/candidates/gradle/current/bin:/home/santiago/apache-maven-3.9.4/bin:/usr/lib/jvm/java-11-openjdk-amd64/bin:/home/santiago/node-js/bin:/home/santiago/node-js:/home/santiago/uppaal64-4.1.25-5:/home/santiago/uppaal64-4.1.25-5/bin-Linux:/home/santiago/.local/bin:/usr/local/sbin:/usr/local/bin:/usr/sbin:/usr/bin:/sbin:/bin:/usr/games:/usr/local/games:/snap/bin
USERNAME=santiago
SHELL=/bin/bash
DISPLAY=:0
LANG=en_US.UTF-8
TERM=xterm-256color

Signal Handlers:
SIGSEGV: [libjvm.so+0xea02e0], sa_mask[0]=11111111011111111101111111111110, sa_flags=SA_RESTART|SA_SIGINFO
SIGBUS: [libjvm.so+0xea02e0], sa_mask[0]=11111111011111111101111111111110, sa_flags=SA_RESTART|SA_SIGINFO
SIGFPE: [libjvm.so+0xea02e0], sa_mask[0]=11111111011111111101111111111110, sa_flags=SA_RESTART|SA_SIGINFO
SIGPIPE: [libjvm.so+0xbe5be0], sa_mask[0]=11111111011111111101111111111110, sa_flags=SA_RESTART|SA_SIGINFO
SIGXFSZ: [libjvm.so+0xbe5be0], sa_mask[0]=11111111011111111101111111111110, sa_flags=SA_RESTART|SA_SIGINFO
SIGILL: [libjvm.so+0xea02e0], sa_mask[0]=11111111011111111101111111111110, sa_flags=SA_RESTART|SA_SIGINFO
SIGUSR2: [libjvm.so+0xbe5a80], sa_mask[0]=00100000000000000000000000000000, sa_flags=SA_RESTART|SA_SIGINFO
SIGHUP: [libjvm.so+0xbe6130], sa_mask[0]=11111111011111111101111111111110, sa_flags=SA_RESTART|SA_SIGINFO
SIGINT: [libjvm.so+0xbe6130], sa_mask[0]=11111111011111111101111111111110, sa_flags=SA_RESTART|SA_SIGINFO
SIGTERM: [libjvm.so+0xbe6130], sa_mask[0]=11111111011111111101111111111110, sa_flags=SA_RESTART|SA_SIGINFO
SIGQUIT: [libjvm.so+0xbe6130], sa_mask[0]=11111111011111111101111111111110, sa_flags=SA_RESTART|SA_SIGINFO


---------------  S Y S T E M  ---------------

OS:DISTRIB_ID=Ubuntu
DISTRIB_RELEASE=20.04
DISTRIB_CODENAME=focal
DISTRIB_DESCRIPTION="Ubuntu 20.04.6 LTS"
uname:Linux 5.15.0-78-generic #85~20.04.1-Ubuntu SMP Mon Jul 17 09:42:39 UTC 2023 x86_64
OS uptime: 0 days 2:03 hours
libc:glibc 2.31 NPTL 2.31 
rlimit (soft/hard): STACK 8192k/infinity , CORE 0k/infinity , NPROC 23121/23121 , NOFILE 1048576/1048576 , AS infinity/infinity , CPU infinity/infinity , DATA infinity/infinity , FSIZE infinity/infinity , MEMLOCK 65536k/65536k
load average:3.64 3.05 2.42

/proc/meminfo:
MemTotal:        6004560 kB
MemFree:          116192 kB
MemAvailable:     253228 kB
Buffers:            3760 kB
Cached:           321384 kB
SwapCached:       168200 kB
Active:          1121076 kB
Inactive:        3726232 kB
Active(anon):     995848 kB
Inactive(anon):  3552664 kB
Active(file):     125228 kB
Inactive(file):   173568 kB
Unevictable:       13500 kB
Mlocked:           13500 kB
SwapTotal:       2097148 kB
SwapFree:           2020 kB
Dirty:              1152 kB
Writeback:             0 kB
AnonPages:       4367580 kB
Mapped:           163108 kB
Shmem:             14804 kB
KReclaimable:     101560 kB
Slab:             276120 kB
SReclaimable:     101560 kB
SUnreclaim:       174560 kB
KernelStack:       23420 kB
PageTables:        43016 kB
NFS_Unstable:          0 kB
Bounce:                0 kB
WritebackTmp:          0 kB
CommitLimit:     5099428 kB
Committed_AS:   14410892 kB
VmallocTotal:   34359738367 kB
VmallocUsed:       90624 kB
VmallocChunk:          0 kB
Percpu:           181248 kB
HardwareCorrupted:     0 kB
AnonHugePages:      2048 kB
ShmemHugePages:        0 kB
ShmemPmdMapped:        0 kB
FileHugePages:         0 kB
FilePmdMapped:         0 kB
HugePages_Total:       0
HugePages_Free:        0
HugePages_Rsvd:        0
HugePages_Surp:        0
Hugepagesize:       2048 kB
Hugetlb:               0 kB
DirectMap4k:      550720 kB
DirectMap2M:     5715968 kB
DirectMap1G:           0 kB

/sys/kernel/mm/transparent_hugepage/enabled:
always [madvise] never
/sys/kernel/mm/transparent_hugepage/defrag (defrag/compaction efforts parameter):
always defer defer+madvise [madvise] never

Process Memory:
Virtual Size: 4101084K (peak: 12903016K)
Resident Set Size: 122648K (peak: 122648K) (anon: 93312K, file: 29336K, shmem: 0K)
Swapped out: 0K
C-Heap outstanding allocations: 18545K, retained: 6662K
glibc malloc tunables: (default)

/proc/sys/kernel/threads-max (system-wide limit on the number of threads):
46242
/proc/sys/vm/max_map_count (maximum number of memory map areas a process may have):
65530
/proc/sys/kernel/pid_max (system-wide limit on number of process identifiers):
4194304

container (cgroup) information:
container_type: cgroupv1
cpu_cpuset_cpus: 0-1
cpu_memory_nodes: 0
active_processor_count: 2
cpu_quota: no quota
cpu_period: 100000
cpu_shares: no shares
memory_limit_in_bytes: unlimited
memory_and_swap_limit_in_bytes: unlimited
memory_soft_limit_in_bytes: unlimited
memory_usage_in_bytes: 4702104 k
memory_max_usage_in_bytes: 4801900 k
kernel_memory_usage_in_bytes: 94204 k
kernel_memory_max_usage_in_bytes: unlimited
kernel_memory_limit_in_bytes: 100276 k
maximum number of tasks: unlimited
current number of tasks: 731

VMWare virtualization detected
Steal ticks since vm start: 0
Steal ticks percentage since vm start:  0.000

CPU:total 2 (initial active 2) (1 cores per cpu, 1 threads per core) family 6 model 140 stepping 1 microcode 0x8a, cmov, cx8, fxsr, mmx, sse, sse2, sse3, ssse3, sse4.1, sse4.2, popcnt, avx, avx2, aes, clmul, erms, 3dnowpref, lzcnt, tsc, tscinvbit, bmi1, bmi2, adx, evex, sha, fma
CPU Model and flags from /proc/cpuinfo:
model name	: 11th Gen Intel(R) Core(TM) i5-1135G7 @ 2.40GHz
flags		: fpu vme de pse tsc msr pae mce cx8 apic sep mtrr pge mca cmov pat pse36 clflush mmx fxsr sse sse2 ss syscall nx pdpe1gb rdtscp lm constant_tsc arch_perfmon rep_good nopl xtopology tsc_reliable nonstop_tsc cpuid tsc_known_freq pni pclmulqdq ssse3 fma cx16 pcid sse4_1 sse4_2 x2apic movbe popcnt tsc_deadline_timer aes xsave avx f16c rdrand hypervisor lahf_lm abm 3dnowprefetch cpuid_fault invpcid_single ssbd ibrs ibpb stibp ibrs_enhanced fsgsbase tsc_adjust bmi1 avx2 smep bmi2 erms invpcid avx512f avx512dq rdseed adx smap avx512ifma clflushopt clwb avx512cd sha_ni avx512bw avx512vl xsaveopt xsavec xgetbv1 xsaves arat avx512vbmi umip pku ospke avx512_vbmi2 gfni vaes vpclmulqdq avx512_vnni avx512_bitalg avx512_vpopcntdq rdpid movdiri movdir64b fsrm avx512_vp2intersect md_clear flush_l1d arch_capabilities
Online cpus:
0-1
Offline cpus:
2-127
BIOS frequency limitation:
<Not Available>
Frequency switch latency (ns):
<Not Available>
Available cpu frequencies:
<Not Available>
Current governor:
<Not Available>
Core performance/turbo boost:
<Not Available>

Memory: 4k page, physical 6004560k(114932k free), swap 2097148k(2880k free)

vm_info: OpenJDK 64-Bit Server VM (11.0.20+8-post-Ubuntu-1ubuntu120.04) for linux-amd64 JRE (11.0.20+8-post-Ubuntu-1ubuntu120.04), built on Jul 20 2023 03:22:26 by "unknown" with gcc 9.4.0

END.
