#
# A fatal error has been detected by the Java Runtime Environment:
#
#  SIGSEGV (0xb) at pc=0x00007f70f1a29c3d, pid=34771, tid=34772
#
# JRE version: OpenJDK Runtime Environment (11.0.20+8) (build 11.0.20+8-post-Ubuntu-1ubuntu120.04)
# Java VM: OpenJDK 64-Bit Server VM (11.0.20+8-post-Ubuntu-1ubuntu120.04, mixed mode, sharing, tiered, compressed oops, g1 gc, linux-amd64)
# Problematic frame:
# C  [rabbitmq.so+0x271c3d]  FmuContainerCore::getData()+0x2d
#
# Core dump will be written. Default location: Core dumps may be processed with "/usr/share/apport/apport -p%p -s%s -c%c -d%d -P%P -u%u -g%g -- %E" (or dumping to /home/santiago/Aarhus/ConfLiftingaaS/core.34771)
#
# If you would like to submit a bug report, please visit:
#   https://bugs.launchpad.net/ubuntu/+source/openjdk-lts
# The crash happened outside the Java Virtual Machine in native code.
# See problematic frame for where to report the bug.
#

---------------  S U M M A R Y ------------

Command Line: -Dfile.encoding=UTF-8 -Duser.country=US -Duser.language=en -Duser.variant MainKt

Host: 11th Gen Intel(R) Core(TM) i5-1135G7 @ 2.40GHz, 2 cores, 5G, Ubuntu 20.04.6 LTS
Time: Tue Aug 22 09:54:35 2023 CEST elapsed time: 9.487667 seconds (0d 0h 0m 9s)

---------------  T H R E A D  ---------------

Current thread (0x00007f7118018000):  JavaThread "main" [_thread_in_native, id=34772, stack(0x00007f711dfd3000,0x00007f711e0d4000)]

Stack: [0x00007f711dfd3000,0x00007f711e0d4000],  sp=0x00007f711e0d1660,  free space=1017k
Native frames: (J=compiled Java code, A=aot compiled Java code, j=interpreted, Vv=VM code, C=native code)
C  [rabbitmq.so+0x271c3d]  FmuContainerCore::getData()+0x2d

Java frames: (J=compiled Java code, j=interpreted, Vv=VM code)
j  com.sun.jna.Native.invokeInt(JI[Ljava/lang/Object;)I+0
j  com.sun.jna.Function.invoke([Ljava/lang/Object;Ljava/lang/Class;Z)Ljava/lang/Object;+225
j  com.sun.jna.Function.invoke(Ljava/lang/Class;[Ljava/lang/Object;Ljava/util/Map;)Ljava/lang/Object;+262
j  com.sun.jna.Function.invoke(Ljava/lang/Class;[Ljava/lang/Object;)Ljava/lang/Object;+7
j  com.sun.jna.Function.invokeInt([Ljava/lang/Object;)I+5
j  org.javafmi.proxy.v2.Fmu$1.asInt()I+15
j  org.javafmi.proxy.v2.Fmu.getInteger([I)[I+43
j  org.javafmi.proxy.v2.FmuProxy.getInteger([I)[I+5
j  org.javafmi.wrapper.variables.SingleRead.asInteger()I+14
j  dtstructure.DTFMUConf.liftInto(Lorg/apache/jena/rdf/model/Model;)V+516
j  dtstructure.DTComponent.liftInto(Lorg/apache/jena/rdf/model/Model;)V+145
j  dtstructure.DTComponent.liftInto(Lorg/apache/jena/rdf/model/Model;)V+145
j  DTLiftingService.getModel()Lorg/apache/jena/rdf/model/Model;+66
j  MainKt.setupFlex(LDTManager;)V+30
j  MainKt.main([Ljava/lang/String;)V+85
v  ~StubRoutines::call_stub

siginfo: si_signo: 11 (SIGSEGV), si_code: 128 (SI_KERNEL), si_addr: 0x0000000000000000

Register to memory mapping:

RAX=0x00007f7118460e01 points into unknown readable memory: 00 00 00 00 00 00 00
RBX=0x00007f711e0d1688 is pointing into the stack for thread: 0x00007f7118018000
RCX=0x00007f7118936650 points into unknown readable memory: 0x00007f7100000000 | 00 00 00 00 71 7f 00 00
RDX=0x00007f711e0d1690 is pointing into the stack for thread: 0x00007f7118018000
RSP=0x00007f711e0d1660 is pointing into the stack for thread: 0x00007f7118018000
RBP=0x0000000000000001 is an unknown value
RSI=0x656c626154726562 is an unknown value
RDI=0x00007f711e0d1688 is pointing into the stack for thread: 0x00007f7118018000
R8 =0x000000001c7e4540 is an unknown value
R9 =0x00007f7118018000 is a thread
R10=0x00007f711e0d1670 is pointing into the stack for thread: 0x00007f7118018000
R11=0x00007f70f1a0f8e0: fmi2GetInteger+0x0000000000000000 in /tmp/fmu_de2702d0_2dbc_4a73_a405_be41e0335637rabbit2_1_5-16_SG/binaries/linux64/rabbitmq.so at 0x00007f70f17b8000
R12=0x00007f7118936670 points into unknown readable memory: 0x00007f7100000015 | 15 00 00 00 71 7f 00 00
R13=0x00007f7118495f60 points into unknown readable memory: 0x00007f70f1fa0f88 | 88 0f fa f1 70 7f 00 00
R14=0x656c626154726562 is an unknown value
R15=0x0 is NULL


Registers:
RAX=0x00007f7118460e01, RBX=0x00007f711e0d1688, RCX=0x00007f7118936650, RDX=0x00007f711e0d1690
RSP=0x00007f711e0d1660, RBP=0x0000000000000001, RSI=0x656c626154726562, RDI=0x00007f711e0d1688
R8 =0x000000001c7e4540, R9 =0x00007f7118018000, R10=0x00007f711e0d1670, R11=0x00007f70f1a0f8e0
R12=0x00007f7118936670, R13=0x00007f7118495f60, R14=0x656c626154726562, R15=0x0000000000000000
RIP=0x00007f70f1a29c3d, EFLAGS=0x0000000000010246, CSGSFS=0x002b000000000033, ERR=0x0000000000000000
  TRAPNO=0x000000000000000d

Top of Stack: (sp=0x00007f711e0d1660)
0x00007f711e0d1660:   00007f7118460e01 00007f711e0d1688
0x00007f711e0d1670:   00007f711e0d1690 00007f70f1a03a8c
0x00007f711e0d1680:   00007f7118936650 00007f7118936650
0x00007f711e0d1690:   0000000000000000 0000000000000000 

Instructions: (pc=0x00007f70f1a29c3d)
0x00007f70f1a29b3d:   ff 49 89 c7 48 89 ef 4c 89 f6 e8 84 63 fb ff 49
0x00007f70f1a29b4d:   89 c6 48 8b 68 28 48 89 c3 48 83 c3 28 eb 0c 0f
0x00007f70f1a29b5d:   1f 40 00 4c 89 e7 e8 a8 c8 fb ff 48 39 dd 0f 84
0x00007f70f1a29b6d:   ef fc ff ff 49 89 ec 48 8b 6d 00 41 83 7c 24 18
0x00007f70f1a29b7d:   00 75 e0 49 8b 7c 24 20 49 8d 44 24 30 48 39 c7
0x00007f70f1a29b8d:   74 d1 e8 7c c8 fb ff eb ca 48 8b 7c 24 10 f2 0f
0x00007f70f1a29b9d:   10 44 24 40 e8 4a eb fb ff 48 81 c4 b8 00 00 00
0x00007f70f1a29bad:   5b 41 5c 41 5d 41 5e 41 5f 5d c3 e8 c3 24 fc ff
0x00007f70f1a29bbd:   48 89 c3 83 bc 24 90 00 00 00 00 75 1f 48 8b bc
0x00007f70f1a29bcd:   24 98 00 00 00 48 8d 84 24 a8 00 00 00 48 39 c7
0x00007f70f1a29bdd:   74 0a e8 2c c8 fb ff eb 03 48 89 c3 83 7c 24 50
0x00007f70f1a29bed:   00 75 14 48 8b 7c 24 58 48 8d 44 24 68 48 39 c7
0x00007f70f1a29bfd:   74 05 e8 0c c8 fb ff 48 89 df e8 64 ba fc ff 0f
0x00007f70f1a29c0d:   1f 40 00 41 56 53 50 49 89 f6 48 89 fb 48 8d 57
0x00007f70f1a29c1d:   08 c7 47 08 00 00 00 00 48 c7 47 10 00 00 00 00
0x00007f70f1a29c2d:   48 89 57 18 48 89 57 20 48 c7 47 28 00 00 00 00
0x00007f70f1a29c3d:   48 8b b6 00 01 00 00 48 85 f6 74 56 48 89 1c 24
0x00007f70f1a29c4d:   48 89 e1 48 89 df e8 98 55 fb ff 48 89 c2 0f 1f
0x00007f70f1a29c5d:   44 00 00 48 89 d1 48 8b 52 10 48 85 d2 75 f4 48
0x00007f70f1a29c6d:   89 4b 18 48 89 c2 66 2e 0f 1f 84 00 00 00 00 00
0x00007f70f1a29c7d:   0f 1f 00 48 89 d1 48 8b 52 18 48 85 d2 75 f4 48
0x00007f70f1a29c8d:   89 4b 20 49 8b 8e 18 01 00 00 48 89 4b 28 48 89
0x00007f70f1a29c9d:   43 10 48 89 d8 48 83 c4 08 5b 41 5e c3 66 0f 1f
0x00007f70f1a29cad:   44 00 00 48 8b 87 20 01 00 00 c3 0f 1f 84 00 00
0x00007f70f1a29cbd:   00 00 00 40 88 b7 80 01 00 00 c3 0f 1f 84 00 00
0x00007f70f1a29ccd:   00 00 00 41 57 41 56 41 54 53 50 49 89 cf 49 89
0x00007f70f1a29cdd:   d6 49 89 fc 48 85 f6 74 1b 48 89 f3 48 89 f7 e8
0x00007f70f1a29ced:   4f 2b fb ff 4c 89 e7 48 89 de 48 89 c2 e8 81 ff
0x00007f70f1a29cfd:   fb ff eb 19 49 8b 04 24 48 8b 40 e8 49 8d 3c 04
0x00007f70f1a29d0d:   41 8b 74 04 20 83 ce 01 e8 e6 a7 fc ff 48 8d 35
0x00007f70f1a29d1d:   9c 1c 47 00 ba 06 00 00 00 4c 89 e7 e8 52 ff fb
0x00007f70f1a29d2d:   ff 49 8b 37 4c 89 e7 e8 f7 c7 fb ff 48 89 c3 48 


Stack slot to memory mapping:
stack at sp + 0 slots: 0x00007f7118460e01 points into unknown readable memory: 00 00 00 00 00 00 00
stack at sp + 1 slots: 0x00007f711e0d1688 is pointing into the stack for thread: 0x00007f7118018000
stack at sp + 2 slots: 0x00007f711e0d1690 is pointing into the stack for thread: 0x00007f7118018000
stack at sp + 3 slots: 0x00007f70f1a03a8c: _ZN12FmuContainer10getIntegerEPKjmPi+0x000000000000003c in /tmp/fmu_de2702d0_2dbc_4a73_a405_be41e0335637rabbit2_1_5-16_SG/binaries/linux64/rabbitmq.so at 0x00007f70f17b8000
stack at sp + 4 slots: 0x00007f7118936650 points into unknown readable memory: 0x00007f7100000000 | 00 00 00 00 71 7f 00 00
stack at sp + 5 slots: 0x00007f7118936650 points into unknown readable memory: 0x00007f7100000000 | 00 00 00 00 71 7f 00 00
stack at sp + 6 slots: 0x0 is NULL
stack at sp + 7 slots: 0x0 is NULL


---------------  P R O C E S S  ---------------

Threads class SMR info:
_java_thread_list=0x00007f7118123f80, length=9, elements={
0x00007f7118018000, 0x00007f71180df000, 0x00007f71180e1000, 0x00007f71180e6800,
0x00007f71180e9000, 0x00007f71180eb000, 0x00007f71180ed000, 0x00007f71180ef000,
0x00007f7118122800
}

Java Threads: ( => current thread )
=>0x00007f7118018000 JavaThread "main" [_thread_in_native, id=34772, stack(0x00007f711dfd3000,0x00007f711e0d4000)]
  0x00007f71180df000 JavaThread "Reference Handler" daemon [_thread_blocked, id=34779, stack(0x00007f711c069000,0x00007f711c16a000)]
  0x00007f71180e1000 JavaThread "Finalizer" daemon [_thread_blocked, id=34780, stack(0x00007f71006f0000,0x00007f71007f1000)]
  0x00007f71180e6800 JavaThread "Signal Dispatcher" daemon [_thread_blocked, id=34781, stack(0x00007f710007f000,0x00007f7100180000)]
  0x00007f71180e9000 JavaThread "Service Thread" daemon [_thread_blocked, id=34782, stack(0x00007f70f912f000,0x00007f70f9230000)]
  0x00007f71180eb000 JavaThread "C2 CompilerThread0" daemon [_thread_blocked, id=34783, stack(0x00007f70f902e000,0x00007f70f912f000)]
  0x00007f71180ed000 JavaThread "C1 CompilerThread0" daemon [_thread_blocked, id=34784, stack(0x00007f70f8f2d000,0x00007f70f902e000)]
  0x00007f71180ef000 JavaThread "Sweeper thread" daemon [_thread_blocked, id=34785, stack(0x00007f70f8e2c000,0x00007f70f8f2d000)]
  0x00007f7118122800 JavaThread "Common-Cleaner" daemon [_thread_blocked, id=34787, stack(0x00007f70f8c29000,0x00007f70f8d2a000)]

Other Threads:
  0x00007f71180dc000 VMThread "VM Thread" [stack: 0x00007f711c16c000,0x00007f711c26c000] [id=34778]
  0x00007f7118120000 WatcherThread [stack: 0x00007f70f8d2c000,0x00007f70f8e2c000] [id=34786]
  0x00007f711802f800 GCTaskThread "GC Thread#0" [stack: 0x00007f711dc88000,0x00007f711dd88000] [id=34773]
  0x00007f70e4001000 GCTaskThread "GC Thread#1" [stack: 0x00007f70f8b29000,0x00007f70f8c29000] [id=34788]
  0x00007f7118055800 ConcurrentGCThread "G1 Main Marker" [stack: 0x00007f711d0bc000,0x00007f711d1bc000] [id=34774]
  0x00007f7118057000 ConcurrentGCThread "G1 Conc#0" [stack: 0x00007f711cfba000,0x00007f711d0ba000] [id=34775]
  0x00007f71180ab800 ConcurrentGCThread "G1 Refine#0" [stack: 0x00007f711ccb6000,0x00007f711cdb6000] [id=34776]
  0x00007f71180ad000 ConcurrentGCThread "G1 Young RemSet Sampling" [stack: 0x00007f711cbb4000,0x00007f711ccb4000] [id=34777]

Threads with active compile tasks:

VM state:not at safepoint (normal execution)

VM Mutex/Monitor currently owned by a thread: None

Heap address: 0x00000000a4600000, size: 1466 MB, Compressed Oops mode: 32-bit
Narrow klass base: 0x0000000800000000, Narrow klass shift: 3
Compressed class space size: 1073741824 Address: 0x0000000840000000

Heap:
 garbage-first heap   total 96256K, used 17471K [0x00000000a4600000, 0x0000000100000000)
  region size 1024K, 17 young (17408K), 5 survivors (5120K)
 Metaspace       used 14667K, capacity 15487K, committed 15744K, reserved 1062912K
  class space    used 1702K, capacity 1843K, committed 1920K, reserved 1048576K
Heap Regions: E=young(eden), S=young(survivor), O=old, HS=humongous(starts), HC=humongous(continues), CS=collection set, F=free, A=archive, TAMS=top-at-mark-start (previous, next)
|   0|0x00000000a4600000, 0x00000000a4700000, 0x00000000a4700000|100%| O|  |TAMS 0x00000000a4600000, 0x00000000a4600000| Untracked 
|   1|0x00000000a4700000, 0x00000000a4723000, 0x00000000a4800000| 13%| O|  |TAMS 0x00000000a4700000, 0x00000000a4700000| Untracked 
|   2|0x00000000a4800000, 0x00000000a4800000, 0x00000000a4900000|  0%| F|  |TAMS 0x00000000a4800000, 0x00000000a4800000| Untracked 
|   3|0x00000000a4900000, 0x00000000a4900000, 0x00000000a4a00000|  0%| F|  |TAMS 0x00000000a4900000, 0x00000000a4900000| Untracked 
|   4|0x00000000a4a00000, 0x00000000a4a00000, 0x00000000a4b00000|  0%| F|  |TAMS 0x00000000a4a00000, 0x00000000a4a00000| Untracked 
|   5|0x00000000a4b00000, 0x00000000a4b00000, 0x00000000a4c00000|  0%| F|  |TAMS 0x00000000a4b00000, 0x00000000a4b00000| Untracked 
|   6|0x00000000a4c00000, 0x00000000a4c00000, 0x00000000a4d00000|  0%| F|  |TAMS 0x00000000a4c00000, 0x00000000a4c00000| Untracked 
|   7|0x00000000a4d00000, 0x00000000a4d00000, 0x00000000a4e00000|  0%| F|  |TAMS 0x00000000a4d00000, 0x00000000a4d00000| Untracked 
|   8|0x00000000a4e00000, 0x00000000a4e00000, 0x00000000a4f00000|  0%| F|  |TAMS 0x00000000a4e00000, 0x00000000a4e00000| Untracked 
|   9|0x00000000a4f00000, 0x00000000a4f00000, 0x00000000a5000000|  0%| F|  |TAMS 0x00000000a4f00000, 0x00000000a4f00000| Untracked 
|  10|0x00000000a5000000, 0x00000000a5000000, 0x00000000a5100000|  0%| F|  |TAMS 0x00000000a5000000, 0x00000000a5000000| Untracked 
|  11|0x00000000a5100000, 0x00000000a5100000, 0x00000000a5200000|  0%| F|  |TAMS 0x00000000a5100000, 0x00000000a5100000| Untracked 
|  12|0x00000000a5200000, 0x00000000a5200000, 0x00000000a5300000|  0%| F|  |TAMS 0x00000000a5200000, 0x00000000a5200000| Untracked 
|  13|0x00000000a5300000, 0x00000000a5300000, 0x00000000a5400000|  0%| F|  |TAMS 0x00000000a5300000, 0x00000000a5300000| Untracked 
|  14|0x00000000a5400000, 0x00000000a5400000, 0x00000000a5500000|  0%| F|  |TAMS 0x00000000a5400000, 0x00000000a5400000| Untracked 
|  15|0x00000000a5500000, 0x00000000a5500000, 0x00000000a5600000|  0%| F|  |TAMS 0x00000000a5500000, 0x00000000a5500000| Untracked 
|  16|0x00000000a5600000, 0x00000000a5600000, 0x00000000a5700000|  0%| F|  |TAMS 0x00000000a5600000, 0x00000000a5600000| Untracked 
|  17|0x00000000a5700000, 0x00000000a5700000, 0x00000000a5800000|  0%| F|  |TAMS 0x00000000a5700000, 0x00000000a5700000| Untracked 
|  18|0x00000000a5800000, 0x00000000a5800000, 0x00000000a5900000|  0%| F|  |TAMS 0x00000000a5800000, 0x00000000a5800000| Untracked 
|  19|0x00000000a5900000, 0x00000000a5900000, 0x00000000a5a00000|  0%| F|  |TAMS 0x00000000a5900000, 0x00000000a5900000| Untracked 
|  20|0x00000000a5a00000, 0x00000000a5a00000, 0x00000000a5b00000|  0%| F|  |TAMS 0x00000000a5a00000, 0x00000000a5a00000| Untracked 
|  21|0x00000000a5b00000, 0x00000000a5b00000, 0x00000000a5c00000|  0%| F|  |TAMS 0x00000000a5b00000, 0x00000000a5b00000| Untracked 
|  22|0x00000000a5c00000, 0x00000000a5c00000, 0x00000000a5d00000|  0%| F|  |TAMS 0x00000000a5c00000, 0x00000000a5c00000| Untracked 
|  23|0x00000000a5d00000, 0x00000000a5d00000, 0x00000000a5e00000|  0%| F|  |TAMS 0x00000000a5d00000, 0x00000000a5d00000| Untracked 
|  24|0x00000000a5e00000, 0x00000000a5e00000, 0x00000000a5f00000|  0%| F|  |TAMS 0x00000000a5e00000, 0x00000000a5e00000| Untracked 
|  25|0x00000000a5f00000, 0x00000000a5f00000, 0x00000000a6000000|  0%| F|  |TAMS 0x00000000a5f00000, 0x00000000a5f00000| Untracked 
|  26|0x00000000a6000000, 0x00000000a6000000, 0x00000000a6100000|  0%| F|  |TAMS 0x00000000a6000000, 0x00000000a6000000| Untracked 
|  27|0x00000000a6100000, 0x00000000a6100000, 0x00000000a6200000|  0%| F|  |TAMS 0x00000000a6100000, 0x00000000a6100000| Untracked 
|  28|0x00000000a6200000, 0x00000000a6200000, 0x00000000a6300000|  0%| F|  |TAMS 0x00000000a6200000, 0x00000000a6200000| Untracked 
|  29|0x00000000a6300000, 0x00000000a6300000, 0x00000000a6400000|  0%| F|  |TAMS 0x00000000a6300000, 0x00000000a6300000| Untracked 
|  30|0x00000000a6400000, 0x00000000a6400000, 0x00000000a6500000|  0%| F|  |TAMS 0x00000000a6400000, 0x00000000a6400000| Untracked 
|  31|0x00000000a6500000, 0x00000000a6500000, 0x00000000a6600000|  0%| F|  |TAMS 0x00000000a6500000, 0x00000000a6500000| Untracked 
|  32|0x00000000a6600000, 0x00000000a6600000, 0x00000000a6700000|  0%| F|  |TAMS 0x00000000a6600000, 0x00000000a6600000| Untracked 
|  33|0x00000000a6700000, 0x00000000a6700000, 0x00000000a6800000|  0%| F|  |TAMS 0x00000000a6700000, 0x00000000a6700000| Untracked 
|  34|0x00000000a6800000, 0x00000000a6800000, 0x00000000a6900000|  0%| F|  |TAMS 0x00000000a6800000, 0x00000000a6800000| Untracked 
|  35|0x00000000a6900000, 0x00000000a6900000, 0x00000000a6a00000|  0%| F|  |TAMS 0x00000000a6900000, 0x00000000a6900000| Untracked 
|  36|0x00000000a6a00000, 0x00000000a6a00000, 0x00000000a6b00000|  0%| F|  |TAMS 0x00000000a6a00000, 0x00000000a6a00000| Untracked 
|  37|0x00000000a6b00000, 0x00000000a6b00000, 0x00000000a6c00000|  0%| F|  |TAMS 0x00000000a6b00000, 0x00000000a6b00000| Untracked 
|  38|0x00000000a6c00000, 0x00000000a6c00000, 0x00000000a6d00000|  0%| F|  |TAMS 0x00000000a6c00000, 0x00000000a6c00000| Untracked 
|  39|0x00000000a6d00000, 0x00000000a6d00000, 0x00000000a6e00000|  0%| F|  |TAMS 0x00000000a6d00000, 0x00000000a6d00000| Untracked 
|  40|0x00000000a6e00000, 0x00000000a6e00000, 0x00000000a6f00000|  0%| F|  |TAMS 0x00000000a6e00000, 0x00000000a6e00000| Untracked 
|  41|0x00000000a6f00000, 0x00000000a6f00000, 0x00000000a7000000|  0%| F|  |TAMS 0x00000000a6f00000, 0x00000000a6f00000| Untracked 
|  42|0x00000000a7000000, 0x00000000a7000000, 0x00000000a7100000|  0%| F|  |TAMS 0x00000000a7000000, 0x00000000a7000000| Untracked 
|  43|0x00000000a7100000, 0x00000000a7100000, 0x00000000a7200000|  0%| F|  |TAMS 0x00000000a7100000, 0x00000000a7100000| Untracked 
|  44|0x00000000a7200000, 0x00000000a7200000, 0x00000000a7300000|  0%| F|  |TAMS 0x00000000a7200000, 0x00000000a7200000| Untracked 
|  45|0x00000000a7300000, 0x00000000a7300000, 0x00000000a7400000|  0%| F|  |TAMS 0x00000000a7300000, 0x00000000a7300000| Untracked 
|  46|0x00000000a7400000, 0x00000000a7400000, 0x00000000a7500000|  0%| F|  |TAMS 0x00000000a7400000, 0x00000000a7400000| Untracked 
|  47|0x00000000a7500000, 0x00000000a7500000, 0x00000000a7600000|  0%| F|  |TAMS 0x00000000a7500000, 0x00000000a7500000| Untracked 
|  48|0x00000000a7600000, 0x00000000a7600000, 0x00000000a7700000|  0%| F|  |TAMS 0x00000000a7600000, 0x00000000a7600000| Untracked 
|  49|0x00000000a7700000, 0x00000000a7700000, 0x00000000a7800000|  0%| F|  |TAMS 0x00000000a7700000, 0x00000000a7700000| Untracked 
|  50|0x00000000a7800000, 0x00000000a7800000, 0x00000000a7900000|  0%| F|  |TAMS 0x00000000a7800000, 0x00000000a7800000| Untracked 
|  51|0x00000000a7900000, 0x00000000a7938fd0, 0x00000000a7a00000| 22%| S|CS|TAMS 0x00000000a7900000, 0x00000000a7900000| Complete 
|  52|0x00000000a7a00000, 0x00000000a7b00000, 0x00000000a7b00000|100%| S|CS|TAMS 0x00000000a7a00000, 0x00000000a7a00000| Complete 
|  53|0x00000000a7b00000, 0x00000000a7c00000, 0x00000000a7c00000|100%| S|CS|TAMS 0x00000000a7b00000, 0x00000000a7b00000| Complete 
|  54|0x00000000a7c00000, 0x00000000a7d00000, 0x00000000a7d00000|100%| S|CS|TAMS 0x00000000a7c00000, 0x00000000a7c00000| Complete 
|  55|0x00000000a7d00000, 0x00000000a7e00000, 0x00000000a7e00000|100%| S|CS|TAMS 0x00000000a7d00000, 0x00000000a7d00000| Complete 
|  56|0x00000000a7e00000, 0x00000000a7e00000, 0x00000000a7f00000|  0%| F|  |TAMS 0x00000000a7e00000, 0x00000000a7e00000| Untracked 
|  57|0x00000000a7f00000, 0x00000000a7f00000, 0x00000000a8000000|  0%| F|  |TAMS 0x00000000a7f00000, 0x00000000a7f00000| Untracked 
|  58|0x00000000a8000000, 0x00000000a8000000, 0x00000000a8100000|  0%| F|  |TAMS 0x00000000a8000000, 0x00000000a8000000| Untracked 
|  59|0x00000000a8100000, 0x00000000a8100000, 0x00000000a8200000|  0%| F|  |TAMS 0x00000000a8100000, 0x00000000a8100000| Untracked 
|  60|0x00000000a8200000, 0x00000000a8200000, 0x00000000a8300000|  0%| F|  |TAMS 0x00000000a8200000, 0x00000000a8200000| Untracked 
|  61|0x00000000a8300000, 0x00000000a8300000, 0x00000000a8400000|  0%| F|  |TAMS 0x00000000a8300000, 0x00000000a8300000| Untracked 
|  62|0x00000000a8400000, 0x00000000a8400000, 0x00000000a8500000|  0%| F|  |TAMS 0x00000000a8400000, 0x00000000a8400000| Untracked 
|  63|0x00000000a8500000, 0x00000000a8500000, 0x00000000a8600000|  0%| F|  |TAMS 0x00000000a8500000, 0x00000000a8500000| Untracked 
|  64|0x00000000a8600000, 0x00000000a8600000, 0x00000000a8700000|  0%| F|  |TAMS 0x00000000a8600000, 0x00000000a8600000| Untracked 
|  65|0x00000000a8700000, 0x00000000a8700000, 0x00000000a8800000|  0%| F|  |TAMS 0x00000000a8700000, 0x00000000a8700000| Untracked 
|  66|0x00000000a8800000, 0x00000000a8800000, 0x00000000a8900000|  0%| F|  |TAMS 0x00000000a8800000, 0x00000000a8800000| Untracked 
|  67|0x00000000a8900000, 0x00000000a8900000, 0x00000000a8a00000|  0%| F|  |TAMS 0x00000000a8900000, 0x00000000a8900000| Untracked 
|  68|0x00000000a8a00000, 0x00000000a8a00000, 0x00000000a8b00000|  0%| F|  |TAMS 0x00000000a8a00000, 0x00000000a8a00000| Untracked 
|  69|0x00000000a8b00000, 0x00000000a8b00000, 0x00000000a8c00000|  0%| F|  |TAMS 0x00000000a8b00000, 0x00000000a8b00000| Untracked 
|  70|0x00000000a8c00000, 0x00000000a8c00000, 0x00000000a8d00000|  0%| F|  |TAMS 0x00000000a8c00000, 0x00000000a8c00000| Untracked 
|  71|0x00000000a8d00000, 0x00000000a8d00000, 0x00000000a8e00000|  0%| F|  |TAMS 0x00000000a8d00000, 0x00000000a8d00000| Untracked 
|  72|0x00000000a8e00000, 0x00000000a8e00000, 0x00000000a8f00000|  0%| F|  |TAMS 0x00000000a8e00000, 0x00000000a8e00000| Untracked 
|  73|0x00000000a8f00000, 0x00000000a8f00000, 0x00000000a9000000|  0%| F|  |TAMS 0x00000000a8f00000, 0x00000000a8f00000| Untracked 
|  74|0x00000000a9000000, 0x00000000a9000000, 0x00000000a9100000|  0%| F|  |TAMS 0x00000000a9000000, 0x00000000a9000000| Untracked 
|  75|0x00000000a9100000, 0x00000000a9100000, 0x00000000a9200000|  0%| F|  |TAMS 0x00000000a9100000, 0x00000000a9100000| Untracked 
|  76|0x00000000a9200000, 0x00000000a9200000, 0x00000000a9300000|  0%| F|  |TAMS 0x00000000a9200000, 0x00000000a9200000| Untracked 
|  77|0x00000000a9300000, 0x00000000a9300000, 0x00000000a9400000|  0%| F|  |TAMS 0x00000000a9300000, 0x00000000a9300000| Untracked 
|  78|0x00000000a9400000, 0x00000000a9400000, 0x00000000a9500000|  0%| F|  |TAMS 0x00000000a9400000, 0x00000000a9400000| Untracked 
|  79|0x00000000a9500000, 0x00000000a9500000, 0x00000000a9600000|  0%| F|  |TAMS 0x00000000a9500000, 0x00000000a9500000| Untracked 
|  80|0x00000000a9600000, 0x00000000a96b74b8, 0x00000000a9700000| 71%| E|  |TAMS 0x00000000a9600000, 0x00000000a9600000| Complete 
|  81|0x00000000a9700000, 0x00000000a9800000, 0x00000000a9800000|100%| E|CS|TAMS 0x00000000a9700000, 0x00000000a9700000| Complete 
|  82|0x00000000a9800000, 0x00000000a9900000, 0x00000000a9900000|100%| E|CS|TAMS 0x00000000a9800000, 0x00000000a9800000| Complete 
|  83|0x00000000a9900000, 0x00000000a9a00000, 0x00000000a9a00000|100%| E|CS|TAMS 0x00000000a9900000, 0x00000000a9900000| Complete 
|  84|0x00000000a9a00000, 0x00000000a9b00000, 0x00000000a9b00000|100%| E|CS|TAMS 0x00000000a9a00000, 0x00000000a9a00000| Complete 
|  85|0x00000000a9b00000, 0x00000000a9c00000, 0x00000000a9c00000|100%| E|CS|TAMS 0x00000000a9b00000, 0x00000000a9b00000| Complete 
|  86|0x00000000a9c00000, 0x00000000a9d00000, 0x00000000a9d00000|100%| E|CS|TAMS 0x00000000a9c00000, 0x00000000a9c00000| Complete 
|  87|0x00000000a9d00000, 0x00000000a9e00000, 0x00000000a9e00000|100%| E|CS|TAMS 0x00000000a9d00000, 0x00000000a9d00000| Complete 
|  88|0x00000000a9e00000, 0x00000000a9f00000, 0x00000000a9f00000|100%| E|CS|TAMS 0x00000000a9e00000, 0x00000000a9e00000| Complete 
|  89|0x00000000a9f00000, 0x00000000aa000000, 0x00000000aa000000|100%| E|CS|TAMS 0x00000000a9f00000, 0x00000000a9f00000| Complete 
|  90|0x00000000aa000000, 0x00000000aa100000, 0x00000000aa100000|100%| E|CS|TAMS 0x00000000aa000000, 0x00000000aa000000| Complete 
|  91|0x00000000aa100000, 0x00000000aa200000, 0x00000000aa200000|100%| E|CS|TAMS 0x00000000aa100000, 0x00000000aa100000| Complete 
|1464|0x00000000ffe00000, 0x00000000ffe48000, 0x00000000fff00000| 28%|OA|  |TAMS 0x00000000ffe00000, 0x00000000ffe00000| Untracked 
|1465|0x00000000fff00000, 0x00000000fff6c000, 0x0000000100000000| 42%|CA|  |TAMS 0x00000000fff00000, 0x00000000fff00000| Untracked 

Card table byte_map: [0x00007f711d4ca000,0x00007f711d7a7000] _byte_map_base: 0x00007f711cfa7000

Marking Bits (Prev, Next): (CMBitMap*) 0x00007f711804eaf8, (CMBitMap*) 0x00007f711804eb30
 Prev Bits: [0x00007f70fa918000, 0x00007f70fc000000)
 Next Bits: [0x00007f70f9230000, 0x00007f70fa918000)

Polling page: 0x00007f711df99000

Metaspace:

Usage:
  Non-class:     13.32 MB capacity,    12.66 MB ( 95%) used,   651.96 KB (  5%) free+waste,    27.19 KB ( <1%) overhead. 
      Class:      1.80 MB capacity,     1.66 MB ( 92%) used,   126.66 KB (  7%) free+waste,    13.50 KB ( <1%) overhead. 
       Both:     15.12 MB capacity,    14.32 MB ( 95%) used,   778.62 KB (  5%) free+waste,    40.69 KB ( <1%) overhead. 

Virtual space:
  Non-class space:       14.00 MB reserved,      13.50 MB ( 96%) committed 
      Class space:        1.00 GB reserved,       1.88 MB ( <1%) committed 
             Both:        1.01 GB reserved,      15.38 MB (  1%) committed 

Chunk freelists:
   Non-Class:  24.00 KB
       Class:  13.00 KB
        Both:  37.00 KB

MaxMetaspaceSize: unlimited
CompressedClassSpaceSize: 1.00 GB
Initial GC threshold: 20.80 MB
Current GC threshold: 20.80 MB
CDS: on

CodeHeap 'non-profiled nmethods': size=120036Kb used=658Kb max_used=658Kb free=119377Kb
 bounds [0x00007f71082b8000, 0x00007f7108528000, 0x00007f710f7f1000]
CodeHeap 'profiled nmethods': size=120032Kb used=3234Kb max_used=3234Kb free=116797Kb
 bounds [0x00007f7100d80000, 0x00007f71010b0000, 0x00007f71082b8000]
CodeHeap 'non-nmethods': size=5692Kb used=1202Kb max_used=1219Kb free=4489Kb
 bounds [0x00007f71007f1000, 0x00007f7100a61000, 0x00007f7100d80000]
 total_blobs=2245 nmethods=1781 adapters=377
 compilation: enabled
              stopped_count=0, restarted_count=0
 full_count=0

Compilation events (20 events):
Event: 9.480 Thread 0x00007f71180ed000 1753       3       org.apache.jena.ext.com.google.common.cache.AbstractCache$SimpleStatsCounter::recordMisses (12 bytes)
Event: 9.480 Thread 0x00007f71180ed000 nmethod 1753 0x00007f71010a4490 code [0x00007f71010a4660, 0x00007f71010a4800]
Event: 9.480 Thread 0x00007f71180eb000 nmethod 1773 0x00007f710835bb10 code [0x00007f710835bcc0, 0x00007f710835bef8]
Event: 9.480 Thread 0x00007f71180ed000 1776       3       org.apache.jena.graph.impl.LiteralLabelImpl::getDefaultHashcode (22 bytes)
Event: 9.480 Thread 0x00007f71180ed000 nmethod 1776 0x00007f71010a4910 code [0x00007f71010a4ae0, 0x00007f71010a4d50]
Event: 9.481 Thread 0x00007f71180eb000 1782       4       org.apache.jena.ext.com.google.common.base.Preconditions::checkNotNull (14 bytes)
Event: 9.481 Thread 0x00007f71180ed000 1777       3       org.apache.jena.rdf.model.ResourceFactory::createProperty (10 bytes)
Event: 9.481 Thread 0x00007f71180ed000 nmethod 1777 0x00007f71010a4e10 code [0x00007f71010a4fc0, 0x00007f71010a5180]
Event: 9.481 Thread 0x00007f71180ed000 1778       3       org.apache.jena.rdf.model.ResourceFactory$Impl::createProperty (9 bytes)
Event: 9.481 Thread 0x00007f71180eb000 nmethod 1782 0x00007f710835c110 code [0x00007f710835c2a0, 0x00007f710835c2f8]
Event: 9.482 Thread 0x00007f71180ed000 nmethod 1778 0x00007f71010a5290 code [0x00007f71010a5520, 0x00007f71010a6290]
Event: 9.482 Thread 0x00007f71180ed000 1779       3       org.apache.jena.rdf.model.impl.PropertyImpl::<init> (11 bytes)
Event: 9.482 Thread 0x00007f71180ed000 nmethod 1779 0x00007f71010a6710 code [0x00007f71010a69a0, 0x00007f71010a7650]
Event: 9.482 Thread 0x00007f71180ed000 1780       3       org.apache.jena.ext.com.google.common.cache.LocalCache$AbstractReferenceEntry::<init> (5 bytes)
Event: 9.482 Thread 0x00007f71180ed000 nmethod 1780 0x00007f71010a7a90 code [0x00007f71010a7c40, 0x00007f71010a7db0]
Event: 9.482 Thread 0x00007f71180ed000 1781       3       java.lang.invoke.LambdaForm$MH/0x0000000840066c40::invoke (31 bytes)
Event: 9.483 Thread 0x00007f71180ed000 nmethod 1781 0x00007f71010a7e90 code [0x00007f71010a8060, 0x00007f71010a84f0]
Event: 9.483 Thread 0x00007f71180ed000 1785       3       org.apache.jena.ext.com.google.common.cache.LocalCache::unset (4 bytes)
Event: 9.483 Thread 0x00007f71180ed000 nmethod 1785 0x00007f71010a8610 code [0x00007f71010a87c0, 0x00007f71010a88b0]
Event: 9.483 Thread 0x00007f71180ed000 1783       1       org.apache.jena.graph.impl.LiteralLabelImpl::getDatatype (5 bytes)

GC Heap History (4 events):
Event: 0.501 GC heap before
{Heap before GC invocations=0 (full 0):
 garbage-first heap   total 96256K, used 6864K [0x00000000a4600000, 0x0000000100000000)
  region size 1024K, 7 young (7168K), 0 survivors (0K)
 Metaspace       used 1371K, capacity 5432K, committed 5632K, reserved 1056768K
  class space    used 124K, capacity 488K, committed 512K, reserved 1048576K
}
Event: 0.511 GC heap after
{Heap after GC invocations=1 (full 0):
 garbage-first heap   total 96256K, used 2908K [0x00000000a4600000, 0x0000000100000000)
  region size 1024K, 1 young (1024K), 1 survivors (1024K)
 Metaspace       used 1371K, capacity 5432K, committed 5632K, reserved 1056768K
  class space    used 124K, capacity 488K, committed 512K, reserved 1048576K
}
Event: 2.285 GC heap before
{Heap before GC invocations=1 (full 0):
 garbage-first heap   total 96256K, used 38748K [0x00000000a4600000, 0x0000000100000000)
  region size 1024K, 36 young (36864K), 1 survivors (1024K)
 Metaspace       used 12320K, capacity 13808K, committed 14080K, reserved 1060864K
  class space    used 1493K, capacity 1675K, committed 1792K, reserved 1048576K
}
Event: 2.298 GC heap after
{Heap after GC invocations=2 (full 0):
 garbage-first heap   total 96256K, used 6207K [0x00000000a4600000, 0x0000000100000000)
  region size 1024K, 5 young (5120K), 5 survivors (5120K)
 Metaspace       used 12320K, capacity 13808K, committed 14080K, reserved 1060864K
  class space    used 1493K, capacity 1675K, committed 1792K, reserved 1048576K
}

Deoptimization events (20 events):
Event: 2.301 Thread 0x00007f7118018000 Uncommon trap: trap_request=0xffffff4d fr.pc=0x00007f710830c8ec relative=0x0000000000001f4c
Event: 2.305 Thread 0x00007f7118018000 Uncommon trap: reason=unstable_if action=reinterpret pc=0x00007f710830c8ec method=java.lang.ref.ReferenceQueue.poll()Ljava/lang/ref/Reference; @ 4 c2
Event: 2.305 Thread 0x00007f7118018000 DEOPT PACKING pc=0x00007f710830c8ec sp=0x00007f711e0d0a10
Event: 2.305 Thread 0x00007f7118018000 DEOPT UNPACKING pc=0x00007f71007f92a5 sp=0x00007f711e0d0668 mode 2
Event: 9.439 Thread 0x00007f7118018000 Uncommon trap: trap_request=0xffffffde fr.pc=0x00007f71082e6968 relative=0x00000000000001c8
Event: 9.439 Thread 0x00007f7118018000 Uncommon trap: reason=class_check action=maybe_recompile pc=0x00007f71082e6968 method=java.lang.String.equals(Ljava/lang/Object;)Z @ 8 c2
Event: 9.439 Thread 0x00007f7118018000 DEOPT PACKING pc=0x00007f71082e6968 sp=0x00007f711e0d22b0
Event: 9.439 Thread 0x00007f7118018000 DEOPT UNPACKING pc=0x00007f71007f92a5 sp=0x00007f711e0d2268 mode 2
Event: 9.439 Thread 0x00007f7118018000 Uncommon trap: trap_request=0xffffffde fr.pc=0x00007f71082e6968 relative=0x00000000000001c8
Event: 9.439 Thread 0x00007f7118018000 Uncommon trap: reason=class_check action=maybe_recompile pc=0x00007f71082e6968 method=java.lang.String.equals(Ljava/lang/Object;)Z @ 8 c2
Event: 9.439 Thread 0x00007f7118018000 DEOPT PACKING pc=0x00007f71082e6968 sp=0x00007f711e0d22b0
Event: 9.439 Thread 0x00007f7118018000 DEOPT UNPACKING pc=0x00007f71007f92a5 sp=0x00007f711e0d2268 mode 2
Event: 9.440 Thread 0x00007f7118018000 Uncommon trap: trap_request=0xffffffde fr.pc=0x00007f71082e6968 relative=0x00000000000001c8
Event: 9.440 Thread 0x00007f7118018000 Uncommon trap: reason=class_check action=maybe_recompile pc=0x00007f71082e6968 method=java.lang.String.equals(Ljava/lang/Object;)Z @ 8 c2
Event: 9.440 Thread 0x00007f7118018000 DEOPT PACKING pc=0x00007f71082e6968 sp=0x00007f711e0d22b0
Event: 9.440 Thread 0x00007f7118018000 DEOPT UNPACKING pc=0x00007f71007f92a5 sp=0x00007f711e0d2268 mode 2
Event: 9.440 Thread 0x00007f7118018000 Uncommon trap: trap_request=0xffffffde fr.pc=0x00007f71082e6968 relative=0x00000000000001c8
Event: 9.440 Thread 0x00007f7118018000 Uncommon trap: reason=class_check action=maybe_recompile pc=0x00007f71082e6968 method=java.lang.String.equals(Ljava/lang/Object;)Z @ 8 c2
Event: 9.440 Thread 0x00007f7118018000 DEOPT PACKING pc=0x00007f71082e6968 sp=0x00007f711e0d22b0
Event: 9.440 Thread 0x00007f7118018000 DEOPT UNPACKING pc=0x00007f71007f92a5 sp=0x00007f711e0d2268 mode 2

Classes redefined (0 events):
No events

Internal exceptions (20 events):
Event: 0.081 Thread 0x00007f7118018000 Exception <a 'java/security/PrivilegedActionException'{0x00000000aa1afe48}> (0x00000000aa1afe48) thrown at [src/hotspot/share/prims/jvm.cpp, line 1304]
Event: 0.081 Thread 0x00007f7118018000 Exception <a 'java/security/PrivilegedActionException'{0x00000000aa1b0118}> (0x00000000aa1b0118) thrown at [src/hotspot/share/prims/jvm.cpp, line 1304]
Event: 0.741 Thread 0x00007f7118018000 Exception <a 'java/lang/NoSuchMethodError'{0x00000000a9dcb538}: 'java.lang.Object java.lang.invoke.Invokers$Holder.linkToTargetMethod(java.lang.Object, int, java.lang.Object)'> (0x00000000a9dcb538) thrown at [src/hotspot/share/interpreter/linkResolver.cpp, line 772]
Event: 0.781 Thread 0x00007f7118018000 Exception <a 'java/lang/NoSuchMethodError'{0x00000000a9cef898}: 'int java.lang.invoke.DirectMethodHandle$Holder.invokeStaticInit(java.lang.Object, java.lang.Object, java.lang.Object)'> (0x00000000a9cef898) thrown at [src/hotspot/share/interpreter/linkResolver.cpp, line 772]
Event: 0.833 Thread 0x00007f7118018000 Exception <a 'java/lang/NoClassDefFoundError'{0x00000000a9bd69f0}: org/slf4j/impl/StaticLoggerBinder> (0x00000000a9bd69f0) thrown at [src/hotspot/share/classfile/systemDictionary.cpp, line 219]
Event: 1.029 Thread 0x00007f7118018000 Exception <a 'java/lang/NoSuchMethodError'{0x00000000a95be898}: 'int java.lang.invoke.DirectMethodHandle$Holder.invokeStaticInit(java.lang.Object, java.lang.Object)'> (0x00000000a95be898) thrown at [src/hotspot/share/interpreter/linkResolver.cpp, line 772]
Event: 1.308 Thread 0x00007f7118018000 Exception <a 'java/lang/NoSuchMethodError'{0x00000000a8e33d10}: 'int java.lang.invoke.DirectMethodHandle$Holder.invokeSpecialIFC(java.lang.Object, java.lang.Object, int)'> (0x00000000a8e33d10) thrown at [src/hotspot/share/interpreter/linkResolver.cpp, line 772]
Event: 1.651 Thread 0x00007f7118018000 Exception <a 'java/lang/NoSuchMethodError'{0x00000000a84d51f0}: 'java.lang.Object java.lang.invoke.DirectMethodHandle$Holder.invokeStaticInit(java.lang.Object, java.lang.Object, java.lang.Object, java.lang.Object)'> (0x00000000a84d51f0) thrown at [src/hotspot/share/interpreter/linkResolver.cpp, line 772]
Event: 1.659 Thread 0x00007f7118018000 Exception <a 'java/lang/NoSuchMethodError'{0x00000000a8302f38}: 'java.lang.Object java.lang.invoke.DirectMethodHandle$Holder.invokeStaticInit(java.lang.Object, java.lang.Object, int, java.lang.Object, java.lang.Object)'> (0x00000000a8302f38) thrown at [src/hotspot/share/interpreter/linkResolver.cpp, line 772]
Event: 2.110 Thread 0x00007f7118018000 Exception <a 'java/lang/NoSuchMethodError'{0x00000000a81e7b78}: 'java.lang.Object java.lang.invoke.DirectMethodHandle$Holder.invokeStatic(java.lang.Object, java.lang.Object, java.lang.Object, java.lang.Object, java.lang.Object, java.lang.Object, java.lang.Object, java.lang.Object, java.lang.Object, java.lang.Object, java.lang.Object, java.lang.Object, java.lang.Object, java.lang.Object, java.lang.Object)'> (0x00000000a81e7b78) thrown at [src/hotspot/share/interpreter/linkResolver.cpp, line 772]
Event: 2.115 Thread 0x00007f7118018000 Exception <a 'java/lang/NoSuchMethodError'{0x00000000a81f58d8}: 'java.lang.Object java.lang.invoke.DirectMethodHandle$Holder.invokeStatic(java.lang.Object, java.lang.Object, java.lang.Object, java.lang.Object, java.lang.Object, java.lang.Object, java.lang.Object, java.lang.Object, java.lang.Object, java.lang.Object, java.lang.Object, java.lang.Object, java.lang.Object, java.lang.Object, java.lang.Object, java.lang.Object)'> (0x00000000a81f58d8) thrown at [src/hotspot/share/interpreter/linkResolver.cpp, lin
Event: 2.119 Thread 0x00007f7118018000 Exception <a 'java/lang/NoSuchMethodError'{0x00000000a8003de8}: 'java.lang.Object java.lang.invoke.DirectMethodHandle$Holder.invokeSpecial(java.lang.Object, java.lang.Object, int, int, java.lang.Object, java.lang.Object, java.lang.Object)'> (0x00000000a8003de8) thrown at [src/hotspot/share/interpreter/linkResolver.cpp, line 772]
Event: 2.119 Thread 0x00007f7118018000 Exception <a 'java/lang/NoSuchMethodError'{0x00000000a8007378}: 'java.lang.Object java.lang.invoke.DelegatingMethodHandle$Holder.reinvoke_L(java.lang.Object, int, int, java.lang.Object, java.lang.Object, java.lang.Object)'> (0x00000000a8007378) thrown at [src/hotspot/share/interpreter/linkResolver.cpp, line 772]
Event: 2.120 Thread 0x00007f7118018000 Exception <a 'java/lang/NoSuchMethodError'{0x00000000a800b600}: 'java.lang.Object java.lang.invoke.DirectMethodHandle$Holder.invokeStatic(java.lang.Object, java.lang.Object, java.lang.Object, java.lang.Object, int)'> (0x00000000a800b600) thrown at [src/hotspot/share/interpreter/linkResolver.cpp, line 772]
Event: 2.459 Thread 0x00007f7118018000 Exception <a 'java/lang/NoSuchMethodError'{0x00000000a9fd2f20}: 'void java.lang.invoke.DirectMethodHandle$Holder.invokeStaticInit(java.lang.Object)'> (0x00000000a9fd2f20) thrown at [src/hotspot/share/interpreter/linkResolver.cpp, line 772]
Event: 2.498 Thread 0x00007f7118018000 Exception <a 'java/lang/NoSuchMethodError'{0x00000000a9d0fe28}: 'java.lang.Object java.lang.invoke.DirectMethodHandle$Holder.invokeVirtual(java.lang.Object, java.lang.Object, int, int)'> (0x00000000a9d0fe28) thrown at [src/hotspot/share/interpreter/linkResolver.cpp, line 772]
Event: 9.312 Thread 0x00007f7118018000 Exception <a 'java/lang/NoSuchMethodError'{0x00000000a9a96a40}: 'java.lang.Object java.lang.invoke.DirectMethodHandle$Holder.invokeStatic(java.lang.Object, java.lang.Object, java.lang.Object, java.lang.Object, java.lang.Object, java.lang.Object, java.lang.Object, java.lang.Object, java.lang.Object, java.lang.Object, java.lang.Object, int)'> (0x00000000a9a96a40) thrown at [src/hotspot/share/interpreter/linkResolver.cpp, line 772]
Event: 9.321 Thread 0x00007f7118018000 Exception <a 'java/lang/NoSuchMethodError'{0x00000000a9ab4bc0}: 'java.lang.Object java.lang.invoke.DirectMethodHandle$Holder.invokeStatic(java.lang.Object, java.lang.Object, java.lang.Object, java.lang.Object, java.lang.Object, java.lang.Object, java.lang.Object, java.lang.Object, java.lang.Object, java.lang.Object, java.lang.Object, int, int)'> (0x00000000a9ab4bc0) thrown at [src/hotspot/share/interpreter/linkResolver.cpp, line 772]
Event: 9.322 Thread 0x00007f7118018000 Exception <a 'java/lang/NoSuchMethodError'{0x00000000a9ad3d70}: 'java.lang.Object java.lang.invoke.DirectMethodHandle$Holder.invokeStatic(java.lang.Object, java.lang.Object, java.lang.Object, java.lang.Object, java.lang.Object, java.lang.Object, java.lang.Object, java.lang.Object, java.lang.Object, java.lang.Object, java.lang.Object, int, int, java.lang.Object)'> (0x00000000a9ad3d70) thrown at [src/hotspot/share/interpreter/linkResolver.cpp, line 772]
Event: 9.324 Thread 0x00007f7118018000 Exception <a 'java/lang/NoSuchMethodError'{0x00000000a9af4228}: 'java.lang.Object java.lang.invoke.DirectMethodHandle$Holder.invokeStatic(java.lang.Object, java.lang.Object, java.lang.Object, java.lang.Object, java.lang.Object, java.lang.Object, java.lang.Object, java.lang.Object, java.lang.Object, java.lang.Object, java.lang.Object, int, int, java.lang.Object, java.lang.Object)'> (0x00000000a9af4228) thrown at [src/hotspot/share/interpreter/linkResolver.cpp, line 772]

Events (20 events):
Event: 9.415 loading class org/apache/jena/riot/tokens/Token$1
Event: 9.415 loading class org/apache/jena/riot/tokens/Token$1 done
Event: 9.415 loading class org/apache/jena/riot/tokens/StringType
Event: 9.415 loading class org/apache/jena/riot/tokens/StringType done
Event: 9.419 loading class org/apache/jena/riot/system/ParserProfileStd$1
Event: 9.419 loading class org/apache/jena/riot/system/ParserProfileStd$1 done
Event: 9.420 loading class org/apache/jena/graph/Node
Event: 9.420 loading class org/apache/jena/graph/Node done
Event: 9.420 loading class org/apache/jena/graph/Node
Event: 9.420 loading class org/apache/jena/graph/Node done
Event: 9.430 loading class org/apache/commons/codec/digest/MurmurHash3
Event: 9.430 loading class org/apache/commons/codec/digest/MurmurHash3 done
Event: 9.431 loading class org/apache/jena/graph/BlankNodeId
Event: 9.431 loading class org/apache/jena/graph/BlankNodeId done
Event: 9.437 loading class org/apache/jena/rdf/model/impl/StatementImpl
Event: 9.437 loading class org/apache/jena/rdf/model/impl/StatementImpl done
Event: 9.437 loading class org/apache/jena/rdf/model/impl/StatementBase
Event: 9.437 loading class org/apache/jena/rdf/model/impl/StatementBase done
Event: 9.443 loading class org/javafmi/wrapper/variables/SingleRead
Event: 9.443 loading class org/javafmi/wrapper/variables/SingleRead done


Dynamic libraries:
a4600000-aa200000 rw-p 00000000 00:00 0 
aa200000-ffe00000 ---p 00000000 00:00 0 
ffe00000-ffe48000 rw-p 00b13000 08:05 3014664                            /usr/lib/jvm/java-11-openjdk-amd64/lib/server/classes.jsa
ffe48000-fff00000 rw-p 00000000 00:00 0 
fff00000-fff6c000 rw-p 00aa7000 08:05 3014664                            /usr/lib/jvm/java-11-openjdk-amd64/lib/server/classes.jsa
fff6c000-100000000 rw-p 00000000 00:00 0 
800000000-800002000 rwxp 00001000 08:05 3014664                          /usr/lib/jvm/java-11-openjdk-amd64/lib/server/classes.jsa
800002000-8003ce000 rw-p 00003000 08:05 3014664                          /usr/lib/jvm/java-11-openjdk-amd64/lib/server/classes.jsa
8003ce000-800aa5000 r--p 003cf000 08:05 3014664                          /usr/lib/jvm/java-11-openjdk-amd64/lib/server/classes.jsa
800aa5000-800aa6000 rw-p 00aa6000 08:05 3014664                          /usr/lib/jvm/java-11-openjdk-amd64/lib/server/classes.jsa
840000000-8401e0000 rw-p 00000000 00:00 0 
8401e0000-880000000 ---p 00000000 00:00 0 
5613dc9ec000-5613dc9ed000 r--p 00000000 08:05 2752833                    /usr/lib/jvm/java-11-openjdk-amd64/bin/java
5613dc9ed000-5613dc9ee000 r-xp 00001000 08:05 2752833                    /usr/lib/jvm/java-11-openjdk-amd64/bin/java
5613dc9ee000-5613dc9ef000 r--p 00002000 08:05 2752833                    /usr/lib/jvm/java-11-openjdk-amd64/bin/java
5613dc9ef000-5613dc9f0000 r--p 00002000 08:05 2752833                    /usr/lib/jvm/java-11-openjdk-amd64/bin/java
5613dc9f0000-5613dc9f1000 rw-p 00003000 08:05 2752833                    /usr/lib/jvm/java-11-openjdk-amd64/bin/java
5613ddb72000-5613ddb93000 rw-p 00000000 00:00 0                          [heap]
7f70c0000000-7f70c0021000 rw-p 00000000 00:00 0 
7f70c0021000-7f70c4000000 ---p 00000000 00:00 0 
7f70c4000000-7f70c4021000 rw-p 00000000 00:00 0 
7f70c4021000-7f70c8000000 ---p 00000000 00:00 0 
7f70c8000000-7f70c8717000 rw-p 00000000 00:00 0 
7f70c8717000-7f70cc000000 ---p 00000000 00:00 0 
7f70cc000000-7f70cc465000 rw-p 00000000 00:00 0 
7f70cc465000-7f70d0000000 ---p 00000000 00:00 0 
7f70d0000000-7f70d0021000 rw-p 00000000 00:00 0 
7f70d0021000-7f70d4000000 ---p 00000000 00:00 0 
7f70d4000000-7f70d4021000 rw-p 00000000 00:00 0 
7f70d4021000-7f70d8000000 ---p 00000000 00:00 0 
7f70d8000000-7f70d8021000 rw-p 00000000 00:00 0 
7f70d8021000-7f70dc000000 ---p 00000000 00:00 0 
7f70dc000000-7f70dc021000 rw-p 00000000 00:00 0 
7f70dc021000-7f70e0000000 ---p 00000000 00:00 0 
7f70e0000000-7f70e0021000 rw-p 00000000 00:00 0 
7f70e0021000-7f70e4000000 ---p 00000000 00:00 0 
7f70e4000000-7f70e4021000 rw-p 00000000 00:00 0 
7f70e4021000-7f70e8000000 ---p 00000000 00:00 0 
7f70e8000000-7f70e8021000 rw-p 00000000 00:00 0 
7f70e8021000-7f70ec000000 ---p 00000000 00:00 0 
7f70ec000000-7f70ec021000 rw-p 00000000 00:00 0 
7f70ec021000-7f70f0000000 ---p 00000000 00:00 0 
7f70f17b8000-7f70f19d6000 r--p 00000000 08:05 4626660                    /tmp/fmu_de2702d0_2dbc_4a73_a405_be41e0335637rabbit2_1_5-16_SG/binaries/linux64/rabbitmq.so
7f70f19d6000-7f70f1df1000 r-xp 0021e000 08:05 4626660                    /tmp/fmu_de2702d0_2dbc_4a73_a405_be41e0335637rabbit2_1_5-16_SG/binaries/linux64/rabbitmq.so
7f70f1df1000-7f70f1f7b000 r--p 00639000 08:05 4626660                    /tmp/fmu_de2702d0_2dbc_4a73_a405_be41e0335637rabbit2_1_5-16_SG/binaries/linux64/rabbitmq.so
7f70f1f7b000-7f70f1f7c000 ---p 007c3000 08:05 4626660                    /tmp/fmu_de2702d0_2dbc_4a73_a405_be41e0335637rabbit2_1_5-16_SG/binaries/linux64/rabbitmq.so
7f70f1f7c000-7f70f1fc2000 r--p 007c3000 08:05 4626660                    /tmp/fmu_de2702d0_2dbc_4a73_a405_be41e0335637rabbit2_1_5-16_SG/binaries/linux64/rabbitmq.so
7f70f1fc2000-7f70f1ffb000 rw-p 00809000 08:05 4626660                    /tmp/fmu_de2702d0_2dbc_4a73_a405_be41e0335637rabbit2_1_5-16_SG/binaries/linux64/rabbitmq.so
7f70f1ffb000-7f70f4000000 rw-p 00000000 00:00 0 
7f70f4000000-7f70f4021000 rw-p 00000000 00:00 0 
7f70f4021000-7f70f8000000 ---p 00000000 00:00 0 
7f70f8141000-7f70f819a000 r--p 00000000 08:05 4626602                    /tmp/fmu_722b7bcf_116e_4411_8eec_5334a3893b8dkukalbriiwa_model/binaries/linux64/unifmu.so
7f70f819a000-7f70f8306000 r-xp 00059000 08:05 4626602                    /tmp/fmu_722b7bcf_116e_4411_8eec_5334a3893b8dkukalbriiwa_model/binaries/linux64/unifmu.so
7f70f8306000-7f70f83c2000 r--p 001c5000 08:05 4626602                    /tmp/fmu_722b7bcf_116e_4411_8eec_5334a3893b8dkukalbriiwa_model/binaries/linux64/unifmu.so
7f70f83c2000-7f70f83c3000 ---p 00281000 08:05 4626602                    /tmp/fmu_722b7bcf_116e_4411_8eec_5334a3893b8dkukalbriiwa_model/binaries/linux64/unifmu.so
7f70f83c3000-7f70f840e000 r--p 00281000 08:05 4626602                    /tmp/fmu_722b7bcf_116e_4411_8eec_5334a3893b8dkukalbriiwa_model/binaries/linux64/unifmu.so
7f70f840e000-7f70f840f000 rw-p 002cc000 08:05 4626602                    /tmp/fmu_722b7bcf_116e_4411_8eec_5334a3893b8dkukalbriiwa_model/binaries/linux64/unifmu.so
7f70f840f000-7f70f8426000 r-xp 00000000 08:05 4626621                    /tmp/jna-2007796372/jna13092287398252041481.tmp (deleted)
7f70f8426000-7f70f8525000 ---p 00017000 08:05 4626621                    /tmp/jna-2007796372/jna13092287398252041481.tmp (deleted)
7f70f8525000-7f70f8527000 rw-p 00016000 08:05 4626621                    /tmp/jna-2007796372/jna13092287398252041481.tmp (deleted)
7f70f8527000-7f70f86a7000 rw-p 00000000 00:00 0 
7f70f86a7000-7f70f8727000 ---p 00000000 00:00 0 
7f70f8727000-7f70f8927000 rw-p 00000000 00:00 0 
7f70f8927000-7f70f8b27000 rw-p 00000000 00:00 0 
7f70f8b27000-7f70f8b28000 ---p 00000000 00:00 0 
7f70f8b28000-7f70f8c29000 rw-p 00000000 00:00 0 
7f70f8c29000-7f70f8c2d000 ---p 00000000 00:00 0 
7f70f8c2d000-7f70f8d2a000 rw-p 00000000 00:00 0 
7f70f8d2a000-7f70f8d2b000 ---p 00000000 00:00 0 
7f70f8d2b000-7f70f8e2c000 rw-p 00000000 00:00 0 
7f70f8e2c000-7f70f8e30000 ---p 00000000 00:00 0 
7f70f8e30000-7f70f8f2d000 rw-p 00000000 00:00 0 
7f70f8f2d000-7f70f8f31000 ---p 00000000 00:00 0 
7f70f8f31000-7f70f902e000 rw-p 00000000 00:00 0 
7f70f902e000-7f70f9032000 ---p 00000000 00:00 0 
7f70f9032000-7f70f912f000 rw-p 00000000 00:00 0 
7f70f912f000-7f70f9133000 ---p 00000000 00:00 0 
7f70f9133000-7f70f93a0000 rw-p 00000000 00:00 0 
7f70f93a0000-7f70fa910000 ---p 00000000 00:00 0 
7f70fa910000-7f70faa88000 rw-p 00000000 00:00 0 
7f70faa88000-7f70fbff8000 ---p 00000000 00:00 0 
7f70fbff8000-7f70fc000000 rw-p 00000000 00:00 0 
7f70fc000000-7f70fc021000 rw-p 00000000 00:00 0 
7f70fc021000-7f7100000000 ---p 00000000 00:00 0 
7f710007f000-7f7100083000 ---p 00000000 00:00 0 
7f7100083000-7f7100180000 rw-p 00000000 00:00 0 
7f7100180000-7f71006f0000 r--p 00000000 08:05 2629154                    /usr/lib/locale/locale-archive
7f71006f0000-7f71006f4000 ---p 00000000 00:00 0 
7f71006f4000-7f71007f1000 rw-p 00000000 00:00 0 
7f71007f1000-7f7100a61000 rwxp 00000000 00:00 0 
7f7100a61000-7f7100d80000 ---p 00000000 00:00 0 
7f7100d80000-7f71010b0000 rwxp 00000000 00:00 0 
7f71010b0000-7f71082b8000 ---p 00000000 00:00 0 
7f71082b8000-7f7108528000 rwxp 00000000 00:00 0 
7f7108528000-7f710f7f1000 ---p 00000000 00:00 0 
7f710f7f1000-7f7118000000 r--s 00000000 08:05 2753624                    /usr/lib/jvm/java-11-openjdk-amd64/lib/modules
7f7118000000-7f711893a000 rw-p 00000000 00:00 0 
7f711893a000-7f711c000000 ---p 00000000 00:00 0 
7f711c006000-7f711c007000 r--p 00000000 08:05 3183385                    /usr/lib/x86_64-linux-gnu/gconv/UTF-16.so
7f711c007000-7f711c009000 r-xp 00001000 08:05 3183385                    /usr/lib/x86_64-linux-gnu/gconv/UTF-16.so
7f711c009000-7f711c00a000 r--p 00003000 08:05 3183385                    /usr/lib/x86_64-linux-gnu/gconv/UTF-16.so
7f711c00a000-7f711c00b000 r--p 00003000 08:05 3183385                    /usr/lib/x86_64-linux-gnu/gconv/UTF-16.so
7f711c00b000-7f711c00c000 rw-p 00004000 08:05 3183385                    /usr/lib/x86_64-linux-gnu/gconv/UTF-16.so
7f711c00c000-7f711c03d000 rw-p 00000000 00:00 0 
7f711c03d000-7f711c041000 r--p 00000000 08:05 2753614                    /usr/lib/jvm/java-11-openjdk-amd64/lib/libnet.so
7f711c041000-7f711c04f000 r-xp 00004000 08:05 2753614                    /usr/lib/jvm/java-11-openjdk-amd64/lib/libnet.so
7f711c04f000-7f711c053000 r--p 00012000 08:05 2753614                    /usr/lib/jvm/java-11-openjdk-amd64/lib/libnet.so
7f711c053000-7f711c054000 r--p 00015000 08:05 2753614                    /usr/lib/jvm/java-11-openjdk-amd64/lib/libnet.so
7f711c054000-7f711c055000 rw-p 00016000 08:05 2753614                    /usr/lib/jvm/java-11-openjdk-amd64/lib/libnet.so
7f711c055000-7f711c05c000 r--p 00000000 08:05 2753615                    /usr/lib/jvm/java-11-openjdk-amd64/lib/libnio.so
7f711c05c000-7f711c064000 r-xp 00007000 08:05 2753615                    /usr/lib/jvm/java-11-openjdk-amd64/lib/libnio.so
7f711c064000-7f711c067000 r--p 0000f000 08:05 2753615                    /usr/lib/jvm/java-11-openjdk-amd64/lib/libnio.so
7f711c067000-7f711c068000 r--p 00011000 08:05 2753615                    /usr/lib/jvm/java-11-openjdk-amd64/lib/libnio.so
7f711c068000-7f711c069000 rw-p 00012000 08:05 2753615                    /usr/lib/jvm/java-11-openjdk-amd64/lib/libnio.so
7f711c069000-7f711c06d000 ---p 00000000 00:00 0 
7f711c06d000-7f711c16a000 rw-p 00000000 00:00 0 
7f711c16a000-7f711c16b000 ---p 00000000 00:00 0 
7f711c16b000-7f711cb70000 rw-p 00000000 00:00 0 
7f711cb70000-7f711cbb2000 rw-p 00000000 00:00 0 
7f711cbb2000-7f711cbb3000 ---p 00000000 00:00 0 
7f711cbb3000-7f711ccb4000 rw-p 00000000 00:00 0 
7f711ccb4000-7f711ccb5000 ---p 00000000 00:00 0 
7f711ccb5000-7f711cfb8000 rw-p 00000000 00:00 0 
7f711cfb8000-7f711cfb9000 ---p 00000000 00:00 0 
7f711cfb9000-7f711d0ba000 rw-p 00000000 00:00 0 
7f711d0ba000-7f711d0bb000 ---p 00000000 00:00 0 
7f711d0bb000-7f711d21b000 rw-p 00000000 00:00 0 
7f711d21b000-7f711d4c9000 ---p 00000000 00:00 0 
7f711d4c9000-7f711d4f8000 rw-p 00000000 00:00 0 
7f711d4f8000-7f711d7a6000 ---p 00000000 00:00 0 
7f711d7a6000-7f711d7d5000 rw-p 00000000 00:00 0 
7f711d7d5000-7f711da83000 ---p 00000000 00:00 0 
7f711da83000-7f711dc86000 rw-p 00000000 00:00 0 
7f711dc86000-7f711dc87000 ---p 00000000 00:00 0 
7f711dc87000-7f711dd8d000 rw-p 00000000 00:00 0 
7f711dd8d000-7f711de73000 ---p 00000000 00:00 0 
7f711de73000-7f711de7a000 rw-p 00000000 00:00 0 
7f711de7a000-7f711df5e000 ---p 00000000 00:00 0 
7f711df5e000-7f711df63000 rw-p 00000000 00:00 0 
7f711df63000-7f711df6a000 ---p 00000000 00:00 0 
7f711df6a000-7f711df6d000 r--p 00000000 08:05 2632028                    /usr/lib/x86_64-linux-gnu/libnss_files-2.31.so
7f711df6d000-7f711df74000 r-xp 00003000 08:05 2632028                    /usr/lib/x86_64-linux-gnu/libnss_files-2.31.so
7f711df74000-7f711df76000 r--p 0000a000 08:05 2632028                    /usr/lib/x86_64-linux-gnu/libnss_files-2.31.so
7f711df76000-7f711df77000 r--p 0000b000 08:05 2632028                    /usr/lib/x86_64-linux-gnu/libnss_files-2.31.so
7f711df77000-7f711df78000 rw-p 0000c000 08:05 2632028                    /usr/lib/x86_64-linux-gnu/libnss_files-2.31.so
7f711df78000-7f711df7e000 rw-p 00000000 00:00 0 
7f711df7f000-7f711df86000 r--s 00000000 08:05 3183390                    /usr/lib/x86_64-linux-gnu/gconv/gconv-modules.cache
7f711df86000-7f711df88000 r--p 00000000 08:05 2753623                    /usr/lib/jvm/java-11-openjdk-amd64/lib/libzip.so
7f711df88000-7f711df8d000 r-xp 00002000 08:05 2753623                    /usr/lib/jvm/java-11-openjdk-amd64/lib/libzip.so
7f711df8d000-7f711df8f000 r--p 00007000 08:05 2753623                    /usr/lib/jvm/java-11-openjdk-amd64/lib/libzip.so
7f711df8f000-7f711df90000 r--p 00008000 08:05 2753623                    /usr/lib/jvm/java-11-openjdk-amd64/lib/libzip.so
7f711df90000-7f711df91000 rw-p 00009000 08:05 2753623                    /usr/lib/jvm/java-11-openjdk-amd64/lib/libzip.so
7f711df91000-7f711df99000 rw-s 00000000 08:05 4626596                    /tmp/hsperfdata_santiago/34771
7f711df99000-7f711df9a000 ---p 00000000 00:00 0 
7f711df9a000-7f711df9b000 r--p 00000000 00:00 0 
7f711df9b000-7f711dfa9000 r--p 00000000 08:05 2753377                    /usr/lib/jvm/java-11-openjdk-amd64/lib/libjava.so
7f711dfa9000-7f711dfbf000 r-xp 0000e000 08:05 2753377                    /usr/lib/jvm/java-11-openjdk-amd64/lib/libjava.so
7f711dfbf000-7f711dfc6000 r--p 00024000 08:05 2753377                    /usr/lib/jvm/java-11-openjdk-amd64/lib/libjava.so
7f711dfc6000-7f711dfc7000 r--p 0002a000 08:05 2753377                    /usr/lib/jvm/java-11-openjdk-amd64/lib/libjava.so
7f711dfc7000-7f711dfc8000 rw-p 0002b000 08:05 2753377                    /usr/lib/jvm/java-11-openjdk-amd64/lib/libjava.so
7f711dfc8000-7f711dfc9000 rw-p 00000000 00:00 0 
7f711dfc9000-7f711dfcb000 r--p 00000000 08:05 2632038                    /usr/lib/x86_64-linux-gnu/librt-2.31.so
7f711dfcb000-7f711dfcf000 r-xp 00002000 08:05 2632038                    /usr/lib/x86_64-linux-gnu/librt-2.31.so
7f711dfcf000-7f711dfd1000 r--p 00006000 08:05 2632038                    /usr/lib/x86_64-linux-gnu/librt-2.31.so
7f711dfd1000-7f711dfd2000 r--p 00007000 08:05 2632038                    /usr/lib/x86_64-linux-gnu/librt-2.31.so
7f711dfd2000-7f711dfd3000 rw-p 00008000 08:05 2632038                    /usr/lib/x86_64-linux-gnu/librt-2.31.so
7f711dfd3000-7f711dfd7000 ---p 00000000 00:00 0 
7f711dfd7000-7f711e0d4000 rw-p 00000000 00:00 0 
7f711e0d4000-7f711e0d7000 r--p 00000000 08:05 2622393                    /usr/lib/x86_64-linux-gnu/libgcc_s.so.1
7f711e0d7000-7f711e0e9000 r-xp 00003000 08:05 2622393                    /usr/lib/x86_64-linux-gnu/libgcc_s.so.1
7f711e0e9000-7f711e0ed000 r--p 00015000 08:05 2622393                    /usr/lib/x86_64-linux-gnu/libgcc_s.so.1
7f711e0ed000-7f711e0ee000 r--p 00018000 08:05 2622393                    /usr/lib/x86_64-linux-gnu/libgcc_s.so.1
7f711e0ee000-7f711e0ef000 rw-p 00019000 08:05 2622393                    /usr/lib/x86_64-linux-gnu/libgcc_s.so.1
7f711e0ef000-7f711e0fc000 r--p 00000000 08:05 2631998                    /usr/lib/x86_64-linux-gnu/libm-2.31.so
7f711e0fc000-7f711e1a3000 r-xp 0000d000 08:05 2631998                    /usr/lib/x86_64-linux-gnu/libm-2.31.so
7f711e1a3000-7f711e23c000 r--p 000b4000 08:05 2631998                    /usr/lib/x86_64-linux-gnu/libm-2.31.so
7f711e23c000-7f711e23d000 r--p 0014c000 08:05 2631998                    /usr/lib/x86_64-linux-gnu/libm-2.31.so
7f711e23d000-7f711e23e000 rw-p 0014d000 08:05 2631998                    /usr/lib/x86_64-linux-gnu/libm-2.31.so
7f711e23e000-7f711e2d4000 r--p 00000000 08:05 2626859                    /usr/lib/x86_64-linux-gnu/libstdc++.so.6.0.28
7f711e2d4000-7f711e3c5000 r-xp 00096000 08:05 2626859                    /usr/lib/x86_64-linux-gnu/libstdc++.so.6.0.28
7f711e3c5000-7f711e40e000 r--p 00187000 08:05 2626859                    /usr/lib/x86_64-linux-gnu/libstdc++.so.6.0.28
7f711e40e000-7f711e40f000 ---p 001d0000 08:05 2626859                    /usr/lib/x86_64-linux-gnu/libstdc++.so.6.0.28
7f711e40f000-7f711e41a000 r--p 001d0000 08:05 2626859                    /usr/lib/x86_64-linux-gnu/libstdc++.so.6.0.28
7f711e41a000-7f711e41d000 rw-p 001db000 08:05 2626859                    /usr/lib/x86_64-linux-gnu/libstdc++.so.6.0.28
7f711e41d000-7f711e420000 rw-p 00000000 00:00 0 
7f711e420000-7f711e6a2000 r--p 00000000 08:05 3017460                    /usr/lib/jvm/java-11-openjdk-amd64/lib/server/libjvm.so
7f711e6a2000-7f711f333000 r-xp 00282000 08:05 3017460                    /usr/lib/jvm/java-11-openjdk-amd64/lib/server/libjvm.so
7f711f333000-7f711f592000 r--p 00f13000 08:05 3017460                    /usr/lib/jvm/java-11-openjdk-amd64/lib/server/libjvm.so
7f711f592000-7f711f656000 r--p 01171000 08:05 3017460                    /usr/lib/jvm/java-11-openjdk-amd64/lib/server/libjvm.so
7f711f656000-7f711f691000 rw-p 01235000 08:05 3017460                    /usr/lib/jvm/java-11-openjdk-amd64/lib/server/libjvm.so
7f711f691000-7f711f6ea000 rw-p 00000000 00:00 0 
7f711f6ea000-7f711f70c000 r--p 00000000 08:05 2631994                    /usr/lib/x86_64-linux-gnu/libc-2.31.so
7f711f70c000-7f711f884000 r-xp 00022000 08:05 2631994                    /usr/lib/x86_64-linux-gnu/libc-2.31.so
7f711f884000-7f711f8d2000 r--p 0019a000 08:05 2631994                    /usr/lib/x86_64-linux-gnu/libc-2.31.so
7f711f8d2000-7f711f8d6000 r--p 001e7000 08:05 2631994                    /usr/lib/x86_64-linux-gnu/libc-2.31.so
7f711f8d6000-7f711f8d8000 rw-p 001eb000 08:05 2631994                    /usr/lib/x86_64-linux-gnu/libc-2.31.so
7f711f8d8000-7f711f8dc000 rw-p 00000000 00:00 0 
7f711f8dc000-7f711f8dd000 r--p 00000000 08:05 2631996                    /usr/lib/x86_64-linux-gnu/libdl-2.31.so
7f711f8dd000-7f711f8df000 r-xp 00001000 08:05 2631996                    /usr/lib/x86_64-linux-gnu/libdl-2.31.so
7f711f8df000-7f711f8e0000 r--p 00003000 08:05 2631996                    /usr/lib/x86_64-linux-gnu/libdl-2.31.so
7f711f8e0000-7f711f8e1000 r--p 00003000 08:05 2631996                    /usr/lib/x86_64-linux-gnu/libdl-2.31.so
7f711f8e1000-7f711f8e2000 rw-p 00004000 08:05 2631996                    /usr/lib/x86_64-linux-gnu/libdl-2.31.so
7f711f8e2000-7f711f8e5000 r--p 00000000 08:05 3017457                    /usr/lib/jvm/java-11-openjdk-amd64/lib/jli/libjli.so
7f711f8e5000-7f711f8ef000 r-xp 00003000 08:05 3017457                    /usr/lib/jvm/java-11-openjdk-amd64/lib/jli/libjli.so
7f711f8ef000-7f711f8f2000 r--p 0000d000 08:05 3017457                    /usr/lib/jvm/java-11-openjdk-amd64/lib/jli/libjli.so
7f711f8f2000-7f711f8f3000 ---p 00010000 08:05 3017457                    /usr/lib/jvm/java-11-openjdk-amd64/lib/jli/libjli.so
7f711f8f3000-7f711f8f4000 r--p 00010000 08:05 3017457                    /usr/lib/jvm/java-11-openjdk-amd64/lib/jli/libjli.so
7f711f8f4000-7f711f8f5000 rw-p 00011000 08:05 3017457                    /usr/lib/jvm/java-11-openjdk-amd64/lib/jli/libjli.so
7f711f8f5000-7f711f8fb000 r--p 00000000 08:05 2632036                    /usr/lib/x86_64-linux-gnu/libpthread-2.31.so
7f711f8fb000-7f711f90c000 r-xp 00006000 08:05 2632036                    /usr/lib/x86_64-linux-gnu/libpthread-2.31.so
7f711f90c000-7f711f912000 r--p 00017000 08:05 2632036                    /usr/lib/x86_64-linux-gnu/libpthread-2.31.so
7f711f912000-7f711f913000 r--p 0001c000 08:05 2632036                    /usr/lib/x86_64-linux-gnu/libpthread-2.31.so
7f711f913000-7f711f914000 rw-p 0001d000 08:05 2632036                    /usr/lib/x86_64-linux-gnu/libpthread-2.31.so
7f711f914000-7f711f918000 rw-p 00000000 00:00 0 
7f711f918000-7f711f91a000 r--p 00000000 08:05 2627188                    /usr/lib/x86_64-linux-gnu/libz.so.1.2.11
7f711f91a000-7f711f92b000 r-xp 00002000 08:05 2627188                    /usr/lib/x86_64-linux-gnu/libz.so.1.2.11
7f711f92b000-7f711f931000 r--p 00013000 08:05 2627188                    /usr/lib/x86_64-linux-gnu/libz.so.1.2.11
7f711f931000-7f711f932000 ---p 00019000 08:05 2627188                    /usr/lib/x86_64-linux-gnu/libz.so.1.2.11
7f711f932000-7f711f933000 r--p 00019000 08:05 2627188                    /usr/lib/x86_64-linux-gnu/libz.so.1.2.11
7f711f933000-7f711f934000 rw-p 0001a000 08:05 2627188                    /usr/lib/x86_64-linux-gnu/libz.so.1.2.11
7f711f934000-7f711f936000 r--p 00000000 08:05 2753588                    /usr/lib/jvm/java-11-openjdk-amd64/lib/libjimage.so
7f711f936000-7f711f939000 r-xp 00002000 08:05 2753588                    /usr/lib/jvm/java-11-openjdk-amd64/lib/libjimage.so
7f711f939000-7f711f93a000 r--p 00005000 08:05 2753588                    /usr/lib/jvm/java-11-openjdk-amd64/lib/libjimage.so
7f711f93a000-7f711f93b000 ---p 00006000 08:05 2753588                    /usr/lib/jvm/java-11-openjdk-amd64/lib/libjimage.so
7f711f93b000-7f711f93c000 r--p 00006000 08:05 2753588                    /usr/lib/jvm/java-11-openjdk-amd64/lib/libjimage.so
7f711f93c000-7f711f93d000 rw-p 00007000 08:05 2753588                    /usr/lib/jvm/java-11-openjdk-amd64/lib/libjimage.so
7f711f93d000-7f711f942000 r--p 00000000 08:05 2753622                    /usr/lib/jvm/java-11-openjdk-amd64/lib/libverify.so
7f711f942000-7f711f949000 r-xp 00005000 08:05 2753622                    /usr/lib/jvm/java-11-openjdk-amd64/lib/libverify.so
7f711f949000-7f711f94b000 r--p 0000c000 08:05 2753622                    /usr/lib/jvm/java-11-openjdk-amd64/lib/libverify.so
7f711f94b000-7f711f94c000 ---p 0000e000 08:05 2753622                    /usr/lib/jvm/java-11-openjdk-amd64/lib/libverify.so
7f711f94c000-7f711f94e000 r--p 0000e000 08:05 2753622                    /usr/lib/jvm/java-11-openjdk-amd64/lib/libverify.so
7f711f94e000-7f711f94f000 rw-p 00010000 08:05 2753622                    /usr/lib/jvm/java-11-openjdk-amd64/lib/libverify.so
7f711f94f000-7f711f951000 rw-p 00000000 00:00 0 
7f711f951000-7f711f952000 r--p 00000000 08:05 2623639                    /usr/lib/x86_64-linux-gnu/ld-2.31.so
7f711f952000-7f711f975000 r-xp 00001000 08:05 2623639                    /usr/lib/x86_64-linux-gnu/ld-2.31.so
7f711f975000-7f711f97d000 r--p 00024000 08:05 2623639                    /usr/lib/x86_64-linux-gnu/ld-2.31.so
7f711f97d000-7f711f97e000 rwxp 00000000 00:00 0 
7f711f97e000-7f711f97f000 r--p 0002c000 08:05 2623639                    /usr/lib/x86_64-linux-gnu/ld-2.31.so
7f711f97f000-7f711f980000 rw-p 0002d000 08:05 2623639                    /usr/lib/x86_64-linux-gnu/ld-2.31.so
7f711f980000-7f711f981000 rw-p 00000000 00:00 0 
7ffdbc105000-7ffdbc128000 rw-p 00000000 00:00 0                          [stack]
7ffdbc1d9000-7ffdbc1dd000 r--p 00000000 00:00 0                          [vvar]
7ffdbc1dd000-7ffdbc1df000 r-xp 00000000 00:00 0                          [vdso]
ffffffffff600000-ffffffffff601000 --xp 00000000 00:00 0                  [vsyscall]


VM Arguments:
jvm_args: -Dfile.encoding=UTF-8 -Duser.country=US -Duser.language=en -Duser.variant 
java_command: MainKt
java_class_path (initial): /home/santiago/Aarhus/ConfLiftingaaS/build/classes/java/main:/home/santiago/Aarhus/ConfLiftingaaS/build/classes/kotlin/main:/home/santiago/Aarhus/ConfLiftingaaS/build/resources/main:/home/santiago/.gradle/caches/modules-2/files-2.1/org.jetbrains.kotlinx/kotlinx-serialization-json-jvm/1.5.0/f2355f60f5c027da0326c8af2d9c724d39aa0ce9/kotlinx-serialization-json-jvm-1.5.0.jar:/home/santiago/.gradle/caches/modules-2/files-2.1/org.jetbrains.kotlinx/kotlinx-serialization-core-jvm/1.5.0/d701e8cccd443a7cc1a0bcac53432f2745dcdbda/kotlinx-serialization-core-jvm-1.5.0.jar:/home/santiago/.gradle/caches/modules-2/files-2.1/org.siani.javafmi/fmu-wrapper/2.26.3/56f94b5c0935c234802450545083855994612c41/fmu-wrapper-2.26.3.jar:/home/santiago/.gradle/caches/modules-2/files-2.1/org.jetbrains.kotlin/kotlin-stdlib-jdk8/1.8.10/7c002ac41f547a82e81dfebd2a20577a738dbf3f/kotlin-stdlib-jdk8-1.8.10.jar:/home/santiago/.gradle/caches/modules-2/files-2.1/org.apache.jena/jena-shacl/3.16.0/73224ac7a31181149fce1a85c4ad86a9e5d76c0d/jena-shacl-3.16.0.jar:/home/santiago/.gradle/caches/modules-2/files-2.1/org.apache.jena/jena-tdb/3.16.0/9cbf4b9d9ce058403f4977be0ceff0c6a6b755d/jena-tdb-3.16.0.jar:/home/santiago/.gradle/caches/modules-2/files-2.1/org.apache.jena/jena-rdfconnection/3.16.0/68e2a3f2c450ae4ce2652a3713dea95066bff25a/jena-rdfconnection-3.16.0.jar:/home/santiago/.gradle/caches/modules-2/files-2.1/org.apache.jena/jena-tdb2/3.16.0/1f014a32d88e4bb5ac4c5291703fafd5bd060a8c/jena-tdb2-3.16.0.jar:/home/santiago/.gradle/caches/modules-2/files-2.1/org.apache.jena/jena-dboe-storage/3.16.0/86876be46c78ee68172614c4bf3cd211b3815d33/jena-dboe-storage-3.16.0.jar:/home/santiago/.gradle/caches/modules-2/files-2.1/org.apache.jena/jena-dboe-trans-data/3.16.0/2df0c144ef7f420d45a984c753a7078b70618a94/jena-dboe-trans-data-3.16.0.jar:/home/santiago/.gradle/caches/modules-2/files-2.1/org.apache.jena/jena-dboe-transaction/3.16.0/668a904ec5532ff837e8a9b67460797f2654f077/jena-dboe-transaction-3.16.
Launcher Type: SUN_STANDARD

[Global flags]
     intx CICompilerCount                          = 2                                         {product} {ergonomic}
     uint ConcGCThreads                            = 1                                         {product} {ergonomic}
     uint G1ConcRefinementThreads                  = 2                                         {product} {ergonomic}
   size_t G1HeapRegionSize                         = 1048576                                   {product} {ergonomic}
    uintx GCDrainStackTargetSize                   = 64                                        {product} {ergonomic}
   size_t InitialHeapSize                          = 96468992                                  {product} {ergonomic}
   size_t MarkStackSize                            = 4194304                                   {product} {ergonomic}
   size_t MaxHeapSize                              = 1537212416                                {product} {ergonomic}
   size_t MaxNewSize                               = 921698304                                 {product} {ergonomic}
   size_t MinHeapDeltaBytes                        = 1048576                                   {product} {ergonomic}
    uintx NonNMethodCodeHeapSize                   = 5825164                                {pd product} {ergonomic}
    uintx NonProfiledCodeHeapSize                  = 122916538                              {pd product} {ergonomic}
    uintx ProfiledCodeHeapSize                     = 122916538                              {pd product} {ergonomic}
    uintx ReservedCodeCacheSize                    = 251658240                              {pd product} {ergonomic}
     bool SegmentedCodeCache                       = true                                      {product} {ergonomic}
     bool UseCompressedClassPointers               = true                                 {lp64_product} {ergonomic}
     bool UseCompressedOops                        = true                                 {lp64_product} {ergonomic}
     bool UseG1GC                                  = true                                      {product} {ergonomic}

Logging:
Log output configuration:
 #0: stdout all=warning uptime,level,tags
 #1: stderr all=off uptime,level,tags

Environment Variables:
JAVA_HOME=/usr/lib/jvm/java-11-openjdk-amd64
PATH=/home/santiago/apache-maven-3.9.4/bin:/usr/lib/jvm/java-11-openjdk-amd64:/usr/lib/jvm/java-11-openjdk-amd64/bin:/home/santiago/node-js/bin:/home/santiago/node-js:/home/santiago/uppaal64-4.1.25-5:/home/santiago/uppaal64-4.1.25-5/bin-Linux:/home/santiago/apache-maven-3.9.4/bin:/usr/lib/jvm/java-17-openjdk-amd64:/usr/lib/jvm/java-17-openjdk-amd64/bin:/home/santiago/node-js/bin:/home/santiago/node-js:/home/santiago/uppaal64-4.1.25-5:/home/santiago/uppaal64-4.1.25-5/bin-Linux:/home/santiago/.sdkman/candidates/kotlin/current/bin:/home/santiago/.sdkman/candidates/gradle/current/bin:/home/santiago/apache-maven-3.9.4/bin:/usr/lib/jvm/java-11-openjdk-amd64/bin:/home/santiago/node-js/bin:/home/santiago/node-js:/home/santiago/uppaal64-4.1.25-5:/home/santiago/uppaal64-4.1.25-5/bin-Linux:/home/santiago/.local/bin:/usr/local/sbin:/usr/local/bin:/usr/sbin:/usr/bin:/sbin:/bin:/usr/games:/usr/local/games:/snap/bin
USERNAME=santiago
SHELL=/bin/bash
DISPLAY=:0
LANG=en_US.UTF-8
TERM=xterm-256color

Signal Handlers:
SIGSEGV: [libjvm.so+0xea02e0], sa_mask[0]=11111111011111111101111111111110, sa_flags=SA_RESTART|SA_SIGINFO
SIGBUS: [libjvm.so+0xea02e0], sa_mask[0]=11111111011111111101111111111110, sa_flags=SA_RESTART|SA_SIGINFO
SIGFPE: [libjvm.so+0xea02e0], sa_mask[0]=11111111011111111101111111111110, sa_flags=SA_RESTART|SA_SIGINFO
SIGPIPE: [libjvm.so+0xbe5be0], sa_mask[0]=11111111011111111101111111111110, sa_flags=SA_RESTART|SA_SIGINFO
SIGXFSZ: [libjvm.so+0xbe5be0], sa_mask[0]=11111111011111111101111111111110, sa_flags=SA_RESTART|SA_SIGINFO
SIGILL: [libjvm.so+0xea02e0], sa_mask[0]=11111111011111111101111111111110, sa_flags=SA_RESTART|SA_SIGINFO
SIGUSR2: [libjvm.so+0xbe5a80], sa_mask[0]=00100000000000000000000000000000, sa_flags=SA_RESTART|SA_SIGINFO
SIGHUP: [libjvm.so+0xbe6130], sa_mask[0]=11111111011111111101111111111110, sa_flags=SA_RESTART|SA_SIGINFO
SIGINT: [libjvm.so+0xbe6130], sa_mask[0]=11111111011111111101111111111110, sa_flags=SA_RESTART|SA_SIGINFO
SIGTERM: [libjvm.so+0xbe6130], sa_mask[0]=11111111011111111101111111111110, sa_flags=SA_RESTART|SA_SIGINFO
SIGQUIT: [libjvm.so+0xbe6130], sa_mask[0]=11111111011111111101111111111110, sa_flags=SA_RESTART|SA_SIGINFO


---------------  S Y S T E M  ---------------

OS:DISTRIB_ID=Ubuntu
DISTRIB_RELEASE=20.04
DISTRIB_CODENAME=focal
DISTRIB_DESCRIPTION="Ubuntu 20.04.6 LTS"
uname:Linux 5.15.0-78-generic #85~20.04.1-Ubuntu SMP Mon Jul 17 09:42:39 UTC 2023 x86_64
OS uptime: 0 days 1:28 hours
libc:glibc 2.31 NPTL 2.31 
rlimit (soft/hard): STACK 8192k/infinity , CORE 0k/infinity , NPROC 23121/23121 , NOFILE 1048576/1048576 , AS infinity/infinity , CPU infinity/infinity , DATA infinity/infinity , FSIZE infinity/infinity , MEMLOCK 65536k/65536k
load average:1.61 1.14 0.90

/proc/meminfo:
MemTotal:        6004560 kB
MemFree:          124140 kB
MemAvailable:     712632 kB
Buffers:           18896 kB
Cached:           734940 kB
SwapCached:        55780 kB
Active:          1078092 kB
Inactive:        3748892 kB
Active(anon):     730784 kB
Inactive(anon):  3370612 kB
Active(file):     347308 kB
Inactive(file):   378280 kB
Unevictable:       13500 kB
Mlocked:           13500 kB
SwapTotal:       2097148 kB
SwapFree:           1124 kB
Dirty:               128 kB
Writeback:            88 kB
AnonPages:       4031068 kB
Mapped:           319352 kB
Shmem:             20020 kB
KReclaimable:     150884 kB
Slab:             325340 kB
SReclaimable:     150884 kB
SUnreclaim:       174456 kB
KernelStack:       22960 kB
PageTables:        42040 kB
NFS_Unstable:          0 kB
Bounce:                0 kB
WritebackTmp:          0 kB
CommitLimit:     5099428 kB
Committed_AS:   13940616 kB
VmallocTotal:   34359738367 kB
VmallocUsed:       90152 kB
VmallocChunk:          0 kB
Percpu:           181248 kB
HardwareCorrupted:     0 kB
AnonHugePages:      2048 kB
ShmemHugePages:        0 kB
ShmemPmdMapped:        0 kB
FileHugePages:         0 kB
FilePmdMapped:         0 kB
HugePages_Total:       0
HugePages_Free:        0
HugePages_Rsvd:        0
HugePages_Surp:        0
Hugepagesize:       2048 kB
Hugetlb:               0 kB
DirectMap4k:      548672 kB
DirectMap2M:     5718016 kB
DirectMap1G:           0 kB

/sys/kernel/mm/transparent_hugepage/enabled:
always [madvise] never
/sys/kernel/mm/transparent_hugepage/defrag (defrag/compaction efforts parameter):
always defer defer+madvise [madvise] never

Process Memory:
Virtual Size: 4101084K (peak: 12903016K)
Resident Set Size: 125028K (peak: 125028K) (anon: 89940K, file: 35088K, shmem: 0K)
Swapped out: 0K
C-Heap outstanding allocations: 21521K, retained: 7026K
glibc malloc tunables: (default)

/proc/sys/kernel/threads-max (system-wide limit on the number of threads):
46242
/proc/sys/vm/max_map_count (maximum number of memory map areas a process may have):
65530
/proc/sys/kernel/pid_max (system-wide limit on number of process identifiers):
4194304

container (cgroup) information:
container_type: cgroupv1
cpu_cpuset_cpus: 0-1
cpu_memory_nodes: 0
active_processor_count: 2
cpu_quota: no quota
cpu_period: 100000
cpu_shares: no shares
memory_limit_in_bytes: unlimited
memory_and_swap_limit_in_bytes: unlimited
memory_soft_limit_in_bytes: unlimited
memory_usage_in_bytes: 4483680 k
memory_max_usage_in_bytes: 4493984 k
kernel_memory_usage_in_bytes: 99376 k
kernel_memory_max_usage_in_bytes: unlimited
kernel_memory_limit_in_bytes: 99376 k
maximum number of tasks: unlimited
current number of tasks: 702

VMWare virtualization detected
Steal ticks since vm start: 0
Steal ticks percentage since vm start:  0.000

CPU:total 2 (initial active 2) (1 cores per cpu, 1 threads per core) family 6 model 140 stepping 1 microcode 0x8a, cmov, cx8, fxsr, mmx, sse, sse2, sse3, ssse3, sse4.1, sse4.2, popcnt, avx, avx2, aes, clmul, erms, 3dnowpref, lzcnt, tsc, tscinvbit, bmi1, bmi2, adx, evex, sha, fma
CPU Model and flags from /proc/cpuinfo:
model name	: 11th Gen Intel(R) Core(TM) i5-1135G7 @ 2.40GHz
flags		: fpu vme de pse tsc msr pae mce cx8 apic sep mtrr pge mca cmov pat pse36 clflush mmx fxsr sse sse2 ss syscall nx pdpe1gb rdtscp lm constant_tsc arch_perfmon rep_good nopl xtopology tsc_reliable nonstop_tsc cpuid tsc_known_freq pni pclmulqdq ssse3 fma cx16 pcid sse4_1 sse4_2 x2apic movbe popcnt tsc_deadline_timer aes xsave avx f16c rdrand hypervisor lahf_lm abm 3dnowprefetch cpuid_fault invpcid_single ssbd ibrs ibpb stibp ibrs_enhanced fsgsbase tsc_adjust bmi1 avx2 smep bmi2 erms invpcid avx512f avx512dq rdseed adx smap avx512ifma clflushopt clwb avx512cd sha_ni avx512bw avx512vl xsaveopt xsavec xgetbv1 xsaves arat avx512vbmi umip pku ospke avx512_vbmi2 gfni vaes vpclmulqdq avx512_vnni avx512_bitalg avx512_vpopcntdq rdpid movdiri movdir64b fsrm avx512_vp2intersect md_clear flush_l1d arch_capabilities
Online cpus:
0-1
Offline cpus:
2-127
BIOS frequency limitation:
<Not Available>
Frequency switch latency (ns):
<Not Available>
Available cpu frequencies:
<Not Available>
Current governor:
<Not Available>
Core performance/turbo boost:
<Not Available>

Memory: 4k page, physical 6004560k(124140k free), swap 2097148k(1144k free)

vm_info: OpenJDK 64-Bit Server VM (11.0.20+8-post-Ubuntu-1ubuntu120.04) for linux-amd64 JRE (11.0.20+8-post-Ubuntu-1ubuntu120.04), built on Jul 20 2023 03:22:26 by "unknown" with gcc 9.4.0

END.
