2024-04-26T00:09:30,502 INFO  - logAll OK rabbitmq 'command_move_kuka command_move_kuka 28 0 1'
2024-04-26T00:09:30,503 INFO  - logAll OK rabbitmq 'command_move_ur5e command_move_ur5e 27 0 1'
2024-04-26T00:09:30,504 INFO  - logAll OK rabbitmq 'config.communicationtimeout config.communicationtimeout 5 60 1'
2024-04-26T00:09:30,504 INFO  - logAll OK rabbitmq 'config.exchangename config.exchangename 9 fmi_digital_twin 1'
2024-04-26T00:09:30,504 INFO  - logAll OK rabbitmq 'config.exchangetype config.exchangetype 10 direct 1'
2024-04-26T00:09:30,504 INFO  - logAll OK rabbitmq 'config.healthdata.exchangename config.healthdata.exchangename 11 fmi_digital_twin_sh 1'
2024-04-26T00:09:30,504 INFO  - logAll OK rabbitmq 'config.healthdata.exchangetype config.healthdata.exchangetype 12 direct 1'
2024-04-26T00:09:30,504 INFO  - logAll OK rabbitmq 'config.hostname config.hostname 0 localhost 1'
2024-04-26T00:09:30,504 INFO  - logAll OK rabbitmq 'config.lookahead config.lookahead 8 1 1'
2024-04-26T00:09:30,505 INFO  - logAll OK rabbitmq 'config.maxage config.maxage 7 1000 1'
2024-04-26T00:09:30,512 INFO  - logAll OK rabbitmq 'config.password config.password 3 guest 1'
2024-04-26T00:09:30,512 INFO  - logAll OK rabbitmq 'config.port config.port 1 5672 1'
2024-04-26T00:09:30,513 INFO  - logAll OK rabbitmq 'config.precision config.precision 6 10 1'
2024-04-26T00:09:30,513 INFO  - logAll OK rabbitmq 'config.queueupperbound config.queueupperbound 17 100 1'
2024-04-26T00:09:30,513 INFO  - logAll OK rabbitmq 'config.routingkey config.routingkey 4 data.to_cosim 1'
2024-04-26T00:09:30,515 INFO  - logAll OK rabbitmq 'config.routingkey.from_cosim config.routingkey.from_cosim 13 data.from_cosim 1'
2024-04-26T00:09:30,516 INFO  - logAll OK rabbitmq 'config.ssl config.ssl 16 0 1'
2024-04-26T00:09:30,517 INFO  - logAll OK rabbitmq 'config.username config.username 2 guest 1'
2024-04-26T00:09:30,517 INFO  - logAll OK rabbitmq 'motion_time_kuka motion_time_kuka 30 0.000000 1'
2024-04-26T00:09:30,519 INFO  - logAll OK rabbitmq 'motion_time_ur5e motion_time_ur5e 29 0.000000 1'
2024-04-26T00:09:30,519 INFO  - logAll OK rabbitmq 'target_X_kuka target_X_kuka 24 0 1'
2024-04-26T00:09:30,520 INFO  - logAll OK rabbitmq 'target_X_ur5e target_X_ur5e 21 0 1'
2024-04-26T00:09:30,520 INFO  - logAll OK rabbitmq 'target_Y_kuka target_Y_kuka 25 0 1'
2024-04-26T00:09:30,521 INFO  - logAll OK rabbitmq 'target_Y_ur5e target_Y_ur5e 22 0 1'
2024-04-26T00:09:30,521 INFO  - logAll OK rabbitmq 'target_Z_kuka target_Z_kuka 26 0 1'
2024-04-26T00:09:30,522 INFO  - logAll OK rabbitmq 'target_Z_ur5e target_Z_ur5e 23 0 1'
2024-04-26T00:09:30,533 INFO  - logAll OK rabbitmq Using Tool:  'RabbitMQ digital twin generator'
2024-04-26T00:09:30,540 WARN  - logWarn Warning rabbitmq The seqno output is NOT present with. 
2024-04-26T00:09:30,541 WARN  - logWarn Warning rabbitmq The enable send input is NOT present with. 
2024-04-26T00:09:30,565 INFO  - logAll OK rabbitmq Setting string ref 0 = localhost
2024-04-26T00:09:30,566 INFO  - logAll OK rabbitmq Setting integer ref 1 = 5672
2024-04-26T00:09:30,566 INFO  - logAll OK rabbitmq Setting string ref 2 = guest
2024-04-26T00:09:30,567 INFO  - logAll OK rabbitmq Setting string ref 3 = guest
2024-04-26T00:09:30,568 INFO  - logAll OK rabbitmq Setting string ref 4 = data.to_cosim
2024-04-26T00:09:30,569 INFO  - logAll OK rabbitmq Setting integer ref 5 = 60
2024-04-26T00:09:30,569 INFO  - logAll OK rabbitmq Setting integer ref 6 = 10
2024-04-26T00:09:30,569 INFO  - logAll OK rabbitmq Setting integer ref 7 = 1000
2024-04-26T00:09:30,570 INFO  - logAll OK rabbitmq Setting integer ref 8 = 1
2024-04-26T00:09:30,570 INFO  - logAll OK rabbitmq Setting string ref 9 = fmi_digital_twin
2024-04-26T00:09:30,570 INFO  - logAll OK rabbitmq Setting string ref 10 = direct
2024-04-26T00:09:30,571 INFO  - logAll OK rabbitmq Setting string ref 11 = fmi_digital_twin_sh
2024-04-26T00:09:30,571 INFO  - logAll OK rabbitmq Setting string ref 12 = direct
2024-04-26T00:09:30,571 INFO  - logAll OK rabbitmq Setting string ref 13 = data.from_cosim
2024-04-26T00:09:30,572 INFO  - logAll OK rabbitmq Setting boolean ref 16 = 0
2024-04-26T00:09:30,572 INFO  - logAll OK rabbitmq Setting integer ref 17 = 100
2024-04-26T00:09:30,573 INFO  - logAll OK rabbitmq Preparing initialization. Looking Up configuration parameters
2024-04-26T00:09:30,574 INFO  - logAll OK rabbitmq Preparing initialization. Hostname='localhost', Port='5672', Username='guest', routingkey='data.to_cosim', communication timeout 60 s, precision 10000000000 (10), SSL 0
2024-04-26T00:09:30,655 INFO  - logAll OK rabbitmq Sending RabbitMQ ready message
2024-04-26T00:09:30,670 INFO  - logOk OK rabbitmq Got data '2024-04-26 00:09:30.666', '{"time": "2024-04-26T00:09:30.666+02:00", "target_X_ur5e": 6, "target_Y_ur5e": 16, "target_Z_ur5e": 1, "target_X_kuka": 8, "target_Y_kuka": 11, "target_Z_kuka": 2, "command_move_ur5e": true, "command_move_kuka": true, "motion_time_ur5e": 1.0, "motion_time_kuka": 1.0}'
2024-04-26T00:09:30,671 INFO  - logOk OK rabbitmq Initialization OK
2024-04-26T00:09:30,673 INFO  - logAll OK rabbitmq Initialization completed with: Hostname='localhost', Port='5672', Username='guest', routingkey='data.to_cosim', starttimestamp='2024-04-26 00:09:30.666', communication timeout 60 s
2024-04-26T00:09:30,871 INFO  - logOk OK rabbitmq Got data '2024-04-26 00:09:30.868', '{"time": "2024-04-26T00:09:30.868+02:00", "target_X_ur5e": 6, "target_Y_ur5e": 16, "target_Z_ur5e": 1, "target_X_kuka": 8, "target_Y_kuka": 11, "target_Z_kuka": 2, "command_move_ur5e": true, "command_move_kuka": true, "motion_time_ur5e": 1.0, "motion_time_kuka": 1.0}', '1714082970870954866'
2024-04-26T00:09:31,072 INFO  - logOk OK rabbitmq Got data '2024-04-26 00:09:31.070', '{"time": "2024-04-26T00:09:31.070+02:00", "target_X_ur5e": 6, "target_Y_ur5e": 16, "target_Z_ur5e": 1, "target_X_kuka": 8, "target_Y_kuka": 11, "target_Z_kuka": 2, "command_move_ur5e": true, "command_move_kuka": true, "motion_time_ur5e": 1.0, "motion_time_kuka": 1.0}', '1714082971072092368'
2024-04-26T00:09:31,091 INFO  - logAll OK rabbitmq ************ Enter FmuContainer::step ***************
2024-04-26T00:09:31,092 INFO  - logAll OK rabbitmq Step time 0.200000 s converted time 200.000000 ms
2024-04-26T00:09:31,092 INFO  - logAll OK rabbitmq Sending to rabbitmq: COSIM TIME: {"simAtTime":"2024-04-25T22:09:31.092+00:00"}
2024-04-26T00:09:31,092 INFO  - logAll OK rabbitmq Send enabled on this step, for message 
2024-04-26T00:09:31,093 INFO  - logAll OK rabbitmq Step reached target time 200 [ms]
2024-04-26T00:09:31,093 INFO  - logAll OK rabbitmq ************ Exit 1 FmuContainer::step ***************
2024-04-26T00:09:31,232 INFO  - logAll OK rabbitmq ************ Enter FmuContainer::step ***************
2024-04-26T00:09:31,232 INFO  - logAll OK rabbitmq Step time 0.400000 s converted time 400.000000 ms
2024-04-26T00:09:31,232 INFO  - logAll OK rabbitmq Sending to rabbitmq: COSIM TIME: {"simAtTime":"2024-04-25T22:09:31.232+00:00"}
2024-04-26T00:09:31,232 INFO  - logAll OK rabbitmq Send enabled on this step, for message 
2024-04-26T00:09:31,233 INFO  - logAll OK rabbitmq Step reached target time 400 [ms]
2024-04-26T00:09:31,233 INFO  - logAll OK rabbitmq ************ Exit 1 FmuContainer::step ***************
2024-04-26T00:09:31,273 INFO  - logOk OK rabbitmq Got data '2024-04-26 00:09:31.271', '{"time": "2024-04-26T00:09:31.271+02:00", "target_X_ur5e": 6, "target_Y_ur5e": 16, "target_Z_ur5e": 1, "target_X_kuka": 8, "target_Y_kuka": 11, "target_Z_kuka": 2, "command_move_ur5e": true, "command_move_kuka": true, "motion_time_ur5e": 1.0, "motion_time_kuka": 1.0}', '1714082971272960418'
2024-04-26T00:09:31,369 INFO  - logAll OK rabbitmq ************ Enter FmuContainer::step ***************
2024-04-26T00:09:31,369 INFO  - logAll OK rabbitmq Step time 0.600000 s converted time 600.000000 ms
2024-04-26T00:09:31,369 INFO  - logAll OK rabbitmq Sending to rabbitmq: COSIM TIME: {"simAtTime":"2024-04-25T22:09:31.369+00:00"}
2024-04-26T00:09:31,370 INFO  - logAll OK rabbitmq Send enabled on this step, for message 
2024-04-26T00:09:31,370 INFO  - logAll OK rabbitmq Step reached target time 600 [ms]
2024-04-26T00:09:31,370 INFO  - logAll OK rabbitmq ************ Exit 1 FmuContainer::step ***************
2024-04-26T00:09:31,475 INFO  - logOk OK rabbitmq Got data '2024-04-26 00:09:31.473', '{"time": "2024-04-26T00:09:31.473+02:00", "target_X_ur5e": 6, "target_Y_ur5e": 16, "target_Z_ur5e": 1, "target_X_kuka": 8, "target_Y_kuka": 11, "target_Z_kuka": 2, "command_move_ur5e": true, "command_move_kuka": true, "motion_time_ur5e": 1.0, "motion_time_kuka": 1.0}', '1714082971474837628'
2024-04-26T00:09:31,508 INFO  - logAll OK rabbitmq ************ Enter FmuContainer::step ***************
2024-04-26T00:09:31,509 INFO  - logAll OK rabbitmq Step time 0.800000 s converted time 800.000000 ms
2024-04-26T00:09:31,509 INFO  - logAll OK rabbitmq Sending to rabbitmq: COSIM TIME: {"simAtTime":"2024-04-25T22:09:31.509+00:00"}
2024-04-26T00:09:31,509 INFO  - logAll OK rabbitmq Send enabled on this step, for message 
2024-04-26T00:09:31,510 INFO  - logAll OK rabbitmq Step reached target time 800 [ms]
2024-04-26T00:09:31,511 INFO  - logAll OK rabbitmq ************ Exit 1 FmuContainer::step ***************
2024-04-26T00:09:31,670 INFO  - logAll OK rabbitmq ************ Enter FmuContainer::step ***************
2024-04-26T00:09:31,670 INFO  - logAll OK rabbitmq Step time 1.000000 s converted time 1000.000000 ms
2024-04-26T00:09:31,670 INFO  - logAll OK rabbitmq Sending to rabbitmq: COSIM TIME: {"simAtTime":"2024-04-25T22:09:31.670+00:00"}
2024-04-26T00:09:31,671 INFO  - logAll OK rabbitmq Send enabled on this step, for message 
2024-04-26T00:09:31,671 INFO  - logAll OK rabbitmq Step reached target time 1000 [ms]
2024-04-26T00:09:31,671 INFO  - logAll OK rabbitmq ************ Exit 1 FmuContainer::step ***************
2024-04-26T00:09:31,678 INFO  - logOk OK rabbitmq Got data '2024-04-26 00:09:31.674', '{"time": "2024-04-26T00:09:31.674+02:00", "target_X_ur5e": 6, "target_Y_ur5e": 16, "target_Z_ur5e": 1, "target_X_kuka": 8, "target_Y_kuka": 11, "target_Z_kuka": 2, "command_move_ur5e": true, "command_move_kuka": true, "motion_time_ur5e": 1.0, "motion_time_kuka": 1.0}', '1714082971677727486'
2024-04-26T00:09:31,688 INFO  - logAll OK rabbitmq ************ Enter FmuContainer::step ***************
2024-04-26T00:09:31,689 INFO  - logAll OK rabbitmq Step time 1.200000 s converted time 1200.000000 ms
2024-04-26T00:09:31,689 INFO  - logAll OK rabbitmq Sending to rabbitmq: COSIM TIME: {"simAtTime":"2024-04-25T22:09:31.689+00:00"}
2024-04-26T00:09:31,689 INFO  - logAll OK rabbitmq Send enabled on this step, for message 
2024-04-26T00:09:31,689 INFO  - logAll OK rabbitmq Step reached target time 1200 [ms]
2024-04-26T00:09:31,690 INFO  - logAll OK rabbitmq ************ Exit 1 FmuContainer::step ***************
2024-04-26T00:09:31,704 INFO  - logAll OK rabbitmq ************ Enter FmuContainer::step ***************
2024-04-26T00:09:31,704 INFO  - logAll OK rabbitmq Step time 1.400000 s converted time 1400.000000 ms
2024-04-26T00:09:31,704 INFO  - logAll OK rabbitmq Sending to rabbitmq: COSIM TIME: {"simAtTime":"2024-04-25T22:09:31.704+00:00"}
2024-04-26T00:09:31,704 INFO  - logAll OK rabbitmq Send enabled on this step, for message 
2024-04-26T00:09:31,705 INFO  - logAll OK rabbitmq Step reached target time 1400 [ms]
2024-04-26T00:09:31,705 INFO  - logAll OK rabbitmq ************ Exit 1 FmuContainer::step ***************
2024-04-26T00:09:31,723 INFO  - logAll OK rabbitmq ************ Enter FmuContainer::step ***************
2024-04-26T00:09:31,724 INFO  - logAll OK rabbitmq Step time 1.600000 s converted time 1600.000000 ms
2024-04-26T00:09:31,726 INFO  - logAll OK rabbitmq Sending to rabbitmq: COSIM TIME: {"simAtTime":"2024-04-25T22:09:31.724+00:00"}
2024-04-26T00:09:31,731 INFO  - logAll OK rabbitmq Send enabled on this step, for message 
2024-04-26T00:09:31,735 INFO  - logAll OK rabbitmq Step reached target time 1600 [ms]
2024-04-26T00:09:31,736 INFO  - logAll OK rabbitmq ************ Exit 1 FmuContainer::step ***************
2024-04-26T00:09:31,756 INFO  - logAll OK rabbitmq ************ Enter FmuContainer::step ***************
2024-04-26T00:09:31,757 INFO  - logAll OK rabbitmq Step time 1.800000 s converted time 1800.000000 ms
2024-04-26T00:09:31,758 INFO  - logAll OK rabbitmq Sending to rabbitmq: COSIM TIME: {"simAtTime":"2024-04-25T22:09:31.757+00:00"}
2024-04-26T00:09:31,762 INFO  - logAll OK rabbitmq Send enabled on this step, for message 
2024-04-26T00:09:31,763 INFO  - logAll OK rabbitmq Step reached target time 1800 [ms]
2024-04-26T00:09:31,764 INFO  - logAll OK rabbitmq ************ Exit 1 FmuContainer::step ***************
2024-04-26T00:09:31,780 INFO  - logAll OK rabbitmq ************ Enter FmuContainer::step ***************
2024-04-26T00:09:31,780 INFO  - logAll OK rabbitmq Step time 2.000000 s converted time 2000.000000 ms
2024-04-26T00:09:31,781 INFO  - logAll OK rabbitmq Sending to rabbitmq: COSIM TIME: {"simAtTime":"2024-04-25T22:09:31.780+00:00"}
2024-04-26T00:09:31,781 INFO  - logAll OK rabbitmq Send enabled on this step, for message 
2024-04-26T00:09:31,782 INFO  - logAll OK rabbitmq Step reached target time 2000 [ms]
2024-04-26T00:09:31,782 INFO  - logAll OK rabbitmq ************ Exit 1 FmuContainer::step ***************
2024-04-26T00:09:31,806 INFO  - logAll OK rabbitmq ************ Enter FmuContainer::step ***************
2024-04-26T00:09:31,807 INFO  - logAll OK rabbitmq Step time 2.200000 s converted time 2200.000000 ms
2024-04-26T00:09:31,807 INFO  - logAll OK rabbitmq Sending to rabbitmq: COSIM TIME: {"simAtTime":"2024-04-25T22:09:31.807+00:00"}
2024-04-26T00:09:31,808 INFO  - logAll OK rabbitmq Send enabled on this step, for message 
2024-04-26T00:09:31,880 INFO  - logOk OK rabbitmq Got data '2024-04-26 00:09:31.877', '{"time": "2024-04-26T00:09:31.877+02:00", "target_X_ur5e": 6, "target_Y_ur5e": 16, "target_Z_ur5e": 1, "target_X_kuka": 8, "target_Y_kuka": 11, "target_Z_kuka": 2, "command_move_ur5e": true, "command_move_kuka": true, "motion_time_ur5e": 1.0, "motion_time_kuka": 1.0}', '1714082971879550713'
2024-04-26T00:09:31,881 INFO  - logAll OK rabbitmq Step reached target time 2200 [ms]
2024-04-26T00:09:31,881 INFO  - logAll OK rabbitmq ************ Exit 2 FmuContainer::step ***************
2024-04-26T00:09:31,897 INFO  - logAll OK rabbitmq ************ Enter FmuContainer::step ***************
2024-04-26T00:09:31,897 INFO  - logAll OK rabbitmq Step time 2.400000 s converted time 2400.000000 ms
2024-04-26T00:09:31,898 INFO  - logAll OK rabbitmq Sending to rabbitmq: COSIM TIME: {"simAtTime":"2024-04-25T22:09:31.897+00:00"}
2024-04-26T00:09:31,898 INFO  - logAll OK rabbitmq Send enabled on this step, for message 
2024-04-26T00:09:32,083 INFO  - logOk OK rabbitmq Got data '2024-04-26 00:09:32.079', '{"time": "2024-04-26T00:09:32.079+02:00", "target_X_ur5e": 6, "target_Y_ur5e": 16, "target_Z_ur5e": 1, "target_X_kuka": 8, "target_Y_kuka": 11, "target_Z_kuka": 2, "command_move_ur5e": true, "command_move_kuka": true, "motion_time_ur5e": 1.0, "motion_time_kuka": 1.0}', '1714082972082074897'
2024-04-26T00:09:32,084 INFO  - logAll OK rabbitmq Step reached target time 2400 [ms]
2024-04-26T00:09:32,084 INFO  - logAll OK rabbitmq ************ Exit 2 FmuContainer::step ***************
2024-04-26T00:09:32,101 INFO  - logAll OK rabbitmq ************ Enter FmuContainer::step ***************
2024-04-26T00:09:32,101 INFO  - logAll OK rabbitmq Step time 2.600000 s converted time 2600.000000 ms
2024-04-26T00:09:32,102 INFO  - logAll OK rabbitmq Sending to rabbitmq: COSIM TIME: {"simAtTime":"2024-04-25T22:09:32.101+00:00"}
2024-04-26T00:09:32,102 INFO  - logAll OK rabbitmq Send enabled on this step, for message 
2024-04-26T00:09:32,286 INFO  - logOk OK rabbitmq Got data '2024-04-26 00:09:32.282', '{"time": "2024-04-26T00:09:32.282+02:00", "target_X_ur5e": 6, "target_Y_ur5e": 16, "target_Z_ur5e": 1, "target_X_kuka": 8, "target_Y_kuka": 11, "target_Z_kuka": 2, "command_move_ur5e": true, "command_move_kuka": true, "motion_time_ur5e": 1.0, "motion_time_kuka": 1.0}', '1714082972285124042'
2024-04-26T00:09:32,286 INFO  - logAll OK rabbitmq Step reached target time 2600 [ms]
2024-04-26T00:09:32,287 INFO  - logAll OK rabbitmq ************ Exit 2 FmuContainer::step ***************
2024-04-26T00:09:32,300 INFO  - logAll OK rabbitmq ************ Enter FmuContainer::step ***************
2024-04-26T00:09:32,301 INFO  - logAll OK rabbitmq Step time 2.800000 s converted time 2800.000000 ms
2024-04-26T00:09:32,309 INFO  - logAll OK rabbitmq Sending to rabbitmq: COSIM TIME: {"simAtTime":"2024-04-25T22:09:32.301+00:00"}
2024-04-26T00:09:32,310 INFO  - logAll OK rabbitmq Send enabled on this step, for message 
2024-04-26T00:09:32,489 INFO  - logOk OK rabbitmq Got data '2024-04-26 00:09:32.485', '{"time": "2024-04-26T00:09:32.485+02:00", "target_X_ur5e": 6, "target_Y_ur5e": 16, "target_Z_ur5e": 1, "target_X_kuka": 8, "target_Y_kuka": 11, "target_Z_kuka": 2, "command_move_ur5e": true, "command_move_kuka": true, "motion_time_ur5e": 1.0, "motion_time_kuka": 1.0}', '1714082972488301110'
2024-04-26T00:09:32,490 INFO  - logAll OK rabbitmq Step reached target time 2800 [ms]
2024-04-26T00:09:32,491 INFO  - logAll OK rabbitmq ************ Exit 2 FmuContainer::step ***************
2024-04-26T00:09:32,509 INFO  - logAll OK rabbitmq ************ Enter FmuContainer::step ***************
2024-04-26T00:09:32,509 INFO  - logAll OK rabbitmq Step time 3.000000 s converted time 3000.000000 ms
2024-04-26T00:09:32,510 INFO  - logAll OK rabbitmq Sending to rabbitmq: COSIM TIME: {"simAtTime":"2024-04-25T22:09:32.509+00:00"}
2024-04-26T00:09:32,510 INFO  - logAll OK rabbitmq Send enabled on this step, for message 
2024-04-26T00:09:32,692 INFO  - logOk OK rabbitmq Got data '2024-04-26 00:09:32.688', '{"time": "2024-04-26T00:09:32.688+02:00", "target_X_ur5e": 6, "target_Y_ur5e": 16, "target_Z_ur5e": 1, "target_X_kuka": 8, "target_Y_kuka": 11, "target_Z_kuka": 2, "command_move_ur5e": true, "command_move_kuka": true, "motion_time_ur5e": 1.0, "motion_time_kuka": 1.0}', '1714082972691167003'
2024-04-26T00:09:32,694 INFO  - logAll OK rabbitmq Step reached target time 3000 [ms]
2024-04-26T00:09:32,694 INFO  - logAll OK rabbitmq ************ Exit 2 FmuContainer::step ***************
2024-04-26T00:09:32,711 INFO  - logAll OK rabbitmq ************ Enter FmuContainer::step ***************
2024-04-26T00:09:32,711 INFO  - logAll OK rabbitmq Step time 3.200000 s converted time 3200.000000 ms
2024-04-26T00:09:32,711 INFO  - logAll OK rabbitmq Sending to rabbitmq: COSIM TIME: {"simAtTime":"2024-04-25T22:09:32.711+00:00"}
2024-04-26T00:09:32,712 INFO  - logAll OK rabbitmq Send enabled on this step, for message 
2024-04-26T00:09:32,895 INFO  - logOk OK rabbitmq Got data '2024-04-26 00:09:32.891', '{"time": "2024-04-26T00:09:32.891+02:00", "target_X_ur5e": 6, "target_Y_ur5e": 16, "target_Z_ur5e": 1, "target_X_kuka": 8, "target_Y_kuka": 11, "target_Z_kuka": 2, "command_move_ur5e": true, "command_move_kuka": true, "motion_time_ur5e": 1.0, "motion_time_kuka": 1.0}', '1714082972894567374'
2024-04-26T00:09:32,896 INFO  - logAll OK rabbitmq Step reached target time 3200 [ms]
2024-04-26T00:09:32,896 INFO  - logAll OK rabbitmq ************ Exit 2 FmuContainer::step ***************
2024-04-26T00:09:32,912 INFO  - logAll OK rabbitmq ************ Enter FmuContainer::step ***************
2024-04-26T00:09:32,912 INFO  - logAll OK rabbitmq Step time 3.400000 s converted time 3400.000000 ms
2024-04-26T00:09:32,913 INFO  - logAll OK rabbitmq Sending to rabbitmq: COSIM TIME: {"simAtTime":"2024-04-25T22:09:32.912+00:00"}
2024-04-26T00:09:32,913 INFO  - logAll OK rabbitmq Send enabled on this step, for message 
2024-04-26T00:09:33,097 INFO  - logOk OK rabbitmq Got data '2024-04-26 00:09:33.094', '{"time": "2024-04-26T00:09:33.094+02:00", "target_X_ur5e": 6, "target_Y_ur5e": 16, "target_Z_ur5e": 1, "target_X_kuka": 8, "target_Y_kuka": 11, "target_Z_kuka": 2, "command_move_ur5e": true, "command_move_kuka": true, "motion_time_ur5e": 1.0, "motion_time_kuka": 1.0}', '1714082973096236373'
2024-04-26T00:09:33,099 INFO  - logAll OK rabbitmq Step reached target time 3400 [ms]
2024-04-26T00:09:33,099 INFO  - logAll OK rabbitmq ************ Exit 2 FmuContainer::step ***************
2024-04-26T00:09:33,121 INFO  - logAll OK rabbitmq ************ Enter FmuContainer::step ***************
2024-04-26T00:09:33,122 INFO  - logAll OK rabbitmq Step time 3.600000 s converted time 3600.000000 ms
2024-04-26T00:09:33,122 INFO  - logAll OK rabbitmq Sending to rabbitmq: COSIM TIME: {"simAtTime":"2024-04-25T22:09:33.122+00:00"}
2024-04-26T00:09:33,123 INFO  - logAll OK rabbitmq Send enabled on this step, for message 
2024-04-26T00:09:33,299 INFO  - logOk OK rabbitmq Got data '2024-04-26 00:09:33.295', '{"time": "2024-04-26T00:09:33.295+02:00", "target_X_ur5e": 6, "target_Y_ur5e": 16, "target_Z_ur5e": 1, "target_X_kuka": 8, "target_Y_kuka": 11, "target_Z_kuka": 2, "command_move_ur5e": true, "command_move_kuka": true, "motion_time_ur5e": 1.0, "motion_time_kuka": 1.0}', '1714082973298515888'
2024-04-26T00:09:33,300 INFO  - logAll OK rabbitmq Step reached target time 3600 [ms]
2024-04-26T00:09:33,300 INFO  - logAll OK rabbitmq ************ Exit 2 FmuContainer::step ***************
2024-04-26T00:09:33,312 INFO  - logAll OK rabbitmq ************ Enter FmuContainer::step ***************
2024-04-26T00:09:33,313 INFO  - logAll OK rabbitmq Step time 3.800000 s converted time 3800.000000 ms
2024-04-26T00:09:33,313 INFO  - logAll OK rabbitmq Sending to rabbitmq: COSIM TIME: {"simAtTime":"2024-04-25T22:09:33.313+00:00"}
2024-04-26T00:09:33,314 INFO  - logAll OK rabbitmq Send enabled on this step, for message 
2024-04-26T00:09:33,501 INFO  - logOk OK rabbitmq Got data '2024-04-26 00:09:33.497', '{"time": "2024-04-26T00:09:33.497+02:00", "target_X_ur5e": 6, "target_Y_ur5e": 16, "target_Z_ur5e": 1, "target_X_kuka": 8, "target_Y_kuka": 11, "target_Z_kuka": 2, "command_move_ur5e": true, "command_move_kuka": true, "motion_time_ur5e": 1.0, "motion_time_kuka": 1.0}', '1714082973500464635'
2024-04-26T00:09:33,503 INFO  - logAll OK rabbitmq Step reached target time 3800 [ms]
2024-04-26T00:09:33,503 INFO  - logAll OK rabbitmq ************ Exit 2 FmuContainer::step ***************
2024-04-26T00:09:33,513 INFO  - logAll OK rabbitmq ************ Enter FmuContainer::step ***************
2024-04-26T00:09:33,513 INFO  - logAll OK rabbitmq Step time 4.000000 s converted time 4000.000000 ms
2024-04-26T00:09:33,514 INFO  - logAll OK rabbitmq Sending to rabbitmq: COSIM TIME: {"simAtTime":"2024-04-25T22:09:33.513+00:00"}
2024-04-26T00:09:33,514 INFO  - logAll OK rabbitmq Send enabled on this step, for message 
2024-04-26T00:09:33,704 INFO  - logOk OK rabbitmq Got data '2024-04-26 00:09:33.700', '{"time": "2024-04-26T00:09:33.700+02:00", "target_X_ur5e": 6, "target_Y_ur5e": 16, "target_Z_ur5e": 1, "target_X_kuka": 8, "target_Y_kuka": 11, "target_Z_kuka": 2, "command_move_ur5e": true, "command_move_kuka": true, "motion_time_ur5e": 1.0, "motion_time_kuka": 1.0}', '1714082973703342980'
2024-04-26T00:09:33,704 INFO  - logAll OK rabbitmq Step reached target time 4000 [ms]
2024-04-26T00:09:33,705 INFO  - logAll OK rabbitmq ************ Exit 2 FmuContainer::step ***************
2024-04-26T00:09:33,724 INFO  - logAll OK rabbitmq ************ Enter FmuContainer::step ***************
2024-04-26T00:09:33,724 INFO  - logAll OK rabbitmq Step time 4.200000 s converted time 4200.000000 ms
2024-04-26T00:09:33,724 INFO  - logAll OK rabbitmq Sending to rabbitmq: COSIM TIME: {"simAtTime":"2024-04-25T22:09:33.724+00:00"}
2024-04-26T00:09:33,726 INFO  - logAll OK rabbitmq Send enabled on this step, for message 
2024-04-26T00:09:33,907 INFO  - logOk OK rabbitmq Got data '2024-04-26 00:09:33.903', '{"time": "2024-04-26T00:09:33.903+02:00", "target_X_ur5e": 6, "target_Y_ur5e": 16, "target_Z_ur5e": 1, "target_X_kuka": 8, "target_Y_kuka": 11, "target_Z_kuka": 2, "command_move_ur5e": true, "command_move_kuka": true, "motion_time_ur5e": 1.0, "motion_time_kuka": 1.0}', '1714082973906594644'
2024-04-26T00:09:33,908 INFO  - logAll OK rabbitmq Step reached target time 4200 [ms]
2024-04-26T00:09:33,908 INFO  - logAll OK rabbitmq ************ Exit 2 FmuContainer::step ***************
2024-04-26T00:09:33,921 INFO  - logAll OK rabbitmq ************ Enter FmuContainer::step ***************
2024-04-26T00:09:33,921 INFO  - logAll OK rabbitmq Step time 4.400000 s converted time 4400.000000 ms
2024-04-26T00:09:33,921 INFO  - logAll OK rabbitmq Sending to rabbitmq: COSIM TIME: {"simAtTime":"2024-04-25T22:09:33.921+00:00"}
2024-04-26T00:09:33,921 INFO  - logAll OK rabbitmq Send enabled on this step, for message 
2024-04-26T00:09:34,110 INFO  - logOk OK rabbitmq Got data '2024-04-26 00:09:34.105', '{"time": "2024-04-26T00:09:34.105+02:00", "target_X_ur5e": 6, "target_Y_ur5e": 16, "target_Z_ur5e": 1, "target_X_kuka": 8, "target_Y_kuka": 11, "target_Z_kuka": 2, "command_move_ur5e": true, "command_move_kuka": true, "motion_time_ur5e": 1.0, "motion_time_kuka": 1.0}', '1714082974108584824'
2024-04-26T00:09:34,111 INFO  - logAll OK rabbitmq Step reached target time 4400 [ms]
2024-04-26T00:09:34,111 INFO  - logAll OK rabbitmq ************ Exit 2 FmuContainer::step ***************
2024-04-26T00:09:34,123 INFO  - logAll OK rabbitmq ************ Enter FmuContainer::step ***************
2024-04-26T00:09:34,124 INFO  - logAll OK rabbitmq Step time 4.600000 s converted time 4600.000000 ms
2024-04-26T00:09:34,124 INFO  - logAll OK rabbitmq Sending to rabbitmq: COSIM TIME: {"simAtTime":"2024-04-25T22:09:34.124+00:00"}
2024-04-26T00:09:34,126 INFO  - logAll OK rabbitmq Send enabled on this step, for message 
2024-04-26T00:09:34,313 INFO  - logOk OK rabbitmq Got data '2024-04-26 00:09:34.309', '{"time": "2024-04-26T00:09:34.309+02:00", "target_X_ur5e": 6, "target_Y_ur5e": 16, "target_Z_ur5e": 1, "target_X_kuka": 8, "target_Y_kuka": 11, "target_Z_kuka": 2, "command_move_ur5e": true, "command_move_kuka": true, "motion_time_ur5e": 1.0, "motion_time_kuka": 1.0}', '1714082974311825339'
2024-04-26T00:09:34,314 INFO  - logAll OK rabbitmq Step reached target time 4600 [ms]
2024-04-26T00:09:34,314 INFO  - logAll OK rabbitmq ************ Exit 2 FmuContainer::step ***************
2024-04-26T00:09:34,330 INFO  - logAll OK rabbitmq ************ Enter FmuContainer::step ***************
2024-04-26T00:09:34,330 INFO  - logAll OK rabbitmq Step time 4.800000 s converted time 4800.000000 ms
2024-04-26T00:09:34,330 INFO  - logAll OK rabbitmq Sending to rabbitmq: COSIM TIME: {"simAtTime":"2024-04-25T22:09:34.330+00:00"}
2024-04-26T00:09:34,330 INFO  - logAll OK rabbitmq Send enabled on this step, for message 
2024-04-26T00:09:34,514 INFO  - logOk OK rabbitmq Got data '2024-04-26 00:09:34.511', '{"time": "2024-04-26T00:09:34.511+02:00", "target_X_ur5e": 6, "target_Y_ur5e": 16, "target_Z_ur5e": 1, "target_X_kuka": 8, "target_Y_kuka": 11, "target_Z_kuka": 2, "command_move_ur5e": true, "command_move_kuka": true, "motion_time_ur5e": 1.0, "motion_time_kuka": 1.0}', '1714082974513566920'
2024-04-26T00:09:34,515 INFO  - logAll OK rabbitmq Step reached target time 4800 [ms]
2024-04-26T00:09:34,515 INFO  - logAll OK rabbitmq ************ Exit 2 FmuContainer::step ***************
2024-04-26T00:09:34,524 INFO  - logAll OK rabbitmq ************ Enter FmuContainer::step ***************
2024-04-26T00:09:34,524 INFO  - logAll OK rabbitmq Step time 5.000000 s converted time 5000.000000 ms
2024-04-26T00:09:34,524 INFO  - logAll OK rabbitmq Sending to rabbitmq: COSIM TIME: {"simAtTime":"2024-04-25T22:09:34.524+00:00"}
2024-04-26T00:09:34,524 INFO  - logAll OK rabbitmq Send enabled on this step, for message 
2024-04-26T00:09:34,717 INFO  - logOk OK rabbitmq Got data '2024-04-26 00:09:34.714', '{"time": "2024-04-26T00:09:34.714+02:00", "target_X_ur5e": 5, "target_Y_ur5e": 22, "target_Z_ur5e": 0, "target_X_kuka": 7, "target_Y_kuka": 14, "target_Z_kuka": 1, "command_move_ur5e": true, "command_move_kuka": true, "motion_time_ur5e": 1.0, "motion_time_kuka": 1.0}', '1714082974716626589'
2024-04-26T00:09:34,718 INFO  - logAll OK rabbitmq Step reached target time 5000 [ms]
2024-04-26T00:09:34,718 INFO  - logAll OK rabbitmq ************ Exit 2 FmuContainer::step ***************
2024-04-26T00:09:34,820 INFO  - logAll OK rabbitmq ************ Enter FmuContainer::step ***************
2024-04-26T00:09:34,820 INFO  - logAll OK rabbitmq Step time 5.200000 s converted time 5200.000000 ms
2024-04-26T00:09:34,821 INFO  - logAll OK rabbitmq Sending to rabbitmq: COSIM TIME: {"simAtTime":"2024-04-25T22:09:34.820+00:00"}
2024-04-26T00:09:34,821 INFO  - logAll OK rabbitmq Send enabled on this step, for message 
2024-04-26T00:09:34,918 INFO  - logOk OK rabbitmq Got data '2024-04-26 00:09:34.916', '{"time": "2024-04-26T00:09:34.916+02:00", "target_X_ur5e": 5, "target_Y_ur5e": 22, "target_Z_ur5e": 0, "target_X_kuka": 7, "target_Y_kuka": 14, "target_Z_kuka": 1, "command_move_ur5e": true, "command_move_kuka": true, "motion_time_ur5e": 1.0, "motion_time_kuka": 1.0}', '1714082974917912967'
2024-04-26T00:09:34,918 INFO  - logAll OK rabbitmq Step reached target time 5200 [ms]
2024-04-26T00:09:34,918 INFO  - logAll OK rabbitmq ************ Exit 2 FmuContainer::step ***************
2024-04-26T00:09:34,997 INFO  - logAll OK rabbitmq ************ Enter FmuContainer::step ***************
2024-04-26T00:09:34,997 INFO  - logAll OK rabbitmq Step time 5.400000 s converted time 5400.000000 ms
2024-04-26T00:09:34,997 INFO  - logAll OK rabbitmq Sending to rabbitmq: COSIM TIME: {"simAtTime":"2024-04-25T22:09:34.997+00:00"}
2024-04-26T00:09:34,997 INFO  - logAll OK rabbitmq Send enabled on this step, for message 
2024-04-26T00:09:35,120 INFO  - logOk OK rabbitmq Got data '2024-04-26 00:09:35.117', '{"time": "2024-04-26T00:09:35.117+02:00", "target_X_ur5e": 5, "target_Y_ur5e": 22, "target_Z_ur5e": 0, "target_X_kuka": 7, "target_Y_kuka": 14, "target_Z_kuka": 1, "command_move_ur5e": true, "command_move_kuka": true, "motion_time_ur5e": 1.0, "motion_time_kuka": 1.0}', '1714082975119386566'
2024-04-26T00:09:35,120 INFO  - logAll OK rabbitmq Step reached target time 5400 [ms]
2024-04-26T00:09:35,120 INFO  - logAll OK rabbitmq ************ Exit 2 FmuContainer::step ***************
2024-04-26T00:09:35,236 INFO  - logAll OK rabbitmq ************ Enter FmuContainer::step ***************
2024-04-26T00:09:35,237 INFO  - logAll OK rabbitmq Step time 5.600000 s converted time 5600.000000 ms
2024-04-26T00:09:35,237 INFO  - logAll OK rabbitmq Sending to rabbitmq: COSIM TIME: {"simAtTime":"2024-04-25T22:09:35.237+00:00"}
2024-04-26T00:09:35,237 INFO  - logAll OK rabbitmq Send enabled on this step, for message 
2024-04-26T00:09:35,322 INFO  - logOk OK rabbitmq Got data '2024-04-26 00:09:35.319', '{"time": "2024-04-26T00:09:35.319+02:00", "target_X_ur5e": 5, "target_Y_ur5e": 22, "target_Z_ur5e": 0, "target_X_kuka": 7, "target_Y_kuka": 14, "target_Z_kuka": 1, "command_move_ur5e": true, "command_move_kuka": true, "motion_time_ur5e": 1.0, "motion_time_kuka": 1.0}', '1714082975321452204'
2024-04-26T00:09:35,322 INFO  - logAll OK rabbitmq Step reached target time 5600 [ms]
2024-04-26T00:09:35,322 INFO  - logAll OK rabbitmq ************ Exit 2 FmuContainer::step ***************
2024-04-26T00:09:35,459 INFO  - logAll OK rabbitmq ************ Enter FmuContainer::step ***************
2024-04-26T00:09:35,459 INFO  - logAll OK rabbitmq Step time 5.800000 s converted time 5800.000000 ms
2024-04-26T00:09:35,459 INFO  - logAll OK rabbitmq Sending to rabbitmq: COSIM TIME: {"simAtTime":"2024-04-25T22:09:35.459+00:00"}
2024-04-26T00:09:35,459 INFO  - logAll OK rabbitmq Send enabled on this step, for message 
2024-04-26T00:09:35,525 INFO  - logOk OK rabbitmq Got data '2024-04-26 00:09:35.522', '{"time": "2024-04-26T00:09:35.522+02:00", "target_X_ur5e": 5, "target_Y_ur5e": 22, "target_Z_ur5e": 0, "target_X_kuka": 7, "target_Y_kuka": 14, "target_Z_kuka": 1, "command_move_ur5e": true, "command_move_kuka": true, "motion_time_ur5e": 1.0, "motion_time_kuka": 1.0}', '1714082975524211363'
2024-04-26T00:09:35,526 INFO  - logAll OK rabbitmq Step reached target time 5800 [ms]
2024-04-26T00:09:35,526 INFO  - logAll OK rabbitmq ************ Exit 2 FmuContainer::step ***************
2024-04-26T00:09:35,659 INFO  - logAll OK rabbitmq ************ Enter FmuContainer::step ***************
2024-04-26T00:09:35,659 INFO  - logAll OK rabbitmq Step time 6.000000 s converted time 6000.000000 ms
2024-04-26T00:09:35,659 INFO  - logAll OK rabbitmq Sending to rabbitmq: COSIM TIME: {"simAtTime":"2024-04-25T22:09:35.659+00:00"}
2024-04-26T00:09:35,660 INFO  - logAll OK rabbitmq Send enabled on this step, for message 
2024-04-26T00:09:35,728 INFO  - logOk OK rabbitmq Got data '2024-04-26 00:09:35.724', '{"time": "2024-04-26T00:09:35.724+02:00", "target_X_ur5e": 5, "target_Y_ur5e": 22, "target_Z_ur5e": 0, "target_X_kuka": 7, "target_Y_kuka": 14, "target_Z_kuka": 1, "command_move_ur5e": true, "command_move_kuka": true, "motion_time_ur5e": 1.0, "motion_time_kuka": 1.0}', '1714082975726440781'
2024-04-26T00:09:35,729 INFO  - logAll OK rabbitmq Step reached target time 6000 [ms]
2024-04-26T00:09:35,729 INFO  - logAll OK rabbitmq ************ Exit 2 FmuContainer::step ***************
2024-04-26T00:09:35,743 INFO  - logAll OK rabbitmq ************ Enter FmuContainer::step ***************
2024-04-26T00:09:35,743 INFO  - logAll OK rabbitmq Step time 6.200000 s converted time 6200.000000 ms
2024-04-26T00:09:35,743 INFO  - logAll OK rabbitmq Sending to rabbitmq: COSIM TIME: {"simAtTime":"2024-04-25T22:09:35.743+00:00"}
2024-04-26T00:09:35,744 INFO  - logAll OK rabbitmq Send enabled on this step, for message 
2024-04-26T00:09:35,929 INFO  - logOk OK rabbitmq Got data '2024-04-26 00:09:35.926', '{"time": "2024-04-26T00:09:35.926+02:00", "target_X_ur5e": 5, "target_Y_ur5e": 22, "target_Z_ur5e": 0, "target_X_kuka": 7, "target_Y_kuka": 14, "target_Z_kuka": 1, "command_move_ur5e": true, "command_move_kuka": true, "motion_time_ur5e": 1.0, "motion_time_kuka": 1.0}', '1714082975929005107'
2024-04-26T00:09:35,930 INFO  - logAll OK rabbitmq Step reached target time 6200 [ms]
2024-04-26T00:09:35,930 INFO  - logAll OK rabbitmq ************ Exit 2 FmuContainer::step ***************
2024-04-26T00:09:35,942 INFO  - logAll OK rabbitmq ************ Enter FmuContainer::step ***************
2024-04-26T00:09:35,943 INFO  - logAll OK rabbitmq Step time 6.400000 s converted time 6400.000000 ms
2024-04-26T00:09:35,943 INFO  - logAll OK rabbitmq Sending to rabbitmq: COSIM TIME: {"simAtTime":"2024-04-25T22:09:35.943+00:00"}
2024-04-26T00:09:35,944 INFO  - logAll OK rabbitmq Send enabled on this step, for message 
2024-04-26T00:09:36,132 INFO  - logOk OK rabbitmq Got data '2024-04-26 00:09:36.128', '{"time": "2024-04-26T00:09:36.128+02:00", "target_X_ur5e": 5, "target_Y_ur5e": 22, "target_Z_ur5e": 0, "target_X_kuka": 7, "target_Y_kuka": 14, "target_Z_kuka": 1, "command_move_ur5e": true, "command_move_kuka": true, "motion_time_ur5e": 1.0, "motion_time_kuka": 1.0}', '1714082976130908164'
2024-04-26T00:09:36,133 INFO  - logAll OK rabbitmq Step reached target time 6400 [ms]
2024-04-26T00:09:36,134 INFO  - logAll OK rabbitmq ************ Exit 2 FmuContainer::step ***************
2024-04-26T00:09:36,143 INFO  - logAll OK rabbitmq ************ Enter FmuContainer::step ***************
2024-04-26T00:09:36,143 INFO  - logAll OK rabbitmq Step time 6.600000 s converted time 6600.000000 ms
2024-04-26T00:09:36,143 INFO  - logAll OK rabbitmq Sending to rabbitmq: COSIM TIME: {"simAtTime":"2024-04-25T22:09:36.143+00:00"}
2024-04-26T00:09:36,143 INFO  - logAll OK rabbitmq Send enabled on this step, for message 
2024-04-26T00:09:36,334 INFO  - logOk OK rabbitmq Got data '2024-04-26 00:09:36.331', '{"time": "2024-04-26T00:09:36.331+02:00", "target_X_ur5e": 5, "target_Y_ur5e": 22, "target_Z_ur5e": 0, "target_X_kuka": 7, "target_Y_kuka": 14, "target_Z_kuka": 1, "command_move_ur5e": true, "command_move_kuka": true, "motion_time_ur5e": 1.0, "motion_time_kuka": 1.0}', '1714082976333442511'
2024-04-26T00:09:36,335 INFO  - logAll OK rabbitmq Step reached target time 6600 [ms]
2024-04-26T00:09:36,335 INFO  - logAll OK rabbitmq ************ Exit 2 FmuContainer::step ***************
2024-04-26T00:09:36,347 INFO  - logAll OK rabbitmq ************ Enter FmuContainer::step ***************
2024-04-26T00:09:36,347 INFO  - logAll OK rabbitmq Step time 6.800000 s converted time 6800.000000 ms
2024-04-26T00:09:36,348 INFO  - logAll OK rabbitmq Sending to rabbitmq: COSIM TIME: {"simAtTime":"2024-04-25T22:09:36.347+00:00"}
2024-04-26T00:09:36,348 INFO  - logAll OK rabbitmq Send enabled on this step, for message 
2024-04-26T00:09:36,537 INFO  - logOk OK rabbitmq Got data '2024-04-26 00:09:36.533', '{"time": "2024-04-26T00:09:36.533+02:00", "target_X_ur5e": 5, "target_Y_ur5e": 22, "target_Z_ur5e": 0, "target_X_kuka": 7, "target_Y_kuka": 14, "target_Z_kuka": 1, "command_move_ur5e": true, "command_move_kuka": true, "motion_time_ur5e": 1.0, "motion_time_kuka": 1.0}', '1714082976535934809'
2024-04-26T00:09:36,539 INFO  - logAll OK rabbitmq Step reached target time 6800 [ms]
2024-04-26T00:09:36,539 INFO  - logAll OK rabbitmq ************ Exit 2 FmuContainer::step ***************
2024-04-26T00:09:36,546 INFO  - logAll OK rabbitmq ************ Enter FmuContainer::step ***************
2024-04-26T00:09:36,547 INFO  - logAll OK rabbitmq Step time 7.000000 s converted time 7000.000000 ms
2024-04-26T00:09:36,547 INFO  - logAll OK rabbitmq Sending to rabbitmq: COSIM TIME: {"simAtTime":"2024-04-25T22:09:36.547+00:00"}
2024-04-26T00:09:36,547 INFO  - logAll OK rabbitmq Send enabled on this step, for message 
2024-04-26T00:09:36,738 INFO  - logOk OK rabbitmq Got data '2024-04-26 00:09:36.735', '{"time": "2024-04-26T00:09:36.735+02:00", "target_X_ur5e": 5, "target_Y_ur5e": 22, "target_Z_ur5e": 0, "target_X_kuka": 7, "target_Y_kuka": 14, "target_Z_kuka": 1, "command_move_ur5e": true, "command_move_kuka": true, "motion_time_ur5e": 1.0, "motion_time_kuka": 1.0}', '1714082976737795641'
2024-04-26T00:09:36,739 INFO  - logAll OK rabbitmq Step reached target time 7000 [ms]
2024-04-26T00:09:36,739 INFO  - logAll OK rabbitmq ************ Exit 2 FmuContainer::step ***************
2024-04-26T00:09:36,749 INFO  - logAll OK rabbitmq ************ Enter FmuContainer::step ***************
2024-04-26T00:09:36,749 INFO  - logAll OK rabbitmq Step time 7.200000 s converted time 7200.000000 ms
2024-04-26T00:09:36,749 INFO  - logAll OK rabbitmq Sending to rabbitmq: COSIM TIME: {"simAtTime":"2024-04-25T22:09:36.749+00:00"}
2024-04-26T00:09:36,750 INFO  - logAll OK rabbitmq Send enabled on this step, for message 
2024-04-26T00:09:36,941 INFO  - logOk OK rabbitmq Got data '2024-04-26 00:09:36.937', '{"time": "2024-04-26T00:09:36.937+02:00", "target_X_ur5e": 5, "target_Y_ur5e": 22, "target_Z_ur5e": 0, "target_X_kuka": 7, "target_Y_kuka": 14, "target_Z_kuka": 1, "command_move_ur5e": true, "command_move_kuka": true, "motion_time_ur5e": 1.0, "motion_time_kuka": 1.0}', '1714082976940348480'
2024-04-26T00:09:36,941 INFO  - logAll OK rabbitmq Step reached target time 7200 [ms]
2024-04-26T00:09:36,941 INFO  - logAll OK rabbitmq ************ Exit 2 FmuContainer::step ***************
2024-04-26T00:09:36,952 INFO  - logAll OK rabbitmq ************ Enter FmuContainer::step ***************
2024-04-26T00:09:36,952 INFO  - logAll OK rabbitmq Step time 7.400000 s converted time 7400.000000 ms
2024-04-26T00:09:36,952 INFO  - logAll OK rabbitmq Sending to rabbitmq: COSIM TIME: {"simAtTime":"2024-04-25T22:09:36.952+00:00"}
2024-04-26T00:09:36,952 INFO  - logAll OK rabbitmq Send enabled on this step, for message 
2024-04-26T00:09:37,144 INFO  - logOk OK rabbitmq Got data '2024-04-26 00:09:37.139', '{"time": "2024-04-26T00:09:37.139+02:00", "target_X_ur5e": 5, "target_Y_ur5e": 22, "target_Z_ur5e": 0, "target_X_kuka": 7, "target_Y_kuka": 14, "target_Z_kuka": 1, "command_move_ur5e": true, "command_move_kuka": true, "motion_time_ur5e": 1.0, "motion_time_kuka": 1.0}', '1714082977143053310'
2024-04-26T00:09:37,144 INFO  - logAll OK rabbitmq Step reached target time 7400 [ms]
2024-04-26T00:09:37,144 INFO  - logAll OK rabbitmq ************ Exit 2 FmuContainer::step ***************
2024-04-26T00:09:37,153 INFO  - logAll OK rabbitmq ************ Enter FmuContainer::step ***************
2024-04-26T00:09:37,153 INFO  - logAll OK rabbitmq Step time 7.600000 s converted time 7600.000000 ms
2024-04-26T00:09:37,154 INFO  - logAll OK rabbitmq Sending to rabbitmq: COSIM TIME: {"simAtTime":"2024-04-25T22:09:37.153+00:00"}
2024-04-26T00:09:37,154 INFO  - logAll OK rabbitmq Send enabled on this step, for message 
2024-04-26T00:09:37,345 INFO  - logOk OK rabbitmq Got data '2024-04-26 00:09:37.342', '{"time": "2024-04-26T00:09:37.342+02:00", "target_X_ur5e": 5, "target_Y_ur5e": 22, "target_Z_ur5e": 0, "target_X_kuka": 7, "target_Y_kuka": 14, "target_Z_kuka": 1, "command_move_ur5e": true, "command_move_kuka": true, "motion_time_ur5e": 1.0, "motion_time_kuka": 1.0}', '1714082977344778666'
2024-04-26T00:09:37,346 INFO  - logAll OK rabbitmq Step reached target time 7600 [ms]
2024-04-26T00:09:37,346 INFO  - logAll OK rabbitmq ************ Exit 2 FmuContainer::step ***************
2024-04-26T00:09:37,349 INFO  - logAll OK rabbitmq ************ Enter FmuContainer::step ***************
2024-04-26T00:09:37,349 INFO  - logAll OK rabbitmq Step time 7.800000 s converted time 7800.000000 ms
2024-04-26T00:09:37,349 INFO  - logAll OK rabbitmq Sending to rabbitmq: COSIM TIME: {"simAtTime":"2024-04-25T22:09:37.349+00:00"}
2024-04-26T00:09:37,349 INFO  - logAll OK rabbitmq Send enabled on this step, for message 
2024-04-26T00:09:37,549 INFO  - logOk OK rabbitmq Got data '2024-04-26 00:09:37.545', '{"time": "2024-04-26T00:09:37.545+02:00", "target_X_ur5e": 5, "target_Y_ur5e": 22, "target_Z_ur5e": 0, "target_X_kuka": 7, "target_Y_kuka": 14, "target_Z_kuka": 1, "command_move_ur5e": true, "command_move_kuka": true, "motion_time_ur5e": 1.0, "motion_time_kuka": 1.0}', '1714082977549045428'
2024-04-26T00:09:37,550 INFO  - logAll OK rabbitmq Step reached target time 7800 [ms]
2024-04-26T00:09:37,550 INFO  - logAll OK rabbitmq ************ Exit 2 FmuContainer::step ***************
2024-04-26T00:09:37,557 INFO  - logAll OK rabbitmq ************ Enter FmuContainer::step ***************
2024-04-26T00:09:37,558 INFO  - logAll OK rabbitmq Step time 8.000000 s converted time 8000.000000 ms
2024-04-26T00:09:37,558 INFO  - logAll OK rabbitmq Sending to rabbitmq: COSIM TIME: {"simAtTime":"2024-04-25T22:09:37.558+00:00"}
2024-04-26T00:09:37,558 INFO  - logAll OK rabbitmq Send enabled on this step, for message 
2024-04-26T00:09:37,753 INFO  - logOk OK rabbitmq Got data '2024-04-26 00:09:37.749', '{"time": "2024-04-26T00:09:37.749+02:00", "target_X_ur5e": 5, "target_Y_ur5e": 22, "target_Z_ur5e": 0, "target_X_kuka": 7, "target_Y_kuka": 14, "target_Z_kuka": 1, "command_move_ur5e": true, "command_move_kuka": true, "motion_time_ur5e": 1.0, "motion_time_kuka": 1.0}', '1714082977752041362'
2024-04-26T00:09:37,758 INFO  - logAll OK rabbitmq Step reached target time 8000 [ms]
2024-04-26T00:09:37,759 INFO  - logAll OK rabbitmq ************ Exit 2 FmuContainer::step ***************
2024-04-26T00:09:37,779 INFO  - logAll OK rabbitmq ************ Enter FmuContainer::step ***************
2024-04-26T00:09:37,779 INFO  - logAll OK rabbitmq Step time 8.200000 s converted time 8200.000000 ms
2024-04-26T00:09:37,780 INFO  - logAll OK rabbitmq Sending to rabbitmq: COSIM TIME: {"simAtTime":"2024-04-25T22:09:37.779+00:00"}
2024-04-26T00:09:37,780 INFO  - logAll OK rabbitmq Send enabled on this step, for message 
2024-04-26T00:09:37,957 INFO  - logOk OK rabbitmq Got data '2024-04-26 00:09:37.951', '{"time": "2024-04-26T00:09:37.951+02:00", "target_X_ur5e": 5, "target_Y_ur5e": 22, "target_Z_ur5e": 0, "target_X_kuka": 7, "target_Y_kuka": 14, "target_Z_kuka": 1, "command_move_ur5e": true, "command_move_kuka": true, "motion_time_ur5e": 1.0, "motion_time_kuka": 1.0}', '1714082977954614340'
2024-04-26T00:09:37,958 INFO  - logAll OK rabbitmq Step reached target time 8200 [ms]
2024-04-26T00:09:37,958 INFO  - logAll OK rabbitmq ************ Exit 2 FmuContainer::step ***************
2024-04-26T00:09:37,968 INFO  - logAll OK rabbitmq ************ Enter FmuContainer::step ***************
2024-04-26T00:09:37,968 INFO  - logAll OK rabbitmq Step time 8.400000 s converted time 8400.000000 ms
2024-04-26T00:09:37,968 INFO  - logAll OK rabbitmq Sending to rabbitmq: COSIM TIME: {"simAtTime":"2024-04-25T22:09:37.968+00:00"}
2024-04-26T00:09:37,968 INFO  - logAll OK rabbitmq Send enabled on this step, for message 
2024-04-26T00:09:38,158 INFO  - logOk OK rabbitmq Got data '2024-04-26 00:09:38.154', '{"time": "2024-04-26T00:09:38.154+02:00", "target_X_ur5e": 5, "target_Y_ur5e": 22, "target_Z_ur5e": 0, "target_X_kuka": 7, "target_Y_kuka": 14, "target_Z_kuka": 1, "command_move_ur5e": true, "command_move_kuka": true, "motion_time_ur5e": 1.0, "motion_time_kuka": 1.0}', '1714082978158030969'
2024-04-26T00:09:38,160 INFO  - logAll OK rabbitmq Step reached target time 8400 [ms]
2024-04-26T00:09:38,160 INFO  - logAll OK rabbitmq ************ Exit 2 FmuContainer::step ***************
2024-04-26T00:09:38,170 INFO  - logAll OK rabbitmq ************ Enter FmuContainer::step ***************
2024-04-26T00:09:38,170 INFO  - logAll OK rabbitmq Step time 8.600000 s converted time 8600.000000 ms
2024-04-26T00:09:38,170 INFO  - logAll OK rabbitmq Sending to rabbitmq: COSIM TIME: {"simAtTime":"2024-04-25T22:09:38.170+00:00"}
2024-04-26T00:09:38,170 INFO  - logAll OK rabbitmq Send enabled on this step, for message 
2024-04-26T00:09:38,360 INFO  - logOk OK rabbitmq Got data '2024-04-26 00:09:38.357', '{"time": "2024-04-26T00:09:38.357+02:00", "target_X_ur5e": 5, "target_Y_ur5e": 22, "target_Z_ur5e": 0, "target_X_kuka": 7, "target_Y_kuka": 14, "target_Z_kuka": 1, "command_move_ur5e": true, "command_move_kuka": true, "motion_time_ur5e": 1.0, "motion_time_kuka": 1.0}', '1714082978359699334'
2024-04-26T00:09:38,361 INFO  - logAll OK rabbitmq Step reached target time 8600 [ms]
2024-04-26T00:09:38,361 INFO  - logAll OK rabbitmq ************ Exit 2 FmuContainer::step ***************
2024-04-26T00:09:38,369 INFO  - logAll OK rabbitmq ************ Enter FmuContainer::step ***************
2024-04-26T00:09:38,369 INFO  - logAll OK rabbitmq Step time 8.800000 s converted time 8800.000000 ms
2024-04-26T00:09:38,370 INFO  - logAll OK rabbitmq Sending to rabbitmq: COSIM TIME: {"simAtTime":"2024-04-25T22:09:38.369+00:00"}
2024-04-26T00:09:38,370 INFO  - logAll OK rabbitmq Send enabled on this step, for message 
2024-04-26T00:09:38,562 INFO  - logOk OK rabbitmq Got data '2024-04-26 00:09:38.559', '{"time": "2024-04-26T00:09:38.559+02:00", "target_X_ur5e": 5, "target_Y_ur5e": 22, "target_Z_ur5e": 0, "target_X_kuka": 7, "target_Y_kuka": 14, "target_Z_kuka": 1, "command_move_ur5e": true, "command_move_kuka": true, "motion_time_ur5e": 1.0, "motion_time_kuka": 1.0}', '1714082978561588496'
2024-04-26T00:09:38,562 INFO  - logAll OK rabbitmq Step reached target time 8800 [ms]
2024-04-26T00:09:38,562 INFO  - logAll OK rabbitmq ************ Exit 2 FmuContainer::step ***************
2024-04-26T00:09:38,577 INFO  - logAll OK rabbitmq ************ Enter FmuContainer::step ***************
2024-04-26T00:09:38,577 INFO  - logAll OK rabbitmq Step time 9.000000 s converted time 9000.000000 ms
2024-04-26T00:09:38,577 INFO  - logAll OK rabbitmq Sending to rabbitmq: COSIM TIME: {"simAtTime":"2024-04-25T22:09:38.577+00:00"}
2024-04-26T00:09:38,578 INFO  - logAll OK rabbitmq Send enabled on this step, for message 
2024-04-26T00:09:38,765 INFO  - logOk OK rabbitmq Got data '2024-04-26 00:09:38.761', '{"time": "2024-04-26T00:09:38.761+02:00", "target_X_ur5e": 5, "target_Y_ur5e": 22, "target_Z_ur5e": 0, "target_X_kuka": 7, "target_Y_kuka": 14, "target_Z_kuka": 1, "command_move_ur5e": true, "command_move_kuka": true, "motion_time_ur5e": 1.0, "motion_time_kuka": 1.0}', '1714082978764754674'
2024-04-26T00:09:38,766 INFO  - logAll OK rabbitmq Step reached target time 9000 [ms]
2024-04-26T00:09:38,766 INFO  - logAll OK rabbitmq ************ Exit 2 FmuContainer::step ***************
2024-04-26T00:09:38,775 INFO  - logAll OK rabbitmq ************ Enter FmuContainer::step ***************
2024-04-26T00:09:38,775 INFO  - logAll OK rabbitmq Step time 9.200000 s converted time 9200.000000 ms
2024-04-26T00:09:38,776 INFO  - logAll OK rabbitmq Sending to rabbitmq: COSIM TIME: {"simAtTime":"2024-04-25T22:09:38.775+00:00"}
2024-04-26T00:09:38,776 INFO  - logAll OK rabbitmq Send enabled on this step, for message 
2024-04-26T00:09:38,968 INFO  - logOk OK rabbitmq Got data '2024-04-26 00:09:38.964', '{"time": "2024-04-26T00:09:38.964+02:00", "target_X_ur5e": 5, "target_Y_ur5e": 22, "target_Z_ur5e": 0, "target_X_kuka": 7, "target_Y_kuka": 14, "target_Z_kuka": 1, "command_move_ur5e": true, "command_move_kuka": true, "motion_time_ur5e": 1.0, "motion_time_kuka": 1.0}', '1714082978967372038'
2024-04-26T00:09:38,968 INFO  - logAll OK rabbitmq Step reached target time 9200 [ms]
2024-04-26T00:09:38,968 INFO  - logAll OK rabbitmq ************ Exit 2 FmuContainer::step ***************
2024-04-26T00:09:38,980 INFO  - logAll OK rabbitmq ************ Enter FmuContainer::step ***************
2024-04-26T00:09:38,981 INFO  - logAll OK rabbitmq Step time 9.400000 s converted time 9400.000000 ms
2024-04-26T00:09:38,981 INFO  - logAll OK rabbitmq Sending to rabbitmq: COSIM TIME: {"simAtTime":"2024-04-25T22:09:38.981+00:00"}
2024-04-26T00:09:38,981 INFO  - logAll OK rabbitmq Send enabled on this step, for message 
2024-04-26T00:09:39,169 INFO  - logOk OK rabbitmq Got data '2024-04-26 00:09:39.166', '{"time": "2024-04-26T00:09:39.166+02:00", "target_X_ur5e": 5, "target_Y_ur5e": 22, "target_Z_ur5e": 0, "target_X_kuka": 7, "target_Y_kuka": 14, "target_Z_kuka": 1, "command_move_ur5e": true, "command_move_kuka": true, "motion_time_ur5e": 1.0, "motion_time_kuka": 1.0}', '1714082979169190562'
2024-04-26T00:09:39,170 INFO  - logAll OK rabbitmq Step reached target time 9400 [ms]
2024-04-26T00:09:39,170 INFO  - logAll OK rabbitmq ************ Exit 2 FmuContainer::step ***************
2024-04-26T00:09:39,180 INFO  - logAll OK rabbitmq ************ Enter FmuContainer::step ***************
2024-04-26T00:09:39,181 INFO  - logAll OK rabbitmq Step time 9.600000 s converted time 9600.000000 ms
2024-04-26T00:09:39,181 INFO  - logAll OK rabbitmq Sending to rabbitmq: COSIM TIME: {"simAtTime":"2024-04-25T22:09:39.181+00:00"}
2024-04-26T00:09:39,181 INFO  - logAll OK rabbitmq Send enabled on this step, for message 
2024-04-26T00:09:39,372 INFO  - logOk OK rabbitmq Got data '2024-04-26 00:09:39.368', '{"time": "2024-04-26T00:09:39.368+02:00", "target_X_ur5e": 5, "target_Y_ur5e": 22, "target_Z_ur5e": 0, "target_X_kuka": 7, "target_Y_kuka": 14, "target_Z_kuka": 1, "command_move_ur5e": true, "command_move_kuka": true, "motion_time_ur5e": 1.0, "motion_time_kuka": 1.0}', '1714082979371703685'
2024-04-26T00:09:39,373 INFO  - logAll OK rabbitmq Step reached target time 9600 [ms]
2024-04-26T00:09:39,373 INFO  - logAll OK rabbitmq ************ Exit 2 FmuContainer::step ***************
2024-04-26T00:09:39,381 INFO  - logAll OK rabbitmq ************ Enter FmuContainer::step ***************
2024-04-26T00:09:39,382 INFO  - logAll OK rabbitmq Step time 9.800000 s converted time 9800.000000 ms
2024-04-26T00:09:39,383 INFO  - logAll OK rabbitmq Sending to rabbitmq: COSIM TIME: {"simAtTime":"2024-04-25T22:09:39.382+00:00"}
2024-04-26T00:09:39,383 INFO  - logAll OK rabbitmq Send enabled on this step, for message 
2024-04-26T00:09:39,574 INFO  - logOk OK rabbitmq Got data '2024-04-26 00:09:39.570', '{"time": "2024-04-26T00:09:39.570+02:00", "target_X_ur5e": 5, "target_Y_ur5e": 22, "target_Z_ur5e": 0, "target_X_kuka": 7, "target_Y_kuka": 14, "target_Z_kuka": 1, "command_move_ur5e": true, "command_move_kuka": true, "motion_time_ur5e": 1.0, "motion_time_kuka": 1.0}', '1714082979573339822'
2024-04-26T00:09:39,574 INFO  - logAll OK rabbitmq Step reached target time 9800 [ms]
2024-04-26T00:09:39,575 INFO  - logAll OK rabbitmq ************ Exit 2 FmuContainer::step ***************
2024-04-26T00:09:39,582 INFO  - logAll OK rabbitmq ************ Enter FmuContainer::step ***************
2024-04-26T00:09:39,582 INFO  - logAll OK rabbitmq Step time 10.000000 s converted time 10000.000000 ms
2024-04-26T00:09:39,583 INFO  - logAll OK rabbitmq Sending to rabbitmq: COSIM TIME: {"simAtTime":"2024-04-25T22:09:39.582+00:00"}
2024-04-26T00:09:39,583 INFO  - logAll OK rabbitmq Send enabled on this step, for message 
2024-04-26T00:09:39,776 INFO  - logOk OK rabbitmq Got data '2024-04-26 00:09:39.773', '{"time": "2024-04-26T00:09:39.773+02:00", "target_X_ur5e": 5, "target_Y_ur5e": 22, "target_Z_ur5e": 0, "target_X_kuka": 7, "target_Y_kuka": 14, "target_Z_kuka": 1, "command_move_ur5e": true, "command_move_kuka": true, "motion_time_ur5e": 1.0, "motion_time_kuka": 1.0}', '1714082979775524478'
2024-04-26T00:09:39,776 INFO  - logAll OK rabbitmq Step reached target time 10000 [ms]
2024-04-26T00:09:39,776 INFO  - logAll OK rabbitmq ************ Exit 2 FmuContainer::step ***************
2024-04-26T00:09:39,788 INFO  - logAll OK rabbitmq ************ Enter FmuContainer::step ***************
2024-04-26T00:09:39,788 INFO  - logAll OK rabbitmq Step time 10.200000 s converted time 10200.000000 ms
2024-04-26T00:09:39,789 INFO  - logAll OK rabbitmq Sending to rabbitmq: COSIM TIME: {"simAtTime":"2024-04-25T22:09:39.788+00:00"}
2024-04-26T00:09:39,789 INFO  - logAll OK rabbitmq Send enabled on this step, for message 
2024-04-26T00:09:39,979 INFO  - logOk OK rabbitmq Got data '2024-04-26 00:09:39.975', '{"time": "2024-04-26T00:09:39.975+02:00", "target_X_ur5e": 5, "target_Y_ur5e": 22, "target_Z_ur5e": 0, "target_X_kuka": 7, "target_Y_kuka": 14, "target_Z_kuka": 1, "command_move_ur5e": true, "command_move_kuka": true, "motion_time_ur5e": 1.0, "motion_time_kuka": 1.0}', '1714082979978305658'
2024-04-26T00:09:39,979 INFO  - logAll OK rabbitmq Step reached target time 10200 [ms]
2024-04-26T00:09:39,980 INFO  - logAll OK rabbitmq ************ Exit 2 FmuContainer::step ***************
2024-04-26T00:09:39,991 INFO  - logAll OK rabbitmq ************ Enter FmuContainer::step ***************
2024-04-26T00:09:39,992 INFO  - logAll OK rabbitmq Step time 10.400000 s converted time 10400.000000 ms
2024-04-26T00:09:39,992 INFO  - logAll OK rabbitmq Sending to rabbitmq: COSIM TIME: {"simAtTime":"2024-04-25T22:09:39.992+00:00"}
2024-04-26T00:09:39,992 INFO  - logAll OK rabbitmq Send enabled on this step, for message 
2024-04-26T00:09:40,181 INFO  - logOk OK rabbitmq Got data '2024-04-26 00:09:40.178', '{"time": "2024-04-26T00:09:40.178+02:00", "target_X_ur5e": 5, "target_Y_ur5e": 22, "target_Z_ur5e": 0, "target_X_kuka": 7, "target_Y_kuka": 14, "target_Z_kuka": 1, "command_move_ur5e": true, "command_move_kuka": true, "motion_time_ur5e": 1.0, "motion_time_kuka": 1.0}', '1714082980180944099'
2024-04-26T00:09:40,182 INFO  - logAll OK rabbitmq Step reached target time 10400 [ms]
2024-04-26T00:09:40,182 INFO  - logAll OK rabbitmq ************ Exit 2 FmuContainer::step ***************
2024-04-26T00:09:40,188 INFO  - logAll OK rabbitmq ************ Enter FmuContainer::step ***************
2024-04-26T00:09:40,188 INFO  - logAll OK rabbitmq Step time 10.600000 s converted time 10600.000000 ms
2024-04-26T00:09:40,189 INFO  - logAll OK rabbitmq Sending to rabbitmq: COSIM TIME: {"simAtTime":"2024-04-25T22:09:40.188+00:00"}
2024-04-26T00:09:40,189 INFO  - logAll OK rabbitmq Send enabled on this step, for message 
2024-04-26T00:09:40,384 INFO  - logOk OK rabbitmq Got data '2024-04-26 00:09:40.381', '{"time": "2024-04-26T00:09:40.381+02:00", "target_X_ur5e": 5, "target_Y_ur5e": 22, "target_Z_ur5e": 0, "target_X_kuka": 7, "target_Y_kuka": 14, "target_Z_kuka": 1, "command_move_ur5e": true, "command_move_kuka": true, "motion_time_ur5e": 1.0, "motion_time_kuka": 1.0}', '1714082980383330208'
2024-04-26T00:09:40,385 INFO  - logAll OK rabbitmq Step reached target time 10600 [ms]
2024-04-26T00:09:40,385 INFO  - logAll OK rabbitmq ************ Exit 2 FmuContainer::step ***************
2024-04-26T00:09:40,393 INFO  - logAll OK rabbitmq ************ Enter FmuContainer::step ***************
2024-04-26T00:09:40,394 INFO  - logAll OK rabbitmq Step time 10.800000 s converted time 10800.000000 ms
2024-04-26T00:09:40,394 INFO  - logAll OK rabbitmq Sending to rabbitmq: COSIM TIME: {"simAtTime":"2024-04-25T22:09:40.394+00:00"}
2024-04-26T00:09:40,394 INFO  - logAll OK rabbitmq Send enabled on this step, for message 
2024-04-26T00:09:40,587 INFO  - logOk OK rabbitmq Got data '2024-04-26 00:09:40.584', '{"time": "2024-04-26T00:09:40.584+02:00", "target_X_ur5e": 5, "target_Y_ur5e": 22, "target_Z_ur5e": 0, "target_X_kuka": 7, "target_Y_kuka": 14, "target_Z_kuka": 1, "command_move_ur5e": true, "command_move_kuka": true, "motion_time_ur5e": 1.0, "motion_time_kuka": 1.0}', '1714082980586485897'
2024-04-26T00:09:40,588 INFO  - logAll OK rabbitmq Step reached target time 10800 [ms]
2024-04-26T00:09:40,589 INFO  - logAll OK rabbitmq ************ Exit 2 FmuContainer::step ***************
2024-04-26T00:09:40,597 INFO  - logAll OK rabbitmq ************ Enter FmuContainer::step ***************
2024-04-26T00:09:40,597 INFO  - logAll OK rabbitmq Step time 11.000000 s converted time 11000.000000 ms
2024-04-26T00:09:40,597 INFO  - logAll OK rabbitmq Sending to rabbitmq: COSIM TIME: {"simAtTime":"2024-04-25T22:09:40.597+00:00"}
2024-04-26T00:09:40,598 INFO  - logAll OK rabbitmq Send enabled on this step, for message 
2024-04-26T00:09:40,790 INFO  - logOk OK rabbitmq Got data '2024-04-26 00:09:40.787', '{"time": "2024-04-26T00:09:40.787+02:00", "target_X_ur5e": 5, "target_Y_ur5e": 22, "target_Z_ur5e": 0, "target_X_kuka": 7, "target_Y_kuka": 14, "target_Z_kuka": 1, "command_move_ur5e": true, "command_move_kuka": true, "motion_time_ur5e": 1.0, "motion_time_kuka": 1.0}', '1714082980789546221'
2024-04-26T00:09:40,790 INFO  - logAll OK rabbitmq Step reached target time 11000 [ms]
2024-04-26T00:09:40,790 INFO  - logAll OK rabbitmq ************ Exit 2 FmuContainer::step ***************
2024-04-26T00:09:40,994 INFO  - logOk OK rabbitmq Got data '2024-04-26 00:09:40.989', '{"time": "2024-04-26T00:09:40.989+02:00", "target_X_ur5e": 5, "target_Y_ur5e": 22, "target_Z_ur5e": 0, "target_X_kuka": 7, "target_Y_kuka": 14, "target_Z_kuka": 1, "command_move_ur5e": true, "command_move_kuka": true, "motion_time_ur5e": 1.0, "motion_time_kuka": 1.0}', '1714082980993099540'
2024-04-26T00:09:41,196 INFO  - logOk OK rabbitmq Got data '2024-04-26 00:09:41.193', '{"time": "2024-04-26T00:09:41.193+02:00", "target_X_ur5e": 5, "target_Y_ur5e": 22, "target_Z_ur5e": 0, "target_X_kuka": 7, "target_Y_kuka": 14, "target_Z_kuka": 1, "command_move_ur5e": true, "command_move_kuka": true, "motion_time_ur5e": 1.0, "motion_time_kuka": 1.0}', '1714082981196118007'
2024-04-26T00:09:41,403 INFO  - logOk OK rabbitmq Got data '2024-04-26 00:09:41.396', '{"time": "2024-04-26T00:09:41.396+02:00", "target_X_ur5e": 5, "target_Y_ur5e": 22, "target_Z_ur5e": 0, "target_X_kuka": 7, "target_Y_kuka": 14, "target_Z_kuka": 1, "command_move_ur5e": true, "command_move_kuka": true, "motion_time_ur5e": 1.0, "motion_time_kuka": 1.0}', '1714082981401055734'
